Testing erase/dr130-linkage-check.cc
check_compile tool: libstdc++ for ia32
doing compile
Executing on host: /usr/local/genode/tool/current/bin/genode-x86-g++ -fmessage-length=0 -fno-show-column -ffunction-sections -fdata-sections -fPIC -O2 -m64  -DLOCALEDIR="." -nostdinc -I/home/jws/develop/genode/depot/genodelabs/api/stdcxx/2020-10-08/include/stdcxx -I/home/jws/develop/genode/depot/genodelabs/api/stdcxx/2020-10-08/include/stdcxx/std -I/home/jws/develop/genode/depot/genodelabs/api/stdcxx/2020-10-08/include/stdcxx/c_global -I/home/jws/develop/genode/depot/genodelabs/api/libc/2020-10-08/include/spec/x86_64/libc -I/home/jws/develop/genode/depot/genodelabs/api/libc/2020-10-08/include/spec/x86_64 -I/home/jws/develop/genode/depot/genodelabs/api/libc/2020-10-08/include/spec/x86/libc -I/home/jws/develop/genode/depot/genodelabs/api/libc/2020-10-08/include/spec/x86 -I/home/jws/develop/genode/depot/genodelabs/api/libc/2020-10-08/include/libc-genode -I/home/jws/develop/genode/depot/genodelabs/api/libc/2020-10-08/include/libc -I/home/jws/develop/genode/depot/genodelabs/api/libc/2020-10-08/include -I/home/jws/develop/genode/depot/genodelabs/api/base/2020-10-08/include/spec/x86_64 -I/home/jws/develop/genode/depot/genodelabs/api/base/2020-10-08/include/spec/x86 -I/home/jws/develop/genode/depot/genodelabs/api/base/2020-10-08/include/spec/64bit -I/home/jws/develop/genode/depot/genodelabs/api/base/2020-10-08/include -I/usr/local/genode/tool/current/x86_64-pc-elf/include/c++/8.3.0/x86_64-pc-elf/64 -I/usr/local/genode/tool/current/lib/gcc/x86_64-pc-elf/8.3.0/include -I/home/jws/develop/genode-libstdcxx-testsuite/var/src/stdcxx-80f380143250d4f951433876698b54fdac32b95f/src/lib/stdcxx/include/backward -I/home/jws/develop/genode-libstdcxx-testsuite/var/src/stdcxx-80f380143250d4f951433876698b54fdac32b95f/src/lib/stdcxx/testsuite/util   -fno-diagnostics-show-caret -fdiagnostics-color=never -c -o ia3211612.o ia3211612.c    (timeout = 600)
spawn -ignore SIGHUP /usr/local/genode/tool/current/bin/genode-x86-g++ -fmessage-length=0 -fno-show-column -ffunction-sections -fdata-sections -fPIC -O2 -m64 -DLOCALEDIR="." -nostdinc -I/home/jws/develop/genode/depot/genodelabs/api/stdcxx/2020-10-08/include/stdcxx -I/home/jws/develop/genode/depot/genodelabs/api/stdcxx/2020-10-08/include/stdcxx/std -I/home/jws/develop/genode/depot/genodelabs/api/stdcxx/2020-10-08/include/stdcxx/c_global -I/home/jws/develop/genode/depot/genodelabs/api/libc/2020-10-08/include/spec/x86_64/libc -I/home/jws/develop/genode/depot/genodelabs/api/libc/2020-10-08/include/spec/x86_64 -I/home/jws/develop/genode/depot/genodelabs/api/libc/2020-10-08/include/spec/x86/libc -I/home/jws/develop/genode/depot/genodelabs/api/libc/2020-10-08/include/spec/x86 -I/home/jws/develop/genode/depot/genodelabs/api/libc/2020-10-08/include/libc-genode -I/home/jws/develop/genode/depot/genodelabs/api/libc/2020-10-08/include/libc -I/home/jws/develop/genode/depot/genodelabs/api/libc/2020-10-08/include -I/home/jws/develop/genode/depot/genodelabs/api/base/2020-10-08/include/spec/x86_64 -I/home/jws/develop/genode/depot/genodelabs/api/base/2020-10-08/include/spec/x86 -I/home/jws/develop/genode/depot/genodelabs/api/base/2020-10-08/include/spec/64bit -I/home/jws/develop/genode/depot/genodelabs/api/base/2020-10-08/include -I/usr/local/genode/tool/current/x86_64-pc-elf/include/c++/8.3.0/x86_64-pc-elf/64 -I/usr/local/genode/tool/current/lib/gcc/x86_64-pc-elf/8.3.0/include -I/home/jws/develop/genode-libstdcxx-testsuite/var/src/stdcxx-80f380143250d4f951433876698b54fdac32b95f/src/lib/stdcxx/include/backward -I/home/jws/develop/genode-libstdcxx-testsuite/var/src/stdcxx-80f380143250d4f951433876698b54fdac32b95f/src/lib/stdcxx/testsuite/util -fno-diagnostics-show-caret -fdiagnostics-color=never -c -o ia3211612.o ia3211612.c
pid is 8157 -8157
ia3211612.c:4: error: size of array 'dummy' is negative
ia3211612.c:4: error: '__i386__' was not declared in this scope
ia3211612.c:4: note: suggested alternative: '__DATE__'
pid is -1
close result is 8157 exp7 0 1
output is ia3211612.c:4: error: size of array 'dummy' is negative
ia3211612.c:4: error: '__i386__' was not declared in this scope
ia3211612.c:4: note: suggested alternative: '__DATE__'
 status 1
compiler exited with status 1
UNSUPPORTED: 23_containers/map/modifiers/erase/dr130-linkage-check.cc
