Testing profile/all.cc
check_compile tool: libstdc++ for tls_native
doing compile
Executing on host: /usr/local/genode/tool/current/bin/genode-x86-g++ -fmessage-length=0 -fno-show-column -ffunction-sections -fdata-sections -fPIC -O2 -m64  -DLOCALEDIR="." -nostdinc -I/home/jws/develop/genode/depot/genodelabs/api/stdcxx/2020-10-08/include/stdcxx -I/home/jws/develop/genode/depot/genodelabs/api/stdcxx/2020-10-08/include/stdcxx/std -I/home/jws/develop/genode/depot/genodelabs/api/stdcxx/2020-10-08/include/stdcxx/c_global -I/home/jws/develop/genode/depot/genodelabs/api/libc/2020-10-08/include/spec/x86_64/libc -I/home/jws/develop/genode/depot/genodelabs/api/libc/2020-10-08/include/spec/x86_64 -I/home/jws/develop/genode/depot/genodelabs/api/libc/2020-10-08/include/spec/x86/libc -I/home/jws/develop/genode/depot/genodelabs/api/libc/2020-10-08/include/spec/x86 -I/home/jws/develop/genode/depot/genodelabs/api/libc/2020-10-08/include/libc-genode -I/home/jws/develop/genode/depot/genodelabs/api/libc/2020-10-08/include/libc -I/home/jws/develop/genode/depot/genodelabs/api/libc/2020-10-08/include -I/home/jws/develop/genode/depot/genodelabs/api/base/2020-10-08/include/spec/x86_64 -I/home/jws/develop/genode/depot/genodelabs/api/base/2020-10-08/include/spec/x86 -I/home/jws/develop/genode/depot/genodelabs/api/base/2020-10-08/include/spec/64bit -I/home/jws/develop/genode/depot/genodelabs/api/base/2020-10-08/include -I/usr/local/genode/tool/current/x86_64-pc-elf/include/c++/8.3.0/x86_64-pc-elf/64 -I/usr/local/genode/tool/current/lib/gcc/x86_64-pc-elf/8.3.0/include -I/home/jws/develop/genode-libstdcxx-testsuite/var/src/stdcxx-80f380143250d4f951433876698b54fdac32b95f/src/lib/stdcxx/include/backward -I/home/jws/develop/genode-libstdcxx-testsuite/var/src/stdcxx-80f380143250d4f951433876698b54fdac32b95f/src/lib/stdcxx/testsuite/util tls_native11612.c   -fno-diagnostics-show-caret -fdiagnostics-color=never -S -o tls_native11612.s    (timeout = 600)
spawn -ignore SIGHUP /usr/local/genode/tool/current/bin/genode-x86-g++ -fmessage-length=0 -fno-show-column -ffunction-sections -fdata-sections -fPIC -O2 -m64 -DLOCALEDIR="." -nostdinc -I/home/jws/develop/genode/depot/genodelabs/api/stdcxx/2020-10-08/include/stdcxx -I/home/jws/develop/genode/depot/genodelabs/api/stdcxx/2020-10-08/include/stdcxx/std -I/home/jws/develop/genode/depot/genodelabs/api/stdcxx/2020-10-08/include/stdcxx/c_global -I/home/jws/develop/genode/depot/genodelabs/api/libc/2020-10-08/include/spec/x86_64/libc -I/home/jws/develop/genode/depot/genodelabs/api/libc/2020-10-08/include/spec/x86_64 -I/home/jws/develop/genode/depot/genodelabs/api/libc/2020-10-08/include/spec/x86/libc -I/home/jws/develop/genode/depot/genodelabs/api/libc/2020-10-08/include/spec/x86 -I/home/jws/develop/genode/depot/genodelabs/api/libc/2020-10-08/include/libc-genode -I/home/jws/develop/genode/depot/genodelabs/api/libc/2020-10-08/include/libc -I/home/jws/develop/genode/depot/genodelabs/api/libc/2020-10-08/include -I/home/jws/develop/genode/depot/genodelabs/api/base/2020-10-08/include/spec/x86_64 -I/home/jws/develop/genode/depot/genodelabs/api/base/2020-10-08/include/spec/x86 -I/home/jws/develop/genode/depot/genodelabs/api/base/2020-10-08/include/spec/64bit -I/home/jws/develop/genode/depot/genodelabs/api/base/2020-10-08/include -I/usr/local/genode/tool/current/x86_64-pc-elf/include/c++/8.3.0/x86_64-pc-elf/64 -I/usr/local/genode/tool/current/lib/gcc/x86_64-pc-elf/8.3.0/include -I/home/jws/develop/genode-libstdcxx-testsuite/var/src/stdcxx-80f380143250d4f951433876698b54fdac32b95f/src/lib/stdcxx/include/backward -I/home/jws/develop/genode-libstdcxx-testsuite/var/src/stdcxx-80f380143250d4f951433876698b54fdac32b95f/src/lib/stdcxx/testsuite/util tls_native11612.c -fno-diagnostics-show-caret -fdiagnostics-color=never -S -o tls_native11612.s
pid is 24152 -24152
pid is -1
output is  status 0
doing compile
Executing on host: /usr/local/genode/tool/current/bin/genode-x86-g++ -fmessage-length=0 -fno-show-column -ffunction-sections -fdata-sections -fPIC -O2 -m64  -DLOCALEDIR="." -nostdinc -I/home/jws/develop/genode/depot/genodelabs/api/stdcxx/2020-10-08/include/stdcxx -I/home/jws/develop/genode/depot/genodelabs/api/stdcxx/2020-10-08/include/stdcxx/std -I/home/jws/develop/genode/depot/genodelabs/api/stdcxx/2020-10-08/include/stdcxx/c_global -I/home/jws/develop/genode/depot/genodelabs/api/libc/2020-10-08/include/spec/x86_64/libc -I/home/jws/develop/genode/depot/genodelabs/api/libc/2020-10-08/include/spec/x86_64 -I/home/jws/develop/genode/depot/genodelabs/api/libc/2020-10-08/include/spec/x86/libc -I/home/jws/develop/genode/depot/genodelabs/api/libc/2020-10-08/include/spec/x86 -I/home/jws/develop/genode/depot/genodelabs/api/libc/2020-10-08/include/libc-genode -I/home/jws/develop/genode/depot/genodelabs/api/libc/2020-10-08/include/libc -I/home/jws/develop/genode/depot/genodelabs/api/libc/2020-10-08/include -I/home/jws/develop/genode/depot/genodelabs/api/base/2020-10-08/include/spec/x86_64 -I/home/jws/develop/genode/depot/genodelabs/api/base/2020-10-08/include/spec/x86 -I/home/jws/develop/genode/depot/genodelabs/api/base/2020-10-08/include/spec/64bit -I/home/jws/develop/genode/depot/genodelabs/api/base/2020-10-08/include -I/usr/local/genode/tool/current/x86_64-pc-elf/include/c++/8.3.0/x86_64-pc-elf/64 -I/usr/local/genode/tool/current/lib/gcc/x86_64-pc-elf/8.3.0/include -I/home/jws/develop/genode-libstdcxx-testsuite/var/src/stdcxx-80f380143250d4f951433876698b54fdac32b95f/src/lib/stdcxx/include/backward -I/home/jws/develop/genode-libstdcxx-testsuite/var/src/stdcxx-80f380143250d4f951433876698b54fdac32b95f/src/lib/stdcxx/testsuite/util profile_mode11612.cc   -fno-diagnostics-show-caret -fdiagnostics-color=never -E -o /dev/null    (timeout = 600)
spawn -ignore SIGHUP /usr/local/genode/tool/current/bin/genode-x86-g++ -fmessage-length=0 -fno-show-column -ffunction-sections -fdata-sections -fPIC -O2 -m64 -DLOCALEDIR="." -nostdinc -I/home/jws/develop/genode/depot/genodelabs/api/stdcxx/2020-10-08/include/stdcxx -I/home/jws/develop/genode/depot/genodelabs/api/stdcxx/2020-10-08/include/stdcxx/std -I/home/jws/develop/genode/depot/genodelabs/api/stdcxx/2020-10-08/include/stdcxx/c_global -I/home/jws/develop/genode/depot/genodelabs/api/libc/2020-10-08/include/spec/x86_64/libc -I/home/jws/develop/genode/depot/genodelabs/api/libc/2020-10-08/include/spec/x86_64 -I/home/jws/develop/genode/depot/genodelabs/api/libc/2020-10-08/include/spec/x86/libc -I/home/jws/develop/genode/depot/genodelabs/api/libc/2020-10-08/include/spec/x86 -I/home/jws/develop/genode/depot/genodelabs/api/libc/2020-10-08/include/libc-genode -I/home/jws/develop/genode/depot/genodelabs/api/libc/2020-10-08/include/libc -I/home/jws/develop/genode/depot/genodelabs/api/libc/2020-10-08/include -I/home/jws/develop/genode/depot/genodelabs/api/base/2020-10-08/include/spec/x86_64 -I/home/jws/develop/genode/depot/genodelabs/api/base/2020-10-08/include/spec/x86 -I/home/jws/develop/genode/depot/genodelabs/api/base/2020-10-08/include/spec/64bit -I/home/jws/develop/genode/depot/genodelabs/api/base/2020-10-08/include -I/usr/local/genode/tool/current/x86_64-pc-elf/include/c++/8.3.0/x86_64-pc-elf/64 -I/usr/local/genode/tool/current/lib/gcc/x86_64-pc-elf/8.3.0/include -I/home/jws/develop/genode-libstdcxx-testsuite/var/src/stdcxx-80f380143250d4f951433876698b54fdac32b95f/src/lib/stdcxx/include/backward -I/home/jws/develop/genode-libstdcxx-testsuite/var/src/stdcxx-80f380143250d4f951433876698b54fdac32b95f/src/lib/stdcxx/testsuite/util profile_mode11612.cc -fno-diagnostics-show-caret -fdiagnostics-color=never -E -o /dev/null
pid is 24156 -24156
profile_mode11612.cc:2: error: #error No profile mode
pid is -1
close result is 24156 exp7 0 1
output is profile_mode11612.cc:2: error: #error No profile mode
 status 1
compiler exited with status 1
UNSUPPORTED: ext/profile/all.cc
