Testing char/1.cc
extra_tool_flags are:
  
doing compile
Executing on host: /usr/local/genode/tool/current/bin/genode-x86-g++ -fmessage-length=0 -fno-show-column -ffunction-sections -fdata-sections -fPIC -O2 -m64  -DLOCALEDIR="." -nostdinc -I/home/jws/develop/genode/depot/genodelabs/api/stdcxx/2020-10-07/include/stdcxx -I/home/jws/develop/genode/depot/genodelabs/api/stdcxx/2020-10-07/include/stdcxx/std -I/home/jws/develop/genode/depot/genodelabs/api/stdcxx/2020-10-07/include/stdcxx/c_global -I/home/jws/develop/genode/depot/genodelabs/api/libc/2020-10-07/include/spec/x86_64/libc -I/home/jws/develop/genode/depot/genodelabs/api/libc/2020-10-07/include/spec/x86_64 -I/home/jws/develop/genode/depot/genodelabs/api/libc/2020-10-07/include/spec/x86/libc -I/home/jws/develop/genode/depot/genodelabs/api/libc/2020-10-07/include/spec/x86 -I/home/jws/develop/genode/depot/genodelabs/api/libc/2020-10-07/include/libc-genode -I/home/jws/develop/genode/depot/genodelabs/api/libc/2020-10-07/include/libc -I/home/jws/develop/genode/depot/genodelabs/api/libc/2020-10-07/include -I/home/jws/develop/genode/depot/genodelabs/api/base/2020-10-07/include/spec/x86_64 -I/home/jws/develop/genode/depot/genodelabs/api/base/2020-10-07/include/spec/x86 -I/home/jws/develop/genode/depot/genodelabs/api/base/2020-10-07/include/spec/64bit -I/home/jws/develop/genode/depot/genodelabs/api/base/2020-10-07/include -I/usr/local/genode/tool/current/x86_64-pc-elf/include/c++/8.3.0/x86_64-pc-elf/64 -I/usr/local/genode/tool/current/lib/gcc/x86_64-pc-elf/8.3.0/include -I/home/jws/develop/genode-libstdcxx-testsuite/var/src/stdcxx-80f380143250d4f951433876698b54fdac32b95f/src/lib/stdcxx/include/backward -I/home/jws/develop/genode-libstdcxx-testsuite/var/src/stdcxx-80f380143250d4f951433876698b54fdac32b95f/src/lib/stdcxx/testsuite/util /home/jws/develop/genode-libstdcxx-testsuite/var/src/stdcxx-80f380143250d4f951433876698b54fdac32b95f/src/lib/stdcxx/testsuite/27_io/basic_istream/get/char/1.cc      -fno-diagnostics-show-caret -fdiagnostics-color=never ./libtestc++.a -Wl,-melf_x86_64 -Wl,-gc-sections -Wl,-z -Wl,max-page-size=0x1000 -Wl,-Ttext=0x01000000 -Wl,--dynamic-linker=ld.lib.so -Wl,--dynamic-list=/home/jws/develop/genode/repos/base/src/ld/genode_dyn.dl -Wl,--eh-frame-hdr -Wl,-rpath-link=. -Wl,-T -Wl,/home/jws/develop/genode/repos/base/src/ld/genode_dyn.ld -l:libc.lib.so -l:libm.lib.so -l:posix.lib.so -nostdlib /usr/local/genode/tool/current/lib/gcc/x86_64-pc-elf/8.3.0/64/libgcc.a -L/home/jws/develop/genode-libstdcxx-testsuite/var/abi -l:stdcxx.lib.so -l:ld.lib.so    -o ./1.exe    (timeout = 600)
spawn -ignore SIGHUP /usr/local/genode/tool/current/bin/genode-x86-g++ -fmessage-length=0 -fno-show-column -ffunction-sections -fdata-sections -fPIC -O2 -m64 -DLOCALEDIR="." -nostdinc -I/home/jws/develop/genode/depot/genodelabs/api/stdcxx/2020-10-07/include/stdcxx -I/home/jws/develop/genode/depot/genodelabs/api/stdcxx/2020-10-07/include/stdcxx/std -I/home/jws/develop/genode/depot/genodelabs/api/stdcxx/2020-10-07/include/stdcxx/c_global -I/home/jws/develop/genode/depot/genodelabs/api/libc/2020-10-07/include/spec/x86_64/libc -I/home/jws/develop/genode/depot/genodelabs/api/libc/2020-10-07/include/spec/x86_64 -I/home/jws/develop/genode/depot/genodelabs/api/libc/2020-10-07/include/spec/x86/libc -I/home/jws/develop/genode/depot/genodelabs/api/libc/2020-10-07/include/spec/x86 -I/home/jws/develop/genode/depot/genodelabs/api/libc/2020-10-07/include/libc-genode -I/home/jws/develop/genode/depot/genodelabs/api/libc/2020-10-07/include/libc -I/home/jws/develop/genode/depot/genodelabs/api/libc/2020-10-07/include -I/home/jws/develop/genode/depot/genodelabs/api/base/2020-10-07/include/spec/x86_64 -I/home/jws/develop/genode/depot/genodelabs/api/base/2020-10-07/include/spec/x86 -I/home/jws/develop/genode/depot/genodelabs/api/base/2020-10-07/include/spec/64bit -I/home/jws/develop/genode/depot/genodelabs/api/base/2020-10-07/include -I/usr/local/genode/tool/current/x86_64-pc-elf/include/c++/8.3.0/x86_64-pc-elf/64 -I/usr/local/genode/tool/current/lib/gcc/x86_64-pc-elf/8.3.0/include -I/home/jws/develop/genode-libstdcxx-testsuite/var/src/stdcxx-80f380143250d4f951433876698b54fdac32b95f/src/lib/stdcxx/include/backward -I/home/jws/develop/genode-libstdcxx-testsuite/var/src/stdcxx-80f380143250d4f951433876698b54fdac32b95f/src/lib/stdcxx/testsuite/util /home/jws/develop/genode-libstdcxx-testsuite/var/src/stdcxx-80f380143250d4f951433876698b54fdac32b95f/src/lib/stdcxx/testsuite/27_io/basic_istream/get/char/1.cc -fno-diagnostics-show-caret -fdiagnostics-color=never ./libtestc++.a -Wl,-melf_x86_64 -Wl,-gc-sections -Wl,-z -Wl,max-page-size=0x1000 -Wl,-Ttext=0x01000000 -Wl,--dynamic-linker=ld.lib.so -Wl,--dynamic-list=/home/jws/develop/genode/repos/base/src/ld/genode_dyn.dl -Wl,--eh-frame-hdr -Wl,-rpath-link=. -Wl,-T -Wl,/home/jws/develop/genode/repos/base/src/ld/genode_dyn.ld -l:libc.lib.so -l:libm.lib.so -l:posix.lib.so -nostdlib /usr/local/genode/tool/current/lib/gcc/x86_64-pc-elf/8.3.0/64/libgcc.a -L/home/jws/develop/genode-libstdcxx-testsuite/var/abi -l:stdcxx.lib.so -l:ld.lib.so -o ./1.exe
pid is 17984 -17984
/usr/local/genode/tool/current/bin/../lib/gcc/x86_64-pc-elf/8.3.0/../../../../x86_64-pc-elf/bin/ld: /tmp/ccJTsuPX.o: in function `test03() [clone .cold.27]':
1.cc:(.text.unlikely._Z6test03v+0x2b): undefined reference to `vtable for std::istream'
/usr/local/genode/tool/current/bin/../lib/gcc/x86_64-pc-elf/8.3.0/../../../../x86_64-pc-elf/bin/ld: 1.cc:(.text.unlikely._Z6test03v+0x69): undefined reference to `vtable for std::istream'
/usr/local/genode/tool/current/bin/../lib/gcc/x86_64-pc-elf/8.3.0/../../../../x86_64-pc-elf/bin/ld: 1.cc:(.text.unlikely._Z6test03v+0x9d): undefined reference to `vtable for std::istream'
/usr/local/genode/tool/current/bin/../lib/gcc/x86_64-pc-elf/8.3.0/../../../../x86_64-pc-elf/bin/ld: /tmp/ccJTsuPX.o: in function `test03()':
1.cc:(.text._Z6test03v+0x341): undefined reference to `vtable for std::istream'
/usr/local/genode/tool/current/bin/../lib/gcc/x86_64-pc-elf/8.3.0/../../../../x86_64-pc-elf/bin/ld: 1.cc:(.text._Z6test03v+0x36f): undefined reference to `vtable for std::istream'
/usr/local/genode/tool/current/bin/../lib/gcc/x86_64-pc-elf/8.3.0/../../../../x86_64-pc-elf/bin/ld: /tmp/ccJTsuPX.o:1.cc:(.text._Z6test03v+0x3e0): more undefined references to `vtable for std::istream' follow
/usr/local/genode/tool/current/bin/../lib/gcc/x86_64-pc-elf/8.3.0/../../../../x86_64-pc-elf/bin/ld: /tmp/ccJTsuPX.o: in function `test03()':
1.cc:(.text._Z6test03v+0x550): undefined reference to `std::istream::get(char*, long, char)'
/usr/local/genode/tool/current/bin/../lib/gcc/x86_64-pc-elf/8.3.0/../../../../x86_64-pc-elf/bin/ld: 1.cc:(.text._Z6test03v+0x5aa): undefined reference to `std::istream::get(char*, long, char)'
/usr/local/genode/tool/current/bin/../lib/gcc/x86_64-pc-elf/8.3.0/../../../../x86_64-pc-elf/bin/ld: 1.cc:(.text._Z6test03v+0x621): undefined reference to `std::istream::get(char*, long, char)'
/usr/local/genode/tool/current/bin/../lib/gcc/x86_64-pc-elf/8.3.0/../../../../x86_64-pc-elf/bin/ld: 1.cc:(.text._Z6test03v+0x791): undefined reference to `std::istream::get(char*, long, char)'
/usr/local/genode/tool/current/bin/../lib/gcc/x86_64-pc-elf/8.3.0/../../../../x86_64-pc-elf/bin/ld: 1.cc:(.text._Z6test03v+0x7d7): undefined reference to `std::istream::get(char*, long, char)'
/usr/local/genode/tool/current/bin/../lib/gcc/x86_64-pc-elf/8.3.0/../../../../x86_64-pc-elf/bin/ld: /tmp/ccJTsuPX.o:1.cc:(.text._Z6test03v+0x845): more undefined references to `std::istream::get(char*, long, char)' follow
/usr/local/genode/tool/current/bin/../lib/gcc/x86_64-pc-elf/8.3.0/../../../../x86_64-pc-elf/bin/ld: /tmp/ccJTsuPX.o: in function `test03()':
1.cc:(.text._Z6test03v+0x958): undefined reference to `std::istream::get(std::basic_streambuf<char, std::char_traits<char> >&, char)'
/usr/local/genode/tool/current/bin/../lib/gcc/x86_64-pc-elf/8.3.0/../../../../x86_64-pc-elf/bin/ld: 1.cc:(.text._Z6test03v+0x9c1): undefined reference to `std::istream::get(std::basic_streambuf<char, std::char_traits<char> >&, char)'
/usr/local/genode/tool/current/bin/../lib/gcc/x86_64-pc-elf/8.3.0/../../../../x86_64-pc-elf/bin/ld: 1.cc:(.text._Z6test03v+0xa8f): undefined reference to `std::istream::get(std::basic_streambuf<char, std::char_traits<char> >&, char)'
/usr/local/genode/tool/current/bin/../lib/gcc/x86_64-pc-elf/8.3.0/../../../../x86_64-pc-elf/bin/ld: 1.cc:(.text._Z6test03v+0xb67): undefined reference to `std::istream::get(std::basic_streambuf<char, std::char_traits<char> >&, char)'
/usr/local/genode/tool/current/bin/../lib/gcc/x86_64-pc-elf/8.3.0/../../../../x86_64-pc-elf/bin/ld: 1.cc:(.text._Z6test03v+0xbd9): undefined reference to `vtable for std::istream'
collect2: error: ld returned 1 exit status
pid is -1
close result is 17984 exp7 0 1
output is /usr/local/genode/tool/current/bin/../lib/gcc/x86_64-pc-elf/8.3.0/../../../../x86_64-pc-elf/bin/ld: /tmp/ccJTsuPX.o: in function `test03() [clone .cold.27]':
1.cc:(.text.unlikely._Z6test03v+0x2b): undefined reference to `vtable for std::istream'
/usr/local/genode/tool/current/bin/../lib/gcc/x86_64-pc-elf/8.3.0/../../../../x86_64-pc-elf/bin/ld: 1.cc:(.text.unlikely._Z6test03v+0x69): undefined reference to `vtable for std::istream'
/usr/local/genode/tool/current/bin/../lib/gcc/x86_64-pc-elf/8.3.0/../../../../x86_64-pc-elf/bin/ld: 1.cc:(.text.unlikely._Z6test03v+0x9d): undefined reference to `vtable for std::istream'
/usr/local/genode/tool/current/bin/../lib/gcc/x86_64-pc-elf/8.3.0/../../../../x86_64-pc-elf/bin/ld: /tmp/ccJTsuPX.o: in function `test03()':
1.cc:(.text._Z6test03v+0x341): undefined reference to `vtable for std::istream'
/usr/local/genode/tool/current/bin/../lib/gcc/x86_64-pc-elf/8.3.0/../../../../x86_64-pc-elf/bin/ld: 1.cc:(.text._Z6test03v+0x36f): undefined reference to `vtable for std::istream'
/usr/local/genode/tool/current/bin/../lib/gcc/x86_64-pc-elf/8.3.0/../../../../x86_64-pc-elf/bin/ld: /tmp/ccJTsuPX.o:1.cc:(.text._Z6test03v+0x3e0): more undefined references to `vtable for std::istream' follow
/usr/local/genode/tool/current/bin/../lib/gcc/x86_64-pc-elf/8.3.0/../../../../x86_64-pc-elf/bin/ld: /tmp/ccJTsuPX.o: in function `test03()':
1.cc:(.text._Z6test03v+0x550): undefined reference to `std::istream::get(char*, long, char)'
/usr/local/genode/tool/current/bin/../lib/gcc/x86_64-pc-elf/8.3.0/../../../../x86_64-pc-elf/bin/ld: 1.cc:(.text._Z6test03v+0x5aa): undefined reference to `std::istream::get(char*, long, char)'
/usr/local/genode/tool/current/bin/../lib/gcc/x86_64-pc-elf/8.3.0/../../../../x86_64-pc-elf/bin/ld: 1.cc:(.text._Z6test03v+0x621): undefined reference to `std::istream::get(char*, long, char)'
/usr/local/genode/tool/current/bin/../lib/gcc/x86_64-pc-elf/8.3.0/../../../../x86_64-pc-elf/bin/ld: 1.cc:(.text._Z6test03v+0x791): undefined reference to `std::istream::get(char*, long, char)'
/usr/local/genode/tool/current/bin/../lib/gcc/x86_64-pc-elf/8.3.0/../../../../x86_64-pc-elf/bin/ld: 1.cc:(.text._Z6test03v+0x7d7): undefined reference to `std::istream::get(char*, long, char)'
/usr/local/genode/tool/current/bin/../lib/gcc/x86_64-pc-elf/8.3.0/../../../../x86_64-pc-elf/bin/ld: /tmp/ccJTsuPX.o:1.cc:(.text._Z6test03v+0x845): more undefined references to `std::istream::get(char*, long, char)' follow
/usr/local/genode/tool/current/bin/../lib/gcc/x86_64-pc-elf/8.3.0/../../../../x86_64-pc-elf/bin/ld: /tmp/ccJTsuPX.o: in function `test03()':
1.cc:(.text._Z6test03v+0x958): undefined reference to `std::istream::get(std::basic_streambuf<char, std::char_traits<char> >&, char)'
/usr/local/genode/tool/current/bin/../lib/gcc/x86_64-pc-elf/8.3.0/../../../../x86_64-pc-elf/bin/ld: 1.cc:(.text._Z6test03v+0x9c1): undefined reference to `std::istream::get(std::basic_streambuf<char, std::char_traits<char> >&, char)'
/usr/local/genode/tool/current/bin/../lib/gcc/x86_64-pc-elf/8.3.0/../../../../x86_64-pc-elf/bin/ld: 1.cc:(.text._Z6test03v+0xa8f): undefined reference to `std::istream::get(std::basic_streambuf<char, std::char_traits<char> >&, char)'
/usr/local/genode/tool/current/bin/../lib/gcc/x86_64-pc-elf/8.3.0/../../../../x86_64-pc-elf/bin/ld: 1.cc:(.text._Z6test03v+0xb67): undefined reference to `std::istream::get(std::basic_streambuf<char, std::char_traits<char> >&, char)'
/usr/local/genode/tool/current/bin/../lib/gcc/x86_64-pc-elf/8.3.0/../../../../x86_64-pc-elf/bin/ld: 1.cc:(.text._Z6test03v+0xbd9): undefined reference to `vtable for std::istream'
collect2: error: ld returned 1 exit status
 status 1
compiler exited with status 1
FAIL: 27_io/basic_istream/get/char/1.cc (test for excess errors)
Excess errors:
/usr/local/genode/tool/current/bin/../lib/gcc/x86_64-pc-elf/8.3.0/../../../../x86_64-pc-elf/bin/ld: /tmp/ccJTsuPX.o: in function `test03() [clone .cold.27]':
1.cc:(.text.unlikely._Z6test03v+0x2b): undefined reference to `vtable for std::istream'
/usr/local/genode/tool/current/bin/../lib/gcc/x86_64-pc-elf/8.3.0/../../../../x86_64-pc-elf/bin/ld: 1.cc:(.text.unlikely._Z6test03v+0x69): undefined reference to `vtable for std::istream'
/usr/local/genode/tool/current/bin/../lib/gcc/x86_64-pc-elf/8.3.0/../../../../x86_64-pc-elf/bin/ld: 1.cc:(.text.unlikely._Z6test03v+0x9d): undefined reference to `vtable for std::istream'
/usr/local/genode/tool/current/bin/../lib/gcc/x86_64-pc-elf/8.3.0/../../../../x86_64-pc-elf/bin/ld: /tmp/ccJTsuPX.o: in function `test03()':
1.cc:(.text._Z6test03v+0x341): undefined reference to `vtable for std::istream'
/usr/local/genode/tool/current/bin/../lib/gcc/x86_64-pc-elf/8.3.0/../../../../x86_64-pc-elf/bin/ld: 1.cc:(.text._Z6test03v+0x36f): undefined reference to `vtable for std::istream'
/usr/local/genode/tool/current/bin/../lib/gcc/x86_64-pc-elf/8.3.0/../../../../x86_64-pc-elf/bin/ld: /tmp/ccJTsuPX.o:1.cc:(.text._Z6test03v+0x3e0): more undefined references to `vtable for std::istream' follow
/usr/local/genode/tool/current/bin/../lib/gcc/x86_64-pc-elf/8.3.0/../../../../x86_64-pc-elf/bin/ld: /tmp/ccJTsuPX.o: in function `test03()':
1.cc:(.text._Z6test03v+0x550): undefined reference to `std::istream::get(char*, long, char)'
/usr/local/genode/tool/current/bin/../lib/gcc/x86_64-pc-elf/8.3.0/../../../../x86_64-pc-elf/bin/ld: 1.cc:(.text._Z6test03v+0x5aa): undefined reference to `std::istream::get(char*, long, char)'
/usr/local/genode/tool/current/bin/../lib/gcc/x86_64-pc-elf/8.3.0/../../../../x86_64-pc-elf/bin/ld: 1.cc:(.text._Z6test03v+0x621): undefined reference to `std::istream::get(char*, long, char)'
/usr/local/genode/tool/current/bin/../lib/gcc/x86_64-pc-elf/8.3.0/../../../../x86_64-pc-elf/bin/ld: 1.cc:(.text._Z6test03v+0x791): undefined reference to `std::istream::get(char*, long, char)'
/usr/local/genode/tool/current/bin/../lib/gcc/x86_64-pc-elf/8.3.0/../../../../x86_64-pc-elf/bin/ld: 1.cc:(.text._Z6test03v+0x7d7): undefined reference to `std::istream::get(char*, long, char)'
/usr/local/genode/tool/current/bin/../lib/gcc/x86_64-pc-elf/8.3.0/../../../../x86_64-pc-elf/bin/ld: /tmp/ccJTsuPX.o:1.cc:(.text._Z6test03v+0x845): more undefined references to `std::istream::get(char*, long, char)' follow
/usr/local/genode/tool/current/bin/../lib/gcc/x86_64-pc-elf/8.3.0/../../../../x86_64-pc-elf/bin/ld: /tmp/ccJTsuPX.o: in function `test03()':
1.cc:(.text._Z6test03v+0x958): undefined reference to `std::istream::get(std::basic_streambuf<char, std::char_traits<char> >&, char)'
/usr/local/genode/tool/current/bin/../lib/gcc/x86_64-pc-elf/8.3.0/../../../../x86_64-pc-elf/bin/ld: 1.cc:(.text._Z6test03v+0x9c1): undefined reference to `std::istream::get(std::basic_streambuf<char, std::char_traits<char> >&, char)'
/usr/local/genode/tool/current/bin/../lib/gcc/x86_64-pc-elf/8.3.0/../../../../x86_64-pc-elf/bin/ld: 1.cc:(.text._Z6test03v+0xa8f): undefined reference to `std::istream::get(std::basic_streambuf<char, std::char_traits<char> >&, char)'
/usr/local/genode/tool/current/bin/../lib/gcc/x86_64-pc-elf/8.3.0/../../../../x86_64-pc-elf/bin/ld: 1.cc:(.text._Z6test03v+0xb67): undefined reference to `std::istream::get(std::basic_streambuf<char, std::char_traits<char> >&, char)'
/usr/local/genode/tool/current/bin/../lib/gcc/x86_64-pc-elf/8.3.0/../../../../x86_64-pc-elf/bin/ld: 1.cc:(.text._Z6test03v+0xbd9): undefined reference to `vtable for std::istream'
collect2: error: ld returned 1 exit status

UNRESOLVED: 27_io/basic_istream/get/char/1.cc compilation failed to produce executable
