Testing wchar_t/6746-1.cc
extra_tool_flags are:
  
doing compile
Executing on host: /usr/local/genode/tool/current/bin/genode-x86-g++ -fmessage-length=0 -fno-show-column -ffunction-sections -fdata-sections -fPIC -O2 -m64  -DLOCALEDIR="." -nostdinc -I/home/jws/develop/genode/depot/genodelabs/api/stdcxx/2020-10-07/include/stdcxx -I/home/jws/develop/genode/depot/genodelabs/api/stdcxx/2020-10-07/include/stdcxx/std -I/home/jws/develop/genode/depot/genodelabs/api/stdcxx/2020-10-07/include/stdcxx/c_global -I/home/jws/develop/genode/depot/genodelabs/api/libc/2020-10-07/include/spec/x86_64/libc -I/home/jws/develop/genode/depot/genodelabs/api/libc/2020-10-07/include/spec/x86_64 -I/home/jws/develop/genode/depot/genodelabs/api/libc/2020-10-07/include/spec/x86/libc -I/home/jws/develop/genode/depot/genodelabs/api/libc/2020-10-07/include/spec/x86 -I/home/jws/develop/genode/depot/genodelabs/api/libc/2020-10-07/include/libc-genode -I/home/jws/develop/genode/depot/genodelabs/api/libc/2020-10-07/include/libc -I/home/jws/develop/genode/depot/genodelabs/api/libc/2020-10-07/include -I/home/jws/develop/genode/depot/genodelabs/api/base/2020-10-07/include/spec/x86_64 -I/home/jws/develop/genode/depot/genodelabs/api/base/2020-10-07/include/spec/x86 -I/home/jws/develop/genode/depot/genodelabs/api/base/2020-10-07/include/spec/64bit -I/home/jws/develop/genode/depot/genodelabs/api/base/2020-10-07/include -I/usr/local/genode/tool/current/x86_64-pc-elf/include/c++/8.3.0/x86_64-pc-elf/64 -I/usr/local/genode/tool/current/lib/gcc/x86_64-pc-elf/8.3.0/include -I/home/jws/develop/genode-libstdcxx-testsuite/var/src/stdcxx-80f380143250d4f951433876698b54fdac32b95f/src/lib/stdcxx/include/backward -I/home/jws/develop/genode-libstdcxx-testsuite/var/src/stdcxx-80f380143250d4f951433876698b54fdac32b95f/src/lib/stdcxx/testsuite/util /home/jws/develop/genode-libstdcxx-testsuite/var/src/stdcxx-80f380143250d4f951433876698b54fdac32b95f/src/lib/stdcxx/testsuite/27_io/basic_istream/readsome/wchar_t/6746-1.cc      -fno-diagnostics-show-caret -fdiagnostics-color=never ./libtestc++.a -Wl,-melf_x86_64 -Wl,-gc-sections -Wl,-z -Wl,max-page-size=0x1000 -Wl,-Ttext=0x01000000 -Wl,--dynamic-linker=ld.lib.so -Wl,--dynamic-list=/home/jws/develop/genode/repos/base/src/ld/genode_dyn.dl -Wl,--eh-frame-hdr -Wl,-rpath-link=. -Wl,-T -Wl,/home/jws/develop/genode/repos/base/src/ld/genode_dyn.ld -l:libc.lib.so -l:libm.lib.so -l:posix.lib.so -nostdlib /usr/local/genode/tool/current/lib/gcc/x86_64-pc-elf/8.3.0/64/libgcc.a -L/home/jws/develop/genode-libstdcxx-testsuite/var/abi -l:stdcxx.lib.so -l:ld.lib.so    -o ./6746-1.exe    (timeout = 600)
spawn -ignore SIGHUP /usr/local/genode/tool/current/bin/genode-x86-g++ -fmessage-length=0 -fno-show-column -ffunction-sections -fdata-sections -fPIC -O2 -m64 -DLOCALEDIR="." -nostdinc -I/home/jws/develop/genode/depot/genodelabs/api/stdcxx/2020-10-07/include/stdcxx -I/home/jws/develop/genode/depot/genodelabs/api/stdcxx/2020-10-07/include/stdcxx/std -I/home/jws/develop/genode/depot/genodelabs/api/stdcxx/2020-10-07/include/stdcxx/c_global -I/home/jws/develop/genode/depot/genodelabs/api/libc/2020-10-07/include/spec/x86_64/libc -I/home/jws/develop/genode/depot/genodelabs/api/libc/2020-10-07/include/spec/x86_64 -I/home/jws/develop/genode/depot/genodelabs/api/libc/2020-10-07/include/spec/x86/libc -I/home/jws/develop/genode/depot/genodelabs/api/libc/2020-10-07/include/spec/x86 -I/home/jws/develop/genode/depot/genodelabs/api/libc/2020-10-07/include/libc-genode -I/home/jws/develop/genode/depot/genodelabs/api/libc/2020-10-07/include/libc -I/home/jws/develop/genode/depot/genodelabs/api/libc/2020-10-07/include -I/home/jws/develop/genode/depot/genodelabs/api/base/2020-10-07/include/spec/x86_64 -I/home/jws/develop/genode/depot/genodelabs/api/base/2020-10-07/include/spec/x86 -I/home/jws/develop/genode/depot/genodelabs/api/base/2020-10-07/include/spec/64bit -I/home/jws/develop/genode/depot/genodelabs/api/base/2020-10-07/include -I/usr/local/genode/tool/current/x86_64-pc-elf/include/c++/8.3.0/x86_64-pc-elf/64 -I/usr/local/genode/tool/current/lib/gcc/x86_64-pc-elf/8.3.0/include -I/home/jws/develop/genode-libstdcxx-testsuite/var/src/stdcxx-80f380143250d4f951433876698b54fdac32b95f/src/lib/stdcxx/include/backward -I/home/jws/develop/genode-libstdcxx-testsuite/var/src/stdcxx-80f380143250d4f951433876698b54fdac32b95f/src/lib/stdcxx/testsuite/util /home/jws/develop/genode-libstdcxx-testsuite/var/src/stdcxx-80f380143250d4f951433876698b54fdac32b95f/src/lib/stdcxx/testsuite/27_io/basic_istream/readsome/wchar_t/6746-1.cc -fno-diagnostics-show-caret -fdiagnostics-color=never ./libtestc++.a -Wl,-melf_x86_64 -Wl,-gc-sections -Wl,-z -Wl,max-page-size=0x1000 -Wl,-Ttext=0x01000000 -Wl,--dynamic-linker=ld.lib.so -Wl,--dynamic-list=/home/jws/develop/genode/repos/base/src/ld/genode_dyn.dl -Wl,--eh-frame-hdr -Wl,-rpath-link=. -Wl,-T -Wl,/home/jws/develop/genode/repos/base/src/ld/genode_dyn.ld -l:libc.lib.so -l:libm.lib.so -l:posix.lib.so -nostdlib /usr/local/genode/tool/current/lib/gcc/x86_64-pc-elf/8.3.0/64/libgcc.a -L/home/jws/develop/genode-libstdcxx-testsuite/var/abi -l:stdcxx.lib.so -l:ld.lib.so -o ./6746-1.exe
pid is 18388 -18388
/usr/local/genode/tool/current/bin/../lib/gcc/x86_64-pc-elf/8.3.0/../../../../x86_64-pc-elf/bin/ld: /tmp/ccaXvSyY.o: in function `test12() [clone .cold.25]':
6746-1.cc:(.text.unlikely._Z6test12v+0x4): undefined reference to `std::__cxx11::basic_istringstream<wchar_t, std::char_traits<wchar_t>, std::allocator<wchar_t> >::~basic_istringstream()'
/usr/local/genode/tool/current/bin/../lib/gcc/x86_64-pc-elf/8.3.0/../../../../x86_64-pc-elf/bin/ld: 6746-1.cc:(.text.unlikely._Z6test12v+0x13): undefined reference to `vtable for std::__cxx11::basic_stringbuf<wchar_t, std::char_traits<wchar_t>, std::allocator<wchar_t> >'
/usr/local/genode/tool/current/bin/../lib/gcc/x86_64-pc-elf/8.3.0/../../../../x86_64-pc-elf/bin/ld: 6746-1.cc:(.text.unlikely._Z6test12v+0x36): undefined reference to `vtable for std::basic_streambuf<wchar_t, std::char_traits<wchar_t> >'
/usr/local/genode/tool/current/bin/../lib/gcc/x86_64-pc-elf/8.3.0/../../../../x86_64-pc-elf/bin/ld: 6746-1.cc:(.text.unlikely._Z6test12v+0x64): undefined reference to `vtable for std::basic_ios<wchar_t, std::char_traits<wchar_t> >'
/usr/local/genode/tool/current/bin/../lib/gcc/x86_64-pc-elf/8.3.0/../../../../x86_64-pc-elf/bin/ld: /tmp/ccaXvSyY.o: in function `test12()':
6746-1.cc:(.text._Z6test12v+0x54): undefined reference to `vtable for std::basic_ios<wchar_t, std::char_traits<wchar_t> >'
/usr/local/genode/tool/current/bin/../lib/gcc/x86_64-pc-elf/8.3.0/../../../../x86_64-pc-elf/bin/ld: 6746-1.cc:(.text._Z6test12v+0x85): undefined reference to `VTT for std::__cxx11::basic_istringstream<wchar_t, std::char_traits<wchar_t>, std::allocator<wchar_t> >'
/usr/local/genode/tool/current/bin/../lib/gcc/x86_64-pc-elf/8.3.0/../../../../x86_64-pc-elf/bin/ld: 6746-1.cc:(.text._Z6test12v+0xde): undefined reference to `std::basic_ios<wchar_t, std::char_traits<wchar_t> >::init(std::basic_streambuf<wchar_t, std::char_traits<wchar_t> >*)'
/usr/local/genode/tool/current/bin/../lib/gcc/x86_64-pc-elf/8.3.0/../../../../x86_64-pc-elf/bin/ld: 6746-1.cc:(.text._Z6test12v+0xe5): undefined reference to `vtable for std::__cxx11::basic_istringstream<wchar_t, std::char_traits<wchar_t>, std::allocator<wchar_t> >'
/usr/local/genode/tool/current/bin/../lib/gcc/x86_64-pc-elf/8.3.0/../../../../x86_64-pc-elf/bin/ld: 6746-1.cc:(.text._Z6test12v+0x11c): undefined reference to `vtable for std::basic_streambuf<wchar_t, std::char_traits<wchar_t> >'
/usr/local/genode/tool/current/bin/../lib/gcc/x86_64-pc-elf/8.3.0/../../../../x86_64-pc-elf/bin/ld: 6746-1.cc:(.text._Z6test12v+0x14c): undefined reference to `vtable for std::__cxx11::basic_stringbuf<wchar_t, std::char_traits<wchar_t>, std::allocator<wchar_t> >'
/usr/local/genode/tool/current/bin/../lib/gcc/x86_64-pc-elf/8.3.0/../../../../x86_64-pc-elf/bin/ld: 6746-1.cc:(.text._Z6test12v+0x19d): undefined reference to `std::__cxx11::basic_stringbuf<wchar_t, std::char_traits<wchar_t>, std::allocator<wchar_t> >::_M_sync(wchar_t*, unsigned long, unsigned long)'
/usr/local/genode/tool/current/bin/../lib/gcc/x86_64-pc-elf/8.3.0/../../../../x86_64-pc-elf/bin/ld: 6746-1.cc:(.text._Z6test12v+0x1aa): undefined reference to `std::basic_ios<wchar_t, std::char_traits<wchar_t> >::init(std::basic_streambuf<wchar_t, std::char_traits<wchar_t> >*)'
/usr/local/genode/tool/current/bin/../lib/gcc/x86_64-pc-elf/8.3.0/../../../../x86_64-pc-elf/bin/ld: 6746-1.cc:(.text._Z6test12v+0x1f1): undefined reference to `std::basic_istream<wchar_t, std::char_traits<wchar_t> >::readsome(wchar_t*, long)'
/usr/local/genode/tool/current/bin/../lib/gcc/x86_64-pc-elf/8.3.0/../../../../x86_64-pc-elf/bin/ld: 6746-1.cc:(.text._Z6test12v+0x225): undefined reference to `vtable for std::__cxx11::basic_stringbuf<wchar_t, std::char_traits<wchar_t>, std::allocator<wchar_t> >'
/usr/local/genode/tool/current/bin/../lib/gcc/x86_64-pc-elf/8.3.0/../../../../x86_64-pc-elf/bin/ld: 6746-1.cc:(.text._Z6test12v+0x243): undefined reference to `vtable for std::basic_streambuf<wchar_t, std::char_traits<wchar_t> >'
/usr/local/genode/tool/current/bin/../lib/gcc/x86_64-pc-elf/8.3.0/../../../../x86_64-pc-elf/bin/ld: 6746-1.cc:(.text._Z6test12v+0x26c): undefined reference to `vtable for std::basic_ios<wchar_t, std::char_traits<wchar_t> >'
/usr/local/genode/tool/current/bin/../lib/gcc/x86_64-pc-elf/8.3.0/../../../../x86_64-pc-elf/bin/ld: 6746-1.cc:(.text._Z6test12v+0x2a5): undefined reference to `std::__cxx11::basic_stringbuf<wchar_t, std::char_traits<wchar_t>, std::allocator<wchar_t> >::showmanyc()'
collect2: error: ld returned 1 exit status
pid is -1
close result is 18388 exp7 0 1
output is /usr/local/genode/tool/current/bin/../lib/gcc/x86_64-pc-elf/8.3.0/../../../../x86_64-pc-elf/bin/ld: /tmp/ccaXvSyY.o: in function `test12() [clone .cold.25]':
6746-1.cc:(.text.unlikely._Z6test12v+0x4): undefined reference to `std::__cxx11::basic_istringstream<wchar_t, std::char_traits<wchar_t>, std::allocator<wchar_t> >::~basic_istringstream()'
/usr/local/genode/tool/current/bin/../lib/gcc/x86_64-pc-elf/8.3.0/../../../../x86_64-pc-elf/bin/ld: 6746-1.cc:(.text.unlikely._Z6test12v+0x13): undefined reference to `vtable for std::__cxx11::basic_stringbuf<wchar_t, std::char_traits<wchar_t>, std::allocator<wchar_t> >'
/usr/local/genode/tool/current/bin/../lib/gcc/x86_64-pc-elf/8.3.0/../../../../x86_64-pc-elf/bin/ld: 6746-1.cc:(.text.unlikely._Z6test12v+0x36): undefined reference to `vtable for std::basic_streambuf<wchar_t, std::char_traits<wchar_t> >'
/usr/local/genode/tool/current/bin/../lib/gcc/x86_64-pc-elf/8.3.0/../../../../x86_64-pc-elf/bin/ld: 6746-1.cc:(.text.unlikely._Z6test12v+0x64): undefined reference to `vtable for std::basic_ios<wchar_t, std::char_traits<wchar_t> >'
/usr/local/genode/tool/current/bin/../lib/gcc/x86_64-pc-elf/8.3.0/../../../../x86_64-pc-elf/bin/ld: /tmp/ccaXvSyY.o: in function `test12()':
6746-1.cc:(.text._Z6test12v+0x54): undefined reference to `vtable for std::basic_ios<wchar_t, std::char_traits<wchar_t> >'
/usr/local/genode/tool/current/bin/../lib/gcc/x86_64-pc-elf/8.3.0/../../../../x86_64-pc-elf/bin/ld: 6746-1.cc:(.text._Z6test12v+0x85): undefined reference to `VTT for std::__cxx11::basic_istringstream<wchar_t, std::char_traits<wchar_t>, std::allocator<wchar_t> >'
/usr/local/genode/tool/current/bin/../lib/gcc/x86_64-pc-elf/8.3.0/../../../../x86_64-pc-elf/bin/ld: 6746-1.cc:(.text._Z6test12v+0xde): undefined reference to `std::basic_ios<wchar_t, std::char_traits<wchar_t> >::init(std::basic_streambuf<wchar_t, std::char_traits<wchar_t> >*)'
/usr/local/genode/tool/current/bin/../lib/gcc/x86_64-pc-elf/8.3.0/../../../../x86_64-pc-elf/bin/ld: 6746-1.cc:(.text._Z6test12v+0xe5): undefined reference to `vtable for std::__cxx11::basic_istringstream<wchar_t, std::char_traits<wchar_t>, std::allocator<wchar_t> >'
/usr/local/genode/tool/current/bin/../lib/gcc/x86_64-pc-elf/8.3.0/../../../../x86_64-pc-elf/bin/ld: 6746-1.cc:(.text._Z6test12v+0x11c): undefined reference to `vtable for std::basic_streambuf<wchar_t, std::char_traits<wchar_t> >'
/usr/local/genode/tool/current/bin/../lib/gcc/x86_64-pc-elf/8.3.0/../../../../x86_64-pc-elf/bin/ld: 6746-1.cc:(.text._Z6test12v+0x14c): undefined reference to `vtable for std::__cxx11::basic_stringbuf<wchar_t, std::char_traits<wchar_t>, std::allocator<wchar_t> >'
/usr/local/genode/tool/current/bin/../lib/gcc/x86_64-pc-elf/8.3.0/../../../../x86_64-pc-elf/bin/ld: 6746-1.cc:(.text._Z6test12v+0x19d): undefined reference to `std::__cxx11::basic_stringbuf<wchar_t, std::char_traits<wchar_t>, std::allocator<wchar_t> >::_M_sync(wchar_t*, unsigned long, unsigned long)'
/usr/local/genode/tool/current/bin/../lib/gcc/x86_64-pc-elf/8.3.0/../../../../x86_64-pc-elf/bin/ld: 6746-1.cc:(.text._Z6test12v+0x1aa): undefined reference to `std::basic_ios<wchar_t, std::char_traits<wchar_t> >::init(std::basic_streambuf<wchar_t, std::char_traits<wchar_t> >*)'
/usr/local/genode/tool/current/bin/../lib/gcc/x86_64-pc-elf/8.3.0/../../../../x86_64-pc-elf/bin/ld: 6746-1.cc:(.text._Z6test12v+0x1f1): undefined reference to `std::basic_istream<wchar_t, std::char_traits<wchar_t> >::readsome(wchar_t*, long)'
/usr/local/genode/tool/current/bin/../lib/gcc/x86_64-pc-elf/8.3.0/../../../../x86_64-pc-elf/bin/ld: 6746-1.cc:(.text._Z6test12v+0x225): undefined reference to `vtable for std::__cxx11::basic_stringbuf<wchar_t, std::char_traits<wchar_t>, std::allocator<wchar_t> >'
/usr/local/genode/tool/current/bin/../lib/gcc/x86_64-pc-elf/8.3.0/../../../../x86_64-pc-elf/bin/ld: 6746-1.cc:(.text._Z6test12v+0x243): undefined reference to `vtable for std::basic_streambuf<wchar_t, std::char_traits<wchar_t> >'
/usr/local/genode/tool/current/bin/../lib/gcc/x86_64-pc-elf/8.3.0/../../../../x86_64-pc-elf/bin/ld: 6746-1.cc:(.text._Z6test12v+0x26c): undefined reference to `vtable for std::basic_ios<wchar_t, std::char_traits<wchar_t> >'
/usr/local/genode/tool/current/bin/../lib/gcc/x86_64-pc-elf/8.3.0/../../../../x86_64-pc-elf/bin/ld: 6746-1.cc:(.text._Z6test12v+0x2a5): undefined reference to `std::__cxx11::basic_stringbuf<wchar_t, std::char_traits<wchar_t>, std::allocator<wchar_t> >::showmanyc()'
collect2: error: ld returned 1 exit status
 status 1
compiler exited with status 1
FAIL: 27_io/basic_istream/readsome/wchar_t/6746-1.cc (test for excess errors)
Excess errors:
/usr/local/genode/tool/current/bin/../lib/gcc/x86_64-pc-elf/8.3.0/../../../../x86_64-pc-elf/bin/ld: /tmp/ccaXvSyY.o: in function `test12() [clone .cold.25]':
6746-1.cc:(.text.unlikely._Z6test12v+0x4): undefined reference to `std::__cxx11::basic_istringstream<wchar_t, std::char_traits<wchar_t>, std::allocator<wchar_t> >::~basic_istringstream()'
/usr/local/genode/tool/current/bin/../lib/gcc/x86_64-pc-elf/8.3.0/../../../../x86_64-pc-elf/bin/ld: 6746-1.cc:(.text.unlikely._Z6test12v+0x13): undefined reference to `vtable for std::__cxx11::basic_stringbuf<wchar_t, std::char_traits<wchar_t>, std::allocator<wchar_t> >'
/usr/local/genode/tool/current/bin/../lib/gcc/x86_64-pc-elf/8.3.0/../../../../x86_64-pc-elf/bin/ld: 6746-1.cc:(.text.unlikely._Z6test12v+0x36): undefined reference to `vtable for std::basic_streambuf<wchar_t, std::char_traits<wchar_t> >'
/usr/local/genode/tool/current/bin/../lib/gcc/x86_64-pc-elf/8.3.0/../../../../x86_64-pc-elf/bin/ld: 6746-1.cc:(.text.unlikely._Z6test12v+0x64): undefined reference to `vtable for std::basic_ios<wchar_t, std::char_traits<wchar_t> >'
/usr/local/genode/tool/current/bin/../lib/gcc/x86_64-pc-elf/8.3.0/../../../../x86_64-pc-elf/bin/ld: /tmp/ccaXvSyY.o: in function `test12()':
6746-1.cc:(.text._Z6test12v+0x54): undefined reference to `vtable for std::basic_ios<wchar_t, std::char_traits<wchar_t> >'
/usr/local/genode/tool/current/bin/../lib/gcc/x86_64-pc-elf/8.3.0/../../../../x86_64-pc-elf/bin/ld: 6746-1.cc:(.text._Z6test12v+0x85): undefined reference to `VTT for std::__cxx11::basic_istringstream<wchar_t, std::char_traits<wchar_t>, std::allocator<wchar_t> >'
/usr/local/genode/tool/current/bin/../lib/gcc/x86_64-pc-elf/8.3.0/../../../../x86_64-pc-elf/bin/ld: 6746-1.cc:(.text._Z6test12v+0xde): undefined reference to `std::basic_ios<wchar_t, std::char_traits<wchar_t> >::init(std::basic_streambuf<wchar_t, std::char_traits<wchar_t> >*)'
/usr/local/genode/tool/current/bin/../lib/gcc/x86_64-pc-elf/8.3.0/../../../../x86_64-pc-elf/bin/ld: 6746-1.cc:(.text._Z6test12v+0xe5): undefined reference to `vtable for std::__cxx11::basic_istringstream<wchar_t, std::char_traits<wchar_t>, std::allocator<wchar_t> >'
/usr/local/genode/tool/current/bin/../lib/gcc/x86_64-pc-elf/8.3.0/../../../../x86_64-pc-elf/bin/ld: 6746-1.cc:(.text._Z6test12v+0x11c): undefined reference to `vtable for std::basic_streambuf<wchar_t, std::char_traits<wchar_t> >'
/usr/local/genode/tool/current/bin/../lib/gcc/x86_64-pc-elf/8.3.0/../../../../x86_64-pc-elf/bin/ld: 6746-1.cc:(.text._Z6test12v+0x14c): undefined reference to `vtable for std::__cxx11::basic_stringbuf<wchar_t, std::char_traits<wchar_t>, std::allocator<wchar_t> >'
/usr/local/genode/tool/current/bin/../lib/gcc/x86_64-pc-elf/8.3.0/../../../../x86_64-pc-elf/bin/ld: 6746-1.cc:(.text._Z6test12v+0x19d): undefined reference to `std::__cxx11::basic_stringbuf<wchar_t, std::char_traits<wchar_t>, std::allocator<wchar_t> >::_M_sync(wchar_t*, unsigned long, unsigned long)'
/usr/local/genode/tool/current/bin/../lib/gcc/x86_64-pc-elf/8.3.0/../../../../x86_64-pc-elf/bin/ld: 6746-1.cc:(.text._Z6test12v+0x1aa): undefined reference to `std::basic_ios<wchar_t, std::char_traits<wchar_t> >::init(std::basic_streambuf<wchar_t, std::char_traits<wchar_t> >*)'
/usr/local/genode/tool/current/bin/../lib/gcc/x86_64-pc-elf/8.3.0/../../../../x86_64-pc-elf/bin/ld: 6746-1.cc:(.text._Z6test12v+0x1f1): undefined reference to `std::basic_istream<wchar_t, std::char_traits<wchar_t> >::readsome(wchar_t*, long)'
/usr/local/genode/tool/current/bin/../lib/gcc/x86_64-pc-elf/8.3.0/../../../../x86_64-pc-elf/bin/ld: 6746-1.cc:(.text._Z6test12v+0x225): undefined reference to `vtable for std::__cxx11::basic_stringbuf<wchar_t, std::char_traits<wchar_t>, std::allocator<wchar_t> >'
/usr/local/genode/tool/current/bin/../lib/gcc/x86_64-pc-elf/8.3.0/../../../../x86_64-pc-elf/bin/ld: 6746-1.cc:(.text._Z6test12v+0x243): undefined reference to `vtable for std::basic_streambuf<wchar_t, std::char_traits<wchar_t> >'
/usr/local/genode/tool/current/bin/../lib/gcc/x86_64-pc-elf/8.3.0/../../../../x86_64-pc-elf/bin/ld: 6746-1.cc:(.text._Z6test12v+0x26c): undefined reference to `vtable for std::basic_ios<wchar_t, std::char_traits<wchar_t> >'
/usr/local/genode/tool/current/bin/../lib/gcc/x86_64-pc-elf/8.3.0/../../../../x86_64-pc-elf/bin/ld: 6746-1.cc:(.text._Z6test12v+0x2a5): undefined reference to `std::__cxx11::basic_stringbuf<wchar_t, std::char_traits<wchar_t>, std::allocator<wchar_t> >::showmanyc()'
collect2: error: ld returned 1 exit status

UNRESOLVED: 27_io/basic_istream/readsome/wchar_t/6746-1.cc compilation failed to produce executable
