Testing char/1.cc
extra_tool_flags are:
  
doing compile
Executing on host: /usr/local/genode/tool/current/bin/genode-x86-g++ -fmessage-length=0 -fno-show-column -ffunction-sections -fdata-sections -fPIC -O2 -m64  -DLOCALEDIR="." -nostdinc -I/home/jws/develop/genode/depot/genodelabs/api/stdcxx/2020-10-07/include/stdcxx -I/home/jws/develop/genode/depot/genodelabs/api/stdcxx/2020-10-07/include/stdcxx/std -I/home/jws/develop/genode/depot/genodelabs/api/stdcxx/2020-10-07/include/stdcxx/c_global -I/home/jws/develop/genode/depot/genodelabs/api/libc/2020-10-07/include/spec/x86_64/libc -I/home/jws/develop/genode/depot/genodelabs/api/libc/2020-10-07/include/spec/x86_64 -I/home/jws/develop/genode/depot/genodelabs/api/libc/2020-10-07/include/spec/x86/libc -I/home/jws/develop/genode/depot/genodelabs/api/libc/2020-10-07/include/spec/x86 -I/home/jws/develop/genode/depot/genodelabs/api/libc/2020-10-07/include/libc-genode -I/home/jws/develop/genode/depot/genodelabs/api/libc/2020-10-07/include/libc -I/home/jws/develop/genode/depot/genodelabs/api/libc/2020-10-07/include -I/home/jws/develop/genode/depot/genodelabs/api/base/2020-10-07/include/spec/x86_64 -I/home/jws/develop/genode/depot/genodelabs/api/base/2020-10-07/include/spec/x86 -I/home/jws/develop/genode/depot/genodelabs/api/base/2020-10-07/include/spec/64bit -I/home/jws/develop/genode/depot/genodelabs/api/base/2020-10-07/include -I/usr/local/genode/tool/current/x86_64-pc-elf/include/c++/8.3.0/x86_64-pc-elf/64 -I/usr/local/genode/tool/current/lib/gcc/x86_64-pc-elf/8.3.0/include -I/home/jws/develop/genode-libstdcxx-testsuite/var/src/stdcxx-80f380143250d4f951433876698b54fdac32b95f/src/lib/stdcxx/include/backward -I/home/jws/develop/genode-libstdcxx-testsuite/var/src/stdcxx-80f380143250d4f951433876698b54fdac32b95f/src/lib/stdcxx/testsuite/util /home/jws/develop/genode-libstdcxx-testsuite/var/src/stdcxx-80f380143250d4f951433876698b54fdac32b95f/src/lib/stdcxx/testsuite/27_io/basic_ostream/inserters_arithmetic/char/1.cc      -fno-diagnostics-show-caret -fdiagnostics-color=never ./libtestc++.a -Wl,-melf_x86_64 -Wl,-gc-sections -Wl,-z -Wl,max-page-size=0x1000 -Wl,-Ttext=0x01000000 -Wl,--dynamic-linker=ld.lib.so -Wl,--dynamic-list=/home/jws/develop/genode/repos/base/src/ld/genode_dyn.dl -Wl,--eh-frame-hdr -Wl,-rpath-link=. -Wl,-T -Wl,/home/jws/develop/genode/repos/base/src/ld/genode_dyn.ld -l:libc.lib.so -l:libm.lib.so -l:posix.lib.so -nostdlib /usr/local/genode/tool/current/lib/gcc/x86_64-pc-elf/8.3.0/64/libgcc.a -L/home/jws/develop/genode-libstdcxx-testsuite/var/abi -l:stdcxx.lib.so -l:ld.lib.so    -o ./1.exe    (timeout = 600)
spawn -ignore SIGHUP /usr/local/genode/tool/current/bin/genode-x86-g++ -fmessage-length=0 -fno-show-column -ffunction-sections -fdata-sections -fPIC -O2 -m64 -DLOCALEDIR="." -nostdinc -I/home/jws/develop/genode/depot/genodelabs/api/stdcxx/2020-10-07/include/stdcxx -I/home/jws/develop/genode/depot/genodelabs/api/stdcxx/2020-10-07/include/stdcxx/std -I/home/jws/develop/genode/depot/genodelabs/api/stdcxx/2020-10-07/include/stdcxx/c_global -I/home/jws/develop/genode/depot/genodelabs/api/libc/2020-10-07/include/spec/x86_64/libc -I/home/jws/develop/genode/depot/genodelabs/api/libc/2020-10-07/include/spec/x86_64 -I/home/jws/develop/genode/depot/genodelabs/api/libc/2020-10-07/include/spec/x86/libc -I/home/jws/develop/genode/depot/genodelabs/api/libc/2020-10-07/include/spec/x86 -I/home/jws/develop/genode/depot/genodelabs/api/libc/2020-10-07/include/libc-genode -I/home/jws/develop/genode/depot/genodelabs/api/libc/2020-10-07/include/libc -I/home/jws/develop/genode/depot/genodelabs/api/libc/2020-10-07/include -I/home/jws/develop/genode/depot/genodelabs/api/base/2020-10-07/include/spec/x86_64 -I/home/jws/develop/genode/depot/genodelabs/api/base/2020-10-07/include/spec/x86 -I/home/jws/develop/genode/depot/genodelabs/api/base/2020-10-07/include/spec/64bit -I/home/jws/develop/genode/depot/genodelabs/api/base/2020-10-07/include -I/usr/local/genode/tool/current/x86_64-pc-elf/include/c++/8.3.0/x86_64-pc-elf/64 -I/usr/local/genode/tool/current/lib/gcc/x86_64-pc-elf/8.3.0/include -I/home/jws/develop/genode-libstdcxx-testsuite/var/src/stdcxx-80f380143250d4f951433876698b54fdac32b95f/src/lib/stdcxx/include/backward -I/home/jws/develop/genode-libstdcxx-testsuite/var/src/stdcxx-80f380143250d4f951433876698b54fdac32b95f/src/lib/stdcxx/testsuite/util /home/jws/develop/genode-libstdcxx-testsuite/var/src/stdcxx-80f380143250d4f951433876698b54fdac32b95f/src/lib/stdcxx/testsuite/27_io/basic_ostream/inserters_arithmetic/char/1.cc -fno-diagnostics-show-caret -fdiagnostics-color=never ./libtestc++.a -Wl,-melf_x86_64 -Wl,-gc-sections -Wl,-z -Wl,max-page-size=0x1000 -Wl,-Ttext=0x01000000 -Wl,--dynamic-linker=ld.lib.so -Wl,--dynamic-list=/home/jws/develop/genode/repos/base/src/ld/genode_dyn.dl -Wl,--eh-frame-hdr -Wl,-rpath-link=. -Wl,-T -Wl,/home/jws/develop/genode/repos/base/src/ld/genode_dyn.ld -l:libc.lib.so -l:libm.lib.so -l:posix.lib.so -nostdlib /usr/local/genode/tool/current/lib/gcc/x86_64-pc-elf/8.3.0/64/libgcc.a -L/home/jws/develop/genode-libstdcxx-testsuite/var/abi -l:stdcxx.lib.so -l:ld.lib.so -o ./1.exe
pid is 19381 -19381
/usr/local/genode/tool/current/bin/../lib/gcc/x86_64-pc-elf/8.3.0/../../../../x86_64-pc-elf/bin/ld: /tmp/ccxocMJB.o: in function `testpunct<char>::~testpunct()':
1.cc:(.text._ZN9testpunctIcED2Ev[_ZN9testpunctIcED5Ev]+0xf): undefined reference to `std::__cxx11::numpunct<char>::~numpunct()'
/usr/local/genode/tool/current/bin/../lib/gcc/x86_64-pc-elf/8.3.0/../../../../x86_64-pc-elf/bin/ld: /tmp/ccxocMJB.o: in function `testpunct<char>::~testpunct()':
1.cc:(.text._ZN9testpunctIcED0Ev[_ZN9testpunctIcED5Ev]+0x13): undefined reference to `std::__cxx11::numpunct<char>::~numpunct()'
/usr/local/genode/tool/current/bin/../lib/gcc/x86_64-pc-elf/8.3.0/../../../../x86_64-pc-elf/bin/ld: /tmp/ccxocMJB.o: in function `std::locale::locale<testpunct<char> >(std::locale const&, testpunct<char>*)':
1.cc:(.text._ZNSt6localeC2I9testpunctIcEEERKS_PT_[_ZNSt6localeC5I9testpunctIcEEERKS_PT_]+0x38): undefined reference to `std::__cxx11::numpunct<char>::id'
/usr/local/genode/tool/current/bin/../lib/gcc/x86_64-pc-elf/8.3.0/../../../../x86_64-pc-elf/bin/ld: /tmp/ccxocMJB.o: in function `test01()':
1.cc:(.text._Z6test01v+0x6f): undefined reference to `vtable for std::__cxx11::numpunct<char>'
/usr/local/genode/tool/current/bin/../lib/gcc/x86_64-pc-elf/8.3.0/../../../../x86_64-pc-elf/bin/ld: 1.cc:(.text._Z6test01v+0x86): undefined reference to `std::__cxx11::numpunct<char>::_M_initialize_numpunct(int*)'
/usr/local/genode/tool/current/bin/../lib/gcc/x86_64-pc-elf/8.3.0/../../../../x86_64-pc-elf/bin/ld: 1.cc:(.text._Z6test01v+0x3d8): undefined reference to `vtable for std::__cxx11::numpunct<char>'
/usr/local/genode/tool/current/bin/../lib/gcc/x86_64-pc-elf/8.3.0/../../../../x86_64-pc-elf/bin/ld: 1.cc:(.text._Z6test01v+0x3ec): undefined reference to `std::__cxx11::numpunct<char>::_M_initialize_numpunct(int*)'
/usr/local/genode/tool/current/bin/../lib/gcc/x86_64-pc-elf/8.3.0/../../../../x86_64-pc-elf/bin/ld: /tmp/ccxocMJB.o:(.data.rel.ro._ZTI9testpunctIcE[_ZTI9testpunctIcE]+0x10): undefined reference to `typeinfo for std::__cxx11::numpunct<char>'
/usr/local/genode/tool/current/bin/../lib/gcc/x86_64-pc-elf/8.3.0/../../../../x86_64-pc-elf/bin/ld: /tmp/ccxocMJB.o:(.data.rel.ro._ZTV9testpunctIcE[_ZTV9testpunctIcE]+0x38): undefined reference to `std::__cxx11::numpunct<char>::do_truename() const'
/usr/local/genode/tool/current/bin/../lib/gcc/x86_64-pc-elf/8.3.0/../../../../x86_64-pc-elf/bin/ld: /tmp/ccxocMJB.o:(.data.rel.ro._ZTV9testpunctIcE[_ZTV9testpunctIcE]+0x40): undefined reference to `std::__cxx11::numpunct<char>::do_falsename() const'
collect2: error: ld returned 1 exit status
pid is -1
close result is 19381 exp7 0 1
output is /usr/local/genode/tool/current/bin/../lib/gcc/x86_64-pc-elf/8.3.0/../../../../x86_64-pc-elf/bin/ld: /tmp/ccxocMJB.o: in function `testpunct<char>::~testpunct()':
1.cc:(.text._ZN9testpunctIcED2Ev[_ZN9testpunctIcED5Ev]+0xf): undefined reference to `std::__cxx11::numpunct<char>::~numpunct()'
/usr/local/genode/tool/current/bin/../lib/gcc/x86_64-pc-elf/8.3.0/../../../../x86_64-pc-elf/bin/ld: /tmp/ccxocMJB.o: in function `testpunct<char>::~testpunct()':
1.cc:(.text._ZN9testpunctIcED0Ev[_ZN9testpunctIcED5Ev]+0x13): undefined reference to `std::__cxx11::numpunct<char>::~numpunct()'
/usr/local/genode/tool/current/bin/../lib/gcc/x86_64-pc-elf/8.3.0/../../../../x86_64-pc-elf/bin/ld: /tmp/ccxocMJB.o: in function `std::locale::locale<testpunct<char> >(std::locale const&, testpunct<char>*)':
1.cc:(.text._ZNSt6localeC2I9testpunctIcEEERKS_PT_[_ZNSt6localeC5I9testpunctIcEEERKS_PT_]+0x38): undefined reference to `std::__cxx11::numpunct<char>::id'
/usr/local/genode/tool/current/bin/../lib/gcc/x86_64-pc-elf/8.3.0/../../../../x86_64-pc-elf/bin/ld: /tmp/ccxocMJB.o: in function `test01()':
1.cc:(.text._Z6test01v+0x6f): undefined reference to `vtable for std::__cxx11::numpunct<char>'
/usr/local/genode/tool/current/bin/../lib/gcc/x86_64-pc-elf/8.3.0/../../../../x86_64-pc-elf/bin/ld: 1.cc:(.text._Z6test01v+0x86): undefined reference to `std::__cxx11::numpunct<char>::_M_initialize_numpunct(int*)'
/usr/local/genode/tool/current/bin/../lib/gcc/x86_64-pc-elf/8.3.0/../../../../x86_64-pc-elf/bin/ld: 1.cc:(.text._Z6test01v+0x3d8): undefined reference to `vtable for std::__cxx11::numpunct<char>'
/usr/local/genode/tool/current/bin/../lib/gcc/x86_64-pc-elf/8.3.0/../../../../x86_64-pc-elf/bin/ld: 1.cc:(.text._Z6test01v+0x3ec): undefined reference to `std::__cxx11::numpunct<char>::_M_initialize_numpunct(int*)'
/usr/local/genode/tool/current/bin/../lib/gcc/x86_64-pc-elf/8.3.0/../../../../x86_64-pc-elf/bin/ld: /tmp/ccxocMJB.o:(.data.rel.ro._ZTI9testpunctIcE[_ZTI9testpunctIcE]+0x10): undefined reference to `typeinfo for std::__cxx11::numpunct<char>'
/usr/local/genode/tool/current/bin/../lib/gcc/x86_64-pc-elf/8.3.0/../../../../x86_64-pc-elf/bin/ld: /tmp/ccxocMJB.o:(.data.rel.ro._ZTV9testpunctIcE[_ZTV9testpunctIcE]+0x38): undefined reference to `std::__cxx11::numpunct<char>::do_truename() const'
/usr/local/genode/tool/current/bin/../lib/gcc/x86_64-pc-elf/8.3.0/../../../../x86_64-pc-elf/bin/ld: /tmp/ccxocMJB.o:(.data.rel.ro._ZTV9testpunctIcE[_ZTV9testpunctIcE]+0x40): undefined reference to `std::__cxx11::numpunct<char>::do_falsename() const'
collect2: error: ld returned 1 exit status
 status 1
compiler exited with status 1
FAIL: 27_io/basic_ostream/inserters_arithmetic/char/1.cc (test for excess errors)
Excess errors:
/usr/local/genode/tool/current/bin/../lib/gcc/x86_64-pc-elf/8.3.0/../../../../x86_64-pc-elf/bin/ld: /tmp/ccxocMJB.o: in function `testpunct<char>::~testpunct()':
1.cc:(.text._ZN9testpunctIcED2Ev[_ZN9testpunctIcED5Ev]+0xf): undefined reference to `std::__cxx11::numpunct<char>::~numpunct()'
/usr/local/genode/tool/current/bin/../lib/gcc/x86_64-pc-elf/8.3.0/../../../../x86_64-pc-elf/bin/ld: /tmp/ccxocMJB.o: in function `testpunct<char>::~testpunct()':
1.cc:(.text._ZN9testpunctIcED0Ev[_ZN9testpunctIcED5Ev]+0x13): undefined reference to `std::__cxx11::numpunct<char>::~numpunct()'
/usr/local/genode/tool/current/bin/../lib/gcc/x86_64-pc-elf/8.3.0/../../../../x86_64-pc-elf/bin/ld: /tmp/ccxocMJB.o: in function `std::locale::locale<testpunct<char> >(std::locale const&, testpunct<char>*)':
1.cc:(.text._ZNSt6localeC2I9testpunctIcEEERKS_PT_[_ZNSt6localeC5I9testpunctIcEEERKS_PT_]+0x38): undefined reference to `std::__cxx11::numpunct<char>::id'
/usr/local/genode/tool/current/bin/../lib/gcc/x86_64-pc-elf/8.3.0/../../../../x86_64-pc-elf/bin/ld: /tmp/ccxocMJB.o: in function `test01()':
1.cc:(.text._Z6test01v+0x6f): undefined reference to `vtable for std::__cxx11::numpunct<char>'
/usr/local/genode/tool/current/bin/../lib/gcc/x86_64-pc-elf/8.3.0/../../../../x86_64-pc-elf/bin/ld: 1.cc:(.text._Z6test01v+0x86): undefined reference to `std::__cxx11::numpunct<char>::_M_initialize_numpunct(int*)'
/usr/local/genode/tool/current/bin/../lib/gcc/x86_64-pc-elf/8.3.0/../../../../x86_64-pc-elf/bin/ld: 1.cc:(.text._Z6test01v+0x3d8): undefined reference to `vtable for std::__cxx11::numpunct<char>'
/usr/local/genode/tool/current/bin/../lib/gcc/x86_64-pc-elf/8.3.0/../../../../x86_64-pc-elf/bin/ld: 1.cc:(.text._Z6test01v+0x3ec): undefined reference to `std::__cxx11::numpunct<char>::_M_initialize_numpunct(int*)'
/usr/local/genode/tool/current/bin/../lib/gcc/x86_64-pc-elf/8.3.0/../../../../x86_64-pc-elf/bin/ld: /tmp/ccxocMJB.o:(.data.rel.ro._ZTI9testpunctIcE[_ZTI9testpunctIcE]+0x10): undefined reference to `typeinfo for std::__cxx11::numpunct<char>'
/usr/local/genode/tool/current/bin/../lib/gcc/x86_64-pc-elf/8.3.0/../../../../x86_64-pc-elf/bin/ld: /tmp/ccxocMJB.o:(.data.rel.ro._ZTV9testpunctIcE[_ZTV9testpunctIcE]+0x38): undefined reference to `std::__cxx11::numpunct<char>::do_truename() const'
/usr/local/genode/tool/current/bin/../lib/gcc/x86_64-pc-elf/8.3.0/../../../../x86_64-pc-elf/bin/ld: /tmp/ccxocMJB.o:(.data.rel.ro._ZTV9testpunctIcE[_ZTV9testpunctIcE]+0x40): undefined reference to `std::__cxx11::numpunct<char>::do_falsename() const'
collect2: error: ld returned 1 exit status

UNRESOLVED: 27_io/basic_ostream/inserters_arithmetic/char/1.cc compilation failed to produce executable
