Testing char/4.cc
extra_tool_flags are:
  
doing compile
Executing on host: /usr/local/genode/tool/current/bin/genode-x86-g++ -fmessage-length=0 -fno-show-column -ffunction-sections -fdata-sections -fPIC -O2 -m64  -DLOCALEDIR="." -nostdinc -I/home/jws/develop/genode/depot/genodelabs/api/stdcxx/2020-10-07/include/stdcxx -I/home/jws/develop/genode/depot/genodelabs/api/stdcxx/2020-10-07/include/stdcxx/std -I/home/jws/develop/genode/depot/genodelabs/api/stdcxx/2020-10-07/include/stdcxx/c_global -I/home/jws/develop/genode/depot/genodelabs/api/libc/2020-10-07/include/spec/x86_64/libc -I/home/jws/develop/genode/depot/genodelabs/api/libc/2020-10-07/include/spec/x86_64 -I/home/jws/develop/genode/depot/genodelabs/api/libc/2020-10-07/include/spec/x86/libc -I/home/jws/develop/genode/depot/genodelabs/api/libc/2020-10-07/include/spec/x86 -I/home/jws/develop/genode/depot/genodelabs/api/libc/2020-10-07/include/libc-genode -I/home/jws/develop/genode/depot/genodelabs/api/libc/2020-10-07/include/libc -I/home/jws/develop/genode/depot/genodelabs/api/libc/2020-10-07/include -I/home/jws/develop/genode/depot/genodelabs/api/base/2020-10-07/include/spec/x86_64 -I/home/jws/develop/genode/depot/genodelabs/api/base/2020-10-07/include/spec/x86 -I/home/jws/develop/genode/depot/genodelabs/api/base/2020-10-07/include/spec/64bit -I/home/jws/develop/genode/depot/genodelabs/api/base/2020-10-07/include -I/usr/local/genode/tool/current/x86_64-pc-elf/include/c++/8.3.0/x86_64-pc-elf/64 -I/usr/local/genode/tool/current/lib/gcc/x86_64-pc-elf/8.3.0/include -I/home/jws/develop/genode-libstdcxx-testsuite/var/src/stdcxx-80f380143250d4f951433876698b54fdac32b95f/src/lib/stdcxx/include/backward -I/home/jws/develop/genode-libstdcxx-testsuite/var/src/stdcxx-80f380143250d4f951433876698b54fdac32b95f/src/lib/stdcxx/testsuite/util /home/jws/develop/genode-libstdcxx-testsuite/var/src/stdcxx-80f380143250d4f951433876698b54fdac32b95f/src/lib/stdcxx/testsuite/27_io/basic_ostream/inserters_other/char/4.cc      -fno-diagnostics-show-caret -fdiagnostics-color=never ./libtestc++.a -Wl,-melf_x86_64 -Wl,-gc-sections -Wl,-z -Wl,max-page-size=0x1000 -Wl,-Ttext=0x01000000 -Wl,--dynamic-linker=ld.lib.so -Wl,--dynamic-list=/home/jws/develop/genode/repos/base/src/ld/genode_dyn.dl -Wl,--eh-frame-hdr -Wl,-rpath-link=. -Wl,-T -Wl,/home/jws/develop/genode/repos/base/src/ld/genode_dyn.ld -l:libc.lib.so -l:libm.lib.so -l:posix.lib.so -nostdlib /usr/local/genode/tool/current/lib/gcc/x86_64-pc-elf/8.3.0/64/libgcc.a -L/home/jws/develop/genode-libstdcxx-testsuite/var/abi -l:stdcxx.lib.so -l:ld.lib.so    -o ./4.exe    (timeout = 600)
spawn -ignore SIGHUP /usr/local/genode/tool/current/bin/genode-x86-g++ -fmessage-length=0 -fno-show-column -ffunction-sections -fdata-sections -fPIC -O2 -m64 -DLOCALEDIR="." -nostdinc -I/home/jws/develop/genode/depot/genodelabs/api/stdcxx/2020-10-07/include/stdcxx -I/home/jws/develop/genode/depot/genodelabs/api/stdcxx/2020-10-07/include/stdcxx/std -I/home/jws/develop/genode/depot/genodelabs/api/stdcxx/2020-10-07/include/stdcxx/c_global -I/home/jws/develop/genode/depot/genodelabs/api/libc/2020-10-07/include/spec/x86_64/libc -I/home/jws/develop/genode/depot/genodelabs/api/libc/2020-10-07/include/spec/x86_64 -I/home/jws/develop/genode/depot/genodelabs/api/libc/2020-10-07/include/spec/x86/libc -I/home/jws/develop/genode/depot/genodelabs/api/libc/2020-10-07/include/spec/x86 -I/home/jws/develop/genode/depot/genodelabs/api/libc/2020-10-07/include/libc-genode -I/home/jws/develop/genode/depot/genodelabs/api/libc/2020-10-07/include/libc -I/home/jws/develop/genode/depot/genodelabs/api/libc/2020-10-07/include -I/home/jws/develop/genode/depot/genodelabs/api/base/2020-10-07/include/spec/x86_64 -I/home/jws/develop/genode/depot/genodelabs/api/base/2020-10-07/include/spec/x86 -I/home/jws/develop/genode/depot/genodelabs/api/base/2020-10-07/include/spec/64bit -I/home/jws/develop/genode/depot/genodelabs/api/base/2020-10-07/include -I/usr/local/genode/tool/current/x86_64-pc-elf/include/c++/8.3.0/x86_64-pc-elf/64 -I/usr/local/genode/tool/current/lib/gcc/x86_64-pc-elf/8.3.0/include -I/home/jws/develop/genode-libstdcxx-testsuite/var/src/stdcxx-80f380143250d4f951433876698b54fdac32b95f/src/lib/stdcxx/include/backward -I/home/jws/develop/genode-libstdcxx-testsuite/var/src/stdcxx-80f380143250d4f951433876698b54fdac32b95f/src/lib/stdcxx/testsuite/util /home/jws/develop/genode-libstdcxx-testsuite/var/src/stdcxx-80f380143250d4f951433876698b54fdac32b95f/src/lib/stdcxx/testsuite/27_io/basic_ostream/inserters_other/char/4.cc -fno-diagnostics-show-caret -fdiagnostics-color=never ./libtestc++.a -Wl,-melf_x86_64 -Wl,-gc-sections -Wl,-z -Wl,max-page-size=0x1000 -Wl,-Ttext=0x01000000 -Wl,--dynamic-linker=ld.lib.so -Wl,--dynamic-list=/home/jws/develop/genode/repos/base/src/ld/genode_dyn.dl -Wl,--eh-frame-hdr -Wl,-rpath-link=. -Wl,-T -Wl,/home/jws/develop/genode/repos/base/src/ld/genode_dyn.ld -l:libc.lib.so -l:libm.lib.so -l:posix.lib.so -nostdlib /usr/local/genode/tool/current/lib/gcc/x86_64-pc-elf/8.3.0/64/libgcc.a -L/home/jws/develop/genode-libstdcxx-testsuite/var/abi -l:stdcxx.lib.so -l:ld.lib.so -o ./4.exe
pid is 20492 -20492
/usr/local/genode/tool/current/bin/../lib/gcc/x86_64-pc-elf/8.3.0/../../../../x86_64-pc-elf/bin/ld: /tmp/ccMTJDTU.o: in function `test(std::__cxx11::basic_string<char, std::char_traits<char>, std::allocator<char> > const&, std::basic_streambuf<char, std::char_traits<char> >&) [clone .cold.32]':
4.cc:(.text.unlikely._Z4testRKNSt7__cxx1112basic_stringIcSt11char_traitsIcESaIcEEERSt15basic_streambufIcS2_E+0x22): undefined reference to `vtable for std::istream'
/usr/local/genode/tool/current/bin/../lib/gcc/x86_64-pc-elf/8.3.0/../../../../x86_64-pc-elf/bin/ld: /tmp/ccMTJDTU.o: in function `test(std::__cxx11::basic_string<char, std::char_traits<char>, std::allocator<char> > const&, std::basic_streambuf<char, std::char_traits<char> >&)':
4.cc:(.text._Z4testRKNSt7__cxx1112basic_stringIcSt11char_traitsIcESaIcEEERSt15basic_streambufIcS2_E+0x1a1): undefined reference to `vtable for std::istream'
/usr/local/genode/tool/current/bin/../lib/gcc/x86_64-pc-elf/8.3.0/../../../../x86_64-pc-elf/bin/ld: 4.cc:(.text._Z4testRKNSt7__cxx1112basic_stringIcSt11char_traitsIcESaIcEEERSt15basic_streambufIcS2_E+0x20d): undefined reference to `std::ostream::operator<<(std::basic_streambuf<char, std::char_traits<char> >*)'
/usr/local/genode/tool/current/bin/../lib/gcc/x86_64-pc-elf/8.3.0/../../../../x86_64-pc-elf/bin/ld: 4.cc:(.text._Z4testRKNSt7__cxx1112basic_stringIcSt11char_traitsIcESaIcEEERSt15basic_streambufIcS2_E+0x2fc): undefined reference to `vtable for std::istream'
collect2: error: ld returned 1 exit status
pid is -1
close result is 20492 exp7 0 1
output is /usr/local/genode/tool/current/bin/../lib/gcc/x86_64-pc-elf/8.3.0/../../../../x86_64-pc-elf/bin/ld: /tmp/ccMTJDTU.o: in function `test(std::__cxx11::basic_string<char, std::char_traits<char>, std::allocator<char> > const&, std::basic_streambuf<char, std::char_traits<char> >&) [clone .cold.32]':
4.cc:(.text.unlikely._Z4testRKNSt7__cxx1112basic_stringIcSt11char_traitsIcESaIcEEERSt15basic_streambufIcS2_E+0x22): undefined reference to `vtable for std::istream'
/usr/local/genode/tool/current/bin/../lib/gcc/x86_64-pc-elf/8.3.0/../../../../x86_64-pc-elf/bin/ld: /tmp/ccMTJDTU.o: in function `test(std::__cxx11::basic_string<char, std::char_traits<char>, std::allocator<char> > const&, std::basic_streambuf<char, std::char_traits<char> >&)':
4.cc:(.text._Z4testRKNSt7__cxx1112basic_stringIcSt11char_traitsIcESaIcEEERSt15basic_streambufIcS2_E+0x1a1): undefined reference to `vtable for std::istream'
/usr/local/genode/tool/current/bin/../lib/gcc/x86_64-pc-elf/8.3.0/../../../../x86_64-pc-elf/bin/ld: 4.cc:(.text._Z4testRKNSt7__cxx1112basic_stringIcSt11char_traitsIcESaIcEEERSt15basic_streambufIcS2_E+0x20d): undefined reference to `std::ostream::operator<<(std::basic_streambuf<char, std::char_traits<char> >*)'
/usr/local/genode/tool/current/bin/../lib/gcc/x86_64-pc-elf/8.3.0/../../../../x86_64-pc-elf/bin/ld: 4.cc:(.text._Z4testRKNSt7__cxx1112basic_stringIcSt11char_traitsIcESaIcEEERSt15basic_streambufIcS2_E+0x2fc): undefined reference to `vtable for std::istream'
collect2: error: ld returned 1 exit status
 status 1
compiler exited with status 1
FAIL: 27_io/basic_ostream/inserters_other/char/4.cc (test for excess errors)
Excess errors:
/usr/local/genode/tool/current/bin/../lib/gcc/x86_64-pc-elf/8.3.0/../../../../x86_64-pc-elf/bin/ld: /tmp/ccMTJDTU.o: in function `test(std::__cxx11::basic_string<char, std::char_traits<char>, std::allocator<char> > const&, std::basic_streambuf<char, std::char_traits<char> >&) [clone .cold.32]':
4.cc:(.text.unlikely._Z4testRKNSt7__cxx1112basic_stringIcSt11char_traitsIcESaIcEEERSt15basic_streambufIcS2_E+0x22): undefined reference to `vtable for std::istream'
/usr/local/genode/tool/current/bin/../lib/gcc/x86_64-pc-elf/8.3.0/../../../../x86_64-pc-elf/bin/ld: /tmp/ccMTJDTU.o: in function `test(std::__cxx11::basic_string<char, std::char_traits<char>, std::allocator<char> > const&, std::basic_streambuf<char, std::char_traits<char> >&)':
4.cc:(.text._Z4testRKNSt7__cxx1112basic_stringIcSt11char_traitsIcESaIcEEERSt15basic_streambufIcS2_E+0x1a1): undefined reference to `vtable for std::istream'
/usr/local/genode/tool/current/bin/../lib/gcc/x86_64-pc-elf/8.3.0/../../../../x86_64-pc-elf/bin/ld: 4.cc:(.text._Z4testRKNSt7__cxx1112basic_stringIcSt11char_traitsIcESaIcEEERSt15basic_streambufIcS2_E+0x20d): undefined reference to `std::ostream::operator<<(std::basic_streambuf<char, std::char_traits<char> >*)'
/usr/local/genode/tool/current/bin/../lib/gcc/x86_64-pc-elf/8.3.0/../../../../x86_64-pc-elf/bin/ld: 4.cc:(.text._Z4testRKNSt7__cxx1112basic_stringIcSt11char_traitsIcESaIcEEERSt15basic_streambufIcS2_E+0x2fc): undefined reference to `vtable for std::istream'
collect2: error: ld returned 1 exit status

UNRESOLVED: 27_io/basic_ostream/inserters_other/char/4.cc compilation failed to produce executable
