Testing backward/strstream_members.cc
extra_tool_flags are:
 -Wno-deprecated
doing compile
Executing on host: /usr/local/genode/tool/current/bin/genode-x86-g++ -fmessage-length=0 -fno-show-column -ffunction-sections -fdata-sections -fPIC -O2 -m64  -DLOCALEDIR="." -nostdinc -I/home/jws/develop/genode/depot/genodelabs/api/stdcxx/2020-10-08/include/stdcxx -I/home/jws/develop/genode/depot/genodelabs/api/stdcxx/2020-10-08/include/stdcxx/std -I/home/jws/develop/genode/depot/genodelabs/api/stdcxx/2020-10-08/include/stdcxx/c_global -I/home/jws/develop/genode/depot/genodelabs/api/libc/2020-10-08/include/spec/x86_64/libc -I/home/jws/develop/genode/depot/genodelabs/api/libc/2020-10-08/include/spec/x86_64 -I/home/jws/develop/genode/depot/genodelabs/api/libc/2020-10-08/include/spec/x86/libc -I/home/jws/develop/genode/depot/genodelabs/api/libc/2020-10-08/include/spec/x86 -I/home/jws/develop/genode/depot/genodelabs/api/libc/2020-10-08/include/libc-genode -I/home/jws/develop/genode/depot/genodelabs/api/libc/2020-10-08/include/libc -I/home/jws/develop/genode/depot/genodelabs/api/libc/2020-10-08/include -I/home/jws/develop/genode/depot/genodelabs/api/base/2020-10-08/include/spec/x86_64 -I/home/jws/develop/genode/depot/genodelabs/api/base/2020-10-08/include/spec/x86 -I/home/jws/develop/genode/depot/genodelabs/api/base/2020-10-08/include/spec/64bit -I/home/jws/develop/genode/depot/genodelabs/api/base/2020-10-08/include -I/usr/local/genode/tool/current/x86_64-pc-elf/include/c++/8.3.0/x86_64-pc-elf/64 -I/usr/local/genode/tool/current/lib/gcc/x86_64-pc-elf/8.3.0/include -I/home/jws/develop/genode-libstdcxx-testsuite/var/src/stdcxx-80f380143250d4f951433876698b54fdac32b95f/src/lib/stdcxx/include/backward -I/home/jws/develop/genode-libstdcxx-testsuite/var/src/stdcxx-80f380143250d4f951433876698b54fdac32b95f/src/lib/stdcxx/testsuite/util /home/jws/develop/genode-libstdcxx-testsuite/var/src/stdcxx-80f380143250d4f951433876698b54fdac32b95f/src/lib/stdcxx/testsuite/backward/strstream_members.cc    -Wno-deprecated -fno-diagnostics-show-caret -fdiagnostics-color=never ./libtestc++.a -Wl,-melf_x86_64 -Wl,-gc-sections -Wl,-z -Wl,max-page-size=0x1000 -Wl,-Ttext=0x01000000 -Wl,--dynamic-linker=ld.lib.so -Wl,--dynamic-list=/home/jws/develop/genode/repos/base/src/ld/genode_dyn.dl -Wl,--eh-frame-hdr -Wl,-rpath-link=. -Wl,-T -Wl,/home/jws/develop/genode/repos/base/src/ld/genode_dyn.ld -l:libc.lib.so -l:libm.lib.so -l:posix.lib.so -nostdlib /usr/local/genode/tool/current/lib/gcc/x86_64-pc-elf/8.3.0/64/libgcc.a -L/home/jws/develop/genode-libstdcxx-testsuite/var/abi -l:stdcxx.lib.so -l:ld.lib.so  -lm  -o ./strstream_members.exe    (timeout = 600)
spawn -ignore SIGHUP /usr/local/genode/tool/current/bin/genode-x86-g++ -fmessage-length=0 -fno-show-column -ffunction-sections -fdata-sections -fPIC -O2 -m64 -DLOCALEDIR="." -nostdinc -I/home/jws/develop/genode/depot/genodelabs/api/stdcxx/2020-10-08/include/stdcxx -I/home/jws/develop/genode/depot/genodelabs/api/stdcxx/2020-10-08/include/stdcxx/std -I/home/jws/develop/genode/depot/genodelabs/api/stdcxx/2020-10-08/include/stdcxx/c_global -I/home/jws/develop/genode/depot/genodelabs/api/libc/2020-10-08/include/spec/x86_64/libc -I/home/jws/develop/genode/depot/genodelabs/api/libc/2020-10-08/include/spec/x86_64 -I/home/jws/develop/genode/depot/genodelabs/api/libc/2020-10-08/include/spec/x86/libc -I/home/jws/develop/genode/depot/genodelabs/api/libc/2020-10-08/include/spec/x86 -I/home/jws/develop/genode/depot/genodelabs/api/libc/2020-10-08/include/libc-genode -I/home/jws/develop/genode/depot/genodelabs/api/libc/2020-10-08/include/libc -I/home/jws/develop/genode/depot/genodelabs/api/libc/2020-10-08/include -I/home/jws/develop/genode/depot/genodelabs/api/base/2020-10-08/include/spec/x86_64 -I/home/jws/develop/genode/depot/genodelabs/api/base/2020-10-08/include/spec/x86 -I/home/jws/develop/genode/depot/genodelabs/api/base/2020-10-08/include/spec/64bit -I/home/jws/develop/genode/depot/genodelabs/api/base/2020-10-08/include -I/usr/local/genode/tool/current/x86_64-pc-elf/include/c++/8.3.0/x86_64-pc-elf/64 -I/usr/local/genode/tool/current/lib/gcc/x86_64-pc-elf/8.3.0/include -I/home/jws/develop/genode-libstdcxx-testsuite/var/src/stdcxx-80f380143250d4f951433876698b54fdac32b95f/src/lib/stdcxx/include/backward -I/home/jws/develop/genode-libstdcxx-testsuite/var/src/stdcxx-80f380143250d4f951433876698b54fdac32b95f/src/lib/stdcxx/testsuite/util /home/jws/develop/genode-libstdcxx-testsuite/var/src/stdcxx-80f380143250d4f951433876698b54fdac32b95f/src/lib/stdcxx/testsuite/backward/strstream_members.cc -Wno-deprecated -fno-diagnostics-show-caret -fdiagnostics-color=never ./libtestc++.a -Wl,-melf_x86_64 -Wl,-gc-sections -Wl,-z -Wl,max-page-size=0x1000 -Wl,-Ttext=0x01000000 -Wl,--dynamic-linker=ld.lib.so -Wl,--dynamic-list=/home/jws/develop/genode/repos/base/src/ld/genode_dyn.dl -Wl,--eh-frame-hdr -Wl,-rpath-link=. -Wl,-T -Wl,/home/jws/develop/genode/repos/base/src/ld/genode_dyn.ld -l:libc.lib.so -l:libm.lib.so -l:posix.lib.so -nostdlib /usr/local/genode/tool/current/lib/gcc/x86_64-pc-elf/8.3.0/64/libgcc.a -L/home/jws/develop/genode-libstdcxx-testsuite/var/abi -l:stdcxx.lib.so -l:ld.lib.so -lm -o ./strstream_members.exe
pid is 13075 -13075
/usr/local/genode/tool/current/bin/../lib/gcc/x86_64-pc-elf/8.3.0/../../../../x86_64-pc-elf/bin/ld: /tmp/ccwVcoC5.o: in function `_Z6test01v.cold.1':
strstream_members.cc:(.text.unlikely._Z6test01v+0x4): undefined reference to `_ZNSt9strstreamD1Ev'
/usr/local/genode/tool/current/bin/../lib/gcc/x86_64-pc-elf/8.3.0/../../../../x86_64-pc-elf/bin/ld: /tmp/ccwVcoC5.o: in function `_Z6test01v':
strstream_members.cc:(.text._Z6test01v+0x1c): undefined reference to `_ZNSt9strstreamC1Ev'
/usr/local/genode/tool/current/bin/../lib/gcc/x86_64-pc-elf/8.3.0/../../../../x86_64-pc-elf/bin/ld: strstream_members.cc:(.text._Z6test01v+0xa7): undefined reference to `_ZNSt9strstreamD1Ev'
/usr/local/genode/tool/current/bin/../lib/gcc/x86_64-pc-elf/8.3.0/../../../../x86_64-pc-elf/bin/ld: /tmp/ccwVcoC5.o: in function `_Z6test02v.cold.2':
strstream_members.cc:(.text.unlikely._Z6test02v+0x4): undefined reference to `_ZNSt10ostrstreamD1Ev'
/usr/local/genode/tool/current/bin/../lib/gcc/x86_64-pc-elf/8.3.0/../../../../x86_64-pc-elf/bin/ld: /tmp/ccwVcoC5.o: in function `_Z6test02v':
strstream_members.cc:(.text._Z6test02v+0x10): undefined reference to `_ZNSt10ostrstreamC1Ev'
/usr/local/genode/tool/current/bin/../lib/gcc/x86_64-pc-elf/8.3.0/../../../../x86_64-pc-elf/bin/ld: strstream_members.cc:(.text._Z6test02v+0x22): undefined reference to `_ZNSt10ostrstream3strEv'
/usr/local/genode/tool/current/bin/../lib/gcc/x86_64-pc-elf/8.3.0/../../../../x86_64-pc-elf/bin/ld: strstream_members.cc:(.text._Z6test02v+0x37): undefined reference to `_ZNSt10ostrstreamD1Ev'
collect2: error: ld returned 1 exit status
pid is -1
close result is 13075 exp7 0 1
output is /usr/local/genode/tool/current/bin/../lib/gcc/x86_64-pc-elf/8.3.0/../../../../x86_64-pc-elf/bin/ld: /tmp/ccwVcoC5.o: in function `_Z6test01v.cold.1':
strstream_members.cc:(.text.unlikely._Z6test01v+0x4): undefined reference to `_ZNSt9strstreamD1Ev'
/usr/local/genode/tool/current/bin/../lib/gcc/x86_64-pc-elf/8.3.0/../../../../x86_64-pc-elf/bin/ld: /tmp/ccwVcoC5.o: in function `_Z6test01v':
strstream_members.cc:(.text._Z6test01v+0x1c): undefined reference to `_ZNSt9strstreamC1Ev'
/usr/local/genode/tool/current/bin/../lib/gcc/x86_64-pc-elf/8.3.0/../../../../x86_64-pc-elf/bin/ld: strstream_members.cc:(.text._Z6test01v+0xa7): undefined reference to `_ZNSt9strstreamD1Ev'
/usr/local/genode/tool/current/bin/../lib/gcc/x86_64-pc-elf/8.3.0/../../../../x86_64-pc-elf/bin/ld: /tmp/ccwVcoC5.o: in function `_Z6test02v.cold.2':
strstream_members.cc:(.text.unlikely._Z6test02v+0x4): undefined reference to `_ZNSt10ostrstreamD1Ev'
/usr/local/genode/tool/current/bin/../lib/gcc/x86_64-pc-elf/8.3.0/../../../../x86_64-pc-elf/bin/ld: /tmp/ccwVcoC5.o: in function `_Z6test02v':
strstream_members.cc:(.text._Z6test02v+0x10): undefined reference to `_ZNSt10ostrstreamC1Ev'
/usr/local/genode/tool/current/bin/../lib/gcc/x86_64-pc-elf/8.3.0/../../../../x86_64-pc-elf/bin/ld: strstream_members.cc:(.text._Z6test02v+0x22): undefined reference to `_ZNSt10ostrstream3strEv'
/usr/local/genode/tool/current/bin/../lib/gcc/x86_64-pc-elf/8.3.0/../../../../x86_64-pc-elf/bin/ld: strstream_members.cc:(.text._Z6test02v+0x37): undefined reference to `_ZNSt10ostrstreamD1Ev'
collect2: error: ld returned 1 exit status
 status 1
compiler exited with status 1
FAIL: backward/strstream_members.cc (test for excess errors)
Excess errors:
/usr/local/genode/tool/current/bin/../lib/gcc/x86_64-pc-elf/8.3.0/../../../../x86_64-pc-elf/bin/ld: /tmp/ccwVcoC5.o: in function `_Z6test01v.cold.1':
strstream_members.cc:(.text.unlikely._Z6test01v+0x4): undefined reference to `_ZNSt9strstreamD1Ev'
/usr/local/genode/tool/current/bin/../lib/gcc/x86_64-pc-elf/8.3.0/../../../../x86_64-pc-elf/bin/ld: /tmp/ccwVcoC5.o: in function `_Z6test01v':
strstream_members.cc:(.text._Z6test01v+0x1c): undefined reference to `_ZNSt9strstreamC1Ev'
/usr/local/genode/tool/current/bin/../lib/gcc/x86_64-pc-elf/8.3.0/../../../../x86_64-pc-elf/bin/ld: strstream_members.cc:(.text._Z6test01v+0xa7): undefined reference to `_ZNSt9strstreamD1Ev'
/usr/local/genode/tool/current/bin/../lib/gcc/x86_64-pc-elf/8.3.0/../../../../x86_64-pc-elf/bin/ld: /tmp/ccwVcoC5.o: in function `_Z6test02v.cold.2':
strstream_members.cc:(.text.unlikely._Z6test02v+0x4): undefined reference to `_ZNSt10ostrstreamD1Ev'
/usr/local/genode/tool/current/bin/../lib/gcc/x86_64-pc-elf/8.3.0/../../../../x86_64-pc-elf/bin/ld: /tmp/ccwVcoC5.o: in function `_Z6test02v':
strstream_members.cc:(.text._Z6test02v+0x10): undefined reference to `_ZNSt10ostrstreamC1Ev'
/usr/local/genode/tool/current/bin/../lib/gcc/x86_64-pc-elf/8.3.0/../../../../x86_64-pc-elf/bin/ld: strstream_members.cc:(.text._Z6test02v+0x22): undefined reference to `_ZNSt10ostrstream3strEv'
/usr/local/genode/tool/current/bin/../lib/gcc/x86_64-pc-elf/8.3.0/../../../../x86_64-pc-elf/bin/ld: strstream_members.cc:(.text._Z6test02v+0x37): undefined reference to `_ZNSt10ostrstreamD1Ev'
collect2: error: ld returned 1 exit status

UNRESOLVED: backward/strstream_members.cc compilation failed to produce executable
