Testing cmath/c99_classification_macros_c.cc
extra_tool_flags are:
 -D__GLIBCXX__=99999999
doing compile
Executing on host: /usr/local/genode/tool/current/bin/genode-x86-g++ -fmessage-length=0 -fno-show-column -ffunction-sections -fdata-sections -fPIC -O2 -m64  -DLOCALEDIR="." -nostdinc -I/home/jws/develop/genode/depot/genodelabs/api/stdcxx/2020-10-08/include/stdcxx -I/home/jws/develop/genode/depot/genodelabs/api/stdcxx/2020-10-08/include/stdcxx/std -I/home/jws/develop/genode/depot/genodelabs/api/stdcxx/2020-10-08/include/stdcxx/c_global -I/home/jws/develop/genode/depot/genodelabs/api/libc/2020-10-08/include/spec/x86_64/libc -I/home/jws/develop/genode/depot/genodelabs/api/libc/2020-10-08/include/spec/x86_64 -I/home/jws/develop/genode/depot/genodelabs/api/libc/2020-10-08/include/spec/x86/libc -I/home/jws/develop/genode/depot/genodelabs/api/libc/2020-10-08/include/spec/x86 -I/home/jws/develop/genode/depot/genodelabs/api/libc/2020-10-08/include/libc-genode -I/home/jws/develop/genode/depot/genodelabs/api/libc/2020-10-08/include/libc -I/home/jws/develop/genode/depot/genodelabs/api/libc/2020-10-08/include -I/home/jws/develop/genode/depot/genodelabs/api/base/2020-10-08/include/spec/x86_64 -I/home/jws/develop/genode/depot/genodelabs/api/base/2020-10-08/include/spec/x86 -I/home/jws/develop/genode/depot/genodelabs/api/base/2020-10-08/include/spec/64bit -I/home/jws/develop/genode/depot/genodelabs/api/base/2020-10-08/include -I/usr/local/genode/tool/current/x86_64-pc-elf/include/c++/8.3.0/x86_64-pc-elf/64 -I/usr/local/genode/tool/current/lib/gcc/x86_64-pc-elf/8.3.0/include -I/home/jws/develop/genode-libstdcxx-testsuite/var/src/stdcxx-80f380143250d4f951433876698b54fdac32b95f/src/lib/stdcxx/include/backward -I/home/jws/develop/genode-libstdcxx-testsuite/var/src/stdcxx-80f380143250d4f951433876698b54fdac32b95f/src/lib/stdcxx/testsuite/util /home/jws/develop/genode-libstdcxx-testsuite/var/src/stdcxx-80f380143250d4f951433876698b54fdac32b95f/src/lib/stdcxx/testsuite/26_numerics/headers/cmath/c99_classification_macros_c.cc    -D__GLIBCXX__=99999999 -fno-diagnostics-show-caret -fdiagnostics-color=never -S -o c99_classification_macros_c.s    (timeout = 600)
spawn -ignore SIGHUP /usr/local/genode/tool/current/bin/genode-x86-g++ -fmessage-length=0 -fno-show-column -ffunction-sections -fdata-sections -fPIC -O2 -m64 -DLOCALEDIR="." -nostdinc -I/home/jws/develop/genode/depot/genodelabs/api/stdcxx/2020-10-08/include/stdcxx -I/home/jws/develop/genode/depot/genodelabs/api/stdcxx/2020-10-08/include/stdcxx/std -I/home/jws/develop/genode/depot/genodelabs/api/stdcxx/2020-10-08/include/stdcxx/c_global -I/home/jws/develop/genode/depot/genodelabs/api/libc/2020-10-08/include/spec/x86_64/libc -I/home/jws/develop/genode/depot/genodelabs/api/libc/2020-10-08/include/spec/x86_64 -I/home/jws/develop/genode/depot/genodelabs/api/libc/2020-10-08/include/spec/x86/libc -I/home/jws/develop/genode/depot/genodelabs/api/libc/2020-10-08/include/spec/x86 -I/home/jws/develop/genode/depot/genodelabs/api/libc/2020-10-08/include/libc-genode -I/home/jws/develop/genode/depot/genodelabs/api/libc/2020-10-08/include/libc -I/home/jws/develop/genode/depot/genodelabs/api/libc/2020-10-08/include -I/home/jws/develop/genode/depot/genodelabs/api/base/2020-10-08/include/spec/x86_64 -I/home/jws/develop/genode/depot/genodelabs/api/base/2020-10-08/include/spec/x86 -I/home/jws/develop/genode/depot/genodelabs/api/base/2020-10-08/include/spec/64bit -I/home/jws/develop/genode/depot/genodelabs/api/base/2020-10-08/include -I/usr/local/genode/tool/current/x86_64-pc-elf/include/c++/8.3.0/x86_64-pc-elf/64 -I/usr/local/genode/tool/current/lib/gcc/x86_64-pc-elf/8.3.0/include -I/home/jws/develop/genode-libstdcxx-testsuite/var/src/stdcxx-80f380143250d4f951433876698b54fdac32b95f/src/lib/stdcxx/include/backward -I/home/jws/develop/genode-libstdcxx-testsuite/var/src/stdcxx-80f380143250d4f951433876698b54fdac32b95f/src/lib/stdcxx/testsuite/util /home/jws/develop/genode-libstdcxx-testsuite/var/src/stdcxx-80f380143250d4f951433876698b54fdac32b95f/src/lib/stdcxx/testsuite/26_numerics/headers/cmath/c99_classification_macros_c.cc -D__GLIBCXX__=99999999 -fno-diagnostics-show-caret -fdiagnostics-color=never -S -o c99_classification_macros_c.s
pid is 3773 -3773
/home/jws/develop/genode-libstdcxx-testsuite/var/src/stdcxx-80f380143250d4f951433876698b54fdac32b95f/src/lib/stdcxx/testsuite/26_numerics/headers/cmath/c99_classification_macros_c.cc:38: error: macro "isgreater" requires 2 arguments, but only 1 given
/home/jws/develop/genode-libstdcxx-testsuite/var/src/stdcxx-80f380143250d4f951433876698b54fdac32b95f/src/lib/stdcxx/testsuite/26_numerics/headers/cmath/c99_classification_macros_c.cc:40: error: macro "isgreaterequal" requires 2 arguments, but only 1 given
/home/jws/develop/genode-libstdcxx-testsuite/var/src/stdcxx-80f380143250d4f951433876698b54fdac32b95f/src/lib/stdcxx/testsuite/26_numerics/headers/cmath/c99_classification_macros_c.cc:42: error: macro "isless" requires 2 arguments, but only 1 given
/home/jws/develop/genode-libstdcxx-testsuite/var/src/stdcxx-80f380143250d4f951433876698b54fdac32b95f/src/lib/stdcxx/testsuite/26_numerics/headers/cmath/c99_classification_macros_c.cc:44: error: macro "islessequal" requires 2 arguments, but only 1 given
/home/jws/develop/genode-libstdcxx-testsuite/var/src/stdcxx-80f380143250d4f951433876698b54fdac32b95f/src/lib/stdcxx/testsuite/26_numerics/headers/cmath/c99_classification_macros_c.cc:46: error: macro "islessgreater" requires 2 arguments, but only 1 given
/home/jws/develop/genode-libstdcxx-testsuite/var/src/stdcxx-80f380143250d4f951433876698b54fdac32b95f/src/lib/stdcxx/testsuite/26_numerics/headers/cmath/c99_classification_macros_c.cc:48: error: macro "isunordered" requires 2 arguments, but only 1 given
In file included from /home/jws/develop/genode-libstdcxx-testsuite/var/src/stdcxx-80f380143250d4f951433876698b54fdac32b95f/src/lib/stdcxx/testsuite/26_numerics/headers/cmath/c99_classification_macros_c.cc:24:
/home/jws/develop/genode/depot/genodelabs/api/libc/2020-10-08/include/libc/math.h:104: error: expected unqualified-id before 'sizeof'
/home/jws/develop/genode/depot/genodelabs/api/libc/2020-10-08/include/libc/math.h:110: note: in expansion of macro '__fp_type_select'
/home/jws/develop/genode-libstdcxx-testsuite/var/src/stdcxx-80f380143250d4f951433876698b54fdac32b95f/src/lib/stdcxx/testsuite/26_numerics/headers/cmath/c99_classification_macros_c.cc:26: note: in expansion of macro 'fpclassify'
/home/jws/develop/genode/depot/genodelabs/api/libc/2020-10-08/include/libc/math.h:104: error: expected ')' before 'sizeof'
/home/jws/develop/genode/depot/genodelabs/api/libc/2020-10-08/include/libc/math.h:110: note: in expansion of macro '__fp_type_select'
/home/jws/develop/genode-libstdcxx-testsuite/var/src/stdcxx-80f380143250d4f951433876698b54fdac32b95f/src/lib/stdcxx/testsuite/26_numerics/headers/cmath/c99_classification_macros_c.cc:26: note: in expansion of macro 'fpclassify'
/home/jws/develop/genode/depot/genodelabs/api/libc/2020-10-08/include/libc/math.h:104: error: expected ')' before 'sizeof'
/home/jws/develop/genode/depot/genodelabs/api/libc/2020-10-08/include/libc/math.h:110: note: in expansion of macro '__fp_type_select'
/home/jws/develop/genode-libstdcxx-testsuite/var/src/stdcxx-80f380143250d4f951433876698b54fdac32b95f/src/lib/stdcxx/testsuite/26_numerics/headers/cmath/c99_classification_macros_c.cc:26: note: in expansion of macro 'fpclassify'
/home/jws/develop/genode/depot/genodelabs/api/libc/2020-10-08/include/libc/math.h:104: error: expected unqualified-id before 'sizeof'
/home/jws/develop/genode/depot/genodelabs/api/libc/2020-10-08/include/libc/math.h:111: note: in expansion of macro '__fp_type_select'
/home/jws/develop/genode-libstdcxx-testsuite/var/src/stdcxx-80f380143250d4f951433876698b54fdac32b95f/src/lib/stdcxx/testsuite/26_numerics/headers/cmath/c99_classification_macros_c.cc:28: note: in expansion of macro 'isfinite'
/home/jws/develop/genode/depot/genodelabs/api/libc/2020-10-08/include/libc/math.h:104: error: expected ')' before 'sizeof'
/home/jws/develop/genode/depot/genodelabs/api/libc/2020-10-08/include/libc/math.h:111: note: in expansion of macro '__fp_type_select'
/home/jws/develop/genode-libstdcxx-testsuite/var/src/stdcxx-80f380143250d4f951433876698b54fdac32b95f/src/lib/stdcxx/testsuite/26_numerics/headers/cmath/c99_classification_macros_c.cc:28: note: in expansion of macro 'isfinite'
/home/jws/develop/genode/depot/genodelabs/api/libc/2020-10-08/include/libc/math.h:104: error: expected ')' before 'sizeof'
/home/jws/develop/genode/depot/genodelabs/api/libc/2020-10-08/include/libc/math.h:111: note: in expansion of macro '__fp_type_select'
/home/jws/develop/genode-libstdcxx-testsuite/var/src/stdcxx-80f380143250d4f951433876698b54fdac32b95f/src/lib/stdcxx/testsuite/26_numerics/headers/cmath/c99_classification_macros_c.cc:28: note: in expansion of macro 'isfinite'
/home/jws/develop/genode/depot/genodelabs/api/libc/2020-10-08/include/libc/math.h:104: error: expected unqualified-id before 'sizeof'
/home/jws/develop/genode/depot/genodelabs/api/libc/2020-10-08/include/libc/math.h:112: note: in expansion of macro '__fp_type_select'
/home/jws/develop/genode-libstdcxx-testsuite/var/src/stdcxx-80f380143250d4f951433876698b54fdac32b95f/src/lib/stdcxx/testsuite/26_numerics/headers/cmath/c99_classification_macros_c.cc:30: note: in expansion of macro 'isinf'
/home/jws/develop/genode/depot/genodelabs/api/libc/2020-10-08/include/libc/math.h:104: error: expected ')' before 'sizeof'
/home/jws/develop/genode/depot/genodelabs/api/libc/2020-10-08/include/libc/math.h:112: note: in expansion of macro '__fp_type_select'
/home/jws/develop/genode-libstdcxx-testsuite/var/src/stdcxx-80f380143250d4f951433876698b54fdac32b95f/src/lib/stdcxx/testsuite/26_numerics/headers/cmath/c99_classification_macros_c.cc:30: note: in expansion of macro 'isinf'
/home/jws/develop/genode/depot/genodelabs/api/libc/2020-10-08/include/libc/math.h:104: error: expected ')' before 'sizeof'
/home/jws/develop/genode/depot/genodelabs/api/libc/2020-10-08/include/libc/math.h:112: note: in expansion of macro '__fp_type_select'
/home/jws/develop/genode-libstdcxx-testsuite/var/src/stdcxx-80f380143250d4f951433876698b54fdac32b95f/src/lib/stdcxx/testsuite/26_numerics/headers/cmath/c99_classification_macros_c.cc:30: note: in expansion of macro 'isinf'
/home/jws/develop/genode/depot/genodelabs/api/libc/2020-10-08/include/libc/math.h:104: error: expected unqualified-id before 'sizeof'
/home/jws/develop/genode/depot/genodelabs/api/libc/2020-10-08/include/libc/math.h:114: note: in expansion of macro '__fp_type_select'
/home/jws/develop/genode-libstdcxx-testsuite/var/src/stdcxx-80f380143250d4f951433876698b54fdac32b95f/src/lib/stdcxx/testsuite/26_numerics/headers/cmath/c99_classification_macros_c.cc:32: note: in expansion of macro 'isnan'
/home/jws/develop/genode/depot/genodelabs/api/libc/2020-10-08/include/libc/math.h:104: error: expected ')' before 'sizeof'
/home/jws/develop/genode/depot/genodelabs/api/libc/2020-10-08/include/libc/math.h:114: note: in expansion of macro '__fp_type_select'
/home/jws/develop/genode-libstdcxx-testsuite/var/src/stdcxx-80f380143250d4f951433876698b54fdac32b95f/src/lib/stdcxx/testsuite/26_numerics/headers/cmath/c99_classification_macros_c.cc:32: note: in expansion of macro 'isnan'
/home/jws/develop/genode/depot/genodelabs/api/libc/2020-10-08/include/libc/math.h:104: error: expected ')' before 'sizeof'
/home/jws/develop/genode/depot/genodelabs/api/libc/2020-10-08/include/libc/math.h:114: note: in expansion of macro '__fp_type_select'
/home/jws/develop/genode-libstdcxx-testsuite/var/src/stdcxx-80f380143250d4f951433876698b54fdac32b95f/src/lib/stdcxx/testsuite/26_numerics/headers/cmath/c99_classification_macros_c.cc:32: note: in expansion of macro 'isnan'
/home/jws/develop/genode/depot/genodelabs/api/libc/2020-10-08/include/libc/math.h:104: error: expected unqualified-id before 'sizeof'
/home/jws/develop/genode/depot/genodelabs/api/libc/2020-10-08/include/libc/math.h:115: note: in expansion of macro '__fp_type_select'
/home/jws/develop/genode-libstdcxx-testsuite/var/src/stdcxx-80f380143250d4f951433876698b54fdac32b95f/src/lib/stdcxx/testsuite/26_numerics/headers/cmath/c99_classification_macros_c.cc:34: note: in expansion of macro 'isnormal'
/home/jws/develop/genode/depot/genodelabs/api/libc/2020-10-08/include/libc/math.h:104: error: expected ')' before 'sizeof'
/home/jws/develop/genode/depot/genodelabs/api/libc/2020-10-08/include/libc/math.h:115: note: in expansion of macro '__fp_type_select'
/home/jws/develop/genode-libstdcxx-testsuite/var/src/stdcxx-80f380143250d4f951433876698b54fdac32b95f/src/lib/stdcxx/testsuite/26_numerics/headers/cmath/c99_classification_macros_c.cc:34: note: in expansion of macro 'isnormal'
/home/jws/develop/genode/depot/genodelabs/api/libc/2020-10-08/include/libc/math.h:104: error: expected ')' before 'sizeof'
/home/jws/develop/genode/depot/genodelabs/api/libc/2020-10-08/include/libc/math.h:115: note: in expansion of macro '__fp_type_select'
/home/jws/develop/genode-libstdcxx-testsuite/var/src/stdcxx-80f380143250d4f951433876698b54fdac32b95f/src/lib/stdcxx/testsuite/26_numerics/headers/cmath/c99_classification_macros_c.cc:34: note: in expansion of macro 'isnormal'
/home/jws/develop/genode/depot/genodelabs/api/libc/2020-10-08/include/libc/math.h:104: error: expected unqualified-id before 'sizeof'
/home/jws/develop/genode/depot/genodelabs/api/libc/2020-10-08/include/libc/math.h:134: note: in expansion of macro '__fp_type_select'
/home/jws/develop/genode-libstdcxx-testsuite/var/src/stdcxx-80f380143250d4f951433876698b54fdac32b95f/src/lib/stdcxx/testsuite/26_numerics/headers/cmath/c99_classification_macros_c.cc:36: note: in expansion of macro 'signbit'
/home/jws/develop/genode/depot/genodelabs/api/libc/2020-10-08/include/libc/math.h:104: error: expected ')' before 'sizeof'
/home/jws/develop/genode/depot/genodelabs/api/libc/2020-10-08/include/libc/math.h:134: note: in expansion of macro '__fp_type_select'
/home/jws/develop/genode-libstdcxx-testsuite/var/src/stdcxx-80f380143250d4f951433876698b54fdac32b95f/src/lib/stdcxx/testsuite/26_numerics/headers/cmath/c99_classification_macros_c.cc:36: note: in expansion of macro 'signbit'
/home/jws/develop/genode/depot/genodelabs/api/libc/2020-10-08/include/libc/math.h:104: error: expected ')' before 'sizeof'
/home/jws/develop/genode/depot/genodelabs/api/libc/2020-10-08/include/libc/math.h:134: note: in expansion of macro '__fp_type_select'
/home/jws/develop/genode-libstdcxx-testsuite/var/src/stdcxx-80f380143250d4f951433876698b54fdac32b95f/src/lib/stdcxx/testsuite/26_numerics/headers/cmath/c99_classification_macros_c.cc:36: note: in expansion of macro 'signbit'
/home/jws/develop/genode-libstdcxx-testsuite/var/src/stdcxx-80f380143250d4f951433876698b54fdac32b95f/src/lib/stdcxx/testsuite/26_numerics/headers/cmath/c99_classification_macros_c.cc:38: error: variable or field 'isgreater' declared void
/home/jws/develop/genode-libstdcxx-testsuite/var/src/stdcxx-80f380143250d4f951433876698b54fdac32b95f/src/lib/stdcxx/testsuite/26_numerics/headers/cmath/c99_classification_macros_c.cc:42: error: variable or field 'isless' declared void
/home/jws/develop/genode-libstdcxx-testsuite/var/src/stdcxx-80f380143250d4f951433876698b54fdac32b95f/src/lib/stdcxx/testsuite/26_numerics/headers/cmath/c99_classification_macros_c.cc:46: error: variable or field 'islessgreater' declared void
pid is -1
close result is 3773 exp7 0 1
output is /home/jws/develop/genode-libstdcxx-testsuite/var/src/stdcxx-80f380143250d4f951433876698b54fdac32b95f/src/lib/stdcxx/testsuite/26_numerics/headers/cmath/c99_classification_macros_c.cc:38: error: macro "isgreater" requires 2 arguments, but only 1 given
/home/jws/develop/genode-libstdcxx-testsuite/var/src/stdcxx-80f380143250d4f951433876698b54fdac32b95f/src/lib/stdcxx/testsuite/26_numerics/headers/cmath/c99_classification_macros_c.cc:40: error: macro "isgreaterequal" requires 2 arguments, but only 1 given
/home/jws/develop/genode-libstdcxx-testsuite/var/src/stdcxx-80f380143250d4f951433876698b54fdac32b95f/src/lib/stdcxx/testsuite/26_numerics/headers/cmath/c99_classification_macros_c.cc:42: error: macro "isless" requires 2 arguments, but only 1 given
/home/jws/develop/genode-libstdcxx-testsuite/var/src/stdcxx-80f380143250d4f951433876698b54fdac32b95f/src/lib/stdcxx/testsuite/26_numerics/headers/cmath/c99_classification_macros_c.cc:44: error: macro "islessequal" requires 2 arguments, but only 1 given
/home/jws/develop/genode-libstdcxx-testsuite/var/src/stdcxx-80f380143250d4f951433876698b54fdac32b95f/src/lib/stdcxx/testsuite/26_numerics/headers/cmath/c99_classification_macros_c.cc:46: error: macro "islessgreater" requires 2 arguments, but only 1 given
/home/jws/develop/genode-libstdcxx-testsuite/var/src/stdcxx-80f380143250d4f951433876698b54fdac32b95f/src/lib/stdcxx/testsuite/26_numerics/headers/cmath/c99_classification_macros_c.cc:48: error: macro "isunordered" requires 2 arguments, but only 1 given
In file included from /home/jws/develop/genode-libstdcxx-testsuite/var/src/stdcxx-80f380143250d4f951433876698b54fdac32b95f/src/lib/stdcxx/testsuite/26_numerics/headers/cmath/c99_classification_macros_c.cc:24:
/home/jws/develop/genode/depot/genodelabs/api/libc/2020-10-08/include/libc/math.h:104: error: expected unqualified-id before 'sizeof'
/home/jws/develop/genode/depot/genodelabs/api/libc/2020-10-08/include/libc/math.h:110: note: in expansion of macro '__fp_type_select'
/home/jws/develop/genode-libstdcxx-testsuite/var/src/stdcxx-80f380143250d4f951433876698b54fdac32b95f/src/lib/stdcxx/testsuite/26_numerics/headers/cmath/c99_classification_macros_c.cc:26: note: in expansion of macro 'fpclassify'
/home/jws/develop/genode/depot/genodelabs/api/libc/2020-10-08/include/libc/math.h:104: error: expected ')' before 'sizeof'
/home/jws/develop/genode/depot/genodelabs/api/libc/2020-10-08/include/libc/math.h:110: note: in expansion of macro '__fp_type_select'
/home/jws/develop/genode-libstdcxx-testsuite/var/src/stdcxx-80f380143250d4f951433876698b54fdac32b95f/src/lib/stdcxx/testsuite/26_numerics/headers/cmath/c99_classification_macros_c.cc:26: note: in expansion of macro 'fpclassify'
/home/jws/develop/genode/depot/genodelabs/api/libc/2020-10-08/include/libc/math.h:104: error: expected ')' before 'sizeof'
/home/jws/develop/genode/depot/genodelabs/api/libc/2020-10-08/include/libc/math.h:110: note: in expansion of macro '__fp_type_select'
/home/jws/develop/genode-libstdcxx-testsuite/var/src/stdcxx-80f380143250d4f951433876698b54fdac32b95f/src/lib/stdcxx/testsuite/26_numerics/headers/cmath/c99_classification_macros_c.cc:26: note: in expansion of macro 'fpclassify'
/home/jws/develop/genode/depot/genodelabs/api/libc/2020-10-08/include/libc/math.h:104: error: expected unqualified-id before 'sizeof'
/home/jws/develop/genode/depot/genodelabs/api/libc/2020-10-08/include/libc/math.h:111: note: in expansion of macro '__fp_type_select'
/home/jws/develop/genode-libstdcxx-testsuite/var/src/stdcxx-80f380143250d4f951433876698b54fdac32b95f/src/lib/stdcxx/testsuite/26_numerics/headers/cmath/c99_classification_macros_c.cc:28: note: in expansion of macro 'isfinite'
/home/jws/develop/genode/depot/genodelabs/api/libc/2020-10-08/include/libc/math.h:104: error: expected ')' before 'sizeof'
/home/jws/develop/genode/depot/genodelabs/api/libc/2020-10-08/include/libc/math.h:111: note: in expansion of macro '__fp_type_select'
/home/jws/develop/genode-libstdcxx-testsuite/var/src/stdcxx-80f380143250d4f951433876698b54fdac32b95f/src/lib/stdcxx/testsuite/26_numerics/headers/cmath/c99_classification_macros_c.cc:28: note: in expansion of macro 'isfinite'
/home/jws/develop/genode/depot/genodelabs/api/libc/2020-10-08/include/libc/math.h:104: error: expected ')' before 'sizeof'
/home/jws/develop/genode/depot/genodelabs/api/libc/2020-10-08/include/libc/math.h:111: note: in expansion of macro '__fp_type_select'
/home/jws/develop/genode-libstdcxx-testsuite/var/src/stdcxx-80f380143250d4f951433876698b54fdac32b95f/src/lib/stdcxx/testsuite/26_numerics/headers/cmath/c99_classification_macros_c.cc:28: note: in expansion of macro 'isfinite'
/home/jws/develop/genode/depot/genodelabs/api/libc/2020-10-08/include/libc/math.h:104: error: expected unqualified-id before 'sizeof'
/home/jws/develop/genode/depot/genodelabs/api/libc/2020-10-08/include/libc/math.h:112: note: in expansion of macro '__fp_type_select'
/home/jws/develop/genode-libstdcxx-testsuite/var/src/stdcxx-80f380143250d4f951433876698b54fdac32b95f/src/lib/stdcxx/testsuite/26_numerics/headers/cmath/c99_classification_macros_c.cc:30: note: in expansion of macro 'isinf'
/home/jws/develop/genode/depot/genodelabs/api/libc/2020-10-08/include/libc/math.h:104: error: expected ')' before 'sizeof'
/home/jws/develop/genode/depot/genodelabs/api/libc/2020-10-08/include/libc/math.h:112: note: in expansion of macro '__fp_type_select'
/home/jws/develop/genode-libstdcxx-testsuite/var/src/stdcxx-80f380143250d4f951433876698b54fdac32b95f/src/lib/stdcxx/testsuite/26_numerics/headers/cmath/c99_classification_macros_c.cc:30: note: in expansion of macro 'isinf'
/home/jws/develop/genode/depot/genodelabs/api/libc/2020-10-08/include/libc/math.h:104: error: expected ')' before 'sizeof'
/home/jws/develop/genode/depot/genodelabs/api/libc/2020-10-08/include/libc/math.h:112: note: in expansion of macro '__fp_type_select'
/home/jws/develop/genode-libstdcxx-testsuite/var/src/stdcxx-80f380143250d4f951433876698b54fdac32b95f/src/lib/stdcxx/testsuite/26_numerics/headers/cmath/c99_classification_macros_c.cc:30: note: in expansion of macro 'isinf'
/home/jws/develop/genode/depot/genodelabs/api/libc/2020-10-08/include/libc/math.h:104: error: expected unqualified-id before 'sizeof'
/home/jws/develop/genode/depot/genodelabs/api/libc/2020-10-08/include/libc/math.h:114: note: in expansion of macro '__fp_type_select'
/home/jws/develop/genode-libstdcxx-testsuite/var/src/stdcxx-80f380143250d4f951433876698b54fdac32b95f/src/lib/stdcxx/testsuite/26_numerics/headers/cmath/c99_classification_macros_c.cc:32: note: in expansion of macro 'isnan'
/home/jws/develop/genode/depot/genodelabs/api/libc/2020-10-08/include/libc/math.h:104: error: expected ')' before 'sizeof'
/home/jws/develop/genode/depot/genodelabs/api/libc/2020-10-08/include/libc/math.h:114: note: in expansion of macro '__fp_type_select'
/home/jws/develop/genode-libstdcxx-testsuite/var/src/stdcxx-80f380143250d4f951433876698b54fdac32b95f/src/lib/stdcxx/testsuite/26_numerics/headers/cmath/c99_classification_macros_c.cc:32: note: in expansion of macro 'isnan'
/home/jws/develop/genode/depot/genodelabs/api/libc/2020-10-08/include/libc/math.h:104: error: expected ')' before 'sizeof'
/home/jws/develop/genode/depot/genodelabs/api/libc/2020-10-08/include/libc/math.h:114: note: in expansion of macro '__fp_type_select'
/home/jws/develop/genode-libstdcxx-testsuite/var/src/stdcxx-80f380143250d4f951433876698b54fdac32b95f/src/lib/stdcxx/testsuite/26_numerics/headers/cmath/c99_classification_macros_c.cc:32: note: in expansion of macro 'isnan'
/home/jws/develop/genode/depot/genodelabs/api/libc/2020-10-08/include/libc/math.h:104: error: expected unqualified-id before 'sizeof'
/home/jws/develop/genode/depot/genodelabs/api/libc/2020-10-08/include/libc/math.h:115: note: in expansion of macro '__fp_type_select'
/home/jws/develop/genode-libstdcxx-testsuite/var/src/stdcxx-80f380143250d4f951433876698b54fdac32b95f/src/lib/stdcxx/testsuite/26_numerics/headers/cmath/c99_classification_macros_c.cc:34: note: in expansion of macro 'isnormal'
/home/jws/develop/genode/depot/genodelabs/api/libc/2020-10-08/include/libc/math.h:104: error: expected ')' before 'sizeof'
/home/jws/develop/genode/depot/genodelabs/api/libc/2020-10-08/include/libc/math.h:115: note: in expansion of macro '__fp_type_select'
/home/jws/develop/genode-libstdcxx-testsuite/var/src/stdcxx-80f380143250d4f951433876698b54fdac32b95f/src/lib/stdcxx/testsuite/26_numerics/headers/cmath/c99_classification_macros_c.cc:34: note: in expansion of macro 'isnormal'
/home/jws/develop/genode/depot/genodelabs/api/libc/2020-10-08/include/libc/math.h:104: error: expected ')' before 'sizeof'
/home/jws/develop/genode/depot/genodelabs/api/libc/2020-10-08/include/libc/math.h:115: note: in expansion of macro '__fp_type_select'
/home/jws/develop/genode-libstdcxx-testsuite/var/src/stdcxx-80f380143250d4f951433876698b54fdac32b95f/src/lib/stdcxx/testsuite/26_numerics/headers/cmath/c99_classification_macros_c.cc:34: note: in expansion of macro 'isnormal'
/home/jws/develop/genode/depot/genodelabs/api/libc/2020-10-08/include/libc/math.h:104: error: expected unqualified-id before 'sizeof'
/home/jws/develop/genode/depot/genodelabs/api/libc/2020-10-08/include/libc/math.h:134: note: in expansion of macro '__fp_type_select'
/home/jws/develop/genode-libstdcxx-testsuite/var/src/stdcxx-80f380143250d4f951433876698b54fdac32b95f/src/lib/stdcxx/testsuite/26_numerics/headers/cmath/c99_classification_macros_c.cc:36: note: in expansion of macro 'signbit'
/home/jws/develop/genode/depot/genodelabs/api/libc/2020-10-08/include/libc/math.h:104: error: expected ')' before 'sizeof'
/home/jws/develop/genode/depot/genodelabs/api/libc/2020-10-08/include/libc/math.h:134: note: in expansion of macro '__fp_type_select'
/home/jws/develop/genode-libstdcxx-testsuite/var/src/stdcxx-80f380143250d4f951433876698b54fdac32b95f/src/lib/stdcxx/testsuite/26_numerics/headers/cmath/c99_classification_macros_c.cc:36: note: in expansion of macro 'signbit'
/home/jws/develop/genode/depot/genodelabs/api/libc/2020-10-08/include/libc/math.h:104: error: expected ')' before 'sizeof'
/home/jws/develop/genode/depot/genodelabs/api/libc/2020-10-08/include/libc/math.h:134: note: in expansion of macro '__fp_type_select'
/home/jws/develop/genode-libstdcxx-testsuite/var/src/stdcxx-80f380143250d4f951433876698b54fdac32b95f/src/lib/stdcxx/testsuite/26_numerics/headers/cmath/c99_classification_macros_c.cc:36: note: in expansion of macro 'signbit'
/home/jws/develop/genode-libstdcxx-testsuite/var/src/stdcxx-80f380143250d4f951433876698b54fdac32b95f/src/lib/stdcxx/testsuite/26_numerics/headers/cmath/c99_classification_macros_c.cc:38: error: variable or field 'isgreater' declared void
/home/jws/develop/genode-libstdcxx-testsuite/var/src/stdcxx-80f380143250d4f951433876698b54fdac32b95f/src/lib/stdcxx/testsuite/26_numerics/headers/cmath/c99_classification_macros_c.cc:42: error: variable or field 'isless' declared void
/home/jws/develop/genode-libstdcxx-testsuite/var/src/stdcxx-80f380143250d4f951433876698b54fdac32b95f/src/lib/stdcxx/testsuite/26_numerics/headers/cmath/c99_classification_macros_c.cc:46: error: variable or field 'islessgreater' declared void
 status 1
compiler exited with status 1
FAIL: 26_numerics/headers/cmath/c99_classification_macros_c.cc (test for excess errors)
