Testing facet/25421.cc
extra_tool_flags are:
  
doing compile
Executing on host: /usr/local/genode/tool/current/bin/genode-x86-g++ -fmessage-length=0 -fno-show-column -ffunction-sections -fdata-sections -fPIC -O2 -m64  -DLOCALEDIR="." -nostdinc -I/home/jws/develop/genode/depot/genodelabs/api/stdcxx/2020-10-07/include/stdcxx -I/home/jws/develop/genode/depot/genodelabs/api/stdcxx/2020-10-07/include/stdcxx/std -I/home/jws/develop/genode/depot/genodelabs/api/stdcxx/2020-10-07/include/stdcxx/c_global -I/home/jws/develop/genode/depot/genodelabs/api/libc/2020-10-07/include/spec/x86_64/libc -I/home/jws/develop/genode/depot/genodelabs/api/libc/2020-10-07/include/spec/x86_64 -I/home/jws/develop/genode/depot/genodelabs/api/libc/2020-10-07/include/spec/x86/libc -I/home/jws/develop/genode/depot/genodelabs/api/libc/2020-10-07/include/spec/x86 -I/home/jws/develop/genode/depot/genodelabs/api/libc/2020-10-07/include/libc-genode -I/home/jws/develop/genode/depot/genodelabs/api/libc/2020-10-07/include/libc -I/home/jws/develop/genode/depot/genodelabs/api/libc/2020-10-07/include -I/home/jws/develop/genode/depot/genodelabs/api/base/2020-10-07/include/spec/x86_64 -I/home/jws/develop/genode/depot/genodelabs/api/base/2020-10-07/include/spec/x86 -I/home/jws/develop/genode/depot/genodelabs/api/base/2020-10-07/include/spec/64bit -I/home/jws/develop/genode/depot/genodelabs/api/base/2020-10-07/include -I/usr/local/genode/tool/current/x86_64-pc-elf/include/c++/8.3.0/x86_64-pc-elf/64 -I/usr/local/genode/tool/current/lib/gcc/x86_64-pc-elf/8.3.0/include -I/home/jws/develop/genode-libstdcxx-testsuite/var/src/stdcxx-80f380143250d4f951433876698b54fdac32b95f/src/lib/stdcxx/include/backward -I/home/jws/develop/genode-libstdcxx-testsuite/var/src/stdcxx-80f380143250d4f951433876698b54fdac32b95f/src/lib/stdcxx/testsuite/util /home/jws/develop/genode-libstdcxx-testsuite/var/src/stdcxx-80f380143250d4f951433876698b54fdac32b95f/src/lib/stdcxx/testsuite/22_locale/facet/25421.cc      -fno-diagnostics-show-caret -fdiagnostics-color=never ./libtestc++.a -Wl,-melf_x86_64 -Wl,-gc-sections -Wl,-z -Wl,max-page-size=0x1000 -Wl,-Ttext=0x01000000 -Wl,--dynamic-linker=ld.lib.so -Wl,--dynamic-list=/home/jws/develop/genode/repos/base/src/ld/genode_dyn.dl -Wl,--eh-frame-hdr -Wl,-rpath-link=. -Wl,-T -Wl,/home/jws/develop/genode/repos/base/src/ld/genode_dyn.ld -l:libc.lib.so -l:libm.lib.so -l:posix.lib.so -nostdlib /usr/local/genode/tool/current/lib/gcc/x86_64-pc-elf/8.3.0/64/libgcc.a -L/home/jws/develop/genode-libstdcxx-testsuite/var/abi -l:stdcxx.lib.so -l:ld.lib.so    -o ./25421.exe    (timeout = 600)
spawn -ignore SIGHUP /usr/local/genode/tool/current/bin/genode-x86-g++ -fmessage-length=0 -fno-show-column -ffunction-sections -fdata-sections -fPIC -O2 -m64 -DLOCALEDIR="." -nostdinc -I/home/jws/develop/genode/depot/genodelabs/api/stdcxx/2020-10-07/include/stdcxx -I/home/jws/develop/genode/depot/genodelabs/api/stdcxx/2020-10-07/include/stdcxx/std -I/home/jws/develop/genode/depot/genodelabs/api/stdcxx/2020-10-07/include/stdcxx/c_global -I/home/jws/develop/genode/depot/genodelabs/api/libc/2020-10-07/include/spec/x86_64/libc -I/home/jws/develop/genode/depot/genodelabs/api/libc/2020-10-07/include/spec/x86_64 -I/home/jws/develop/genode/depot/genodelabs/api/libc/2020-10-07/include/spec/x86/libc -I/home/jws/develop/genode/depot/genodelabs/api/libc/2020-10-07/include/spec/x86 -I/home/jws/develop/genode/depot/genodelabs/api/libc/2020-10-07/include/libc-genode -I/home/jws/develop/genode/depot/genodelabs/api/libc/2020-10-07/include/libc -I/home/jws/develop/genode/depot/genodelabs/api/libc/2020-10-07/include -I/home/jws/develop/genode/depot/genodelabs/api/base/2020-10-07/include/spec/x86_64 -I/home/jws/develop/genode/depot/genodelabs/api/base/2020-10-07/include/spec/x86 -I/home/jws/develop/genode/depot/genodelabs/api/base/2020-10-07/include/spec/64bit -I/home/jws/develop/genode/depot/genodelabs/api/base/2020-10-07/include -I/usr/local/genode/tool/current/x86_64-pc-elf/include/c++/8.3.0/x86_64-pc-elf/64 -I/usr/local/genode/tool/current/lib/gcc/x86_64-pc-elf/8.3.0/include -I/home/jws/develop/genode-libstdcxx-testsuite/var/src/stdcxx-80f380143250d4f951433876698b54fdac32b95f/src/lib/stdcxx/include/backward -I/home/jws/develop/genode-libstdcxx-testsuite/var/src/stdcxx-80f380143250d4f951433876698b54fdac32b95f/src/lib/stdcxx/testsuite/util /home/jws/develop/genode-libstdcxx-testsuite/var/src/stdcxx-80f380143250d4f951433876698b54fdac32b95f/src/lib/stdcxx/testsuite/22_locale/facet/25421.cc -fno-diagnostics-show-caret -fdiagnostics-color=never ./libtestc++.a -Wl,-melf_x86_64 -Wl,-gc-sections -Wl,-z -Wl,max-page-size=0x1000 -Wl,-Ttext=0x01000000 -Wl,--dynamic-linker=ld.lib.so -Wl,--dynamic-list=/home/jws/develop/genode/repos/base/src/ld/genode_dyn.dl -Wl,--eh-frame-hdr -Wl,-rpath-link=. -Wl,-T -Wl,/home/jws/develop/genode/repos/base/src/ld/genode_dyn.ld -l:libc.lib.so -l:libm.lib.so -l:posix.lib.so -nostdlib /usr/local/genode/tool/current/lib/gcc/x86_64-pc-elf/8.3.0/64/libgcc.a -L/home/jws/develop/genode-libstdcxx-testsuite/var/abi -l:stdcxx.lib.so -l:ld.lib.so -o ./25421.exe
pid is 26274 -26274
/usr/local/genode/tool/current/bin/../lib/gcc/x86_64-pc-elf/8.3.0/../../../../x86_64-pc-elf/bin/ld: /tmp/ccLf33UA.o: in function `test01() [clone .cold.0]':
25421.cc:(.text.unlikely._Z6test01v+0x4): undefined reference to `std::__cxx11::moneypunct<wchar_t, true>::~moneypunct()'
/usr/local/genode/tool/current/bin/../lib/gcc/x86_64-pc-elf/8.3.0/../../../../x86_64-pc-elf/bin/ld: 25421.cc:(.text.unlikely._Z6test01v+0x73): undefined reference to `std::__cxx11::numpunct<wchar_t>::~numpunct()'
/usr/local/genode/tool/current/bin/../lib/gcc/x86_64-pc-elf/8.3.0/../../../../x86_64-pc-elf/bin/ld: 25421.cc:(.text.unlikely._Z6test01v+0xc7): undefined reference to `std::codecvt<wchar_t, char, __mbstate_t>::~codecvt()'
/usr/local/genode/tool/current/bin/../lib/gcc/x86_64-pc-elf/8.3.0/../../../../x86_64-pc-elf/bin/ld: 25421.cc:(.text.unlikely._Z6test01v+0xd4): undefined reference to `std::__cxx11::numpunct<char>::~numpunct()'
/usr/local/genode/tool/current/bin/../lib/gcc/x86_64-pc-elf/8.3.0/../../../../x86_64-pc-elf/bin/ld: 25421.cc:(.text.unlikely._Z6test01v+0xe1): undefined reference to `std::__cxx11::moneypunct<char, true>::~moneypunct()'
/usr/local/genode/tool/current/bin/../lib/gcc/x86_64-pc-elf/8.3.0/../../../../x86_64-pc-elf/bin/ld: 25421.cc:(.text.unlikely._Z6test01v+0x123): undefined reference to `std::codecvt<char, char, __mbstate_t>::~codecvt()'
/usr/local/genode/tool/current/bin/../lib/gcc/x86_64-pc-elf/8.3.0/../../../../x86_64-pc-elf/bin/ld: /tmp/ccLf33UA.o: in function `test01()':
25421.cc:(.text._Z6test01v+0x1f): undefined reference to `std::codecvt<char, char, __mbstate_t>::codecvt(unsigned long)'
/usr/local/genode/tool/current/bin/../lib/gcc/x86_64-pc-elf/8.3.0/../../../../x86_64-pc-elf/bin/ld: 25421.cc:(.text._Z6test01v+0x26): undefined reference to `vtable for std::codecvt_byname<char, char, __mbstate_t>'
/usr/local/genode/tool/current/bin/../lib/gcc/x86_64-pc-elf/8.3.0/../../../../x86_64-pc-elf/bin/ld: 25421.cc:(.text._Z6test01v+0x5b): undefined reference to `vtable for std::__cxx11::collate<char>'
/usr/local/genode/tool/current/bin/../lib/gcc/x86_64-pc-elf/8.3.0/../../../../x86_64-pc-elf/bin/ld: 25421.cc:(.text._Z6test01v+0x7d): undefined reference to `vtable for std::__cxx11::collate_byname<char>'
/usr/local/genode/tool/current/bin/../lib/gcc/x86_64-pc-elf/8.3.0/../../../../x86_64-pc-elf/bin/ld: 25421.cc:(.text._Z6test01v+0xbf): undefined reference to `std::ctype_byname<char>::ctype_byname(char const*, unsigned long)'
/usr/local/genode/tool/current/bin/../lib/gcc/x86_64-pc-elf/8.3.0/../../../../x86_64-pc-elf/bin/ld: 25421.cc:(.text._Z6test01v+0xdd): undefined reference to `std::__cxx11::messages_byname<char>::messages_byname(char const*, unsigned long)'
/usr/local/genode/tool/current/bin/../lib/gcc/x86_64-pc-elf/8.3.0/../../../../x86_64-pc-elf/bin/ld: 25421.cc:(.text._Z6test01v+0xfc): undefined reference to `vtable for std::__cxx11::moneypunct<char, true>'
/usr/local/genode/tool/current/bin/../lib/gcc/x86_64-pc-elf/8.3.0/../../../../x86_64-pc-elf/bin/ld: 25421.cc:(.text._Z6test01v+0x113): undefined reference to `std::__cxx11::moneypunct<char, true>::_M_initialize_moneypunct(int*, char const*)'
/usr/local/genode/tool/current/bin/../lib/gcc/x86_64-pc-elf/8.3.0/../../../../x86_64-pc-elf/bin/ld: 25421.cc:(.text._Z6test01v+0x11a): undefined reference to `vtable for std::__cxx11::moneypunct_byname<char, true>'
/usr/local/genode/tool/current/bin/../lib/gcc/x86_64-pc-elf/8.3.0/../../../../x86_64-pc-elf/bin/ld: 25421.cc:(.text._Z6test01v+0x146): undefined reference to `std::__cxx11::moneypunct<char, true>::_M_initialize_moneypunct(int*, char const*)'
/usr/local/genode/tool/current/bin/../lib/gcc/x86_64-pc-elf/8.3.0/../../../../x86_64-pc-elf/bin/ld: 25421.cc:(.text._Z6test01v+0x16b): undefined reference to `vtable for std::__cxx11::numpunct<char>'
/usr/local/genode/tool/current/bin/../lib/gcc/x86_64-pc-elf/8.3.0/../../../../x86_64-pc-elf/bin/ld: 25421.cc:(.text._Z6test01v+0x182): undefined reference to `std::__cxx11::numpunct<char>::_M_initialize_numpunct(int*)'
/usr/local/genode/tool/current/bin/../lib/gcc/x86_64-pc-elf/8.3.0/../../../../x86_64-pc-elf/bin/ld: 25421.cc:(.text._Z6test01v+0x189): undefined reference to `vtable for std::__cxx11::numpunct_byname<char>'
/usr/local/genode/tool/current/bin/../lib/gcc/x86_64-pc-elf/8.3.0/../../../../x86_64-pc-elf/bin/ld: 25421.cc:(.text._Z6test01v+0x1ae): undefined reference to `std::__cxx11::numpunct<char>::_M_initialize_numpunct(int*)'
/usr/local/genode/tool/current/bin/../lib/gcc/x86_64-pc-elf/8.3.0/../../../../x86_64-pc-elf/bin/ld: 25421.cc:(.text._Z6test01v+0x1cd): undefined reference to `std::codecvt<wchar_t, char, __mbstate_t>::codecvt(unsigned long)'
/usr/local/genode/tool/current/bin/../lib/gcc/x86_64-pc-elf/8.3.0/../../../../x86_64-pc-elf/bin/ld: 25421.cc:(.text._Z6test01v+0x1d4): undefined reference to `vtable for std::codecvt_byname<wchar_t, char, __mbstate_t>'
/usr/local/genode/tool/current/bin/../lib/gcc/x86_64-pc-elf/8.3.0/../../../../x86_64-pc-elf/bin/ld: 25421.cc:(.text._Z6test01v+0x209): undefined reference to `vtable for std::__cxx11::collate<wchar_t>'
/usr/local/genode/tool/current/bin/../lib/gcc/x86_64-pc-elf/8.3.0/../../../../x86_64-pc-elf/bin/ld: 25421.cc:(.text._Z6test01v+0x22a): undefined reference to `vtable for std::__cxx11::collate_byname<wchar_t>'
/usr/local/genode/tool/current/bin/../lib/gcc/x86_64-pc-elf/8.3.0/../../../../x86_64-pc-elf/bin/ld: 25421.cc:(.text._Z6test01v+0x26c): undefined reference to `std::ctype_byname<wchar_t>::ctype_byname(char const*, unsigned long)'
/usr/local/genode/tool/current/bin/../lib/gcc/x86_64-pc-elf/8.3.0/../../../../x86_64-pc-elf/bin/ld: 25421.cc:(.text._Z6test01v+0x28a): undefined reference to `std::__cxx11::messages_byname<wchar_t>::messages_byname(char const*, unsigned long)'
/usr/local/genode/tool/current/bin/../lib/gcc/x86_64-pc-elf/8.3.0/../../../../x86_64-pc-elf/bin/ld: 25421.cc:(.text._Z6test01v+0x2a9): undefined reference to `vtable for std::__cxx11::moneypunct<wchar_t, true>'
/usr/local/genode/tool/current/bin/../lib/gcc/x86_64-pc-elf/8.3.0/../../../../x86_64-pc-elf/bin/ld: 25421.cc:(.text._Z6test01v+0x2c0): undefined reference to `std::__cxx11::moneypunct<wchar_t, true>::_M_initialize_moneypunct(int*, char const*)'
/usr/local/genode/tool/current/bin/../lib/gcc/x86_64-pc-elf/8.3.0/../../../../x86_64-pc-elf/bin/ld: 25421.cc:(.text._Z6test01v+0x2c7): undefined reference to `vtable for std::__cxx11::moneypunct_byname<wchar_t, true>'
/usr/local/genode/tool/current/bin/../lib/gcc/x86_64-pc-elf/8.3.0/../../../../x86_64-pc-elf/bin/ld: 25421.cc:(.text._Z6test01v+0x2ee): undefined reference to `std::__cxx11::moneypunct<wchar_t, true>::_M_initialize_moneypunct(int*, char const*)'
/usr/local/genode/tool/current/bin/../lib/gcc/x86_64-pc-elf/8.3.0/../../../../x86_64-pc-elf/bin/ld: 25421.cc:(.text._Z6test01v+0x313): undefined reference to `vtable for std::__cxx11::numpunct<wchar_t>'
/usr/local/genode/tool/current/bin/../lib/gcc/x86_64-pc-elf/8.3.0/../../../../x86_64-pc-elf/bin/ld: 25421.cc:(.text._Z6test01v+0x32a): undefined reference to `std::__cxx11::numpunct<wchar_t>::_M_initialize_numpunct(int*)'
/usr/local/genode/tool/current/bin/../lib/gcc/x86_64-pc-elf/8.3.0/../../../../x86_64-pc-elf/bin/ld: 25421.cc:(.text._Z6test01v+0x331): undefined reference to `vtable for std::__cxx11::numpunct_byname<wchar_t>'
/usr/local/genode/tool/current/bin/../lib/gcc/x86_64-pc-elf/8.3.0/../../../../x86_64-pc-elf/bin/ld: 25421.cc:(.text._Z6test01v+0x356): undefined reference to `std::__cxx11::numpunct<wchar_t>::_M_initialize_numpunct(int*)'
collect2: error: ld returned 1 exit status
pid is -1
close result is 26274 exp7 0 1
output is /usr/local/genode/tool/current/bin/../lib/gcc/x86_64-pc-elf/8.3.0/../../../../x86_64-pc-elf/bin/ld: /tmp/ccLf33UA.o: in function `test01() [clone .cold.0]':
25421.cc:(.text.unlikely._Z6test01v+0x4): undefined reference to `std::__cxx11::moneypunct<wchar_t, true>::~moneypunct()'
/usr/local/genode/tool/current/bin/../lib/gcc/x86_64-pc-elf/8.3.0/../../../../x86_64-pc-elf/bin/ld: 25421.cc:(.text.unlikely._Z6test01v+0x73): undefined reference to `std::__cxx11::numpunct<wchar_t>::~numpunct()'
/usr/local/genode/tool/current/bin/../lib/gcc/x86_64-pc-elf/8.3.0/../../../../x86_64-pc-elf/bin/ld: 25421.cc:(.text.unlikely._Z6test01v+0xc7): undefined reference to `std::codecvt<wchar_t, char, __mbstate_t>::~codecvt()'
/usr/local/genode/tool/current/bin/../lib/gcc/x86_64-pc-elf/8.3.0/../../../../x86_64-pc-elf/bin/ld: 25421.cc:(.text.unlikely._Z6test01v+0xd4): undefined reference to `std::__cxx11::numpunct<char>::~numpunct()'
/usr/local/genode/tool/current/bin/../lib/gcc/x86_64-pc-elf/8.3.0/../../../../x86_64-pc-elf/bin/ld: 25421.cc:(.text.unlikely._Z6test01v+0xe1): undefined reference to `std::__cxx11::moneypunct<char, true>::~moneypunct()'
/usr/local/genode/tool/current/bin/../lib/gcc/x86_64-pc-elf/8.3.0/../../../../x86_64-pc-elf/bin/ld: 25421.cc:(.text.unlikely._Z6test01v+0x123): undefined reference to `std::codecvt<char, char, __mbstate_t>::~codecvt()'
/usr/local/genode/tool/current/bin/../lib/gcc/x86_64-pc-elf/8.3.0/../../../../x86_64-pc-elf/bin/ld: /tmp/ccLf33UA.o: in function `test01()':
25421.cc:(.text._Z6test01v+0x1f): undefined reference to `std::codecvt<char, char, __mbstate_t>::codecvt(unsigned long)'
/usr/local/genode/tool/current/bin/../lib/gcc/x86_64-pc-elf/8.3.0/../../../../x86_64-pc-elf/bin/ld: 25421.cc:(.text._Z6test01v+0x26): undefined reference to `vtable for std::codecvt_byname<char, char, __mbstate_t>'
/usr/local/genode/tool/current/bin/../lib/gcc/x86_64-pc-elf/8.3.0/../../../../x86_64-pc-elf/bin/ld: 25421.cc:(.text._Z6test01v+0x5b): undefined reference to `vtable for std::__cxx11::collate<char>'
/usr/local/genode/tool/current/bin/../lib/gcc/x86_64-pc-elf/8.3.0/../../../../x86_64-pc-elf/bin/ld: 25421.cc:(.text._Z6test01v+0x7d): undefined reference to `vtable for std::__cxx11::collate_byname<char>'
/usr/local/genode/tool/current/bin/../lib/gcc/x86_64-pc-elf/8.3.0/../../../../x86_64-pc-elf/bin/ld: 25421.cc:(.text._Z6test01v+0xbf): undefined reference to `std::ctype_byname<char>::ctype_byname(char const*, unsigned long)'
/usr/local/genode/tool/current/bin/../lib/gcc/x86_64-pc-elf/8.3.0/../../../../x86_64-pc-elf/bin/ld: 25421.cc:(.text._Z6test01v+0xdd): undefined reference to `std::__cxx11::messages_byname<char>::messages_byname(char const*, unsigned long)'
/usr/local/genode/tool/current/bin/../lib/gcc/x86_64-pc-elf/8.3.0/../../../../x86_64-pc-elf/bin/ld: 25421.cc:(.text._Z6test01v+0xfc): undefined reference to `vtable for std::__cxx11::moneypunct<char, true>'
/usr/local/genode/tool/current/bin/../lib/gcc/x86_64-pc-elf/8.3.0/../../../../x86_64-pc-elf/bin/ld: 25421.cc:(.text._Z6test01v+0x113): undefined reference to `std::__cxx11::moneypunct<char, true>::_M_initialize_moneypunct(int*, char const*)'
/usr/local/genode/tool/current/bin/../lib/gcc/x86_64-pc-elf/8.3.0/../../../../x86_64-pc-elf/bin/ld: 25421.cc:(.text._Z6test01v+0x11a): undefined reference to `vtable for std::__cxx11::moneypunct_byname<char, true>'
/usr/local/genode/tool/current/bin/../lib/gcc/x86_64-pc-elf/8.3.0/../../../../x86_64-pc-elf/bin/ld: 25421.cc:(.text._Z6test01v+0x146): undefined reference to `std::__cxx11::moneypunct<char, true>::_M_initialize_moneypunct(int*, char const*)'
/usr/local/genode/tool/current/bin/../lib/gcc/x86_64-pc-elf/8.3.0/../../../../x86_64-pc-elf/bin/ld: 25421.cc:(.text._Z6test01v+0x16b): undefined reference to `vtable for std::__cxx11::numpunct<char>'
/usr/local/genode/tool/current/bin/../lib/gcc/x86_64-pc-elf/8.3.0/../../../../x86_64-pc-elf/bin/ld: 25421.cc:(.text._Z6test01v+0x182): undefined reference to `std::__cxx11::numpunct<char>::_M_initialize_numpunct(int*)'
/usr/local/genode/tool/current/bin/../lib/gcc/x86_64-pc-elf/8.3.0/../../../../x86_64-pc-elf/bin/ld: 25421.cc:(.text._Z6test01v+0x189): undefined reference to `vtable for std::__cxx11::numpunct_byname<char>'
/usr/local/genode/tool/current/bin/../lib/gcc/x86_64-pc-elf/8.3.0/../../../../x86_64-pc-elf/bin/ld: 25421.cc:(.text._Z6test01v+0x1ae): undefined reference to `std::__cxx11::numpunct<char>::_M_initialize_numpunct(int*)'
/usr/local/genode/tool/current/bin/../lib/gcc/x86_64-pc-elf/8.3.0/../../../../x86_64-pc-elf/bin/ld: 25421.cc:(.text._Z6test01v+0x1cd): undefined reference to `std::codecvt<wchar_t, char, __mbstate_t>::codecvt(unsigned long)'
/usr/local/genode/tool/current/bin/../lib/gcc/x86_64-pc-elf/8.3.0/../../../../x86_64-pc-elf/bin/ld: 25421.cc:(.text._Z6test01v+0x1d4): undefined reference to `vtable for std::codecvt_byname<wchar_t, char, __mbstate_t>'
/usr/local/genode/tool/current/bin/../lib/gcc/x86_64-pc-elf/8.3.0/../../../../x86_64-pc-elf/bin/ld: 25421.cc:(.text._Z6test01v+0x209): undefined reference to `vtable for std::__cxx11::collate<wchar_t>'
/usr/local/genode/tool/current/bin/../lib/gcc/x86_64-pc-elf/8.3.0/../../../../x86_64-pc-elf/bin/ld: 25421.cc:(.text._Z6test01v+0x22a): undefined reference to `vtable for std::__cxx11::collate_byname<wchar_t>'
/usr/local/genode/tool/current/bin/../lib/gcc/x86_64-pc-elf/8.3.0/../../../../x86_64-pc-elf/bin/ld: 25421.cc:(.text._Z6test01v+0x26c): undefined reference to `std::ctype_byname<wchar_t>::ctype_byname(char const*, unsigned long)'
/usr/local/genode/tool/current/bin/../lib/gcc/x86_64-pc-elf/8.3.0/../../../../x86_64-pc-elf/bin/ld: 25421.cc:(.text._Z6test01v+0x28a): undefined reference to `std::__cxx11::messages_byname<wchar_t>::messages_byname(char const*, unsigned long)'
/usr/local/genode/tool/current/bin/../lib/gcc/x86_64-pc-elf/8.3.0/../../../../x86_64-pc-elf/bin/ld: 25421.cc:(.text._Z6test01v+0x2a9): undefined reference to `vtable for std::__cxx11::moneypunct<wchar_t, true>'
/usr/local/genode/tool/current/bin/../lib/gcc/x86_64-pc-elf/8.3.0/../../../../x86_64-pc-elf/bin/ld: 25421.cc:(.text._Z6test01v+0x2c0): undefined reference to `std::__cxx11::moneypunct<wchar_t, true>::_M_initialize_moneypunct(int*, char const*)'
/usr/local/genode/tool/current/bin/../lib/gcc/x86_64-pc-elf/8.3.0/../../../../x86_64-pc-elf/bin/ld: 25421.cc:(.text._Z6test01v+0x2c7): undefined reference to `vtable for std::__cxx11::moneypunct_byname<wchar_t, true>'
/usr/local/genode/tool/current/bin/../lib/gcc/x86_64-pc-elf/8.3.0/../../../../x86_64-pc-elf/bin/ld: 25421.cc:(.text._Z6test01v+0x2ee): undefined reference to `std::__cxx11::moneypunct<wchar_t, true>::_M_initialize_moneypunct(int*, char const*)'
/usr/local/genode/tool/current/bin/../lib/gcc/x86_64-pc-elf/8.3.0/../../../../x86_64-pc-elf/bin/ld: 25421.cc:(.text._Z6test01v+0x313): undefined reference to `vtable for std::__cxx11::numpunct<wchar_t>'
/usr/local/genode/tool/current/bin/../lib/gcc/x86_64-pc-elf/8.3.0/../../../../x86_64-pc-elf/bin/ld: 25421.cc:(.text._Z6test01v+0x32a): undefined reference to `std::__cxx11::numpunct<wchar_t>::_M_initialize_numpunct(int*)'
/usr/local/genode/tool/current/bin/../lib/gcc/x86_64-pc-elf/8.3.0/../../../../x86_64-pc-elf/bin/ld: 25421.cc:(.text._Z6test01v+0x331): undefined reference to `vtable for std::__cxx11::numpunct_byname<wchar_t>'
/usr/local/genode/tool/current/bin/../lib/gcc/x86_64-pc-elf/8.3.0/../../../../x86_64-pc-elf/bin/ld: 25421.cc:(.text._Z6test01v+0x356): undefined reference to `std::__cxx11::numpunct<wchar_t>::_M_initialize_numpunct(int*)'
collect2: error: ld returned 1 exit status
 status 1
compiler exited with status 1
FAIL: 22_locale/facet/25421.cc (test for excess errors)
