Testing global_locale_objects/1.cc
extra_tool_flags are:
  
doing compile
Executing on host: /usr/local/genode/tool/current/bin/genode-x86-g++ -fmessage-length=0 -fno-show-column -ffunction-sections -fdata-sections -fPIC -O2 -m64  -DLOCALEDIR="." -nostdinc -I/home/jws/develop/genode/depot/genodelabs/api/stdcxx/2020-10-07/include/stdcxx -I/home/jws/develop/genode/depot/genodelabs/api/stdcxx/2020-10-07/include/stdcxx/std -I/home/jws/develop/genode/depot/genodelabs/api/stdcxx/2020-10-07/include/stdcxx/c_global -I/home/jws/develop/genode/depot/genodelabs/api/libc/2020-10-07/include/spec/x86_64/libc -I/home/jws/develop/genode/depot/genodelabs/api/libc/2020-10-07/include/spec/x86_64 -I/home/jws/develop/genode/depot/genodelabs/api/libc/2020-10-07/include/spec/x86/libc -I/home/jws/develop/genode/depot/genodelabs/api/libc/2020-10-07/include/spec/x86 -I/home/jws/develop/genode/depot/genodelabs/api/libc/2020-10-07/include/libc-genode -I/home/jws/develop/genode/depot/genodelabs/api/libc/2020-10-07/include/libc -I/home/jws/develop/genode/depot/genodelabs/api/libc/2020-10-07/include -I/home/jws/develop/genode/depot/genodelabs/api/base/2020-10-07/include/spec/x86_64 -I/home/jws/develop/genode/depot/genodelabs/api/base/2020-10-07/include/spec/x86 -I/home/jws/develop/genode/depot/genodelabs/api/base/2020-10-07/include/spec/64bit -I/home/jws/develop/genode/depot/genodelabs/api/base/2020-10-07/include -I/usr/local/genode/tool/current/x86_64-pc-elf/include/c++/8.3.0/x86_64-pc-elf/64 -I/usr/local/genode/tool/current/lib/gcc/x86_64-pc-elf/8.3.0/include -I/home/jws/develop/genode-libstdcxx-testsuite/var/src/stdcxx-80f380143250d4f951433876698b54fdac32b95f/src/lib/stdcxx/include/backward -I/home/jws/develop/genode-libstdcxx-testsuite/var/src/stdcxx-80f380143250d4f951433876698b54fdac32b95f/src/lib/stdcxx/testsuite/util /home/jws/develop/genode-libstdcxx-testsuite/var/src/stdcxx-80f380143250d4f951433876698b54fdac32b95f/src/lib/stdcxx/testsuite/22_locale/locale/global_locale_objects/1.cc      -fno-diagnostics-show-caret -fdiagnostics-color=never ./libtestc++.a -Wl,-melf_x86_64 -Wl,-gc-sections -Wl,-z -Wl,max-page-size=0x1000 -Wl,-Ttext=0x01000000 -Wl,--dynamic-linker=ld.lib.so -Wl,--dynamic-list=/home/jws/develop/genode/repos/base/src/ld/genode_dyn.dl -Wl,--eh-frame-hdr -Wl,-rpath-link=. -Wl,-T -Wl,/home/jws/develop/genode/repos/base/src/ld/genode_dyn.ld -l:libc.lib.so -l:libm.lib.so -l:posix.lib.so -nostdlib /usr/local/genode/tool/current/lib/gcc/x86_64-pc-elf/8.3.0/64/libgcc.a -L/home/jws/develop/genode-libstdcxx-testsuite/var/abi -l:stdcxx.lib.so -l:ld.lib.so    -o ./1.exe    (timeout = 600)
spawn -ignore SIGHUP /usr/local/genode/tool/current/bin/genode-x86-g++ -fmessage-length=0 -fno-show-column -ffunction-sections -fdata-sections -fPIC -O2 -m64 -DLOCALEDIR="." -nostdinc -I/home/jws/develop/genode/depot/genodelabs/api/stdcxx/2020-10-07/include/stdcxx -I/home/jws/develop/genode/depot/genodelabs/api/stdcxx/2020-10-07/include/stdcxx/std -I/home/jws/develop/genode/depot/genodelabs/api/stdcxx/2020-10-07/include/stdcxx/c_global -I/home/jws/develop/genode/depot/genodelabs/api/libc/2020-10-07/include/spec/x86_64/libc -I/home/jws/develop/genode/depot/genodelabs/api/libc/2020-10-07/include/spec/x86_64 -I/home/jws/develop/genode/depot/genodelabs/api/libc/2020-10-07/include/spec/x86/libc -I/home/jws/develop/genode/depot/genodelabs/api/libc/2020-10-07/include/spec/x86 -I/home/jws/develop/genode/depot/genodelabs/api/libc/2020-10-07/include/libc-genode -I/home/jws/develop/genode/depot/genodelabs/api/libc/2020-10-07/include/libc -I/home/jws/develop/genode/depot/genodelabs/api/libc/2020-10-07/include -I/home/jws/develop/genode/depot/genodelabs/api/base/2020-10-07/include/spec/x86_64 -I/home/jws/develop/genode/depot/genodelabs/api/base/2020-10-07/include/spec/x86 -I/home/jws/develop/genode/depot/genodelabs/api/base/2020-10-07/include/spec/64bit -I/home/jws/develop/genode/depot/genodelabs/api/base/2020-10-07/include -I/usr/local/genode/tool/current/x86_64-pc-elf/include/c++/8.3.0/x86_64-pc-elf/64 -I/usr/local/genode/tool/current/lib/gcc/x86_64-pc-elf/8.3.0/include -I/home/jws/develop/genode-libstdcxx-testsuite/var/src/stdcxx-80f380143250d4f951433876698b54fdac32b95f/src/lib/stdcxx/include/backward -I/home/jws/develop/genode-libstdcxx-testsuite/var/src/stdcxx-80f380143250d4f951433876698b54fdac32b95f/src/lib/stdcxx/testsuite/util /home/jws/develop/genode-libstdcxx-testsuite/var/src/stdcxx-80f380143250d4f951433876698b54fdac32b95f/src/lib/stdcxx/testsuite/22_locale/locale/global_locale_objects/1.cc -fno-diagnostics-show-caret -fdiagnostics-color=never ./libtestc++.a -Wl,-melf_x86_64 -Wl,-gc-sections -Wl,-z -Wl,max-page-size=0x1000 -Wl,-Ttext=0x01000000 -Wl,--dynamic-linker=ld.lib.so -Wl,--dynamic-list=/home/jws/develop/genode/repos/base/src/ld/genode_dyn.dl -Wl,--eh-frame-hdr -Wl,-rpath-link=. -Wl,-T -Wl,/home/jws/develop/genode/repos/base/src/ld/genode_dyn.ld -l:libc.lib.so -l:libm.lib.so -l:posix.lib.so -nostdlib /usr/local/genode/tool/current/lib/gcc/x86_64-pc-elf/8.3.0/64/libgcc.a -L/home/jws/develop/genode-libstdcxx-testsuite/var/abi -l:stdcxx.lib.so -l:ld.lib.so -o ./1.exe
pid is 27028 -27028
/usr/local/genode/tool/current/bin/../lib/gcc/x86_64-pc-elf/8.3.0/../../../../x86_64-pc-elf/bin/ld: /tmp/ccoiRvOt.o: in function `gnu_codecvt::~gnu_codecvt()':
1.cc:(.text._ZN11gnu_codecvtD2Ev[_ZN11gnu_codecvtD5Ev]+0xf): undefined reference to `std::codecvt<char, char, __mbstate_t>::~codecvt()'
/usr/local/genode/tool/current/bin/../lib/gcc/x86_64-pc-elf/8.3.0/../../../../x86_64-pc-elf/bin/ld: /tmp/ccoiRvOt.o: in function `gnu_codecvt::~gnu_codecvt()':
1.cc:(.text._ZN11gnu_codecvtD0Ev[_ZN11gnu_codecvtD5Ev]+0x13): undefined reference to `std::codecvt<char, char, __mbstate_t>::~codecvt()'
/usr/local/genode/tool/current/bin/../lib/gcc/x86_64-pc-elf/8.3.0/../../../../x86_64-pc-elf/bin/ld: /tmp/ccoiRvOt.o: in function `test01()':
1.cc:(.text._Z6test01v+0x87): undefined reference to `std::codecvt<char, char, __mbstate_t>::codecvt(unsigned long)'
/usr/local/genode/tool/current/bin/../lib/gcc/x86_64-pc-elf/8.3.0/../../../../x86_64-pc-elf/bin/ld: /tmp/ccoiRvOt.o:(.data.rel.ro._ZTV11gnu_codecvt[_ZTV11gnu_codecvt]+0x20): undefined reference to `std::codecvt<char, char, __mbstate_t>::do_out(__mbstate_t&, char const*, char const*, char const*&, char*, char*, char*&) const'
/usr/local/genode/tool/current/bin/../lib/gcc/x86_64-pc-elf/8.3.0/../../../../x86_64-pc-elf/bin/ld: /tmp/ccoiRvOt.o:(.data.rel.ro._ZTV11gnu_codecvt[_ZTV11gnu_codecvt]+0x28): undefined reference to `std::codecvt<char, char, __mbstate_t>::do_unshift(__mbstate_t&, char*, char*, char*&) const'
/usr/local/genode/tool/current/bin/../lib/gcc/x86_64-pc-elf/8.3.0/../../../../x86_64-pc-elf/bin/ld: /tmp/ccoiRvOt.o:(.data.rel.ro._ZTV11gnu_codecvt[_ZTV11gnu_codecvt]+0x30): undefined reference to `std::codecvt<char, char, __mbstate_t>::do_in(__mbstate_t&, char const*, char const*, char const*&, char*, char*, char*&) const'
/usr/local/genode/tool/current/bin/../lib/gcc/x86_64-pc-elf/8.3.0/../../../../x86_64-pc-elf/bin/ld: /tmp/ccoiRvOt.o:(.data.rel.ro._ZTV11gnu_codecvt[_ZTV11gnu_codecvt]+0x38): undefined reference to `std::codecvt<char, char, __mbstate_t>::do_encoding() const'
/usr/local/genode/tool/current/bin/../lib/gcc/x86_64-pc-elf/8.3.0/../../../../x86_64-pc-elf/bin/ld: /tmp/ccoiRvOt.o:(.data.rel.ro._ZTV11gnu_codecvt[_ZTV11gnu_codecvt]+0x40): undefined reference to `std::codecvt<char, char, __mbstate_t>::do_always_noconv() const'
/usr/local/genode/tool/current/bin/../lib/gcc/x86_64-pc-elf/8.3.0/../../../../x86_64-pc-elf/bin/ld: /tmp/ccoiRvOt.o:(.data.rel.ro._ZTV11gnu_codecvt[_ZTV11gnu_codecvt]+0x48): undefined reference to `std::codecvt<char, char, __mbstate_t>::do_length(__mbstate_t&, char const*, char const*, unsigned long) const'
/usr/local/genode/tool/current/bin/../lib/gcc/x86_64-pc-elf/8.3.0/../../../../x86_64-pc-elf/bin/ld: /tmp/ccoiRvOt.o:(.data.rel.ro._ZTV11gnu_codecvt[_ZTV11gnu_codecvt]+0x50): undefined reference to `std::codecvt<char, char, __mbstate_t>::do_max_length() const'
collect2: error: ld returned 1 exit status
pid is -1
close result is 27028 exp7 0 1
output is /usr/local/genode/tool/current/bin/../lib/gcc/x86_64-pc-elf/8.3.0/../../../../x86_64-pc-elf/bin/ld: /tmp/ccoiRvOt.o: in function `gnu_codecvt::~gnu_codecvt()':
1.cc:(.text._ZN11gnu_codecvtD2Ev[_ZN11gnu_codecvtD5Ev]+0xf): undefined reference to `std::codecvt<char, char, __mbstate_t>::~codecvt()'
/usr/local/genode/tool/current/bin/../lib/gcc/x86_64-pc-elf/8.3.0/../../../../x86_64-pc-elf/bin/ld: /tmp/ccoiRvOt.o: in function `gnu_codecvt::~gnu_codecvt()':
1.cc:(.text._ZN11gnu_codecvtD0Ev[_ZN11gnu_codecvtD5Ev]+0x13): undefined reference to `std::codecvt<char, char, __mbstate_t>::~codecvt()'
/usr/local/genode/tool/current/bin/../lib/gcc/x86_64-pc-elf/8.3.0/../../../../x86_64-pc-elf/bin/ld: /tmp/ccoiRvOt.o: in function `test01()':
1.cc:(.text._Z6test01v+0x87): undefined reference to `std::codecvt<char, char, __mbstate_t>::codecvt(unsigned long)'
/usr/local/genode/tool/current/bin/../lib/gcc/x86_64-pc-elf/8.3.0/../../../../x86_64-pc-elf/bin/ld: /tmp/ccoiRvOt.o:(.data.rel.ro._ZTV11gnu_codecvt[_ZTV11gnu_codecvt]+0x20): undefined reference to `std::codecvt<char, char, __mbstate_t>::do_out(__mbstate_t&, char const*, char const*, char const*&, char*, char*, char*&) const'
/usr/local/genode/tool/current/bin/../lib/gcc/x86_64-pc-elf/8.3.0/../../../../x86_64-pc-elf/bin/ld: /tmp/ccoiRvOt.o:(.data.rel.ro._ZTV11gnu_codecvt[_ZTV11gnu_codecvt]+0x28): undefined reference to `std::codecvt<char, char, __mbstate_t>::do_unshift(__mbstate_t&, char*, char*, char*&) const'
/usr/local/genode/tool/current/bin/../lib/gcc/x86_64-pc-elf/8.3.0/../../../../x86_64-pc-elf/bin/ld: /tmp/ccoiRvOt.o:(.data.rel.ro._ZTV11gnu_codecvt[_ZTV11gnu_codecvt]+0x30): undefined reference to `std::codecvt<char, char, __mbstate_t>::do_in(__mbstate_t&, char const*, char const*, char const*&, char*, char*, char*&) const'
/usr/local/genode/tool/current/bin/../lib/gcc/x86_64-pc-elf/8.3.0/../../../../x86_64-pc-elf/bin/ld: /tmp/ccoiRvOt.o:(.data.rel.ro._ZTV11gnu_codecvt[_ZTV11gnu_codecvt]+0x38): undefined reference to `std::codecvt<char, char, __mbstate_t>::do_encoding() const'
/usr/local/genode/tool/current/bin/../lib/gcc/x86_64-pc-elf/8.3.0/../../../../x86_64-pc-elf/bin/ld: /tmp/ccoiRvOt.o:(.data.rel.ro._ZTV11gnu_codecvt[_ZTV11gnu_codecvt]+0x40): undefined reference to `std::codecvt<char, char, __mbstate_t>::do_always_noconv() const'
/usr/local/genode/tool/current/bin/../lib/gcc/x86_64-pc-elf/8.3.0/../../../../x86_64-pc-elf/bin/ld: /tmp/ccoiRvOt.o:(.data.rel.ro._ZTV11gnu_codecvt[_ZTV11gnu_codecvt]+0x48): undefined reference to `std::codecvt<char, char, __mbstate_t>::do_length(__mbstate_t&, char const*, char const*, unsigned long) const'
/usr/local/genode/tool/current/bin/../lib/gcc/x86_64-pc-elf/8.3.0/../../../../x86_64-pc-elf/bin/ld: /tmp/ccoiRvOt.o:(.data.rel.ro._ZTV11gnu_codecvt[_ZTV11gnu_codecvt]+0x50): undefined reference to `std::codecvt<char, char, __mbstate_t>::do_max_length() const'
collect2: error: ld returned 1 exit status
 status 1
compiler exited with status 1
FAIL: 22_locale/locale/global_locale_objects/1.cc (test for excess errors)
Excess errors:
/usr/local/genode/tool/current/bin/../lib/gcc/x86_64-pc-elf/8.3.0/../../../../x86_64-pc-elf/bin/ld: /tmp/ccoiRvOt.o: in function `gnu_codecvt::~gnu_codecvt()':
1.cc:(.text._ZN11gnu_codecvtD2Ev[_ZN11gnu_codecvtD5Ev]+0xf): undefined reference to `std::codecvt<char, char, __mbstate_t>::~codecvt()'
/usr/local/genode/tool/current/bin/../lib/gcc/x86_64-pc-elf/8.3.0/../../../../x86_64-pc-elf/bin/ld: /tmp/ccoiRvOt.o: in function `gnu_codecvt::~gnu_codecvt()':
1.cc:(.text._ZN11gnu_codecvtD0Ev[_ZN11gnu_codecvtD5Ev]+0x13): undefined reference to `std::codecvt<char, char, __mbstate_t>::~codecvt()'
/usr/local/genode/tool/current/bin/../lib/gcc/x86_64-pc-elf/8.3.0/../../../../x86_64-pc-elf/bin/ld: /tmp/ccoiRvOt.o: in function `test01()':
1.cc:(.text._Z6test01v+0x87): undefined reference to `std::codecvt<char, char, __mbstate_t>::codecvt(unsigned long)'
/usr/local/genode/tool/current/bin/../lib/gcc/x86_64-pc-elf/8.3.0/../../../../x86_64-pc-elf/bin/ld: /tmp/ccoiRvOt.o:(.data.rel.ro._ZTV11gnu_codecvt[_ZTV11gnu_codecvt]+0x20): undefined reference to `std::codecvt<char, char, __mbstate_t>::do_out(__mbstate_t&, char const*, char const*, char const*&, char*, char*, char*&) const'
/usr/local/genode/tool/current/bin/../lib/gcc/x86_64-pc-elf/8.3.0/../../../../x86_64-pc-elf/bin/ld: /tmp/ccoiRvOt.o:(.data.rel.ro._ZTV11gnu_codecvt[_ZTV11gnu_codecvt]+0x28): undefined reference to `std::codecvt<char, char, __mbstate_t>::do_unshift(__mbstate_t&, char*, char*, char*&) const'
/usr/local/genode/tool/current/bin/../lib/gcc/x86_64-pc-elf/8.3.0/../../../../x86_64-pc-elf/bin/ld: /tmp/ccoiRvOt.o:(.data.rel.ro._ZTV11gnu_codecvt[_ZTV11gnu_codecvt]+0x30): undefined reference to `std::codecvt<char, char, __mbstate_t>::do_in(__mbstate_t&, char const*, char const*, char const*&, char*, char*, char*&) const'
/usr/local/genode/tool/current/bin/../lib/gcc/x86_64-pc-elf/8.3.0/../../../../x86_64-pc-elf/bin/ld: /tmp/ccoiRvOt.o:(.data.rel.ro._ZTV11gnu_codecvt[_ZTV11gnu_codecvt]+0x38): undefined reference to `std::codecvt<char, char, __mbstate_t>::do_encoding() const'
/usr/local/genode/tool/current/bin/../lib/gcc/x86_64-pc-elf/8.3.0/../../../../x86_64-pc-elf/bin/ld: /tmp/ccoiRvOt.o:(.data.rel.ro._ZTV11gnu_codecvt[_ZTV11gnu_codecvt]+0x40): undefined reference to `std::codecvt<char, char, __mbstate_t>::do_always_noconv() const'
/usr/local/genode/tool/current/bin/../lib/gcc/x86_64-pc-elf/8.3.0/../../../../x86_64-pc-elf/bin/ld: /tmp/ccoiRvOt.o:(.data.rel.ro._ZTV11gnu_codecvt[_ZTV11gnu_codecvt]+0x48): undefined reference to `std::codecvt<char, char, __mbstate_t>::do_length(__mbstate_t&, char const*, char const*, unsigned long) const'
/usr/local/genode/tool/current/bin/../lib/gcc/x86_64-pc-elf/8.3.0/../../../../x86_64-pc-elf/bin/ld: /tmp/ccoiRvOt.o:(.data.rel.ro._ZTV11gnu_codecvt[_ZTV11gnu_codecvt]+0x50): undefined reference to `std::codecvt<char, char, __mbstate_t>::do_max_length() const'
collect2: error: ld returned 1 exit status

UNRESOLVED: 22_locale/locale/global_locale_objects/1.cc compilation failed to produce executable
