Testing operations/2.cc
extra_tool_flags are:
  
doing compile
Executing on host: /usr/local/genode/tool/current/bin/genode-x86-g++ -fmessage-length=0 -fno-show-column -ffunction-sections -fdata-sections -fPIC -O2 -m64  -DLOCALEDIR="." -nostdinc -I/home/jws/develop/genode/depot/genodelabs/api/stdcxx/2020-10-07/include/stdcxx -I/home/jws/develop/genode/depot/genodelabs/api/stdcxx/2020-10-07/include/stdcxx/std -I/home/jws/develop/genode/depot/genodelabs/api/stdcxx/2020-10-07/include/stdcxx/c_global -I/home/jws/develop/genode/depot/genodelabs/api/libc/2020-10-07/include/spec/x86_64/libc -I/home/jws/develop/genode/depot/genodelabs/api/libc/2020-10-07/include/spec/x86_64 -I/home/jws/develop/genode/depot/genodelabs/api/libc/2020-10-07/include/spec/x86/libc -I/home/jws/develop/genode/depot/genodelabs/api/libc/2020-10-07/include/spec/x86 -I/home/jws/develop/genode/depot/genodelabs/api/libc/2020-10-07/include/libc-genode -I/home/jws/develop/genode/depot/genodelabs/api/libc/2020-10-07/include/libc -I/home/jws/develop/genode/depot/genodelabs/api/libc/2020-10-07/include -I/home/jws/develop/genode/depot/genodelabs/api/base/2020-10-07/include/spec/x86_64 -I/home/jws/develop/genode/depot/genodelabs/api/base/2020-10-07/include/spec/x86 -I/home/jws/develop/genode/depot/genodelabs/api/base/2020-10-07/include/spec/64bit -I/home/jws/develop/genode/depot/genodelabs/api/base/2020-10-07/include -I/usr/local/genode/tool/current/x86_64-pc-elf/include/c++/8.3.0/x86_64-pc-elf/64 -I/usr/local/genode/tool/current/lib/gcc/x86_64-pc-elf/8.3.0/include -I/home/jws/develop/genode-libstdcxx-testsuite/var/src/stdcxx-80f380143250d4f951433876698b54fdac32b95f/src/lib/stdcxx/include/backward -I/home/jws/develop/genode-libstdcxx-testsuite/var/src/stdcxx-80f380143250d4f951433876698b54fdac32b95f/src/lib/stdcxx/testsuite/util /home/jws/develop/genode-libstdcxx-testsuite/var/src/stdcxx-80f380143250d4f951433876698b54fdac32b95f/src/lib/stdcxx/testsuite/22_locale/locale/operations/2.cc      -fno-diagnostics-show-caret -fdiagnostics-color=never ./libtestc++.a -Wl,-melf_x86_64 -Wl,-gc-sections -Wl,-z -Wl,max-page-size=0x1000 -Wl,-Ttext=0x01000000 -Wl,--dynamic-linker=ld.lib.so -Wl,--dynamic-list=/home/jws/develop/genode/repos/base/src/ld/genode_dyn.dl -Wl,--eh-frame-hdr -Wl,-rpath-link=. -Wl,-T -Wl,/home/jws/develop/genode/repos/base/src/ld/genode_dyn.ld -l:libc.lib.so -l:libm.lib.so -l:posix.lib.so -nostdlib /usr/local/genode/tool/current/lib/gcc/x86_64-pc-elf/8.3.0/64/libgcc.a -L/home/jws/develop/genode-libstdcxx-testsuite/var/abi -l:stdcxx.lib.so -l:ld.lib.so    -o ./2.exe    (timeout = 600)
spawn -ignore SIGHUP /usr/local/genode/tool/current/bin/genode-x86-g++ -fmessage-length=0 -fno-show-column -ffunction-sections -fdata-sections -fPIC -O2 -m64 -DLOCALEDIR="." -nostdinc -I/home/jws/develop/genode/depot/genodelabs/api/stdcxx/2020-10-07/include/stdcxx -I/home/jws/develop/genode/depot/genodelabs/api/stdcxx/2020-10-07/include/stdcxx/std -I/home/jws/develop/genode/depot/genodelabs/api/stdcxx/2020-10-07/include/stdcxx/c_global -I/home/jws/develop/genode/depot/genodelabs/api/libc/2020-10-07/include/spec/x86_64/libc -I/home/jws/develop/genode/depot/genodelabs/api/libc/2020-10-07/include/spec/x86_64 -I/home/jws/develop/genode/depot/genodelabs/api/libc/2020-10-07/include/spec/x86/libc -I/home/jws/develop/genode/depot/genodelabs/api/libc/2020-10-07/include/spec/x86 -I/home/jws/develop/genode/depot/genodelabs/api/libc/2020-10-07/include/libc-genode -I/home/jws/develop/genode/depot/genodelabs/api/libc/2020-10-07/include/libc -I/home/jws/develop/genode/depot/genodelabs/api/libc/2020-10-07/include -I/home/jws/develop/genode/depot/genodelabs/api/base/2020-10-07/include/spec/x86_64 -I/home/jws/develop/genode/depot/genodelabs/api/base/2020-10-07/include/spec/x86 -I/home/jws/develop/genode/depot/genodelabs/api/base/2020-10-07/include/spec/64bit -I/home/jws/develop/genode/depot/genodelabs/api/base/2020-10-07/include -I/usr/local/genode/tool/current/x86_64-pc-elf/include/c++/8.3.0/x86_64-pc-elf/64 -I/usr/local/genode/tool/current/lib/gcc/x86_64-pc-elf/8.3.0/include -I/home/jws/develop/genode-libstdcxx-testsuite/var/src/stdcxx-80f380143250d4f951433876698b54fdac32b95f/src/lib/stdcxx/include/backward -I/home/jws/develop/genode-libstdcxx-testsuite/var/src/stdcxx-80f380143250d4f951433876698b54fdac32b95f/src/lib/stdcxx/testsuite/util /home/jws/develop/genode-libstdcxx-testsuite/var/src/stdcxx-80f380143250d4f951433876698b54fdac32b95f/src/lib/stdcxx/testsuite/22_locale/locale/operations/2.cc -fno-diagnostics-show-caret -fdiagnostics-color=never ./libtestc++.a -Wl,-melf_x86_64 -Wl,-gc-sections -Wl,-z -Wl,max-page-size=0x1000 -Wl,-Ttext=0x01000000 -Wl,--dynamic-linker=ld.lib.so -Wl,--dynamic-list=/home/jws/develop/genode/repos/base/src/ld/genode_dyn.dl -Wl,--eh-frame-hdr -Wl,-rpath-link=. -Wl,-T -Wl,/home/jws/develop/genode/repos/base/src/ld/genode_dyn.ld -l:libc.lib.so -l:libm.lib.so -l:posix.lib.so -nostdlib /usr/local/genode/tool/current/lib/gcc/x86_64-pc-elf/8.3.0/64/libgcc.a -L/home/jws/develop/genode-libstdcxx-testsuite/var/abi -l:stdcxx.lib.so -l:ld.lib.so -o ./2.exe
pid is 27199 -27199
/usr/local/genode/tool/current/bin/../lib/gcc/x86_64-pc-elf/8.3.0/../../../../x86_64-pc-elf/bin/ld: /tmp/cc4Gntsp.o: in function `gnu_collate::~gnu_collate()':
2.cc:(.text._ZN11gnu_collateD2Ev[_ZN11gnu_collateD5Ev]+0x3): undefined reference to `vtable for std::__cxx11::collate<char>'
/usr/local/genode/tool/current/bin/../lib/gcc/x86_64-pc-elf/8.3.0/../../../../x86_64-pc-elf/bin/ld: /tmp/cc4Gntsp.o: in function `gnu_collate::~gnu_collate()':
2.cc:(.text._ZN11gnu_collateD0Ev[_ZN11gnu_collateD5Ev]+0x3): undefined reference to `vtable for std::__cxx11::collate<char>'
/usr/local/genode/tool/current/bin/../lib/gcc/x86_64-pc-elf/8.3.0/../../../../x86_64-pc-elf/bin/ld: /tmp/cc4Gntsp.o: in function `bool std::locale::operator()<char, std::char_traits<char>, std::allocator<char> >(std::__cxx11::basic_string<char, std::char_traits<char>, std::allocator<char> > const&, std::__cxx11::basic_string<char, std::char_traits<char>, std::allocator<char> > const&) const':
2.cc:(.text._ZNKSt6localeclIcSt11char_traitsIcESaIcEEEbRKNSt7__cxx1112basic_stringIT_T0_T1_EESB_[_ZNKSt6localeclIcSt11char_traitsIcESaIcEEEbRKNSt7__cxx1112basic_stringIT_T0_T1_EESB_]+0xd): undefined reference to `std::__cxx11::collate<char> const& std::use_facet<std::__cxx11::collate<char> >(std::locale const&)'
/usr/local/genode/tool/current/bin/../lib/gcc/x86_64-pc-elf/8.3.0/../../../../x86_64-pc-elf/bin/ld: /tmp/cc4Gntsp.o: in function `std::locale::locale<gnu_collate>(std::locale const&, gnu_collate*)':
2.cc:(.text._ZNSt6localeC2I11gnu_collateEERKS_PT_[_ZNSt6localeC5I11gnu_collateEERKS_PT_]+0x38): undefined reference to `std::__cxx11::collate<char>::id'
/usr/local/genode/tool/current/bin/../lib/gcc/x86_64-pc-elf/8.3.0/../../../../x86_64-pc-elf/bin/ld: /tmp/cc4Gntsp.o: in function `test02()':
2.cc:(.text._Z6test02v+0xa4): undefined reference to `vtable for std::__cxx11::collate<char>'
/usr/local/genode/tool/current/bin/../lib/gcc/x86_64-pc-elf/8.3.0/../../../../x86_64-pc-elf/bin/ld: /tmp/cc4Gntsp.o:(.data.rel.ro._ZTI11gnu_collate[_ZTI11gnu_collate]+0x10): undefined reference to `typeinfo for std::__cxx11::collate<char>'
/usr/local/genode/tool/current/bin/../lib/gcc/x86_64-pc-elf/8.3.0/../../../../x86_64-pc-elf/bin/ld: /tmp/cc4Gntsp.o:(.data.rel.ro._ZTV11gnu_collate[_ZTV11gnu_collate]+0x28): undefined reference to `std::__cxx11::collate<char>::do_transform(char const*, char const*) const'
/usr/local/genode/tool/current/bin/../lib/gcc/x86_64-pc-elf/8.3.0/../../../../x86_64-pc-elf/bin/ld: /tmp/cc4Gntsp.o:(.data.rel.ro._ZTV11gnu_collate[_ZTV11gnu_collate]+0x30): undefined reference to `std::__cxx11::collate<char>::do_hash(char const*, char const*) const'
collect2: error: ld returned 1 exit status
pid is -1
close result is 27199 exp7 0 1
output is /usr/local/genode/tool/current/bin/../lib/gcc/x86_64-pc-elf/8.3.0/../../../../x86_64-pc-elf/bin/ld: /tmp/cc4Gntsp.o: in function `gnu_collate::~gnu_collate()':
2.cc:(.text._ZN11gnu_collateD2Ev[_ZN11gnu_collateD5Ev]+0x3): undefined reference to `vtable for std::__cxx11::collate<char>'
/usr/local/genode/tool/current/bin/../lib/gcc/x86_64-pc-elf/8.3.0/../../../../x86_64-pc-elf/bin/ld: /tmp/cc4Gntsp.o: in function `gnu_collate::~gnu_collate()':
2.cc:(.text._ZN11gnu_collateD0Ev[_ZN11gnu_collateD5Ev]+0x3): undefined reference to `vtable for std::__cxx11::collate<char>'
/usr/local/genode/tool/current/bin/../lib/gcc/x86_64-pc-elf/8.3.0/../../../../x86_64-pc-elf/bin/ld: /tmp/cc4Gntsp.o: in function `bool std::locale::operator()<char, std::char_traits<char>, std::allocator<char> >(std::__cxx11::basic_string<char, std::char_traits<char>, std::allocator<char> > const&, std::__cxx11::basic_string<char, std::char_traits<char>, std::allocator<char> > const&) const':
2.cc:(.text._ZNKSt6localeclIcSt11char_traitsIcESaIcEEEbRKNSt7__cxx1112basic_stringIT_T0_T1_EESB_[_ZNKSt6localeclIcSt11char_traitsIcESaIcEEEbRKNSt7__cxx1112basic_stringIT_T0_T1_EESB_]+0xd): undefined reference to `std::__cxx11::collate<char> const& std::use_facet<std::__cxx11::collate<char> >(std::locale const&)'
/usr/local/genode/tool/current/bin/../lib/gcc/x86_64-pc-elf/8.3.0/../../../../x86_64-pc-elf/bin/ld: /tmp/cc4Gntsp.o: in function `std::locale::locale<gnu_collate>(std::locale const&, gnu_collate*)':
2.cc:(.text._ZNSt6localeC2I11gnu_collateEERKS_PT_[_ZNSt6localeC5I11gnu_collateEERKS_PT_]+0x38): undefined reference to `std::__cxx11::collate<char>::id'
/usr/local/genode/tool/current/bin/../lib/gcc/x86_64-pc-elf/8.3.0/../../../../x86_64-pc-elf/bin/ld: /tmp/cc4Gntsp.o: in function `test02()':
2.cc:(.text._Z6test02v+0xa4): undefined reference to `vtable for std::__cxx11::collate<char>'
/usr/local/genode/tool/current/bin/../lib/gcc/x86_64-pc-elf/8.3.0/../../../../x86_64-pc-elf/bin/ld: /tmp/cc4Gntsp.o:(.data.rel.ro._ZTI11gnu_collate[_ZTI11gnu_collate]+0x10): undefined reference to `typeinfo for std::__cxx11::collate<char>'
/usr/local/genode/tool/current/bin/../lib/gcc/x86_64-pc-elf/8.3.0/../../../../x86_64-pc-elf/bin/ld: /tmp/cc4Gntsp.o:(.data.rel.ro._ZTV11gnu_collate[_ZTV11gnu_collate]+0x28): undefined reference to `std::__cxx11::collate<char>::do_transform(char const*, char const*) const'
/usr/local/genode/tool/current/bin/../lib/gcc/x86_64-pc-elf/8.3.0/../../../../x86_64-pc-elf/bin/ld: /tmp/cc4Gntsp.o:(.data.rel.ro._ZTV11gnu_collate[_ZTV11gnu_collate]+0x30): undefined reference to `std::__cxx11::collate<char>::do_hash(char const*, char const*) const'
collect2: error: ld returned 1 exit status
 status 1
compiler exited with status 1
FAIL: 22_locale/locale/operations/2.cc (test for excess errors)
Excess errors:
/usr/local/genode/tool/current/bin/../lib/gcc/x86_64-pc-elf/8.3.0/../../../../x86_64-pc-elf/bin/ld: /tmp/cc4Gntsp.o: in function `gnu_collate::~gnu_collate()':
2.cc:(.text._ZN11gnu_collateD2Ev[_ZN11gnu_collateD5Ev]+0x3): undefined reference to `vtable for std::__cxx11::collate<char>'
/usr/local/genode/tool/current/bin/../lib/gcc/x86_64-pc-elf/8.3.0/../../../../x86_64-pc-elf/bin/ld: /tmp/cc4Gntsp.o: in function `gnu_collate::~gnu_collate()':
2.cc:(.text._ZN11gnu_collateD0Ev[_ZN11gnu_collateD5Ev]+0x3): undefined reference to `vtable for std::__cxx11::collate<char>'
/usr/local/genode/tool/current/bin/../lib/gcc/x86_64-pc-elf/8.3.0/../../../../x86_64-pc-elf/bin/ld: /tmp/cc4Gntsp.o: in function `bool std::locale::operator()<char, std::char_traits<char>, std::allocator<char> >(std::__cxx11::basic_string<char, std::char_traits<char>, std::allocator<char> > const&, std::__cxx11::basic_string<char, std::char_traits<char>, std::allocator<char> > const&) const':
2.cc:(.text._ZNKSt6localeclIcSt11char_traitsIcESaIcEEEbRKNSt7__cxx1112basic_stringIT_T0_T1_EESB_[_ZNKSt6localeclIcSt11char_traitsIcESaIcEEEbRKNSt7__cxx1112basic_stringIT_T0_T1_EESB_]+0xd): undefined reference to `std::__cxx11::collate<char> const& std::use_facet<std::__cxx11::collate<char> >(std::locale const&)'
/usr/local/genode/tool/current/bin/../lib/gcc/x86_64-pc-elf/8.3.0/../../../../x86_64-pc-elf/bin/ld: /tmp/cc4Gntsp.o: in function `std::locale::locale<gnu_collate>(std::locale const&, gnu_collate*)':
2.cc:(.text._ZNSt6localeC2I11gnu_collateEERKS_PT_[_ZNSt6localeC5I11gnu_collateEERKS_PT_]+0x38): undefined reference to `std::__cxx11::collate<char>::id'
/usr/local/genode/tool/current/bin/../lib/gcc/x86_64-pc-elf/8.3.0/../../../../x86_64-pc-elf/bin/ld: /tmp/cc4Gntsp.o: in function `test02()':
2.cc:(.text._Z6test02v+0xa4): undefined reference to `vtable for std::__cxx11::collate<char>'
/usr/local/genode/tool/current/bin/../lib/gcc/x86_64-pc-elf/8.3.0/../../../../x86_64-pc-elf/bin/ld: /tmp/cc4Gntsp.o:(.data.rel.ro._ZTI11gnu_collate[_ZTI11gnu_collate]+0x10): undefined reference to `typeinfo for std::__cxx11::collate<char>'
/usr/local/genode/tool/current/bin/../lib/gcc/x86_64-pc-elf/8.3.0/../../../../x86_64-pc-elf/bin/ld: /tmp/cc4Gntsp.o:(.data.rel.ro._ZTV11gnu_collate[_ZTV11gnu_collate]+0x28): undefined reference to `std::__cxx11::collate<char>::do_transform(char const*, char const*) const'
/usr/local/genode/tool/current/bin/../lib/gcc/x86_64-pc-elf/8.3.0/../../../../x86_64-pc-elf/bin/ld: /tmp/cc4Gntsp.o:(.data.rel.ro._ZTV11gnu_collate[_ZTV11gnu_collate]+0x30): undefined reference to `std::__cxx11::collate<char>::do_hash(char const*, char const*) const'
collect2: error: ld returned 1 exit status

UNRESOLVED: 22_locale/locale/operations/2.cc compilation failed to produce executable
