Testing char/11.cc
extra_tool_flags are:
  
doing compile
Executing on host: /usr/local/genode/tool/current/bin/genode-x86-g++ -fmessage-length=0 -fno-show-column -ffunction-sections -fdata-sections -fPIC -O2 -m64  -DLOCALEDIR="." -nostdinc -I/home/jws/develop/genode/depot/genodelabs/api/stdcxx/2020-10-07/include/stdcxx -I/home/jws/develop/genode/depot/genodelabs/api/stdcxx/2020-10-07/include/stdcxx/std -I/home/jws/develop/genode/depot/genodelabs/api/stdcxx/2020-10-07/include/stdcxx/c_global -I/home/jws/develop/genode/depot/genodelabs/api/libc/2020-10-07/include/spec/x86_64/libc -I/home/jws/develop/genode/depot/genodelabs/api/libc/2020-10-07/include/spec/x86_64 -I/home/jws/develop/genode/depot/genodelabs/api/libc/2020-10-07/include/spec/x86/libc -I/home/jws/develop/genode/depot/genodelabs/api/libc/2020-10-07/include/spec/x86 -I/home/jws/develop/genode/depot/genodelabs/api/libc/2020-10-07/include/libc-genode -I/home/jws/develop/genode/depot/genodelabs/api/libc/2020-10-07/include/libc -I/home/jws/develop/genode/depot/genodelabs/api/libc/2020-10-07/include -I/home/jws/develop/genode/depot/genodelabs/api/base/2020-10-07/include/spec/x86_64 -I/home/jws/develop/genode/depot/genodelabs/api/base/2020-10-07/include/spec/x86 -I/home/jws/develop/genode/depot/genodelabs/api/base/2020-10-07/include/spec/64bit -I/home/jws/develop/genode/depot/genodelabs/api/base/2020-10-07/include -I/usr/local/genode/tool/current/x86_64-pc-elf/include/c++/8.3.0/x86_64-pc-elf/64 -I/usr/local/genode/tool/current/lib/gcc/x86_64-pc-elf/8.3.0/include -I/home/jws/develop/genode-libstdcxx-testsuite/var/src/stdcxx-80f380143250d4f951433876698b54fdac32b95f/src/lib/stdcxx/include/backward -I/home/jws/develop/genode-libstdcxx-testsuite/var/src/stdcxx-80f380143250d4f951433876698b54fdac32b95f/src/lib/stdcxx/testsuite/util /home/jws/develop/genode-libstdcxx-testsuite/var/src/stdcxx-80f380143250d4f951433876698b54fdac32b95f/src/lib/stdcxx/testsuite/22_locale/num_get/get/char/11.cc      -fno-diagnostics-show-caret -fdiagnostics-color=never ./libtestc++.a -Wl,-melf_x86_64 -Wl,-gc-sections -Wl,-z -Wl,max-page-size=0x1000 -Wl,-Ttext=0x01000000 -Wl,--dynamic-linker=ld.lib.so -Wl,--dynamic-list=/home/jws/develop/genode/repos/base/src/ld/genode_dyn.dl -Wl,--eh-frame-hdr -Wl,-rpath-link=. -Wl,-T -Wl,/home/jws/develop/genode/repos/base/src/ld/genode_dyn.ld -l:libc.lib.so -l:libm.lib.so -l:posix.lib.so -nostdlib /usr/local/genode/tool/current/lib/gcc/x86_64-pc-elf/8.3.0/64/libgcc.a -L/home/jws/develop/genode-libstdcxx-testsuite/var/abi -l:stdcxx.lib.so -l:ld.lib.so    -o ./11.exe    (timeout = 600)
spawn -ignore SIGHUP /usr/local/genode/tool/current/bin/genode-x86-g++ -fmessage-length=0 -fno-show-column -ffunction-sections -fdata-sections -fPIC -O2 -m64 -DLOCALEDIR="." -nostdinc -I/home/jws/develop/genode/depot/genodelabs/api/stdcxx/2020-10-07/include/stdcxx -I/home/jws/develop/genode/depot/genodelabs/api/stdcxx/2020-10-07/include/stdcxx/std -I/home/jws/develop/genode/depot/genodelabs/api/stdcxx/2020-10-07/include/stdcxx/c_global -I/home/jws/develop/genode/depot/genodelabs/api/libc/2020-10-07/include/spec/x86_64/libc -I/home/jws/develop/genode/depot/genodelabs/api/libc/2020-10-07/include/spec/x86_64 -I/home/jws/develop/genode/depot/genodelabs/api/libc/2020-10-07/include/spec/x86/libc -I/home/jws/develop/genode/depot/genodelabs/api/libc/2020-10-07/include/spec/x86 -I/home/jws/develop/genode/depot/genodelabs/api/libc/2020-10-07/include/libc-genode -I/home/jws/develop/genode/depot/genodelabs/api/libc/2020-10-07/include/libc -I/home/jws/develop/genode/depot/genodelabs/api/libc/2020-10-07/include -I/home/jws/develop/genode/depot/genodelabs/api/base/2020-10-07/include/spec/x86_64 -I/home/jws/develop/genode/depot/genodelabs/api/base/2020-10-07/include/spec/x86 -I/home/jws/develop/genode/depot/genodelabs/api/base/2020-10-07/include/spec/64bit -I/home/jws/develop/genode/depot/genodelabs/api/base/2020-10-07/include -I/usr/local/genode/tool/current/x86_64-pc-elf/include/c++/8.3.0/x86_64-pc-elf/64 -I/usr/local/genode/tool/current/lib/gcc/x86_64-pc-elf/8.3.0/include -I/home/jws/develop/genode-libstdcxx-testsuite/var/src/stdcxx-80f380143250d4f951433876698b54fdac32b95f/src/lib/stdcxx/include/backward -I/home/jws/develop/genode-libstdcxx-testsuite/var/src/stdcxx-80f380143250d4f951433876698b54fdac32b95f/src/lib/stdcxx/testsuite/util /home/jws/develop/genode-libstdcxx-testsuite/var/src/stdcxx-80f380143250d4f951433876698b54fdac32b95f/src/lib/stdcxx/testsuite/22_locale/num_get/get/char/11.cc -fno-diagnostics-show-caret -fdiagnostics-color=never ./libtestc++.a -Wl,-melf_x86_64 -Wl,-gc-sections -Wl,-z -Wl,max-page-size=0x1000 -Wl,-Ttext=0x01000000 -Wl,--dynamic-linker=ld.lib.so -Wl,--dynamic-list=/home/jws/develop/genode/repos/base/src/ld/genode_dyn.dl -Wl,--eh-frame-hdr -Wl,-rpath-link=. -Wl,-T -Wl,/home/jws/develop/genode/repos/base/src/ld/genode_dyn.ld -l:libc.lib.so -l:libm.lib.so -l:posix.lib.so -nostdlib /usr/local/genode/tool/current/lib/gcc/x86_64-pc-elf/8.3.0/64/libgcc.a -L/home/jws/develop/genode-libstdcxx-testsuite/var/abi -l:stdcxx.lib.so -l:ld.lib.so -o ./11.exe
pid is 30090 -30090
/usr/local/genode/tool/current/bin/../lib/gcc/x86_64-pc-elf/8.3.0/../../../../x86_64-pc-elf/bin/ld: /tmp/ccFp5awL.o: in function `Punct1::~Punct1()':
11.cc:(.text._ZN6Punct1D2Ev[_ZN6Punct1D5Ev]+0xf): undefined reference to `std::__cxx11::numpunct<char>::~numpunct()'
/usr/local/genode/tool/current/bin/../lib/gcc/x86_64-pc-elf/8.3.0/../../../../x86_64-pc-elf/bin/ld: /tmp/ccFp5awL.o: in function `Punct1::~Punct1()':
11.cc:(.text._ZN6Punct1D0Ev[_ZN6Punct1D5Ev]+0x13): undefined reference to `std::__cxx11::numpunct<char>::~numpunct()'
/usr/local/genode/tool/current/bin/../lib/gcc/x86_64-pc-elf/8.3.0/../../../../x86_64-pc-elf/bin/ld: /tmp/ccFp5awL.o: in function `Punct2::~Punct2()':
11.cc:(.text._ZN6Punct2D2Ev[_ZN6Punct2D5Ev]+0xf): undefined reference to `std::__cxx11::numpunct<char>::~numpunct()'
/usr/local/genode/tool/current/bin/../lib/gcc/x86_64-pc-elf/8.3.0/../../../../x86_64-pc-elf/bin/ld: /tmp/ccFp5awL.o: in function `Punct2::~Punct2()':
11.cc:(.text._ZN6Punct2D0Ev[_ZN6Punct2D5Ev]+0x13): undefined reference to `std::__cxx11::numpunct<char>::~numpunct()'
/usr/local/genode/tool/current/bin/../lib/gcc/x86_64-pc-elf/8.3.0/../../../../x86_64-pc-elf/bin/ld: /tmp/ccFp5awL.o: in function `std::locale::locale<Punct1>(std::locale const&, Punct1*)':
11.cc:(.text._ZNSt6localeC2I6Punct1EERKS_PT_[_ZNSt6localeC5I6Punct1EERKS_PT_]+0x38): undefined reference to `std::__cxx11::numpunct<char>::id'
/usr/local/genode/tool/current/bin/../lib/gcc/x86_64-pc-elf/8.3.0/../../../../x86_64-pc-elf/bin/ld: /tmp/ccFp5awL.o: in function `std::locale::locale<Punct2>(std::locale const&, Punct2*)':
11.cc:(.text._ZNSt6localeC2I6Punct2EERKS_PT_[_ZNSt6localeC5I6Punct2EERKS_PT_]+0x38): undefined reference to `std::__cxx11::numpunct<char>::id'
/usr/local/genode/tool/current/bin/../lib/gcc/x86_64-pc-elf/8.3.0/../../../../x86_64-pc-elf/bin/ld: /tmp/ccFp5awL.o: in function `test01()':
11.cc:(.text._Z6test01v+0x2e2): undefined reference to `vtable for std::__cxx11::numpunct<char>'
/usr/local/genode/tool/current/bin/../lib/gcc/x86_64-pc-elf/8.3.0/../../../../x86_64-pc-elf/bin/ld: 11.cc:(.text._Z6test01v+0x305): undefined reference to `std::__cxx11::numpunct<char>::_M_initialize_numpunct(int*)'
/usr/local/genode/tool/current/bin/../lib/gcc/x86_64-pc-elf/8.3.0/../../../../x86_64-pc-elf/bin/ld: 11.cc:(.text._Z6test01v+0x3b7): undefined reference to `std::__cxx11::numpunct<char>::_M_initialize_numpunct(int*)'
/usr/local/genode/tool/current/bin/../lib/gcc/x86_64-pc-elf/8.3.0/../../../../x86_64-pc-elf/bin/ld: 11.cc:(.text._Z6test01v+0x449): undefined reference to `std::num_get<char, std::istreambuf_iterator<char, std::char_traits<char> > > const& std::use_facet<std::num_get<char, std::istreambuf_iterator<char, std::char_traits<char> > > >(std::locale const&)'
/usr/local/genode/tool/current/bin/../lib/gcc/x86_64-pc-elf/8.3.0/../../../../x86_64-pc-elf/bin/ld: 11.cc:(.text._Z6test01v+0x478): undefined reference to `std::num_get<char, std::istreambuf_iterator<char, std::char_traits<char> > > const& std::use_facet<std::num_get<char, std::istreambuf_iterator<char, std::char_traits<char> > > >(std::locale const&)'
/usr/local/genode/tool/current/bin/../lib/gcc/x86_64-pc-elf/8.3.0/../../../../x86_64-pc-elf/bin/ld: /tmp/ccFp5awL.o:(.data.rel.ro._ZTI6Punct1[_ZTI6Punct1]+0x10): undefined reference to `typeinfo for std::__cxx11::numpunct<char>'
/usr/local/genode/tool/current/bin/../lib/gcc/x86_64-pc-elf/8.3.0/../../../../x86_64-pc-elf/bin/ld: /tmp/ccFp5awL.o:(.data.rel.ro._ZTI6Punct2[_ZTI6Punct2]+0x10): undefined reference to `typeinfo for std::__cxx11::numpunct<char>'
/usr/local/genode/tool/current/bin/../lib/gcc/x86_64-pc-elf/8.3.0/../../../../x86_64-pc-elf/bin/ld: /tmp/ccFp5awL.o:(.data.rel.ro._ZTV6Punct1[_ZTV6Punct1]+0x38): undefined reference to `std::__cxx11::numpunct<char>::do_truename() const'
/usr/local/genode/tool/current/bin/../lib/gcc/x86_64-pc-elf/8.3.0/../../../../x86_64-pc-elf/bin/ld: /tmp/ccFp5awL.o:(.data.rel.ro._ZTV6Punct1[_ZTV6Punct1]+0x40): undefined reference to `std::__cxx11::numpunct<char>::do_falsename() const'
/usr/local/genode/tool/current/bin/../lib/gcc/x86_64-pc-elf/8.3.0/../../../../x86_64-pc-elf/bin/ld: /tmp/ccFp5awL.o:(.data.rel.ro._ZTV6Punct2[_ZTV6Punct2]+0x38): undefined reference to `std::__cxx11::numpunct<char>::do_truename() const'
/usr/local/genode/tool/current/bin/../lib/gcc/x86_64-pc-elf/8.3.0/../../../../x86_64-pc-elf/bin/ld: /tmp/ccFp5awL.o:(.data.rel.ro._ZTV6Punct2[_ZTV6Punct2]+0x40): undefined reference to `std::__cxx11::numpunct<char>::do_falsename() const'
collect2: error: ld returned 1 exit status
pid is -1
close result is 30090 exp7 0 1
output is /usr/local/genode/tool/current/bin/../lib/gcc/x86_64-pc-elf/8.3.0/../../../../x86_64-pc-elf/bin/ld: /tmp/ccFp5awL.o: in function `Punct1::~Punct1()':
11.cc:(.text._ZN6Punct1D2Ev[_ZN6Punct1D5Ev]+0xf): undefined reference to `std::__cxx11::numpunct<char>::~numpunct()'
/usr/local/genode/tool/current/bin/../lib/gcc/x86_64-pc-elf/8.3.0/../../../../x86_64-pc-elf/bin/ld: /tmp/ccFp5awL.o: in function `Punct1::~Punct1()':
11.cc:(.text._ZN6Punct1D0Ev[_ZN6Punct1D5Ev]+0x13): undefined reference to `std::__cxx11::numpunct<char>::~numpunct()'
/usr/local/genode/tool/current/bin/../lib/gcc/x86_64-pc-elf/8.3.0/../../../../x86_64-pc-elf/bin/ld: /tmp/ccFp5awL.o: in function `Punct2::~Punct2()':
11.cc:(.text._ZN6Punct2D2Ev[_ZN6Punct2D5Ev]+0xf): undefined reference to `std::__cxx11::numpunct<char>::~numpunct()'
/usr/local/genode/tool/current/bin/../lib/gcc/x86_64-pc-elf/8.3.0/../../../../x86_64-pc-elf/bin/ld: /tmp/ccFp5awL.o: in function `Punct2::~Punct2()':
11.cc:(.text._ZN6Punct2D0Ev[_ZN6Punct2D5Ev]+0x13): undefined reference to `std::__cxx11::numpunct<char>::~numpunct()'
/usr/local/genode/tool/current/bin/../lib/gcc/x86_64-pc-elf/8.3.0/../../../../x86_64-pc-elf/bin/ld: /tmp/ccFp5awL.o: in function `std::locale::locale<Punct1>(std::locale const&, Punct1*)':
11.cc:(.text._ZNSt6localeC2I6Punct1EERKS_PT_[_ZNSt6localeC5I6Punct1EERKS_PT_]+0x38): undefined reference to `std::__cxx11::numpunct<char>::id'
/usr/local/genode/tool/current/bin/../lib/gcc/x86_64-pc-elf/8.3.0/../../../../x86_64-pc-elf/bin/ld: /tmp/ccFp5awL.o: in function `std::locale::locale<Punct2>(std::locale const&, Punct2*)':
11.cc:(.text._ZNSt6localeC2I6Punct2EERKS_PT_[_ZNSt6localeC5I6Punct2EERKS_PT_]+0x38): undefined reference to `std::__cxx11::numpunct<char>::id'
/usr/local/genode/tool/current/bin/../lib/gcc/x86_64-pc-elf/8.3.0/../../../../x86_64-pc-elf/bin/ld: /tmp/ccFp5awL.o: in function `test01()':
11.cc:(.text._Z6test01v+0x2e2): undefined reference to `vtable for std::__cxx11::numpunct<char>'
/usr/local/genode/tool/current/bin/../lib/gcc/x86_64-pc-elf/8.3.0/../../../../x86_64-pc-elf/bin/ld: 11.cc:(.text._Z6test01v+0x305): undefined reference to `std::__cxx11::numpunct<char>::_M_initialize_numpunct(int*)'
/usr/local/genode/tool/current/bin/../lib/gcc/x86_64-pc-elf/8.3.0/../../../../x86_64-pc-elf/bin/ld: 11.cc:(.text._Z6test01v+0x3b7): undefined reference to `std::__cxx11::numpunct<char>::_M_initialize_numpunct(int*)'
/usr/local/genode/tool/current/bin/../lib/gcc/x86_64-pc-elf/8.3.0/../../../../x86_64-pc-elf/bin/ld: 11.cc:(.text._Z6test01v+0x449): undefined reference to `std::num_get<char, std::istreambuf_iterator<char, std::char_traits<char> > > const& std::use_facet<std::num_get<char, std::istreambuf_iterator<char, std::char_traits<char> > > >(std::locale const&)'
/usr/local/genode/tool/current/bin/../lib/gcc/x86_64-pc-elf/8.3.0/../../../../x86_64-pc-elf/bin/ld: 11.cc:(.text._Z6test01v+0x478): undefined reference to `std::num_get<char, std::istreambuf_iterator<char, std::char_traits<char> > > const& std::use_facet<std::num_get<char, std::istreambuf_iterator<char, std::char_traits<char> > > >(std::locale const&)'
/usr/local/genode/tool/current/bin/../lib/gcc/x86_64-pc-elf/8.3.0/../../../../x86_64-pc-elf/bin/ld: /tmp/ccFp5awL.o:(.data.rel.ro._ZTI6Punct1[_ZTI6Punct1]+0x10): undefined reference to `typeinfo for std::__cxx11::numpunct<char>'
/usr/local/genode/tool/current/bin/../lib/gcc/x86_64-pc-elf/8.3.0/../../../../x86_64-pc-elf/bin/ld: /tmp/ccFp5awL.o:(.data.rel.ro._ZTI6Punct2[_ZTI6Punct2]+0x10): undefined reference to `typeinfo for std::__cxx11::numpunct<char>'
/usr/local/genode/tool/current/bin/../lib/gcc/x86_64-pc-elf/8.3.0/../../../../x86_64-pc-elf/bin/ld: /tmp/ccFp5awL.o:(.data.rel.ro._ZTV6Punct1[_ZTV6Punct1]+0x38): undefined reference to `std::__cxx11::numpunct<char>::do_truename() const'
/usr/local/genode/tool/current/bin/../lib/gcc/x86_64-pc-elf/8.3.0/../../../../x86_64-pc-elf/bin/ld: /tmp/ccFp5awL.o:(.data.rel.ro._ZTV6Punct1[_ZTV6Punct1]+0x40): undefined reference to `std::__cxx11::numpunct<char>::do_falsename() const'
/usr/local/genode/tool/current/bin/../lib/gcc/x86_64-pc-elf/8.3.0/../../../../x86_64-pc-elf/bin/ld: /tmp/ccFp5awL.o:(.data.rel.ro._ZTV6Punct2[_ZTV6Punct2]+0x38): undefined reference to `std::__cxx11::numpunct<char>::do_truename() const'
/usr/local/genode/tool/current/bin/../lib/gcc/x86_64-pc-elf/8.3.0/../../../../x86_64-pc-elf/bin/ld: /tmp/ccFp5awL.o:(.data.rel.ro._ZTV6Punct2[_ZTV6Punct2]+0x40): undefined reference to `std::__cxx11::numpunct<char>::do_falsename() const'
collect2: error: ld returned 1 exit status
 status 1
compiler exited with status 1
FAIL: 22_locale/num_get/get/char/11.cc (test for excess errors)
