Testing wchar_t/14220.cc
extra_tool_flags are:
  
doing compile
Executing on host: /usr/local/genode/tool/current/bin/genode-x86-g++ -fmessage-length=0 -fno-show-column -ffunction-sections -fdata-sections -fPIC -O2 -m64  -DLOCALEDIR="." -nostdinc -I/home/jws/develop/genode/depot/genodelabs/api/stdcxx/2020-10-07/include/stdcxx -I/home/jws/develop/genode/depot/genodelabs/api/stdcxx/2020-10-07/include/stdcxx/std -I/home/jws/develop/genode/depot/genodelabs/api/stdcxx/2020-10-07/include/stdcxx/c_global -I/home/jws/develop/genode/depot/genodelabs/api/libc/2020-10-07/include/spec/x86_64/libc -I/home/jws/develop/genode/depot/genodelabs/api/libc/2020-10-07/include/spec/x86_64 -I/home/jws/develop/genode/depot/genodelabs/api/libc/2020-10-07/include/spec/x86/libc -I/home/jws/develop/genode/depot/genodelabs/api/libc/2020-10-07/include/spec/x86 -I/home/jws/develop/genode/depot/genodelabs/api/libc/2020-10-07/include/libc-genode -I/home/jws/develop/genode/depot/genodelabs/api/libc/2020-10-07/include/libc -I/home/jws/develop/genode/depot/genodelabs/api/libc/2020-10-07/include -I/home/jws/develop/genode/depot/genodelabs/api/base/2020-10-07/include/spec/x86_64 -I/home/jws/develop/genode/depot/genodelabs/api/base/2020-10-07/include/spec/x86 -I/home/jws/develop/genode/depot/genodelabs/api/base/2020-10-07/include/spec/64bit -I/home/jws/develop/genode/depot/genodelabs/api/base/2020-10-07/include -I/usr/local/genode/tool/current/x86_64-pc-elf/include/c++/8.3.0/x86_64-pc-elf/64 -I/usr/local/genode/tool/current/lib/gcc/x86_64-pc-elf/8.3.0/include -I/home/jws/develop/genode-libstdcxx-testsuite/var/src/stdcxx-80f380143250d4f951433876698b54fdac32b95f/src/lib/stdcxx/include/backward -I/home/jws/develop/genode-libstdcxx-testsuite/var/src/stdcxx-80f380143250d4f951433876698b54fdac32b95f/src/lib/stdcxx/testsuite/util /home/jws/develop/genode-libstdcxx-testsuite/var/src/stdcxx-80f380143250d4f951433876698b54fdac32b95f/src/lib/stdcxx/testsuite/22_locale/num_put/put/wchar_t/14220.cc      -fno-diagnostics-show-caret -fdiagnostics-color=never ./libtestc++.a -Wl,-melf_x86_64 -Wl,-gc-sections -Wl,-z -Wl,max-page-size=0x1000 -Wl,-Ttext=0x01000000 -Wl,--dynamic-linker=ld.lib.so -Wl,--dynamic-list=/home/jws/develop/genode/repos/base/src/ld/genode_dyn.dl -Wl,--eh-frame-hdr -Wl,-rpath-link=. -Wl,-T -Wl,/home/jws/develop/genode/repos/base/src/ld/genode_dyn.ld -l:libc.lib.so -l:libm.lib.so -l:posix.lib.so -nostdlib /usr/local/genode/tool/current/lib/gcc/x86_64-pc-elf/8.3.0/64/libgcc.a -L/home/jws/develop/genode-libstdcxx-testsuite/var/abi -l:stdcxx.lib.so -l:ld.lib.so    -o ./14220.exe    (timeout = 600)
spawn -ignore SIGHUP /usr/local/genode/tool/current/bin/genode-x86-g++ -fmessage-length=0 -fno-show-column -ffunction-sections -fdata-sections -fPIC -O2 -m64 -DLOCALEDIR="." -nostdinc -I/home/jws/develop/genode/depot/genodelabs/api/stdcxx/2020-10-07/include/stdcxx -I/home/jws/develop/genode/depot/genodelabs/api/stdcxx/2020-10-07/include/stdcxx/std -I/home/jws/develop/genode/depot/genodelabs/api/stdcxx/2020-10-07/include/stdcxx/c_global -I/home/jws/develop/genode/depot/genodelabs/api/libc/2020-10-07/include/spec/x86_64/libc -I/home/jws/develop/genode/depot/genodelabs/api/libc/2020-10-07/include/spec/x86_64 -I/home/jws/develop/genode/depot/genodelabs/api/libc/2020-10-07/include/spec/x86/libc -I/home/jws/develop/genode/depot/genodelabs/api/libc/2020-10-07/include/spec/x86 -I/home/jws/develop/genode/depot/genodelabs/api/libc/2020-10-07/include/libc-genode -I/home/jws/develop/genode/depot/genodelabs/api/libc/2020-10-07/include/libc -I/home/jws/develop/genode/depot/genodelabs/api/libc/2020-10-07/include -I/home/jws/develop/genode/depot/genodelabs/api/base/2020-10-07/include/spec/x86_64 -I/home/jws/develop/genode/depot/genodelabs/api/base/2020-10-07/include/spec/x86 -I/home/jws/develop/genode/depot/genodelabs/api/base/2020-10-07/include/spec/64bit -I/home/jws/develop/genode/depot/genodelabs/api/base/2020-10-07/include -I/usr/local/genode/tool/current/x86_64-pc-elf/include/c++/8.3.0/x86_64-pc-elf/64 -I/usr/local/genode/tool/current/lib/gcc/x86_64-pc-elf/8.3.0/include -I/home/jws/develop/genode-libstdcxx-testsuite/var/src/stdcxx-80f380143250d4f951433876698b54fdac32b95f/src/lib/stdcxx/include/backward -I/home/jws/develop/genode-libstdcxx-testsuite/var/src/stdcxx-80f380143250d4f951433876698b54fdac32b95f/src/lib/stdcxx/testsuite/util /home/jws/develop/genode-libstdcxx-testsuite/var/src/stdcxx-80f380143250d4f951433876698b54fdac32b95f/src/lib/stdcxx/testsuite/22_locale/num_put/put/wchar_t/14220.cc -fno-diagnostics-show-caret -fdiagnostics-color=never ./libtestc++.a -Wl,-melf_x86_64 -Wl,-gc-sections -Wl,-z -Wl,max-page-size=0x1000 -Wl,-Ttext=0x01000000 -Wl,--dynamic-linker=ld.lib.so -Wl,--dynamic-list=/home/jws/develop/genode/repos/base/src/ld/genode_dyn.dl -Wl,--eh-frame-hdr -Wl,-rpath-link=. -Wl,-T -Wl,/home/jws/develop/genode/repos/base/src/ld/genode_dyn.ld -l:libc.lib.so -l:libm.lib.so -l:posix.lib.so -nostdlib /usr/local/genode/tool/current/lib/gcc/x86_64-pc-elf/8.3.0/64/libgcc.a -L/home/jws/develop/genode-libstdcxx-testsuite/var/abi -l:stdcxx.lib.so -l:ld.lib.so -o ./14220.exe
pid is 31466 -31466
/usr/local/genode/tool/current/bin/../lib/gcc/x86_64-pc-elf/8.3.0/../../../../x86_64-pc-elf/bin/ld: /tmp/ccxzit5y.o: in function `test01() [clone .cold.18]':
14220.cc:(.text.unlikely._Z6test01v+0x1b): undefined reference to `std::__cxx11::basic_ostringstream<wchar_t, std::char_traits<wchar_t>, std::allocator<wchar_t> >::~basic_ostringstream()'
/usr/local/genode/tool/current/bin/../lib/gcc/x86_64-pc-elf/8.3.0/../../../../x86_64-pc-elf/bin/ld: 14220.cc:(.text.unlikely._Z6test01v+0x48): undefined reference to `vtable for std::__cxx11::basic_stringbuf<wchar_t, std::char_traits<wchar_t>, std::allocator<wchar_t> >'
/usr/local/genode/tool/current/bin/../lib/gcc/x86_64-pc-elf/8.3.0/../../../../x86_64-pc-elf/bin/ld: 14220.cc:(.text.unlikely._Z6test01v+0x6b): undefined reference to `vtable for std::basic_streambuf<wchar_t, std::char_traits<wchar_t> >'
/usr/local/genode/tool/current/bin/../lib/gcc/x86_64-pc-elf/8.3.0/../../../../x86_64-pc-elf/bin/ld: 14220.cc:(.text.unlikely._Z6test01v+0x93): undefined reference to `vtable for std::basic_ios<wchar_t, std::char_traits<wchar_t> >'
/usr/local/genode/tool/current/bin/../lib/gcc/x86_64-pc-elf/8.3.0/../../../../x86_64-pc-elf/bin/ld: /tmp/ccxzit5y.o: in function `test01()':
14220.cc:(.text._Z6test01v+0x22): undefined reference to `vtable for std::basic_ios<wchar_t, std::char_traits<wchar_t> >'
/usr/local/genode/tool/current/bin/../lib/gcc/x86_64-pc-elf/8.3.0/../../../../x86_64-pc-elf/bin/ld: 14220.cc:(.text._Z6test01v+0x56): undefined reference to `VTT for std::__cxx11::basic_ostringstream<wchar_t, std::char_traits<wchar_t>, std::allocator<wchar_t> >'
/usr/local/genode/tool/current/bin/../lib/gcc/x86_64-pc-elf/8.3.0/../../../../x86_64-pc-elf/bin/ld: 14220.cc:(.text._Z6test01v+0xa3): undefined reference to `std::basic_ios<wchar_t, std::char_traits<wchar_t> >::init(std::basic_streambuf<wchar_t, std::char_traits<wchar_t> >*)'
/usr/local/genode/tool/current/bin/../lib/gcc/x86_64-pc-elf/8.3.0/../../../../x86_64-pc-elf/bin/ld: 14220.cc:(.text._Z6test01v+0xaa): undefined reference to `vtable for std::__cxx11::basic_ostringstream<wchar_t, std::char_traits<wchar_t>, std::allocator<wchar_t> >'
/usr/local/genode/tool/current/bin/../lib/gcc/x86_64-pc-elf/8.3.0/../../../../x86_64-pc-elf/bin/ld: 14220.cc:(.text._Z6test01v+0xe5): undefined reference to `vtable for std::basic_streambuf<wchar_t, std::char_traits<wchar_t> >'
/usr/local/genode/tool/current/bin/../lib/gcc/x86_64-pc-elf/8.3.0/../../../../x86_64-pc-elf/bin/ld: 14220.cc:(.text._Z6test01v+0x115): undefined reference to `vtable for std::__cxx11::basic_stringbuf<wchar_t, std::char_traits<wchar_t>, std::allocator<wchar_t> >'
/usr/local/genode/tool/current/bin/../lib/gcc/x86_64-pc-elf/8.3.0/../../../../x86_64-pc-elf/bin/ld: 14220.cc:(.text._Z6test01v+0x150): undefined reference to `std::basic_ios<wchar_t, std::char_traits<wchar_t> >::init(std::basic_streambuf<wchar_t, std::char_traits<wchar_t> >*)'
/usr/local/genode/tool/current/bin/../lib/gcc/x86_64-pc-elf/8.3.0/../../../../x86_64-pc-elf/bin/ld: 14220.cc:(.text._Z6test01v+0x16a): undefined reference to `std::num_put<wchar_t, std::ostreambuf_iterator<wchar_t, std::char_traits<wchar_t> > > const& std::use_facet<std::num_put<wchar_t, std::ostreambuf_iterator<wchar_t, std::char_traits<wchar_t> > > >(std::locale const&)'
/usr/local/genode/tool/current/bin/../lib/gcc/x86_64-pc-elf/8.3.0/../../../../x86_64-pc-elf/bin/ld: 14220.cc:(.text._Z6test01v+0x23d): undefined reference to `vtable for std::__cxx11::basic_stringbuf<wchar_t, std::char_traits<wchar_t>, std::allocator<wchar_t> >'
/usr/local/genode/tool/current/bin/../lib/gcc/x86_64-pc-elf/8.3.0/../../../../x86_64-pc-elf/bin/ld: 14220.cc:(.text._Z6test01v+0x25b): undefined reference to `vtable for std::basic_streambuf<wchar_t, std::char_traits<wchar_t> >'
/usr/local/genode/tool/current/bin/../lib/gcc/x86_64-pc-elf/8.3.0/../../../../x86_64-pc-elf/bin/ld: 14220.cc:(.text._Z6test01v+0x287): undefined reference to `vtable for std::basic_ios<wchar_t, std::char_traits<wchar_t> >'
/usr/local/genode/tool/current/bin/../lib/gcc/x86_64-pc-elf/8.3.0/../../../../x86_64-pc-elf/bin/ld: 14220.cc:(.text._Z6test01v+0x2c8): undefined reference to `std::__cxx11::basic_string<wchar_t, std::char_traits<wchar_t>, std::allocator<wchar_t> >::_M_assign(std::__cxx11::basic_string<wchar_t, std::char_traits<wchar_t>, std::allocator<wchar_t> > const&)'
collect2: error: ld returned 1 exit status
pid is -1
close result is 31466 exp7 0 1
output is /usr/local/genode/tool/current/bin/../lib/gcc/x86_64-pc-elf/8.3.0/../../../../x86_64-pc-elf/bin/ld: /tmp/ccxzit5y.o: in function `test01() [clone .cold.18]':
14220.cc:(.text.unlikely._Z6test01v+0x1b): undefined reference to `std::__cxx11::basic_ostringstream<wchar_t, std::char_traits<wchar_t>, std::allocator<wchar_t> >::~basic_ostringstream()'
/usr/local/genode/tool/current/bin/../lib/gcc/x86_64-pc-elf/8.3.0/../../../../x86_64-pc-elf/bin/ld: 14220.cc:(.text.unlikely._Z6test01v+0x48): undefined reference to `vtable for std::__cxx11::basic_stringbuf<wchar_t, std::char_traits<wchar_t>, std::allocator<wchar_t> >'
/usr/local/genode/tool/current/bin/../lib/gcc/x86_64-pc-elf/8.3.0/../../../../x86_64-pc-elf/bin/ld: 14220.cc:(.text.unlikely._Z6test01v+0x6b): undefined reference to `vtable for std::basic_streambuf<wchar_t, std::char_traits<wchar_t> >'
/usr/local/genode/tool/current/bin/../lib/gcc/x86_64-pc-elf/8.3.0/../../../../x86_64-pc-elf/bin/ld: 14220.cc:(.text.unlikely._Z6test01v+0x93): undefined reference to `vtable for std::basic_ios<wchar_t, std::char_traits<wchar_t> >'
/usr/local/genode/tool/current/bin/../lib/gcc/x86_64-pc-elf/8.3.0/../../../../x86_64-pc-elf/bin/ld: /tmp/ccxzit5y.o: in function `test01()':
14220.cc:(.text._Z6test01v+0x22): undefined reference to `vtable for std::basic_ios<wchar_t, std::char_traits<wchar_t> >'
/usr/local/genode/tool/current/bin/../lib/gcc/x86_64-pc-elf/8.3.0/../../../../x86_64-pc-elf/bin/ld: 14220.cc:(.text._Z6test01v+0x56): undefined reference to `VTT for std::__cxx11::basic_ostringstream<wchar_t, std::char_traits<wchar_t>, std::allocator<wchar_t> >'
/usr/local/genode/tool/current/bin/../lib/gcc/x86_64-pc-elf/8.3.0/../../../../x86_64-pc-elf/bin/ld: 14220.cc:(.text._Z6test01v+0xa3): undefined reference to `std::basic_ios<wchar_t, std::char_traits<wchar_t> >::init(std::basic_streambuf<wchar_t, std::char_traits<wchar_t> >*)'
/usr/local/genode/tool/current/bin/../lib/gcc/x86_64-pc-elf/8.3.0/../../../../x86_64-pc-elf/bin/ld: 14220.cc:(.text._Z6test01v+0xaa): undefined reference to `vtable for std::__cxx11::basic_ostringstream<wchar_t, std::char_traits<wchar_t>, std::allocator<wchar_t> >'
/usr/local/genode/tool/current/bin/../lib/gcc/x86_64-pc-elf/8.3.0/../../../../x86_64-pc-elf/bin/ld: 14220.cc:(.text._Z6test01v+0xe5): undefined reference to `vtable for std::basic_streambuf<wchar_t, std::char_traits<wchar_t> >'
/usr/local/genode/tool/current/bin/../lib/gcc/x86_64-pc-elf/8.3.0/../../../../x86_64-pc-elf/bin/ld: 14220.cc:(.text._Z6test01v+0x115): undefined reference to `vtable for std::__cxx11::basic_stringbuf<wchar_t, std::char_traits<wchar_t>, std::allocator<wchar_t> >'
/usr/local/genode/tool/current/bin/../lib/gcc/x86_64-pc-elf/8.3.0/../../../../x86_64-pc-elf/bin/ld: 14220.cc:(.text._Z6test01v+0x150): undefined reference to `std::basic_ios<wchar_t, std::char_traits<wchar_t> >::init(std::basic_streambuf<wchar_t, std::char_traits<wchar_t> >*)'
/usr/local/genode/tool/current/bin/../lib/gcc/x86_64-pc-elf/8.3.0/../../../../x86_64-pc-elf/bin/ld: 14220.cc:(.text._Z6test01v+0x16a): undefined reference to `std::num_put<wchar_t, std::ostreambuf_iterator<wchar_t, std::char_traits<wchar_t> > > const& std::use_facet<std::num_put<wchar_t, std::ostreambuf_iterator<wchar_t, std::char_traits<wchar_t> > > >(std::locale const&)'
/usr/local/genode/tool/current/bin/../lib/gcc/x86_64-pc-elf/8.3.0/../../../../x86_64-pc-elf/bin/ld: 14220.cc:(.text._Z6test01v+0x23d): undefined reference to `vtable for std::__cxx11::basic_stringbuf<wchar_t, std::char_traits<wchar_t>, std::allocator<wchar_t> >'
/usr/local/genode/tool/current/bin/../lib/gcc/x86_64-pc-elf/8.3.0/../../../../x86_64-pc-elf/bin/ld: 14220.cc:(.text._Z6test01v+0x25b): undefined reference to `vtable for std::basic_streambuf<wchar_t, std::char_traits<wchar_t> >'
/usr/local/genode/tool/current/bin/../lib/gcc/x86_64-pc-elf/8.3.0/../../../../x86_64-pc-elf/bin/ld: 14220.cc:(.text._Z6test01v+0x287): undefined reference to `vtable for std::basic_ios<wchar_t, std::char_traits<wchar_t> >'
/usr/local/genode/tool/current/bin/../lib/gcc/x86_64-pc-elf/8.3.0/../../../../x86_64-pc-elf/bin/ld: 14220.cc:(.text._Z6test01v+0x2c8): undefined reference to `std::__cxx11::basic_string<wchar_t, std::char_traits<wchar_t>, std::allocator<wchar_t> >::_M_assign(std::__cxx11::basic_string<wchar_t, std::char_traits<wchar_t>, std::allocator<wchar_t> > const&)'
collect2: error: ld returned 1 exit status
 status 1
compiler exited with status 1
FAIL: 22_locale/num_put/put/wchar_t/14220.cc (test for excess errors)
Excess errors:
/usr/local/genode/tool/current/bin/../lib/gcc/x86_64-pc-elf/8.3.0/../../../../x86_64-pc-elf/bin/ld: /tmp/ccxzit5y.o: in function `test01() [clone .cold.18]':
14220.cc:(.text.unlikely._Z6test01v+0x1b): undefined reference to `std::__cxx11::basic_ostringstream<wchar_t, std::char_traits<wchar_t>, std::allocator<wchar_t> >::~basic_ostringstream()'
/usr/local/genode/tool/current/bin/../lib/gcc/x86_64-pc-elf/8.3.0/../../../../x86_64-pc-elf/bin/ld: 14220.cc:(.text.unlikely._Z6test01v+0x48): undefined reference to `vtable for std::__cxx11::basic_stringbuf<wchar_t, std::char_traits<wchar_t>, std::allocator<wchar_t> >'
/usr/local/genode/tool/current/bin/../lib/gcc/x86_64-pc-elf/8.3.0/../../../../x86_64-pc-elf/bin/ld: 14220.cc:(.text.unlikely._Z6test01v+0x6b): undefined reference to `vtable for std::basic_streambuf<wchar_t, std::char_traits<wchar_t> >'
/usr/local/genode/tool/current/bin/../lib/gcc/x86_64-pc-elf/8.3.0/../../../../x86_64-pc-elf/bin/ld: 14220.cc:(.text.unlikely._Z6test01v+0x93): undefined reference to `vtable for std::basic_ios<wchar_t, std::char_traits<wchar_t> >'
/usr/local/genode/tool/current/bin/../lib/gcc/x86_64-pc-elf/8.3.0/../../../../x86_64-pc-elf/bin/ld: /tmp/ccxzit5y.o: in function `test01()':
14220.cc:(.text._Z6test01v+0x22): undefined reference to `vtable for std::basic_ios<wchar_t, std::char_traits<wchar_t> >'
/usr/local/genode/tool/current/bin/../lib/gcc/x86_64-pc-elf/8.3.0/../../../../x86_64-pc-elf/bin/ld: 14220.cc:(.text._Z6test01v+0x56): undefined reference to `VTT for std::__cxx11::basic_ostringstream<wchar_t, std::char_traits<wchar_t>, std::allocator<wchar_t> >'
/usr/local/genode/tool/current/bin/../lib/gcc/x86_64-pc-elf/8.3.0/../../../../x86_64-pc-elf/bin/ld: 14220.cc:(.text._Z6test01v+0xa3): undefined reference to `std::basic_ios<wchar_t, std::char_traits<wchar_t> >::init(std::basic_streambuf<wchar_t, std::char_traits<wchar_t> >*)'
/usr/local/genode/tool/current/bin/../lib/gcc/x86_64-pc-elf/8.3.0/../../../../x86_64-pc-elf/bin/ld: 14220.cc:(.text._Z6test01v+0xaa): undefined reference to `vtable for std::__cxx11::basic_ostringstream<wchar_t, std::char_traits<wchar_t>, std::allocator<wchar_t> >'
/usr/local/genode/tool/current/bin/../lib/gcc/x86_64-pc-elf/8.3.0/../../../../x86_64-pc-elf/bin/ld: 14220.cc:(.text._Z6test01v+0xe5): undefined reference to `vtable for std::basic_streambuf<wchar_t, std::char_traits<wchar_t> >'
/usr/local/genode/tool/current/bin/../lib/gcc/x86_64-pc-elf/8.3.0/../../../../x86_64-pc-elf/bin/ld: 14220.cc:(.text._Z6test01v+0x115): undefined reference to `vtable for std::__cxx11::basic_stringbuf<wchar_t, std::char_traits<wchar_t>, std::allocator<wchar_t> >'
/usr/local/genode/tool/current/bin/../lib/gcc/x86_64-pc-elf/8.3.0/../../../../x86_64-pc-elf/bin/ld: 14220.cc:(.text._Z6test01v+0x150): undefined reference to `std::basic_ios<wchar_t, std::char_traits<wchar_t> >::init(std::basic_streambuf<wchar_t, std::char_traits<wchar_t> >*)'
/usr/local/genode/tool/current/bin/../lib/gcc/x86_64-pc-elf/8.3.0/../../../../x86_64-pc-elf/bin/ld: 14220.cc:(.text._Z6test01v+0x16a): undefined reference to `std::num_put<wchar_t, std::ostreambuf_iterator<wchar_t, std::char_traits<wchar_t> > > const& std::use_facet<std::num_put<wchar_t, std::ostreambuf_iterator<wchar_t, std::char_traits<wchar_t> > > >(std::locale const&)'
/usr/local/genode/tool/current/bin/../lib/gcc/x86_64-pc-elf/8.3.0/../../../../x86_64-pc-elf/bin/ld: 14220.cc:(.text._Z6test01v+0x23d): undefined reference to `vtable for std::__cxx11::basic_stringbuf<wchar_t, std::char_traits<wchar_t>, std::allocator<wchar_t> >'
/usr/local/genode/tool/current/bin/../lib/gcc/x86_64-pc-elf/8.3.0/../../../../x86_64-pc-elf/bin/ld: 14220.cc:(.text._Z6test01v+0x25b): undefined reference to `vtable for std::basic_streambuf<wchar_t, std::char_traits<wchar_t> >'
/usr/local/genode/tool/current/bin/../lib/gcc/x86_64-pc-elf/8.3.0/../../../../x86_64-pc-elf/bin/ld: 14220.cc:(.text._Z6test01v+0x287): undefined reference to `vtable for std::basic_ios<wchar_t, std::char_traits<wchar_t> >'
/usr/local/genode/tool/current/bin/../lib/gcc/x86_64-pc-elf/8.3.0/../../../../x86_64-pc-elf/bin/ld: 14220.cc:(.text._Z6test01v+0x2c8): undefined reference to `std::__cxx11::basic_string<wchar_t, std::char_traits<wchar_t>, std::allocator<wchar_t> >::_M_assign(std::__cxx11::basic_string<wchar_t, std::char_traits<wchar_t>, std::allocator<wchar_t> > const&)'
collect2: error: ld returned 1 exit status

UNRESOLVED: 22_locale/num_put/put/wchar_t/14220.cc compilation failed to produce executable
