Testing wchar_t/12439_3.cc
extra_tool_flags are:
  
doing compile
Executing on host: /usr/local/genode/tool/current/bin/genode-x86-g++ -fmessage-length=0 -fno-show-column -ffunction-sections -fdata-sections -fPIC -O2 -m64  -DLOCALEDIR="." -nostdinc -I/home/jws/develop/genode/depot/genodelabs/api/stdcxx/2020-10-07/include/stdcxx -I/home/jws/develop/genode/depot/genodelabs/api/stdcxx/2020-10-07/include/stdcxx/std -I/home/jws/develop/genode/depot/genodelabs/api/stdcxx/2020-10-07/include/stdcxx/c_global -I/home/jws/develop/genode/depot/genodelabs/api/libc/2020-10-07/include/spec/x86_64/libc -I/home/jws/develop/genode/depot/genodelabs/api/libc/2020-10-07/include/spec/x86_64 -I/home/jws/develop/genode/depot/genodelabs/api/libc/2020-10-07/include/spec/x86/libc -I/home/jws/develop/genode/depot/genodelabs/api/libc/2020-10-07/include/spec/x86 -I/home/jws/develop/genode/depot/genodelabs/api/libc/2020-10-07/include/libc-genode -I/home/jws/develop/genode/depot/genodelabs/api/libc/2020-10-07/include/libc -I/home/jws/develop/genode/depot/genodelabs/api/libc/2020-10-07/include -I/home/jws/develop/genode/depot/genodelabs/api/base/2020-10-07/include/spec/x86_64 -I/home/jws/develop/genode/depot/genodelabs/api/base/2020-10-07/include/spec/x86 -I/home/jws/develop/genode/depot/genodelabs/api/base/2020-10-07/include/spec/64bit -I/home/jws/develop/genode/depot/genodelabs/api/base/2020-10-07/include -I/usr/local/genode/tool/current/x86_64-pc-elf/include/c++/8.3.0/x86_64-pc-elf/64 -I/usr/local/genode/tool/current/lib/gcc/x86_64-pc-elf/8.3.0/include -I/home/jws/develop/genode-libstdcxx-testsuite/var/src/stdcxx-80f380143250d4f951433876698b54fdac32b95f/src/lib/stdcxx/include/backward -I/home/jws/develop/genode-libstdcxx-testsuite/var/src/stdcxx-80f380143250d4f951433876698b54fdac32b95f/src/lib/stdcxx/testsuite/util /home/jws/develop/genode-libstdcxx-testsuite/var/src/stdcxx-80f380143250d4f951433876698b54fdac32b95f/src/lib/stdcxx/testsuite/22_locale/time_put/put/wchar_t/12439_3.cc      -fno-diagnostics-show-caret -fdiagnostics-color=never ./libtestc++.a -Wl,-melf_x86_64 -Wl,-gc-sections -Wl,-z -Wl,max-page-size=0x1000 -Wl,-Ttext=0x01000000 -Wl,--dynamic-linker=ld.lib.so -Wl,--dynamic-list=/home/jws/develop/genode/repos/base/src/ld/genode_dyn.dl -Wl,--eh-frame-hdr -Wl,-rpath-link=. -Wl,-T -Wl,/home/jws/develop/genode/repos/base/src/ld/genode_dyn.ld -l:libc.lib.so -l:libm.lib.so -l:posix.lib.so -nostdlib /usr/local/genode/tool/current/lib/gcc/x86_64-pc-elf/8.3.0/64/libgcc.a -L/home/jws/develop/genode-libstdcxx-testsuite/var/abi -l:stdcxx.lib.so -l:ld.lib.so    -o ./12439_3.exe    (timeout = 600)
spawn -ignore SIGHUP /usr/local/genode/tool/current/bin/genode-x86-g++ -fmessage-length=0 -fno-show-column -ffunction-sections -fdata-sections -fPIC -O2 -m64 -DLOCALEDIR="." -nostdinc -I/home/jws/develop/genode/depot/genodelabs/api/stdcxx/2020-10-07/include/stdcxx -I/home/jws/develop/genode/depot/genodelabs/api/stdcxx/2020-10-07/include/stdcxx/std -I/home/jws/develop/genode/depot/genodelabs/api/stdcxx/2020-10-07/include/stdcxx/c_global -I/home/jws/develop/genode/depot/genodelabs/api/libc/2020-10-07/include/spec/x86_64/libc -I/home/jws/develop/genode/depot/genodelabs/api/libc/2020-10-07/include/spec/x86_64 -I/home/jws/develop/genode/depot/genodelabs/api/libc/2020-10-07/include/spec/x86/libc -I/home/jws/develop/genode/depot/genodelabs/api/libc/2020-10-07/include/spec/x86 -I/home/jws/develop/genode/depot/genodelabs/api/libc/2020-10-07/include/libc-genode -I/home/jws/develop/genode/depot/genodelabs/api/libc/2020-10-07/include/libc -I/home/jws/develop/genode/depot/genodelabs/api/libc/2020-10-07/include -I/home/jws/develop/genode/depot/genodelabs/api/base/2020-10-07/include/spec/x86_64 -I/home/jws/develop/genode/depot/genodelabs/api/base/2020-10-07/include/spec/x86 -I/home/jws/develop/genode/depot/genodelabs/api/base/2020-10-07/include/spec/64bit -I/home/jws/develop/genode/depot/genodelabs/api/base/2020-10-07/include -I/usr/local/genode/tool/current/x86_64-pc-elf/include/c++/8.3.0/x86_64-pc-elf/64 -I/usr/local/genode/tool/current/lib/gcc/x86_64-pc-elf/8.3.0/include -I/home/jws/develop/genode-libstdcxx-testsuite/var/src/stdcxx-80f380143250d4f951433876698b54fdac32b95f/src/lib/stdcxx/include/backward -I/home/jws/develop/genode-libstdcxx-testsuite/var/src/stdcxx-80f380143250d4f951433876698b54fdac32b95f/src/lib/stdcxx/testsuite/util /home/jws/develop/genode-libstdcxx-testsuite/var/src/stdcxx-80f380143250d4f951433876698b54fdac32b95f/src/lib/stdcxx/testsuite/22_locale/time_put/put/wchar_t/12439_3.cc -fno-diagnostics-show-caret -fdiagnostics-color=never ./libtestc++.a -Wl,-melf_x86_64 -Wl,-gc-sections -Wl,-z -Wl,max-page-size=0x1000 -Wl,-Ttext=0x01000000 -Wl,--dynamic-linker=ld.lib.so -Wl,--dynamic-list=/home/jws/develop/genode/repos/base/src/ld/genode_dyn.dl -Wl,--eh-frame-hdr -Wl,-rpath-link=. -Wl,-T -Wl,/home/jws/develop/genode/repos/base/src/ld/genode_dyn.ld -l:libc.lib.so -l:libm.lib.so -l:posix.lib.so -nostdlib /usr/local/genode/tool/current/lib/gcc/x86_64-pc-elf/8.3.0/64/libgcc.a -L/home/jws/develop/genode-libstdcxx-testsuite/var/abi -l:stdcxx.lib.so -l:ld.lib.so -o ./12439_3.exe
pid is 3316 -3316
/usr/local/genode/tool/current/bin/../lib/gcc/x86_64-pc-elf/8.3.0/../../../../x86_64-pc-elf/bin/ld: /tmp/cclcL87a.o: in function `TP::~TP()':
12439_3.cc:(.text._ZN2TPD2Ev[_ZN2TPD5Ev]+0x27): undefined reference to `vtable for std::time_put<wchar_t, std::ostreambuf_iterator<wchar_t, std::char_traits<wchar_t> > >'
/usr/local/genode/tool/current/bin/../lib/gcc/x86_64-pc-elf/8.3.0/../../../../x86_64-pc-elf/bin/ld: /tmp/cclcL87a.o: in function `TP::~TP()':
12439_3.cc:(.text._ZN2TPD0Ev[_ZN2TPD5Ev]+0x27): undefined reference to `vtable for std::time_put<wchar_t, std::ostreambuf_iterator<wchar_t, std::char_traits<wchar_t> > >'
/usr/local/genode/tool/current/bin/../lib/gcc/x86_64-pc-elf/8.3.0/../../../../x86_64-pc-elf/bin/ld: /tmp/cclcL87a.o: in function `test03() [clone .cold.22]':
12439_3.cc:(.text.unlikely._Z6test03v+0xc): undefined reference to `std::__cxx11::basic_ostringstream<wchar_t, std::char_traits<wchar_t>, std::allocator<wchar_t> >::~basic_ostringstream()'
/usr/local/genode/tool/current/bin/../lib/gcc/x86_64-pc-elf/8.3.0/../../../../x86_64-pc-elf/bin/ld: 12439_3.cc:(.text.unlikely._Z6test03v+0x1b): undefined reference to `vtable for std::__cxx11::basic_stringbuf<wchar_t, std::char_traits<wchar_t>, std::allocator<wchar_t> >'
/usr/local/genode/tool/current/bin/../lib/gcc/x86_64-pc-elf/8.3.0/../../../../x86_64-pc-elf/bin/ld: 12439_3.cc:(.text.unlikely._Z6test03v+0x42): undefined reference to `vtable for std::basic_streambuf<wchar_t, std::char_traits<wchar_t> >'
/usr/local/genode/tool/current/bin/../lib/gcc/x86_64-pc-elf/8.3.0/../../../../x86_64-pc-elf/bin/ld: 12439_3.cc:(.text.unlikely._Z6test03v+0x77): undefined reference to `vtable for std::basic_ios<wchar_t, std::char_traits<wchar_t> >'
/usr/local/genode/tool/current/bin/../lib/gcc/x86_64-pc-elf/8.3.0/../../../../x86_64-pc-elf/bin/ld: /tmp/cclcL87a.o: in function `test03()':
12439_3.cc:(.text._Z6test03v+0x27): undefined reference to `vtable for std::basic_ios<wchar_t, std::char_traits<wchar_t> >'
/usr/local/genode/tool/current/bin/../lib/gcc/x86_64-pc-elf/8.3.0/../../../../x86_64-pc-elf/bin/ld: 12439_3.cc:(.text._Z6test03v+0x4e): undefined reference to `VTT for std::__cxx11::basic_ostringstream<wchar_t, std::char_traits<wchar_t>, std::allocator<wchar_t> >'
/usr/local/genode/tool/current/bin/../lib/gcc/x86_64-pc-elf/8.3.0/../../../../x86_64-pc-elf/bin/ld: 12439_3.cc:(.text._Z6test03v+0x93): undefined reference to `std::basic_ios<wchar_t, std::char_traits<wchar_t> >::init(std::basic_streambuf<wchar_t, std::char_traits<wchar_t> >*)'
/usr/local/genode/tool/current/bin/../lib/gcc/x86_64-pc-elf/8.3.0/../../../../x86_64-pc-elf/bin/ld: 12439_3.cc:(.text._Z6test03v+0x9a): undefined reference to `vtable for std::__cxx11::basic_ostringstream<wchar_t, std::char_traits<wchar_t>, std::allocator<wchar_t> >'
/usr/local/genode/tool/current/bin/../lib/gcc/x86_64-pc-elf/8.3.0/../../../../x86_64-pc-elf/bin/ld: 12439_3.cc:(.text._Z6test03v+0xdc): undefined reference to `vtable for std::basic_streambuf<wchar_t, std::char_traits<wchar_t> >'
/usr/local/genode/tool/current/bin/../lib/gcc/x86_64-pc-elf/8.3.0/../../../../x86_64-pc-elf/bin/ld: 12439_3.cc:(.text._Z6test03v+0x114): undefined reference to `vtable for std::__cxx11::basic_stringbuf<wchar_t, std::char_traits<wchar_t>, std::allocator<wchar_t> >'
/usr/local/genode/tool/current/bin/../lib/gcc/x86_64-pc-elf/8.3.0/../../../../x86_64-pc-elf/bin/ld: 12439_3.cc:(.text._Z6test03v+0x156): undefined reference to `std::basic_ios<wchar_t, std::char_traits<wchar_t> >::init(std::basic_streambuf<wchar_t, std::char_traits<wchar_t> >*)'
/usr/local/genode/tool/current/bin/../lib/gcc/x86_64-pc-elf/8.3.0/../../../../x86_64-pc-elf/bin/ld: 12439_3.cc:(.text._Z6test03v+0x1fc): undefined reference to `std::time_put<wchar_t, std::ostreambuf_iterator<wchar_t, std::char_traits<wchar_t> > >::put(std::ostreambuf_iterator<wchar_t, std::char_traits<wchar_t> >, std::ios_base&, wchar_t, tm const*, wchar_t const*, wchar_t const*) const'
/usr/local/genode/tool/current/bin/../lib/gcc/x86_64-pc-elf/8.3.0/../../../../x86_64-pc-elf/bin/ld: 12439_3.cc:(.text._Z6test03v+0x23b): undefined reference to `vtable for std::time_put<wchar_t, std::ostreambuf_iterator<wchar_t, std::char_traits<wchar_t> > >'
/usr/local/genode/tool/current/bin/../lib/gcc/x86_64-pc-elf/8.3.0/../../../../x86_64-pc-elf/bin/ld: 12439_3.cc:(.text._Z6test03v+0x272): undefined reference to `vtable for std::__cxx11::basic_stringbuf<wchar_t, std::char_traits<wchar_t>, std::allocator<wchar_t> >'
/usr/local/genode/tool/current/bin/../lib/gcc/x86_64-pc-elf/8.3.0/../../../../x86_64-pc-elf/bin/ld: 12439_3.cc:(.text._Z6test03v+0x292): undefined reference to `vtable for std::basic_streambuf<wchar_t, std::char_traits<wchar_t> >'
/usr/local/genode/tool/current/bin/../lib/gcc/x86_64-pc-elf/8.3.0/../../../../x86_64-pc-elf/bin/ld: 12439_3.cc:(.text._Z6test03v+0x2cb): undefined reference to `vtable for std::basic_ios<wchar_t, std::char_traits<wchar_t> >'
/usr/local/genode/tool/current/bin/../lib/gcc/x86_64-pc-elf/8.3.0/../../../../x86_64-pc-elf/bin/ld: /tmp/cclcL87a.o:(.data.rel.ro._ZTI2TP[_ZTI2TP]+0x10): undefined reference to `typeinfo for std::time_put<wchar_t, std::ostreambuf_iterator<wchar_t, std::char_traits<wchar_t> > >'
collect2: error: ld returned 1 exit status
pid is -1
close result is 3316 exp7 0 1
output is /usr/local/genode/tool/current/bin/../lib/gcc/x86_64-pc-elf/8.3.0/../../../../x86_64-pc-elf/bin/ld: /tmp/cclcL87a.o: in function `TP::~TP()':
12439_3.cc:(.text._ZN2TPD2Ev[_ZN2TPD5Ev]+0x27): undefined reference to `vtable for std::time_put<wchar_t, std::ostreambuf_iterator<wchar_t, std::char_traits<wchar_t> > >'
/usr/local/genode/tool/current/bin/../lib/gcc/x86_64-pc-elf/8.3.0/../../../../x86_64-pc-elf/bin/ld: /tmp/cclcL87a.o: in function `TP::~TP()':
12439_3.cc:(.text._ZN2TPD0Ev[_ZN2TPD5Ev]+0x27): undefined reference to `vtable for std::time_put<wchar_t, std::ostreambuf_iterator<wchar_t, std::char_traits<wchar_t> > >'
/usr/local/genode/tool/current/bin/../lib/gcc/x86_64-pc-elf/8.3.0/../../../../x86_64-pc-elf/bin/ld: /tmp/cclcL87a.o: in function `test03() [clone .cold.22]':
12439_3.cc:(.text.unlikely._Z6test03v+0xc): undefined reference to `std::__cxx11::basic_ostringstream<wchar_t, std::char_traits<wchar_t>, std::allocator<wchar_t> >::~basic_ostringstream()'
/usr/local/genode/tool/current/bin/../lib/gcc/x86_64-pc-elf/8.3.0/../../../../x86_64-pc-elf/bin/ld: 12439_3.cc:(.text.unlikely._Z6test03v+0x1b): undefined reference to `vtable for std::__cxx11::basic_stringbuf<wchar_t, std::char_traits<wchar_t>, std::allocator<wchar_t> >'
/usr/local/genode/tool/current/bin/../lib/gcc/x86_64-pc-elf/8.3.0/../../../../x86_64-pc-elf/bin/ld: 12439_3.cc:(.text.unlikely._Z6test03v+0x42): undefined reference to `vtable for std::basic_streambuf<wchar_t, std::char_traits<wchar_t> >'
/usr/local/genode/tool/current/bin/../lib/gcc/x86_64-pc-elf/8.3.0/../../../../x86_64-pc-elf/bin/ld: 12439_3.cc:(.text.unlikely._Z6test03v+0x77): undefined reference to `vtable for std::basic_ios<wchar_t, std::char_traits<wchar_t> >'
/usr/local/genode/tool/current/bin/../lib/gcc/x86_64-pc-elf/8.3.0/../../../../x86_64-pc-elf/bin/ld: /tmp/cclcL87a.o: in function `test03()':
12439_3.cc:(.text._Z6test03v+0x27): undefined reference to `vtable for std::basic_ios<wchar_t, std::char_traits<wchar_t> >'
/usr/local/genode/tool/current/bin/../lib/gcc/x86_64-pc-elf/8.3.0/../../../../x86_64-pc-elf/bin/ld: 12439_3.cc:(.text._Z6test03v+0x4e): undefined reference to `VTT for std::__cxx11::basic_ostringstream<wchar_t, std::char_traits<wchar_t>, std::allocator<wchar_t> >'
/usr/local/genode/tool/current/bin/../lib/gcc/x86_64-pc-elf/8.3.0/../../../../x86_64-pc-elf/bin/ld: 12439_3.cc:(.text._Z6test03v+0x93): undefined reference to `std::basic_ios<wchar_t, std::char_traits<wchar_t> >::init(std::basic_streambuf<wchar_t, std::char_traits<wchar_t> >*)'
/usr/local/genode/tool/current/bin/../lib/gcc/x86_64-pc-elf/8.3.0/../../../../x86_64-pc-elf/bin/ld: 12439_3.cc:(.text._Z6test03v+0x9a): undefined reference to `vtable for std::__cxx11::basic_ostringstream<wchar_t, std::char_traits<wchar_t>, std::allocator<wchar_t> >'
/usr/local/genode/tool/current/bin/../lib/gcc/x86_64-pc-elf/8.3.0/../../../../x86_64-pc-elf/bin/ld: 12439_3.cc:(.text._Z6test03v+0xdc): undefined reference to `vtable for std::basic_streambuf<wchar_t, std::char_traits<wchar_t> >'
/usr/local/genode/tool/current/bin/../lib/gcc/x86_64-pc-elf/8.3.0/../../../../x86_64-pc-elf/bin/ld: 12439_3.cc:(.text._Z6test03v+0x114): undefined reference to `vtable for std::__cxx11::basic_stringbuf<wchar_t, std::char_traits<wchar_t>, std::allocator<wchar_t> >'
/usr/local/genode/tool/current/bin/../lib/gcc/x86_64-pc-elf/8.3.0/../../../../x86_64-pc-elf/bin/ld: 12439_3.cc:(.text._Z6test03v+0x156): undefined reference to `std::basic_ios<wchar_t, std::char_traits<wchar_t> >::init(std::basic_streambuf<wchar_t, std::char_traits<wchar_t> >*)'
/usr/local/genode/tool/current/bin/../lib/gcc/x86_64-pc-elf/8.3.0/../../../../x86_64-pc-elf/bin/ld: 12439_3.cc:(.text._Z6test03v+0x1fc): undefined reference to `std::time_put<wchar_t, std::ostreambuf_iterator<wchar_t, std::char_traits<wchar_t> > >::put(std::ostreambuf_iterator<wchar_t, std::char_traits<wchar_t> >, std::ios_base&, wchar_t, tm const*, wchar_t const*, wchar_t const*) const'
/usr/local/genode/tool/current/bin/../lib/gcc/x86_64-pc-elf/8.3.0/../../../../x86_64-pc-elf/bin/ld: 12439_3.cc:(.text._Z6test03v+0x23b): undefined reference to `vtable for std::time_put<wchar_t, std::ostreambuf_iterator<wchar_t, std::char_traits<wchar_t> > >'
/usr/local/genode/tool/current/bin/../lib/gcc/x86_64-pc-elf/8.3.0/../../../../x86_64-pc-elf/bin/ld: 12439_3.cc:(.text._Z6test03v+0x272): undefined reference to `vtable for std::__cxx11::basic_stringbuf<wchar_t, std::char_traits<wchar_t>, std::allocator<wchar_t> >'
/usr/local/genode/tool/current/bin/../lib/gcc/x86_64-pc-elf/8.3.0/../../../../x86_64-pc-elf/bin/ld: 12439_3.cc:(.text._Z6test03v+0x292): undefined reference to `vtable for std::basic_streambuf<wchar_t, std::char_traits<wchar_t> >'
/usr/local/genode/tool/current/bin/../lib/gcc/x86_64-pc-elf/8.3.0/../../../../x86_64-pc-elf/bin/ld: 12439_3.cc:(.text._Z6test03v+0x2cb): undefined reference to `vtable for std::basic_ios<wchar_t, std::char_traits<wchar_t> >'
/usr/local/genode/tool/current/bin/../lib/gcc/x86_64-pc-elf/8.3.0/../../../../x86_64-pc-elf/bin/ld: /tmp/cclcL87a.o:(.data.rel.ro._ZTI2TP[_ZTI2TP]+0x10): undefined reference to `typeinfo for std::time_put<wchar_t, std::ostreambuf_iterator<wchar_t, std::char_traits<wchar_t> > >'
collect2: error: ld returned 1 exit status
 status 1
compiler exited with status 1
FAIL: 22_locale/time_put/put/wchar_t/12439_3.cc (test for excess errors)
Excess errors:
/usr/local/genode/tool/current/bin/../lib/gcc/x86_64-pc-elf/8.3.0/../../../../x86_64-pc-elf/bin/ld: /tmp/cclcL87a.o: in function `TP::~TP()':
12439_3.cc:(.text._ZN2TPD2Ev[_ZN2TPD5Ev]+0x27): undefined reference to `vtable for std::time_put<wchar_t, std::ostreambuf_iterator<wchar_t, std::char_traits<wchar_t> > >'
/usr/local/genode/tool/current/bin/../lib/gcc/x86_64-pc-elf/8.3.0/../../../../x86_64-pc-elf/bin/ld: /tmp/cclcL87a.o: in function `TP::~TP()':
12439_3.cc:(.text._ZN2TPD0Ev[_ZN2TPD5Ev]+0x27): undefined reference to `vtable for std::time_put<wchar_t, std::ostreambuf_iterator<wchar_t, std::char_traits<wchar_t> > >'
/usr/local/genode/tool/current/bin/../lib/gcc/x86_64-pc-elf/8.3.0/../../../../x86_64-pc-elf/bin/ld: /tmp/cclcL87a.o: in function `test03() [clone .cold.22]':
12439_3.cc:(.text.unlikely._Z6test03v+0xc): undefined reference to `std::__cxx11::basic_ostringstream<wchar_t, std::char_traits<wchar_t>, std::allocator<wchar_t> >::~basic_ostringstream()'
/usr/local/genode/tool/current/bin/../lib/gcc/x86_64-pc-elf/8.3.0/../../../../x86_64-pc-elf/bin/ld: 12439_3.cc:(.text.unlikely._Z6test03v+0x1b): undefined reference to `vtable for std::__cxx11::basic_stringbuf<wchar_t, std::char_traits<wchar_t>, std::allocator<wchar_t> >'
/usr/local/genode/tool/current/bin/../lib/gcc/x86_64-pc-elf/8.3.0/../../../../x86_64-pc-elf/bin/ld: 12439_3.cc:(.text.unlikely._Z6test03v+0x42): undefined reference to `vtable for std::basic_streambuf<wchar_t, std::char_traits<wchar_t> >'
/usr/local/genode/tool/current/bin/../lib/gcc/x86_64-pc-elf/8.3.0/../../../../x86_64-pc-elf/bin/ld: 12439_3.cc:(.text.unlikely._Z6test03v+0x77): undefined reference to `vtable for std::basic_ios<wchar_t, std::char_traits<wchar_t> >'
/usr/local/genode/tool/current/bin/../lib/gcc/x86_64-pc-elf/8.3.0/../../../../x86_64-pc-elf/bin/ld: /tmp/cclcL87a.o: in function `test03()':
12439_3.cc:(.text._Z6test03v+0x27): undefined reference to `vtable for std::basic_ios<wchar_t, std::char_traits<wchar_t> >'
/usr/local/genode/tool/current/bin/../lib/gcc/x86_64-pc-elf/8.3.0/../../../../x86_64-pc-elf/bin/ld: 12439_3.cc:(.text._Z6test03v+0x4e): undefined reference to `VTT for std::__cxx11::basic_ostringstream<wchar_t, std::char_traits<wchar_t>, std::allocator<wchar_t> >'
/usr/local/genode/tool/current/bin/../lib/gcc/x86_64-pc-elf/8.3.0/../../../../x86_64-pc-elf/bin/ld: 12439_3.cc:(.text._Z6test03v+0x93): undefined reference to `std::basic_ios<wchar_t, std::char_traits<wchar_t> >::init(std::basic_streambuf<wchar_t, std::char_traits<wchar_t> >*)'
/usr/local/genode/tool/current/bin/../lib/gcc/x86_64-pc-elf/8.3.0/../../../../x86_64-pc-elf/bin/ld: 12439_3.cc:(.text._Z6test03v+0x9a): undefined reference to `vtable for std::__cxx11::basic_ostringstream<wchar_t, std::char_traits<wchar_t>, std::allocator<wchar_t> >'
/usr/local/genode/tool/current/bin/../lib/gcc/x86_64-pc-elf/8.3.0/../../../../x86_64-pc-elf/bin/ld: 12439_3.cc:(.text._Z6test03v+0xdc): undefined reference to `vtable for std::basic_streambuf<wchar_t, std::char_traits<wchar_t> >'
/usr/local/genode/tool/current/bin/../lib/gcc/x86_64-pc-elf/8.3.0/../../../../x86_64-pc-elf/bin/ld: 12439_3.cc:(.text._Z6test03v+0x114): undefined reference to `vtable for std::__cxx11::basic_stringbuf<wchar_t, std::char_traits<wchar_t>, std::allocator<wchar_t> >'
/usr/local/genode/tool/current/bin/../lib/gcc/x86_64-pc-elf/8.3.0/../../../../x86_64-pc-elf/bin/ld: 12439_3.cc:(.text._Z6test03v+0x156): undefined reference to `std::basic_ios<wchar_t, std::char_traits<wchar_t> >::init(std::basic_streambuf<wchar_t, std::char_traits<wchar_t> >*)'
/usr/local/genode/tool/current/bin/../lib/gcc/x86_64-pc-elf/8.3.0/../../../../x86_64-pc-elf/bin/ld: 12439_3.cc:(.text._Z6test03v+0x1fc): undefined reference to `std::time_put<wchar_t, std::ostreambuf_iterator<wchar_t, std::char_traits<wchar_t> > >::put(std::ostreambuf_iterator<wchar_t, std::char_traits<wchar_t> >, std::ios_base&, wchar_t, tm const*, wchar_t const*, wchar_t const*) const'
/usr/local/genode/tool/current/bin/../lib/gcc/x86_64-pc-elf/8.3.0/../../../../x86_64-pc-elf/bin/ld: 12439_3.cc:(.text._Z6test03v+0x23b): undefined reference to `vtable for std::time_put<wchar_t, std::ostreambuf_iterator<wchar_t, std::char_traits<wchar_t> > >'
/usr/local/genode/tool/current/bin/../lib/gcc/x86_64-pc-elf/8.3.0/../../../../x86_64-pc-elf/bin/ld: 12439_3.cc:(.text._Z6test03v+0x272): undefined reference to `vtable for std::__cxx11::basic_stringbuf<wchar_t, std::char_traits<wchar_t>, std::allocator<wchar_t> >'
/usr/local/genode/tool/current/bin/../lib/gcc/x86_64-pc-elf/8.3.0/../../../../x86_64-pc-elf/bin/ld: 12439_3.cc:(.text._Z6test03v+0x292): undefined reference to `vtable for std::basic_streambuf<wchar_t, std::char_traits<wchar_t> >'
/usr/local/genode/tool/current/bin/../lib/gcc/x86_64-pc-elf/8.3.0/../../../../x86_64-pc-elf/bin/ld: 12439_3.cc:(.text._Z6test03v+0x2cb): undefined reference to `vtable for std::basic_ios<wchar_t, std::char_traits<wchar_t> >'
/usr/local/genode/tool/current/bin/../lib/gcc/x86_64-pc-elf/8.3.0/../../../../x86_64-pc-elf/bin/ld: /tmp/cclcL87a.o:(.data.rel.ro._ZTI2TP[_ZTI2TP]+0x10): undefined reference to `typeinfo for std::time_put<wchar_t, std::ostreambuf_iterator<wchar_t, std::char_traits<wchar_t> > >'
collect2: error: ld returned 1 exit status

UNRESOLVED: 22_locale/time_put/put/wchar_t/12439_3.cc compilation failed to produce executable
