Testing char/1.cc
extra_tool_flags are:
  
doing compile
Executing on host: /usr/local/genode/tool/current/bin/genode-x86-g++ -fmessage-length=0 -fno-show-column -ffunction-sections -fdata-sections -fPIC -O2 -m64  -DLOCALEDIR="." -nostdinc -I/home/jws/develop/genode/depot/genodelabs/api/stdcxx/2020-10-07/include/stdcxx -I/home/jws/develop/genode/depot/genodelabs/api/stdcxx/2020-10-07/include/stdcxx/std -I/home/jws/develop/genode/depot/genodelabs/api/stdcxx/2020-10-07/include/stdcxx/c_global -I/home/jws/develop/genode/depot/genodelabs/api/libc/2020-10-07/include/spec/x86_64/libc -I/home/jws/develop/genode/depot/genodelabs/api/libc/2020-10-07/include/spec/x86_64 -I/home/jws/develop/genode/depot/genodelabs/api/libc/2020-10-07/include/spec/x86/libc -I/home/jws/develop/genode/depot/genodelabs/api/libc/2020-10-07/include/spec/x86 -I/home/jws/develop/genode/depot/genodelabs/api/libc/2020-10-07/include/libc-genode -I/home/jws/develop/genode/depot/genodelabs/api/libc/2020-10-07/include/libc -I/home/jws/develop/genode/depot/genodelabs/api/libc/2020-10-07/include -I/home/jws/develop/genode/depot/genodelabs/api/base/2020-10-07/include/spec/x86_64 -I/home/jws/develop/genode/depot/genodelabs/api/base/2020-10-07/include/spec/x86 -I/home/jws/develop/genode/depot/genodelabs/api/base/2020-10-07/include/spec/64bit -I/home/jws/develop/genode/depot/genodelabs/api/base/2020-10-07/include -I/usr/local/genode/tool/current/x86_64-pc-elf/include/c++/8.3.0/x86_64-pc-elf/64 -I/usr/local/genode/tool/current/lib/gcc/x86_64-pc-elf/8.3.0/include -I/home/jws/develop/genode-libstdcxx-testsuite/var/src/stdcxx-80f380143250d4f951433876698b54fdac32b95f/src/lib/stdcxx/include/backward -I/home/jws/develop/genode-libstdcxx-testsuite/var/src/stdcxx-80f380143250d4f951433876698b54fdac32b95f/src/lib/stdcxx/testsuite/util /home/jws/develop/genode-libstdcxx-testsuite/var/src/stdcxx-80f380143250d4f951433876698b54fdac32b95f/src/lib/stdcxx/testsuite/26_numerics/complex/inserters_extractors/char/1.cc      -fno-diagnostics-show-caret -fdiagnostics-color=never ./libtestc++.a -Wl,-melf_x86_64 -Wl,-gc-sections -Wl,-z -Wl,max-page-size=0x1000 -Wl,-Ttext=0x01000000 -Wl,--dynamic-linker=ld.lib.so -Wl,--dynamic-list=/home/jws/develop/genode/repos/base/src/ld/genode_dyn.dl -Wl,--eh-frame-hdr -Wl,-rpath-link=. -Wl,-T -Wl,/home/jws/develop/genode/repos/base/src/ld/genode_dyn.ld -l:libc.lib.so -l:libm.lib.so -l:posix.lib.so -nostdlib /usr/local/genode/tool/current/lib/gcc/x86_64-pc-elf/8.3.0/64/libgcc.a -L/home/jws/develop/genode-libstdcxx-testsuite/var/abi -l:stdcxx.lib.so -l:ld.lib.so    -o ./1.exe    (timeout = 600)
spawn -ignore SIGHUP /usr/local/genode/tool/current/bin/genode-x86-g++ -fmessage-length=0 -fno-show-column -ffunction-sections -fdata-sections -fPIC -O2 -m64 -DLOCALEDIR="." -nostdinc -I/home/jws/develop/genode/depot/genodelabs/api/stdcxx/2020-10-07/include/stdcxx -I/home/jws/develop/genode/depot/genodelabs/api/stdcxx/2020-10-07/include/stdcxx/std -I/home/jws/develop/genode/depot/genodelabs/api/stdcxx/2020-10-07/include/stdcxx/c_global -I/home/jws/develop/genode/depot/genodelabs/api/libc/2020-10-07/include/spec/x86_64/libc -I/home/jws/develop/genode/depot/genodelabs/api/libc/2020-10-07/include/spec/x86_64 -I/home/jws/develop/genode/depot/genodelabs/api/libc/2020-10-07/include/spec/x86/libc -I/home/jws/develop/genode/depot/genodelabs/api/libc/2020-10-07/include/spec/x86 -I/home/jws/develop/genode/depot/genodelabs/api/libc/2020-10-07/include/libc-genode -I/home/jws/develop/genode/depot/genodelabs/api/libc/2020-10-07/include/libc -I/home/jws/develop/genode/depot/genodelabs/api/libc/2020-10-07/include -I/home/jws/develop/genode/depot/genodelabs/api/base/2020-10-07/include/spec/x86_64 -I/home/jws/develop/genode/depot/genodelabs/api/base/2020-10-07/include/spec/x86 -I/home/jws/develop/genode/depot/genodelabs/api/base/2020-10-07/include/spec/64bit -I/home/jws/develop/genode/depot/genodelabs/api/base/2020-10-07/include -I/usr/local/genode/tool/current/x86_64-pc-elf/include/c++/8.3.0/x86_64-pc-elf/64 -I/usr/local/genode/tool/current/lib/gcc/x86_64-pc-elf/8.3.0/include -I/home/jws/develop/genode-libstdcxx-testsuite/var/src/stdcxx-80f380143250d4f951433876698b54fdac32b95f/src/lib/stdcxx/include/backward -I/home/jws/develop/genode-libstdcxx-testsuite/var/src/stdcxx-80f380143250d4f951433876698b54fdac32b95f/src/lib/stdcxx/testsuite/util /home/jws/develop/genode-libstdcxx-testsuite/var/src/stdcxx-80f380143250d4f951433876698b54fdac32b95f/src/lib/stdcxx/testsuite/26_numerics/complex/inserters_extractors/char/1.cc -fno-diagnostics-show-caret -fdiagnostics-color=never ./libtestc++.a -Wl,-melf_x86_64 -Wl,-gc-sections -Wl,-z -Wl,max-page-size=0x1000 -Wl,-Ttext=0x01000000 -Wl,--dynamic-linker=ld.lib.so -Wl,--dynamic-list=/home/jws/develop/genode/repos/base/src/ld/genode_dyn.dl -Wl,--eh-frame-hdr -Wl,-rpath-link=. -Wl,-T -Wl,/home/jws/develop/genode/repos/base/src/ld/genode_dyn.ld -l:libc.lib.so -l:libm.lib.so -l:posix.lib.so -nostdlib /usr/local/genode/tool/current/lib/gcc/x86_64-pc-elf/8.3.0/64/libgcc.a -L/home/jws/develop/genode-libstdcxx-testsuite/var/abi -l:stdcxx.lib.so -l:ld.lib.so -o ./1.exe
pid is 6779 -6779
/usr/local/genode/tool/current/bin/../lib/gcc/x86_64-pc-elf/8.3.0/../../../../x86_64-pc-elf/bin/ld: /tmp/cc6UjSLs.o: in function `test01()':
1.cc:(.text._Z6test01v+0x1e9): undefined reference to `std::basic_ostream<char, std::char_traits<char> >& std::operator<< <float, char, std::char_traits<char> >(std::basic_ostream<char, std::char_traits<char> >&, std::complex<float> const&)'
/usr/local/genode/tool/current/bin/../lib/gcc/x86_64-pc-elf/8.3.0/../../../../x86_64-pc-elf/bin/ld: /tmp/cc6UjSLs.o: in function `int test_good<float>(std::__cxx11::basic_string<char, std::char_traits<char>, std::allocator<char> >, float, float)':
1.cc:(.text._Z9test_goodIfEiNSt7__cxx1112basic_stringIcSt11char_traitsIcESaIcEEET_S6_[_Z9test_goodIfEiNSt7__cxx1112basic_stringIcSt11char_traitsIcESaIcEEET_S6_]+0x4f): undefined reference to `std::basic_istream<char, std::char_traits<char> >& std::operator>><float, char, std::char_traits<char> >(std::basic_istream<char, std::char_traits<char> >&, std::complex<float>&)'
/usr/local/genode/tool/current/bin/../lib/gcc/x86_64-pc-elf/8.3.0/../../../../x86_64-pc-elf/bin/ld: /tmp/cc6UjSLs.o: in function `int test_good<double>(std::__cxx11::basic_string<char, std::char_traits<char>, std::allocator<char> >, double, double)':
1.cc:(.text._Z9test_goodIdEiNSt7__cxx1112basic_stringIcSt11char_traitsIcESaIcEEET_S6_[_Z9test_goodIdEiNSt7__cxx1112basic_stringIcSt11char_traitsIcESaIcEEET_S6_]+0x4e): undefined reference to `std::basic_istream<char, std::char_traits<char> >& std::operator>><double, char, std::char_traits<char> >(std::basic_istream<char, std::char_traits<char> >&, std::complex<double>&)'
/usr/local/genode/tool/current/bin/../lib/gcc/x86_64-pc-elf/8.3.0/../../../../x86_64-pc-elf/bin/ld: /tmp/cc6UjSLs.o: in function `int test_good<long double>(std::__cxx11::basic_string<char, std::char_traits<char>, std::allocator<char> >, long double, long double)':
1.cc:(.text._Z9test_goodIeEiNSt7__cxx1112basic_stringIcSt11char_traitsIcESaIcEEET_S6_[_Z9test_goodIeEiNSt7__cxx1112basic_stringIcSt11char_traitsIcESaIcEEET_S6_]+0x3b): undefined reference to `std::basic_istream<char, std::char_traits<char> >& std::operator>><long double, char, std::char_traits<char> >(std::basic_istream<char, std::char_traits<char> >&, std::complex<long double>&)'
/usr/local/genode/tool/current/bin/../lib/gcc/x86_64-pc-elf/8.3.0/../../../../x86_64-pc-elf/bin/ld: /tmp/cc6UjSLs.o: in function `int test_fail<double>(std::__cxx11::basic_string<char, std::char_traits<char>, std::allocator<char> >)':
1.cc:(.text._Z9test_failIdEiNSt7__cxx1112basic_stringIcSt11char_traitsIcESaIcEEE[_Z9test_failIdEiNSt7__cxx1112basic_stringIcSt11char_traitsIcESaIcEEE]+0x199): undefined reference to `std::basic_istream<char, std::char_traits<char> >& std::operator>><double, char, std::char_traits<char> >(std::basic_istream<char, std::char_traits<char> >&, std::complex<double>&)'
/usr/local/genode/tool/current/bin/../lib/gcc/x86_64-pc-elf/8.3.0/../../../../x86_64-pc-elf/bin/ld: /tmp/cc6UjSLs.o: in function `int test_fail<float>(std::__cxx11::basic_string<char, std::char_traits<char>, std::allocator<char> >)':
1.cc:(.text._Z9test_failIfEiNSt7__cxx1112basic_stringIcSt11char_traitsIcESaIcEEE[_Z9test_failIfEiNSt7__cxx1112basic_stringIcSt11char_traitsIcESaIcEEE]+0x19c): undefined reference to `std::basic_istream<char, std::char_traits<char> >& std::operator>><float, char, std::char_traits<char> >(std::basic_istream<char, std::char_traits<char> >&, std::complex<float>&)'
/usr/local/genode/tool/current/bin/../lib/gcc/x86_64-pc-elf/8.3.0/../../../../x86_64-pc-elf/bin/ld: /tmp/cc6UjSLs.o: in function `int test_fail<long double>(std::__cxx11::basic_string<char, std::char_traits<char>, std::allocator<char> >)':
1.cc:(.text._Z9test_failIeEiNSt7__cxx1112basic_stringIcSt11char_traitsIcESaIcEEE[_Z9test_failIeEiNSt7__cxx1112basic_stringIcSt11char_traitsIcESaIcEEE]+0x191): undefined reference to `std::basic_istream<char, std::char_traits<char> >& std::operator>><long double, char, std::char_traits<char> >(std::basic_istream<char, std::char_traits<char> >&, std::complex<long double>&)'
/usr/local/genode/tool/current/bin/../lib/gcc/x86_64-pc-elf/8.3.0/../../../../x86_64-pc-elf/bin/ld: /tmp/cc6UjSLs.o: in function `std::__numpunct_cache<char>::_M_cache(std::locale const&)':
1.cc:(.text._ZNSt16__numpunct_cacheIcE8_M_cacheERKSt6locale[_ZNSt16__numpunct_cacheIcE8_M_cacheERKSt6locale]+0x1b): undefined reference to `std::__cxx11::numpunct<char> const& std::use_facet<std::__cxx11::numpunct<char> >(std::locale const&)'
/usr/local/genode/tool/current/bin/../lib/gcc/x86_64-pc-elf/8.3.0/../../../../x86_64-pc-elf/bin/ld: /tmp/cc6UjSLs.o: in function `std::__use_cache<std::__numpunct_cache<char> >::operator()(std::locale const&) const':
1.cc:(.text._ZNKSt11__use_cacheISt16__numpunct_cacheIcEEclERKSt6locale[_ZNKSt11__use_cacheISt16__numpunct_cacheIcEEclERKSt6locale]+0x10): undefined reference to `std::__cxx11::numpunct<char>::id'
/usr/local/genode/tool/current/bin/../lib/gcc/x86_64-pc-elf/8.3.0/../../../../x86_64-pc-elf/bin/ld: /tmp/cc6UjSLs.o: in function `std::num_get<char, std::istreambuf_iterator<char, gnu_char_traits> >::do_get(std::istreambuf_iterator<char, gnu_char_traits>, std::istreambuf_iterator<char, gnu_char_traits>, std::ios_base&, std::_Ios_Iostate&, long double&) const':
1.cc:(.text._ZNKSt7num_getIcSt19istreambuf_iteratorIc15gnu_char_traitsEE6do_getES2_S2_RSt8ios_baseRSt12_Ios_IostateRe[_ZNKSt7num_getIcSt19istreambuf_iteratorIc15gnu_char_traitsEE6do_getES2_S2_RSt8ios_baseRSt12_Ios_IostateRe]+0x95): undefined reference to `void std::__convert_to_v<long double>(char const*, long double&, std::_Ios_Iostate&, int* const&)'
/usr/local/genode/tool/current/bin/../lib/gcc/x86_64-pc-elf/8.3.0/../../../../x86_64-pc-elf/bin/ld: /tmp/cc6UjSLs.o: in function `std::num_get<char, std::istreambuf_iterator<char, gnu_char_traits> >::do_get(std::istreambuf_iterator<char, gnu_char_traits>, std::istreambuf_iterator<char, gnu_char_traits>, std::ios_base&, std::_Ios_Iostate&, double&) const':
1.cc:(.text._ZNKSt7num_getIcSt19istreambuf_iteratorIc15gnu_char_traitsEE6do_getES2_S2_RSt8ios_baseRSt12_Ios_IostateRd[_ZNKSt7num_getIcSt19istreambuf_iteratorIc15gnu_char_traitsEE6do_getES2_S2_RSt8ios_baseRSt12_Ios_IostateRd]+0x95): undefined reference to `void std::__convert_to_v<double>(char const*, double&, std::_Ios_Iostate&, int* const&)'
/usr/local/genode/tool/current/bin/../lib/gcc/x86_64-pc-elf/8.3.0/../../../../x86_64-pc-elf/bin/ld: /tmp/cc6UjSLs.o: in function `std::num_get<char, std::istreambuf_iterator<char, gnu_char_traits> >::do_get(std::istreambuf_iterator<char, gnu_char_traits>, std::istreambuf_iterator<char, gnu_char_traits>, std::ios_base&, std::_Ios_Iostate&, float&) const':
1.cc:(.text._ZNKSt7num_getIcSt19istreambuf_iteratorIc15gnu_char_traitsEE6do_getES2_S2_RSt8ios_baseRSt12_Ios_IostateRf[_ZNKSt7num_getIcSt19istreambuf_iteratorIc15gnu_char_traitsEE6do_getES2_S2_RSt8ios_baseRSt12_Ios_IostateRf]+0x95): undefined reference to `void std::__convert_to_v<float>(char const*, float&, std::_Ios_Iostate&, int* const&)'
collect2: error: ld returned 1 exit status
pid is -1
close result is 6779 exp7 0 1
output is /usr/local/genode/tool/current/bin/../lib/gcc/x86_64-pc-elf/8.3.0/../../../../x86_64-pc-elf/bin/ld: /tmp/cc6UjSLs.o: in function `test01()':
1.cc:(.text._Z6test01v+0x1e9): undefined reference to `std::basic_ostream<char, std::char_traits<char> >& std::operator<< <float, char, std::char_traits<char> >(std::basic_ostream<char, std::char_traits<char> >&, std::complex<float> const&)'
/usr/local/genode/tool/current/bin/../lib/gcc/x86_64-pc-elf/8.3.0/../../../../x86_64-pc-elf/bin/ld: /tmp/cc6UjSLs.o: in function `int test_good<float>(std::__cxx11::basic_string<char, std::char_traits<char>, std::allocator<char> >, float, float)':
1.cc:(.text._Z9test_goodIfEiNSt7__cxx1112basic_stringIcSt11char_traitsIcESaIcEEET_S6_[_Z9test_goodIfEiNSt7__cxx1112basic_stringIcSt11char_traitsIcESaIcEEET_S6_]+0x4f): undefined reference to `std::basic_istream<char, std::char_traits<char> >& std::operator>><float, char, std::char_traits<char> >(std::basic_istream<char, std::char_traits<char> >&, std::complex<float>&)'
/usr/local/genode/tool/current/bin/../lib/gcc/x86_64-pc-elf/8.3.0/../../../../x86_64-pc-elf/bin/ld: /tmp/cc6UjSLs.o: in function `int test_good<double>(std::__cxx11::basic_string<char, std::char_traits<char>, std::allocator<char> >, double, double)':
1.cc:(.text._Z9test_goodIdEiNSt7__cxx1112basic_stringIcSt11char_traitsIcESaIcEEET_S6_[_Z9test_goodIdEiNSt7__cxx1112basic_stringIcSt11char_traitsIcESaIcEEET_S6_]+0x4e): undefined reference to `std::basic_istream<char, std::char_traits<char> >& std::operator>><double, char, std::char_traits<char> >(std::basic_istream<char, std::char_traits<char> >&, std::complex<double>&)'
/usr/local/genode/tool/current/bin/../lib/gcc/x86_64-pc-elf/8.3.0/../../../../x86_64-pc-elf/bin/ld: /tmp/cc6UjSLs.o: in function `int test_good<long double>(std::__cxx11::basic_string<char, std::char_traits<char>, std::allocator<char> >, long double, long double)':
1.cc:(.text._Z9test_goodIeEiNSt7__cxx1112basic_stringIcSt11char_traitsIcESaIcEEET_S6_[_Z9test_goodIeEiNSt7__cxx1112basic_stringIcSt11char_traitsIcESaIcEEET_S6_]+0x3b): undefined reference to `std::basic_istream<char, std::char_traits<char> >& std::operator>><long double, char, std::char_traits<char> >(std::basic_istream<char, std::char_traits<char> >&, std::complex<long double>&)'
/usr/local/genode/tool/current/bin/../lib/gcc/x86_64-pc-elf/8.3.0/../../../../x86_64-pc-elf/bin/ld: /tmp/cc6UjSLs.o: in function `int test_fail<double>(std::__cxx11::basic_string<char, std::char_traits<char>, std::allocator<char> >)':
1.cc:(.text._Z9test_failIdEiNSt7__cxx1112basic_stringIcSt11char_traitsIcESaIcEEE[_Z9test_failIdEiNSt7__cxx1112basic_stringIcSt11char_traitsIcESaIcEEE]+0x199): undefined reference to `std::basic_istream<char, std::char_traits<char> >& std::operator>><double, char, std::char_traits<char> >(std::basic_istream<char, std::char_traits<char> >&, std::complex<double>&)'
/usr/local/genode/tool/current/bin/../lib/gcc/x86_64-pc-elf/8.3.0/../../../../x86_64-pc-elf/bin/ld: /tmp/cc6UjSLs.o: in function `int test_fail<float>(std::__cxx11::basic_string<char, std::char_traits<char>, std::allocator<char> >)':
1.cc:(.text._Z9test_failIfEiNSt7__cxx1112basic_stringIcSt11char_traitsIcESaIcEEE[_Z9test_failIfEiNSt7__cxx1112basic_stringIcSt11char_traitsIcESaIcEEE]+0x19c): undefined reference to `std::basic_istream<char, std::char_traits<char> >& std::operator>><float, char, std::char_traits<char> >(std::basic_istream<char, std::char_traits<char> >&, std::complex<float>&)'
/usr/local/genode/tool/current/bin/../lib/gcc/x86_64-pc-elf/8.3.0/../../../../x86_64-pc-elf/bin/ld: /tmp/cc6UjSLs.o: in function `int test_fail<long double>(std::__cxx11::basic_string<char, std::char_traits<char>, std::allocator<char> >)':
1.cc:(.text._Z9test_failIeEiNSt7__cxx1112basic_stringIcSt11char_traitsIcESaIcEEE[_Z9test_failIeEiNSt7__cxx1112basic_stringIcSt11char_traitsIcESaIcEEE]+0x191): undefined reference to `std::basic_istream<char, std::char_traits<char> >& std::operator>><long double, char, std::char_traits<char> >(std::basic_istream<char, std::char_traits<char> >&, std::complex<long double>&)'
/usr/local/genode/tool/current/bin/../lib/gcc/x86_64-pc-elf/8.3.0/../../../../x86_64-pc-elf/bin/ld: /tmp/cc6UjSLs.o: in function `std::__numpunct_cache<char>::_M_cache(std::locale const&)':
1.cc:(.text._ZNSt16__numpunct_cacheIcE8_M_cacheERKSt6locale[_ZNSt16__numpunct_cacheIcE8_M_cacheERKSt6locale]+0x1b): undefined reference to `std::__cxx11::numpunct<char> const& std::use_facet<std::__cxx11::numpunct<char> >(std::locale const&)'
/usr/local/genode/tool/current/bin/../lib/gcc/x86_64-pc-elf/8.3.0/../../../../x86_64-pc-elf/bin/ld: /tmp/cc6UjSLs.o: in function `std::__use_cache<std::__numpunct_cache<char> >::operator()(std::locale const&) const':
1.cc:(.text._ZNKSt11__use_cacheISt16__numpunct_cacheIcEEclERKSt6locale[_ZNKSt11__use_cacheISt16__numpunct_cacheIcEEclERKSt6locale]+0x10): undefined reference to `std::__cxx11::numpunct<char>::id'
/usr/local/genode/tool/current/bin/../lib/gcc/x86_64-pc-elf/8.3.0/../../../../x86_64-pc-elf/bin/ld: /tmp/cc6UjSLs.o: in function `std::num_get<char, std::istreambuf_iterator<char, gnu_char_traits> >::do_get(std::istreambuf_iterator<char, gnu_char_traits>, std::istreambuf_iterator<char, gnu_char_traits>, std::ios_base&, std::_Ios_Iostate&, long double&) const':
1.cc:(.text._ZNKSt7num_getIcSt19istreambuf_iteratorIc15gnu_char_traitsEE6do_getES2_S2_RSt8ios_baseRSt12_Ios_IostateRe[_ZNKSt7num_getIcSt19istreambuf_iteratorIc15gnu_char_traitsEE6do_getES2_S2_RSt8ios_baseRSt12_Ios_IostateRe]+0x95): undefined reference to `void std::__convert_to_v<long double>(char const*, long double&, std::_Ios_Iostate&, int* const&)'
/usr/local/genode/tool/current/bin/../lib/gcc/x86_64-pc-elf/8.3.0/../../../../x86_64-pc-elf/bin/ld: /tmp/cc6UjSLs.o: in function `std::num_get<char, std::istreambuf_iterator<char, gnu_char_traits> >::do_get(std::istreambuf_iterator<char, gnu_char_traits>, std::istreambuf_iterator<char, gnu_char_traits>, std::ios_base&, std::_Ios_Iostate&, double&) const':
1.cc:(.text._ZNKSt7num_getIcSt19istreambuf_iteratorIc15gnu_char_traitsEE6do_getES2_S2_RSt8ios_baseRSt12_Ios_IostateRd[_ZNKSt7num_getIcSt19istreambuf_iteratorIc15gnu_char_traitsEE6do_getES2_S2_RSt8ios_baseRSt12_Ios_IostateRd]+0x95): undefined reference to `void std::__convert_to_v<double>(char const*, double&, std::_Ios_Iostate&, int* const&)'
/usr/local/genode/tool/current/bin/../lib/gcc/x86_64-pc-elf/8.3.0/../../../../x86_64-pc-elf/bin/ld: /tmp/cc6UjSLs.o: in function `std::num_get<char, std::istreambuf_iterator<char, gnu_char_traits> >::do_get(std::istreambuf_iterator<char, gnu_char_traits>, std::istreambuf_iterator<char, gnu_char_traits>, std::ios_base&, std::_Ios_Iostate&, float&) const':
1.cc:(.text._ZNKSt7num_getIcSt19istreambuf_iteratorIc15gnu_char_traitsEE6do_getES2_S2_RSt8ios_baseRSt12_Ios_IostateRf[_ZNKSt7num_getIcSt19istreambuf_iteratorIc15gnu_char_traitsEE6do_getES2_S2_RSt8ios_baseRSt12_Ios_IostateRf]+0x95): undefined reference to `void std::__convert_to_v<float>(char const*, float&, std::_Ios_Iostate&, int* const&)'
collect2: error: ld returned 1 exit status
 status 1
compiler exited with status 1
FAIL: 26_numerics/complex/inserters_extractors/char/1.cc (test for excess errors)
