Testing cmath/60401.cc
extra_tool_flags are:
  
doing compile
Executing on host: /usr/local/genode/tool/current/bin/genode-x86-g++ -fmessage-length=0 -fno-show-column -ffunction-sections -fdata-sections -fPIC -O2 -m64  -DLOCALEDIR="." -nostdinc -I/home/jws/develop/genode/depot/genodelabs/api/stdcxx/2020-10-07/include/stdcxx -I/home/jws/develop/genode/depot/genodelabs/api/stdcxx/2020-10-07/include/stdcxx/std -I/home/jws/develop/genode/depot/genodelabs/api/stdcxx/2020-10-07/include/stdcxx/c_global -I/home/jws/develop/genode/depot/genodelabs/api/libc/2020-10-07/include/spec/x86_64/libc -I/home/jws/develop/genode/depot/genodelabs/api/libc/2020-10-07/include/spec/x86_64 -I/home/jws/develop/genode/depot/genodelabs/api/libc/2020-10-07/include/spec/x86/libc -I/home/jws/develop/genode/depot/genodelabs/api/libc/2020-10-07/include/spec/x86 -I/home/jws/develop/genode/depot/genodelabs/api/libc/2020-10-07/include/libc-genode -I/home/jws/develop/genode/depot/genodelabs/api/libc/2020-10-07/include/libc -I/home/jws/develop/genode/depot/genodelabs/api/libc/2020-10-07/include -I/home/jws/develop/genode/depot/genodelabs/api/base/2020-10-07/include/spec/x86_64 -I/home/jws/develop/genode/depot/genodelabs/api/base/2020-10-07/include/spec/x86 -I/home/jws/develop/genode/depot/genodelabs/api/base/2020-10-07/include/spec/64bit -I/home/jws/develop/genode/depot/genodelabs/api/base/2020-10-07/include -I/usr/local/genode/tool/current/x86_64-pc-elf/include/c++/8.3.0/x86_64-pc-elf/64 -I/usr/local/genode/tool/current/lib/gcc/x86_64-pc-elf/8.3.0/include -I/home/jws/develop/genode-libstdcxx-testsuite/var/src/stdcxx-80f380143250d4f951433876698b54fdac32b95f/src/lib/stdcxx/include/backward -I/home/jws/develop/genode-libstdcxx-testsuite/var/src/stdcxx-80f380143250d4f951433876698b54fdac32b95f/src/lib/stdcxx/testsuite/util /home/jws/develop/genode-libstdcxx-testsuite/var/src/stdcxx-80f380143250d4f951433876698b54fdac32b95f/src/lib/stdcxx/testsuite/26_numerics/headers/cmath/60401.cc      -fno-diagnostics-show-caret -fdiagnostics-color=never -S -o 60401.s    (timeout = 600)
spawn -ignore SIGHUP /usr/local/genode/tool/current/bin/genode-x86-g++ -fmessage-length=0 -fno-show-column -ffunction-sections -fdata-sections -fPIC -O2 -m64 -DLOCALEDIR="." -nostdinc -I/home/jws/develop/genode/depot/genodelabs/api/stdcxx/2020-10-07/include/stdcxx -I/home/jws/develop/genode/depot/genodelabs/api/stdcxx/2020-10-07/include/stdcxx/std -I/home/jws/develop/genode/depot/genodelabs/api/stdcxx/2020-10-07/include/stdcxx/c_global -I/home/jws/develop/genode/depot/genodelabs/api/libc/2020-10-07/include/spec/x86_64/libc -I/home/jws/develop/genode/depot/genodelabs/api/libc/2020-10-07/include/spec/x86_64 -I/home/jws/develop/genode/depot/genodelabs/api/libc/2020-10-07/include/spec/x86/libc -I/home/jws/develop/genode/depot/genodelabs/api/libc/2020-10-07/include/spec/x86 -I/home/jws/develop/genode/depot/genodelabs/api/libc/2020-10-07/include/libc-genode -I/home/jws/develop/genode/depot/genodelabs/api/libc/2020-10-07/include/libc -I/home/jws/develop/genode/depot/genodelabs/api/libc/2020-10-07/include -I/home/jws/develop/genode/depot/genodelabs/api/base/2020-10-07/include/spec/x86_64 -I/home/jws/develop/genode/depot/genodelabs/api/base/2020-10-07/include/spec/x86 -I/home/jws/develop/genode/depot/genodelabs/api/base/2020-10-07/include/spec/64bit -I/home/jws/develop/genode/depot/genodelabs/api/base/2020-10-07/include -I/usr/local/genode/tool/current/x86_64-pc-elf/include/c++/8.3.0/x86_64-pc-elf/64 -I/usr/local/genode/tool/current/lib/gcc/x86_64-pc-elf/8.3.0/include -I/home/jws/develop/genode-libstdcxx-testsuite/var/src/stdcxx-80f380143250d4f951433876698b54fdac32b95f/src/lib/stdcxx/include/backward -I/home/jws/develop/genode-libstdcxx-testsuite/var/src/stdcxx-80f380143250d4f951433876698b54fdac32b95f/src/lib/stdcxx/testsuite/util /home/jws/develop/genode-libstdcxx-testsuite/var/src/stdcxx-80f380143250d4f951433876698b54fdac32b95f/src/lib/stdcxx/testsuite/26_numerics/headers/cmath/60401.cc -fno-diagnostics-show-caret -fdiagnostics-color=never -S -o 60401.s
pid is 7079 -7079
/home/jws/develop/genode-libstdcxx-testsuite/var/src/stdcxx-80f380143250d4f951433876698b54fdac32b95f/src/lib/stdcxx/testsuite/26_numerics/headers/cmath/60401.cc:29: error: '::abs' has not been declared
/home/jws/develop/genode-libstdcxx-testsuite/var/src/stdcxx-80f380143250d4f951433876698b54fdac32b95f/src/lib/stdcxx/testsuite/26_numerics/headers/cmath/60401.cc:29: note: suggested alternative:
/home/jws/develop/genode-libstdcxx-testsuite/var/src/stdcxx-80f380143250d4f951433876698b54fdac32b95f/src/lib/stdcxx/testsuite/26_numerics/headers/cmath/60401.cc:29: note:   'test::abs'
pid is -1
close result is 7079 exp7 0 1
output is /home/jws/develop/genode-libstdcxx-testsuite/var/src/stdcxx-80f380143250d4f951433876698b54fdac32b95f/src/lib/stdcxx/testsuite/26_numerics/headers/cmath/60401.cc:29: error: '::abs' has not been declared
/home/jws/develop/genode-libstdcxx-testsuite/var/src/stdcxx-80f380143250d4f951433876698b54fdac32b95f/src/lib/stdcxx/testsuite/26_numerics/headers/cmath/60401.cc:29: note: suggested alternative:
/home/jws/develop/genode-libstdcxx-testsuite/var/src/stdcxx-80f380143250d4f951433876698b54fdac32b95f/src/lib/stdcxx/testsuite/26_numerics/headers/cmath/60401.cc:29: note:   'test::abs'
 status 1
compiler exited with status 1
FAIL: 26_numerics/headers/cmath/60401.cc (test for excess errors)
