Testing imbue/14072.cc
extra_tool_flags are:
  
doing compile
Executing on host: /usr/local/genode/tool/current/bin/genode-x86-g++ -fmessage-length=0 -fno-show-column -ffunction-sections -fdata-sections -fPIC -O2 -m64  -DLOCALEDIR="." -nostdinc -I/home/jws/develop/genode/depot/genodelabs/api/stdcxx/2020-10-07/include/stdcxx -I/home/jws/develop/genode/depot/genodelabs/api/stdcxx/2020-10-07/include/stdcxx/std -I/home/jws/develop/genode/depot/genodelabs/api/stdcxx/2020-10-07/include/stdcxx/c_global -I/home/jws/develop/genode/depot/genodelabs/api/libc/2020-10-07/include/spec/x86_64/libc -I/home/jws/develop/genode/depot/genodelabs/api/libc/2020-10-07/include/spec/x86_64 -I/home/jws/develop/genode/depot/genodelabs/api/libc/2020-10-07/include/spec/x86/libc -I/home/jws/develop/genode/depot/genodelabs/api/libc/2020-10-07/include/spec/x86 -I/home/jws/develop/genode/depot/genodelabs/api/libc/2020-10-07/include/libc-genode -I/home/jws/develop/genode/depot/genodelabs/api/libc/2020-10-07/include/libc -I/home/jws/develop/genode/depot/genodelabs/api/libc/2020-10-07/include -I/home/jws/develop/genode/depot/genodelabs/api/base/2020-10-07/include/spec/x86_64 -I/home/jws/develop/genode/depot/genodelabs/api/base/2020-10-07/include/spec/x86 -I/home/jws/develop/genode/depot/genodelabs/api/base/2020-10-07/include/spec/64bit -I/home/jws/develop/genode/depot/genodelabs/api/base/2020-10-07/include -I/usr/local/genode/tool/current/x86_64-pc-elf/include/c++/8.3.0/x86_64-pc-elf/64 -I/usr/local/genode/tool/current/lib/gcc/x86_64-pc-elf/8.3.0/include -I/home/jws/develop/genode-libstdcxx-testsuite/var/src/stdcxx-80f380143250d4f951433876698b54fdac32b95f/src/lib/stdcxx/include/backward -I/home/jws/develop/genode-libstdcxx-testsuite/var/src/stdcxx-80f380143250d4f951433876698b54fdac32b95f/src/lib/stdcxx/testsuite/util /home/jws/develop/genode-libstdcxx-testsuite/var/src/stdcxx-80f380143250d4f951433876698b54fdac32b95f/src/lib/stdcxx/testsuite/27_io/basic_ios/imbue/14072.cc      -fno-diagnostics-show-caret -fdiagnostics-color=never ./libtestc++.a -Wl,-melf_x86_64 -Wl,-gc-sections -Wl,-z -Wl,max-page-size=0x1000 -Wl,-Ttext=0x01000000 -Wl,--dynamic-linker=ld.lib.so -Wl,--dynamic-list=/home/jws/develop/genode/repos/base/src/ld/genode_dyn.dl -Wl,--eh-frame-hdr -Wl,-rpath-link=. -Wl,-T -Wl,/home/jws/develop/genode/repos/base/src/ld/genode_dyn.ld -l:libc.lib.so -l:libm.lib.so -l:posix.lib.so -nostdlib /usr/local/genode/tool/current/lib/gcc/x86_64-pc-elf/8.3.0/64/libgcc.a -L/home/jws/develop/genode-libstdcxx-testsuite/var/abi -l:stdcxx.lib.so -l:ld.lib.so    -o ./14072.exe    (timeout = 600)
spawn -ignore SIGHUP /usr/local/genode/tool/current/bin/genode-x86-g++ -fmessage-length=0 -fno-show-column -ffunction-sections -fdata-sections -fPIC -O2 -m64 -DLOCALEDIR="." -nostdinc -I/home/jws/develop/genode/depot/genodelabs/api/stdcxx/2020-10-07/include/stdcxx -I/home/jws/develop/genode/depot/genodelabs/api/stdcxx/2020-10-07/include/stdcxx/std -I/home/jws/develop/genode/depot/genodelabs/api/stdcxx/2020-10-07/include/stdcxx/c_global -I/home/jws/develop/genode/depot/genodelabs/api/libc/2020-10-07/include/spec/x86_64/libc -I/home/jws/develop/genode/depot/genodelabs/api/libc/2020-10-07/include/spec/x86_64 -I/home/jws/develop/genode/depot/genodelabs/api/libc/2020-10-07/include/spec/x86/libc -I/home/jws/develop/genode/depot/genodelabs/api/libc/2020-10-07/include/spec/x86 -I/home/jws/develop/genode/depot/genodelabs/api/libc/2020-10-07/include/libc-genode -I/home/jws/develop/genode/depot/genodelabs/api/libc/2020-10-07/include/libc -I/home/jws/develop/genode/depot/genodelabs/api/libc/2020-10-07/include -I/home/jws/develop/genode/depot/genodelabs/api/base/2020-10-07/include/spec/x86_64 -I/home/jws/develop/genode/depot/genodelabs/api/base/2020-10-07/include/spec/x86 -I/home/jws/develop/genode/depot/genodelabs/api/base/2020-10-07/include/spec/64bit -I/home/jws/develop/genode/depot/genodelabs/api/base/2020-10-07/include -I/usr/local/genode/tool/current/x86_64-pc-elf/include/c++/8.3.0/x86_64-pc-elf/64 -I/usr/local/genode/tool/current/lib/gcc/x86_64-pc-elf/8.3.0/include -I/home/jws/develop/genode-libstdcxx-testsuite/var/src/stdcxx-80f380143250d4f951433876698b54fdac32b95f/src/lib/stdcxx/include/backward -I/home/jws/develop/genode-libstdcxx-testsuite/var/src/stdcxx-80f380143250d4f951433876698b54fdac32b95f/src/lib/stdcxx/testsuite/util /home/jws/develop/genode-libstdcxx-testsuite/var/src/stdcxx-80f380143250d4f951433876698b54fdac32b95f/src/lib/stdcxx/testsuite/27_io/basic_ios/imbue/14072.cc -fno-diagnostics-show-caret -fdiagnostics-color=never ./libtestc++.a -Wl,-melf_x86_64 -Wl,-gc-sections -Wl,-z -Wl,max-page-size=0x1000 -Wl,-Ttext=0x01000000 -Wl,--dynamic-linker=ld.lib.so -Wl,--dynamic-list=/home/jws/develop/genode/repos/base/src/ld/genode_dyn.dl -Wl,--eh-frame-hdr -Wl,-rpath-link=. -Wl,-T -Wl,/home/jws/develop/genode/repos/base/src/ld/genode_dyn.ld -l:libc.lib.so -l:libm.lib.so -l:posix.lib.so -nostdlib /usr/local/genode/tool/current/lib/gcc/x86_64-pc-elf/8.3.0/64/libgcc.a -L/home/jws/develop/genode-libstdcxx-testsuite/var/abi -l:stdcxx.lib.so -l:ld.lib.so -o ./14072.exe
pid is 17101 -17101
/usr/local/genode/tool/current/bin/../lib/gcc/x86_64-pc-elf/8.3.0/../../../../x86_64-pc-elf/bin/ld: /tmp/ccHxpgiR.o: in function `std::num_get<__gnu_cxx::character<unsigned char, unsigned int, __gnu_test::pod_state>, std::istreambuf_iterator<__gnu_cxx::character<unsigned char, unsigned int, __gnu_test::pod_state>, std::char_traits<__gnu_cxx::character<unsigned char, unsigned int, __gnu_test::pod_state> > > >::do_get(std::istreambuf_iterator<__gnu_cxx::character<unsigned char, unsigned int, __gnu_test::pod_state>, std::char_traits<__gnu_cxx::character<unsigned char, unsigned int, __gnu_test::pod_state> > >, std::istreambuf_iterator<__gnu_cxx::character<unsigned char, unsigned int, __gnu_test::pod_state>, std::char_traits<__gnu_cxx::character<unsigned char, unsigned int, __gnu_test::pod_state> > >, std::ios_base&, std::_Ios_Iostate&, long double&) const':
14072.cc:(.text._ZNKSt7num_getIN9__gnu_cxx9characterIhjN10__gnu_test9pod_stateEEESt19istreambuf_iteratorIS4_St11char_traitsIS4_EEE6do_getES8_S8_RSt8ios_baseRSt12_Ios_IostateRe[_ZNKSt7num_getIN9__gnu_cxx9characterIhjN10__gnu_test9pod_stateEEESt19istreambuf_iteratorIS4_St11char_traitsIS4_EEE6do_getES8_S8_RSt8ios_baseRSt12_Ios_IostateRe]+0xa9): undefined reference to `void std::__convert_to_v<long double>(char const*, long double&, std::_Ios_Iostate&, int* const&)'
/usr/local/genode/tool/current/bin/../lib/gcc/x86_64-pc-elf/8.3.0/../../../../x86_64-pc-elf/bin/ld: /tmp/ccHxpgiR.o: in function `std::num_get<__gnu_cxx::character<unsigned char, unsigned int, __gnu_test::pod_state>, std::istreambuf_iterator<__gnu_cxx::character<unsigned char, unsigned int, __gnu_test::pod_state>, std::char_traits<__gnu_cxx::character<unsigned char, unsigned int, __gnu_test::pod_state> > > >::do_get(std::istreambuf_iterator<__gnu_cxx::character<unsigned char, unsigned int, __gnu_test::pod_state>, std::char_traits<__gnu_cxx::character<unsigned char, unsigned int, __gnu_test::pod_state> > >, std::istreambuf_iterator<__gnu_cxx::character<unsigned char, unsigned int, __gnu_test::pod_state>, std::char_traits<__gnu_cxx::character<unsigned char, unsigned int, __gnu_test::pod_state> > >, std::ios_base&, std::_Ios_Iostate&, double&) const':
14072.cc:(.text._ZNKSt7num_getIN9__gnu_cxx9characterIhjN10__gnu_test9pod_stateEEESt19istreambuf_iteratorIS4_St11char_traitsIS4_EEE6do_getES8_S8_RSt8ios_baseRSt12_Ios_IostateRd[_ZNKSt7num_getIN9__gnu_cxx9characterIhjN10__gnu_test9pod_stateEEESt19istreambuf_iteratorIS4_St11char_traitsIS4_EEE6do_getES8_S8_RSt8ios_baseRSt12_Ios_IostateRd]+0xa9): undefined reference to `void std::__convert_to_v<double>(char const*, double&, std::_Ios_Iostate&, int* const&)'
/usr/local/genode/tool/current/bin/../lib/gcc/x86_64-pc-elf/8.3.0/../../../../x86_64-pc-elf/bin/ld: /tmp/ccHxpgiR.o: in function `std::num_get<__gnu_cxx::character<unsigned char, unsigned int, __gnu_test::pod_state>, std::istreambuf_iterator<__gnu_cxx::character<unsigned char, unsigned int, __gnu_test::pod_state>, std::char_traits<__gnu_cxx::character<unsigned char, unsigned int, __gnu_test::pod_state> > > >::do_get(std::istreambuf_iterator<__gnu_cxx::character<unsigned char, unsigned int, __gnu_test::pod_state>, std::char_traits<__gnu_cxx::character<unsigned char, unsigned int, __gnu_test::pod_state> > >, std::istreambuf_iterator<__gnu_cxx::character<unsigned char, unsigned int, __gnu_test::pod_state>, std::char_traits<__gnu_cxx::character<unsigned char, unsigned int, __gnu_test::pod_state> > >, std::ios_base&, std::_Ios_Iostate&, float&) const':
14072.cc:(.text._ZNKSt7num_getIN9__gnu_cxx9characterIhjN10__gnu_test9pod_stateEEESt19istreambuf_iteratorIS4_St11char_traitsIS4_EEE6do_getES8_S8_RSt8ios_baseRSt12_Ios_IostateRf[_ZNKSt7num_getIN9__gnu_cxx9characterIhjN10__gnu_test9pod_stateEEESt19istreambuf_iteratorIS4_St11char_traitsIS4_EEE6do_getES8_S8_RSt8ios_baseRSt12_Ios_IostateRf]+0xa9): undefined reference to `void std::__convert_to_v<float>(char const*, float&, std::_Ios_Iostate&, int* const&)'
collect2: error: ld returned 1 exit status
pid is -1
close result is 17101 exp7 0 1
output is /usr/local/genode/tool/current/bin/../lib/gcc/x86_64-pc-elf/8.3.0/../../../../x86_64-pc-elf/bin/ld: /tmp/ccHxpgiR.o: in function `std::num_get<__gnu_cxx::character<unsigned char, unsigned int, __gnu_test::pod_state>, std::istreambuf_iterator<__gnu_cxx::character<unsigned char, unsigned int, __gnu_test::pod_state>, std::char_traits<__gnu_cxx::character<unsigned char, unsigned int, __gnu_test::pod_state> > > >::do_get(std::istreambuf_iterator<__gnu_cxx::character<unsigned char, unsigned int, __gnu_test::pod_state>, std::char_traits<__gnu_cxx::character<unsigned char, unsigned int, __gnu_test::pod_state> > >, std::istreambuf_iterator<__gnu_cxx::character<unsigned char, unsigned int, __gnu_test::pod_state>, std::char_traits<__gnu_cxx::character<unsigned char, unsigned int, __gnu_test::pod_state> > >, std::ios_base&, std::_Ios_Iostate&, long double&) const':
14072.cc:(.text._ZNKSt7num_getIN9__gnu_cxx9characterIhjN10__gnu_test9pod_stateEEESt19istreambuf_iteratorIS4_St11char_traitsIS4_EEE6do_getES8_S8_RSt8ios_baseRSt12_Ios_IostateRe[_ZNKSt7num_getIN9__gnu_cxx9characterIhjN10__gnu_test9pod_stateEEESt19istreambuf_iteratorIS4_St11char_traitsIS4_EEE6do_getES8_S8_RSt8ios_baseRSt12_Ios_IostateRe]+0xa9): undefined reference to `void std::__convert_to_v<long double>(char const*, long double&, std::_Ios_Iostate&, int* const&)'
/usr/local/genode/tool/current/bin/../lib/gcc/x86_64-pc-elf/8.3.0/../../../../x86_64-pc-elf/bin/ld: /tmp/ccHxpgiR.o: in function `std::num_get<__gnu_cxx::character<unsigned char, unsigned int, __gnu_test::pod_state>, std::istreambuf_iterator<__gnu_cxx::character<unsigned char, unsigned int, __gnu_test::pod_state>, std::char_traits<__gnu_cxx::character<unsigned char, unsigned int, __gnu_test::pod_state> > > >::do_get(std::istreambuf_iterator<__gnu_cxx::character<unsigned char, unsigned int, __gnu_test::pod_state>, std::char_traits<__gnu_cxx::character<unsigned char, unsigned int, __gnu_test::pod_state> > >, std::istreambuf_iterator<__gnu_cxx::character<unsigned char, unsigned int, __gnu_test::pod_state>, std::char_traits<__gnu_cxx::character<unsigned char, unsigned int, __gnu_test::pod_state> > >, std::ios_base&, std::_Ios_Iostate&, double&) const':
14072.cc:(.text._ZNKSt7num_getIN9__gnu_cxx9characterIhjN10__gnu_test9pod_stateEEESt19istreambuf_iteratorIS4_St11char_traitsIS4_EEE6do_getES8_S8_RSt8ios_baseRSt12_Ios_IostateRd[_ZNKSt7num_getIN9__gnu_cxx9characterIhjN10__gnu_test9pod_stateEEESt19istreambuf_iteratorIS4_St11char_traitsIS4_EEE6do_getES8_S8_RSt8ios_baseRSt12_Ios_IostateRd]+0xa9): undefined reference to `void std::__convert_to_v<double>(char const*, double&, std::_Ios_Iostate&, int* const&)'
/usr/local/genode/tool/current/bin/../lib/gcc/x86_64-pc-elf/8.3.0/../../../../x86_64-pc-elf/bin/ld: /tmp/ccHxpgiR.o: in function `std::num_get<__gnu_cxx::character<unsigned char, unsigned int, __gnu_test::pod_state>, std::istreambuf_iterator<__gnu_cxx::character<unsigned char, unsigned int, __gnu_test::pod_state>, std::char_traits<__gnu_cxx::character<unsigned char, unsigned int, __gnu_test::pod_state> > > >::do_get(std::istreambuf_iterator<__gnu_cxx::character<unsigned char, unsigned int, __gnu_test::pod_state>, std::char_traits<__gnu_cxx::character<unsigned char, unsigned int, __gnu_test::pod_state> > >, std::istreambuf_iterator<__gnu_cxx::character<unsigned char, unsigned int, __gnu_test::pod_state>, std::char_traits<__gnu_cxx::character<unsigned char, unsigned int, __gnu_test::pod_state> > >, std::ios_base&, std::_Ios_Iostate&, float&) const':
14072.cc:(.text._ZNKSt7num_getIN9__gnu_cxx9characterIhjN10__gnu_test9pod_stateEEESt19istreambuf_iteratorIS4_St11char_traitsIS4_EEE6do_getES8_S8_RSt8ios_baseRSt12_Ios_IostateRf[_ZNKSt7num_getIN9__gnu_cxx9characterIhjN10__gnu_test9pod_stateEEESt19istreambuf_iteratorIS4_St11char_traitsIS4_EEE6do_getES8_S8_RSt8ios_baseRSt12_Ios_IostateRf]+0xa9): undefined reference to `void std::__convert_to_v<float>(char const*, float&, std::_Ios_Iostate&, int* const&)'
collect2: error: ld returned 1 exit status
 status 1
compiler exited with status 1
FAIL: 27_io/basic_ios/imbue/14072.cc (test for excess errors)
