Testing char/08.cc
extra_tool_flags are:
  
doing compile
Executing on host: /usr/local/genode/tool/current/bin/genode-x86-g++ -fmessage-length=0 -fno-show-column -ffunction-sections -fdata-sections -fPIC -O2 -m64  -DLOCALEDIR="." -nostdinc -I/home/jws/develop/genode/depot/genodelabs/api/stdcxx/2020-10-07/include/stdcxx -I/home/jws/develop/genode/depot/genodelabs/api/stdcxx/2020-10-07/include/stdcxx/std -I/home/jws/develop/genode/depot/genodelabs/api/stdcxx/2020-10-07/include/stdcxx/c_global -I/home/jws/develop/genode/depot/genodelabs/api/libc/2020-10-07/include/spec/x86_64/libc -I/home/jws/develop/genode/depot/genodelabs/api/libc/2020-10-07/include/spec/x86_64 -I/home/jws/develop/genode/depot/genodelabs/api/libc/2020-10-07/include/spec/x86/libc -I/home/jws/develop/genode/depot/genodelabs/api/libc/2020-10-07/include/spec/x86 -I/home/jws/develop/genode/depot/genodelabs/api/libc/2020-10-07/include/libc-genode -I/home/jws/develop/genode/depot/genodelabs/api/libc/2020-10-07/include/libc -I/home/jws/develop/genode/depot/genodelabs/api/libc/2020-10-07/include -I/home/jws/develop/genode/depot/genodelabs/api/base/2020-10-07/include/spec/x86_64 -I/home/jws/develop/genode/depot/genodelabs/api/base/2020-10-07/include/spec/x86 -I/home/jws/develop/genode/depot/genodelabs/api/base/2020-10-07/include/spec/64bit -I/home/jws/develop/genode/depot/genodelabs/api/base/2020-10-07/include -I/usr/local/genode/tool/current/x86_64-pc-elf/include/c++/8.3.0/x86_64-pc-elf/64 -I/usr/local/genode/tool/current/lib/gcc/x86_64-pc-elf/8.3.0/include -I/home/jws/develop/genode-libstdcxx-testsuite/var/src/stdcxx-80f380143250d4f951433876698b54fdac32b95f/src/lib/stdcxx/include/backward -I/home/jws/develop/genode-libstdcxx-testsuite/var/src/stdcxx-80f380143250d4f951433876698b54fdac32b95f/src/lib/stdcxx/testsuite/util /home/jws/develop/genode-libstdcxx-testsuite/var/src/stdcxx-80f380143250d4f951433876698b54fdac32b95f/src/lib/stdcxx/testsuite/27_io/basic_istream/extractors_arithmetic/char/08.cc      -fno-diagnostics-show-caret -fdiagnostics-color=never ./libtestc++.a -Wl,-melf_x86_64 -Wl,-gc-sections -Wl,-z -Wl,max-page-size=0x1000 -Wl,-Ttext=0x01000000 -Wl,--dynamic-linker=ld.lib.so -Wl,--dynamic-list=/home/jws/develop/genode/repos/base/src/ld/genode_dyn.dl -Wl,--eh-frame-hdr -Wl,-rpath-link=. -Wl,-T -Wl,/home/jws/develop/genode/repos/base/src/ld/genode_dyn.ld -l:libc.lib.so -l:libm.lib.so -l:posix.lib.so -nostdlib /usr/local/genode/tool/current/lib/gcc/x86_64-pc-elf/8.3.0/64/libgcc.a -L/home/jws/develop/genode-libstdcxx-testsuite/var/abi -l:stdcxx.lib.so -l:ld.lib.so    -o ./08.exe    (timeout = 600)
spawn -ignore SIGHUP /usr/local/genode/tool/current/bin/genode-x86-g++ -fmessage-length=0 -fno-show-column -ffunction-sections -fdata-sections -fPIC -O2 -m64 -DLOCALEDIR="." -nostdinc -I/home/jws/develop/genode/depot/genodelabs/api/stdcxx/2020-10-07/include/stdcxx -I/home/jws/develop/genode/depot/genodelabs/api/stdcxx/2020-10-07/include/stdcxx/std -I/home/jws/develop/genode/depot/genodelabs/api/stdcxx/2020-10-07/include/stdcxx/c_global -I/home/jws/develop/genode/depot/genodelabs/api/libc/2020-10-07/include/spec/x86_64/libc -I/home/jws/develop/genode/depot/genodelabs/api/libc/2020-10-07/include/spec/x86_64 -I/home/jws/develop/genode/depot/genodelabs/api/libc/2020-10-07/include/spec/x86/libc -I/home/jws/develop/genode/depot/genodelabs/api/libc/2020-10-07/include/spec/x86 -I/home/jws/develop/genode/depot/genodelabs/api/libc/2020-10-07/include/libc-genode -I/home/jws/develop/genode/depot/genodelabs/api/libc/2020-10-07/include/libc -I/home/jws/develop/genode/depot/genodelabs/api/libc/2020-10-07/include -I/home/jws/develop/genode/depot/genodelabs/api/base/2020-10-07/include/spec/x86_64 -I/home/jws/develop/genode/depot/genodelabs/api/base/2020-10-07/include/spec/x86 -I/home/jws/develop/genode/depot/genodelabs/api/base/2020-10-07/include/spec/64bit -I/home/jws/develop/genode/depot/genodelabs/api/base/2020-10-07/include -I/usr/local/genode/tool/current/x86_64-pc-elf/include/c++/8.3.0/x86_64-pc-elf/64 -I/usr/local/genode/tool/current/lib/gcc/x86_64-pc-elf/8.3.0/include -I/home/jws/develop/genode-libstdcxx-testsuite/var/src/stdcxx-80f380143250d4f951433876698b54fdac32b95f/src/lib/stdcxx/include/backward -I/home/jws/develop/genode-libstdcxx-testsuite/var/src/stdcxx-80f380143250d4f951433876698b54fdac32b95f/src/lib/stdcxx/testsuite/util /home/jws/develop/genode-libstdcxx-testsuite/var/src/stdcxx-80f380143250d4f951433876698b54fdac32b95f/src/lib/stdcxx/testsuite/27_io/basic_istream/extractors_arithmetic/char/08.cc -fno-diagnostics-show-caret -fdiagnostics-color=never ./libtestc++.a -Wl,-melf_x86_64 -Wl,-gc-sections -Wl,-z -Wl,max-page-size=0x1000 -Wl,-Ttext=0x01000000 -Wl,--dynamic-linker=ld.lib.so -Wl,--dynamic-list=/home/jws/develop/genode/repos/base/src/ld/genode_dyn.dl -Wl,--eh-frame-hdr -Wl,-rpath-link=. -Wl,-T -Wl,/home/jws/develop/genode/repos/base/src/ld/genode_dyn.ld -l:libc.lib.so -l:libm.lib.so -l:posix.lib.so -nostdlib /usr/local/genode/tool/current/lib/gcc/x86_64-pc-elf/8.3.0/64/libgcc.a -L/home/jws/develop/genode-libstdcxx-testsuite/var/abi -l:stdcxx.lib.so -l:ld.lib.so -o ./08.exe
pid is 17322 -17322
/usr/local/genode/tool/current/bin/../lib/gcc/x86_64-pc-elf/8.3.0/../../../../x86_64-pc-elf/bin/ld: /tmp/ccRfzASi.o: in function `std::test_numpunct2::~test_numpunct2()':
08.cc:(.text._ZNSt14test_numpunct2D2Ev[_ZNSt14test_numpunct2D5Ev]+0xf): undefined reference to `std::__cxx11::numpunct<char>::~numpunct()'
/usr/local/genode/tool/current/bin/../lib/gcc/x86_64-pc-elf/8.3.0/../../../../x86_64-pc-elf/bin/ld: /tmp/ccRfzASi.o: in function `std::test_numpunct2::~test_numpunct2()':
08.cc:(.text._ZNSt14test_numpunct2D0Ev[_ZNSt14test_numpunct2D5Ev]+0x13): undefined reference to `std::__cxx11::numpunct<char>::~numpunct()'
/usr/local/genode/tool/current/bin/../lib/gcc/x86_64-pc-elf/8.3.0/../../../../x86_64-pc-elf/bin/ld: /tmp/ccRfzASi.o: in function `std::locale::locale<std::test_numpunct2>(std::locale const&, std::test_numpunct2*)':
08.cc:(.text._ZNSt6localeC2ISt14test_numpunct2EERKS_PT_[_ZNSt6localeC5ISt14test_numpunct2EERKS_PT_]+0x38): undefined reference to `std::__cxx11::numpunct<char>::id'
/usr/local/genode/tool/current/bin/../lib/gcc/x86_64-pc-elf/8.3.0/../../../../x86_64-pc-elf/bin/ld: /tmp/ccRfzASi.o: in function `test08()':
08.cc:(.text._Z6test08v+0x1f3): undefined reference to `vtable for std::__cxx11::numpunct<char>'
/usr/local/genode/tool/current/bin/../lib/gcc/x86_64-pc-elf/8.3.0/../../../../x86_64-pc-elf/bin/ld: 08.cc:(.text._Z6test08v+0x20b): undefined reference to `std::__cxx11::numpunct<char>::_M_initialize_numpunct(int*)'
/usr/local/genode/tool/current/bin/../lib/gcc/x86_64-pc-elf/8.3.0/../../../../x86_64-pc-elf/bin/ld: /tmp/ccRfzASi.o:(.data.rel.ro._ZTISt14test_numpunct2[_ZTISt14test_numpunct2]+0x10): undefined reference to `typeinfo for std::__cxx11::numpunct<char>'
/usr/local/genode/tool/current/bin/../lib/gcc/x86_64-pc-elf/8.3.0/../../../../x86_64-pc-elf/bin/ld: /tmp/ccRfzASi.o:(.data.rel.ro._ZTVSt14test_numpunct2[_ZTVSt14test_numpunct2]+0x20): undefined reference to `std::__cxx11::numpunct<char>::do_decimal_point() const'
/usr/local/genode/tool/current/bin/../lib/gcc/x86_64-pc-elf/8.3.0/../../../../x86_64-pc-elf/bin/ld: /tmp/ccRfzASi.o:(.data.rel.ro._ZTVSt14test_numpunct2[_ZTVSt14test_numpunct2]+0x28): undefined reference to `std::__cxx11::numpunct<char>::do_thousands_sep() const'
/usr/local/genode/tool/current/bin/../lib/gcc/x86_64-pc-elf/8.3.0/../../../../x86_64-pc-elf/bin/ld: /tmp/ccRfzASi.o:(.data.rel.ro._ZTVSt14test_numpunct2[_ZTVSt14test_numpunct2]+0x38): undefined reference to `std::__cxx11::numpunct<char>::do_truename() const'
/usr/local/genode/tool/current/bin/../lib/gcc/x86_64-pc-elf/8.3.0/../../../../x86_64-pc-elf/bin/ld: /tmp/ccRfzASi.o:(.data.rel.ro._ZTVSt14test_numpunct2[_ZTVSt14test_numpunct2]+0x40): undefined reference to `std::__cxx11::numpunct<char>::do_falsename() const'
collect2: error: ld returned 1 exit status
pid is -1
close result is 17322 exp7 0 1
output is /usr/local/genode/tool/current/bin/../lib/gcc/x86_64-pc-elf/8.3.0/../../../../x86_64-pc-elf/bin/ld: /tmp/ccRfzASi.o: in function `std::test_numpunct2::~test_numpunct2()':
08.cc:(.text._ZNSt14test_numpunct2D2Ev[_ZNSt14test_numpunct2D5Ev]+0xf): undefined reference to `std::__cxx11::numpunct<char>::~numpunct()'
/usr/local/genode/tool/current/bin/../lib/gcc/x86_64-pc-elf/8.3.0/../../../../x86_64-pc-elf/bin/ld: /tmp/ccRfzASi.o: in function `std::test_numpunct2::~test_numpunct2()':
08.cc:(.text._ZNSt14test_numpunct2D0Ev[_ZNSt14test_numpunct2D5Ev]+0x13): undefined reference to `std::__cxx11::numpunct<char>::~numpunct()'
/usr/local/genode/tool/current/bin/../lib/gcc/x86_64-pc-elf/8.3.0/../../../../x86_64-pc-elf/bin/ld: /tmp/ccRfzASi.o: in function `std::locale::locale<std::test_numpunct2>(std::locale const&, std::test_numpunct2*)':
08.cc:(.text._ZNSt6localeC2ISt14test_numpunct2EERKS_PT_[_ZNSt6localeC5ISt14test_numpunct2EERKS_PT_]+0x38): undefined reference to `std::__cxx11::numpunct<char>::id'
/usr/local/genode/tool/current/bin/../lib/gcc/x86_64-pc-elf/8.3.0/../../../../x86_64-pc-elf/bin/ld: /tmp/ccRfzASi.o: in function `test08()':
08.cc:(.text._Z6test08v+0x1f3): undefined reference to `vtable for std::__cxx11::numpunct<char>'
/usr/local/genode/tool/current/bin/../lib/gcc/x86_64-pc-elf/8.3.0/../../../../x86_64-pc-elf/bin/ld: 08.cc:(.text._Z6test08v+0x20b): undefined reference to `std::__cxx11::numpunct<char>::_M_initialize_numpunct(int*)'
/usr/local/genode/tool/current/bin/../lib/gcc/x86_64-pc-elf/8.3.0/../../../../x86_64-pc-elf/bin/ld: /tmp/ccRfzASi.o:(.data.rel.ro._ZTISt14test_numpunct2[_ZTISt14test_numpunct2]+0x10): undefined reference to `typeinfo for std::__cxx11::numpunct<char>'
/usr/local/genode/tool/current/bin/../lib/gcc/x86_64-pc-elf/8.3.0/../../../../x86_64-pc-elf/bin/ld: /tmp/ccRfzASi.o:(.data.rel.ro._ZTVSt14test_numpunct2[_ZTVSt14test_numpunct2]+0x20): undefined reference to `std::__cxx11::numpunct<char>::do_decimal_point() const'
/usr/local/genode/tool/current/bin/../lib/gcc/x86_64-pc-elf/8.3.0/../../../../x86_64-pc-elf/bin/ld: /tmp/ccRfzASi.o:(.data.rel.ro._ZTVSt14test_numpunct2[_ZTVSt14test_numpunct2]+0x28): undefined reference to `std::__cxx11::numpunct<char>::do_thousands_sep() const'
/usr/local/genode/tool/current/bin/../lib/gcc/x86_64-pc-elf/8.3.0/../../../../x86_64-pc-elf/bin/ld: /tmp/ccRfzASi.o:(.data.rel.ro._ZTVSt14test_numpunct2[_ZTVSt14test_numpunct2]+0x38): undefined reference to `std::__cxx11::numpunct<char>::do_truename() const'
/usr/local/genode/tool/current/bin/../lib/gcc/x86_64-pc-elf/8.3.0/../../../../x86_64-pc-elf/bin/ld: /tmp/ccRfzASi.o:(.data.rel.ro._ZTVSt14test_numpunct2[_ZTVSt14test_numpunct2]+0x40): undefined reference to `std::__cxx11::numpunct<char>::do_falsename() const'
collect2: error: ld returned 1 exit status
 status 1
compiler exited with status 1
FAIL: 27_io/basic_istream/extractors_arithmetic/char/08.cc (test for excess errors)
Excess errors:
/usr/local/genode/tool/current/bin/../lib/gcc/x86_64-pc-elf/8.3.0/../../../../x86_64-pc-elf/bin/ld: /tmp/ccRfzASi.o: in function `std::test_numpunct2::~test_numpunct2()':
08.cc:(.text._ZNSt14test_numpunct2D2Ev[_ZNSt14test_numpunct2D5Ev]+0xf): undefined reference to `std::__cxx11::numpunct<char>::~numpunct()'
/usr/local/genode/tool/current/bin/../lib/gcc/x86_64-pc-elf/8.3.0/../../../../x86_64-pc-elf/bin/ld: /tmp/ccRfzASi.o: in function `std::test_numpunct2::~test_numpunct2()':
08.cc:(.text._ZNSt14test_numpunct2D0Ev[_ZNSt14test_numpunct2D5Ev]+0x13): undefined reference to `std::__cxx11::numpunct<char>::~numpunct()'
/usr/local/genode/tool/current/bin/../lib/gcc/x86_64-pc-elf/8.3.0/../../../../x86_64-pc-elf/bin/ld: /tmp/ccRfzASi.o: in function `std::locale::locale<std::test_numpunct2>(std::locale const&, std::test_numpunct2*)':
08.cc:(.text._ZNSt6localeC2ISt14test_numpunct2EERKS_PT_[_ZNSt6localeC5ISt14test_numpunct2EERKS_PT_]+0x38): undefined reference to `std::__cxx11::numpunct<char>::id'
/usr/local/genode/tool/current/bin/../lib/gcc/x86_64-pc-elf/8.3.0/../../../../x86_64-pc-elf/bin/ld: /tmp/ccRfzASi.o: in function `test08()':
08.cc:(.text._Z6test08v+0x1f3): undefined reference to `vtable for std::__cxx11::numpunct<char>'
/usr/local/genode/tool/current/bin/../lib/gcc/x86_64-pc-elf/8.3.0/../../../../x86_64-pc-elf/bin/ld: 08.cc:(.text._Z6test08v+0x20b): undefined reference to `std::__cxx11::numpunct<char>::_M_initialize_numpunct(int*)'
/usr/local/genode/tool/current/bin/../lib/gcc/x86_64-pc-elf/8.3.0/../../../../x86_64-pc-elf/bin/ld: /tmp/ccRfzASi.o:(.data.rel.ro._ZTISt14test_numpunct2[_ZTISt14test_numpunct2]+0x10): undefined reference to `typeinfo for std::__cxx11::numpunct<char>'
/usr/local/genode/tool/current/bin/../lib/gcc/x86_64-pc-elf/8.3.0/../../../../x86_64-pc-elf/bin/ld: /tmp/ccRfzASi.o:(.data.rel.ro._ZTVSt14test_numpunct2[_ZTVSt14test_numpunct2]+0x20): undefined reference to `std::__cxx11::numpunct<char>::do_decimal_point() const'
/usr/local/genode/tool/current/bin/../lib/gcc/x86_64-pc-elf/8.3.0/../../../../x86_64-pc-elf/bin/ld: /tmp/ccRfzASi.o:(.data.rel.ro._ZTVSt14test_numpunct2[_ZTVSt14test_numpunct2]+0x28): undefined reference to `std::__cxx11::numpunct<char>::do_thousands_sep() const'
/usr/local/genode/tool/current/bin/../lib/gcc/x86_64-pc-elf/8.3.0/../../../../x86_64-pc-elf/bin/ld: /tmp/ccRfzASi.o:(.data.rel.ro._ZTVSt14test_numpunct2[_ZTVSt14test_numpunct2]+0x38): undefined reference to `std::__cxx11::numpunct<char>::do_truename() const'
/usr/local/genode/tool/current/bin/../lib/gcc/x86_64-pc-elf/8.3.0/../../../../x86_64-pc-elf/bin/ld: /tmp/ccRfzASi.o:(.data.rel.ro._ZTVSt14test_numpunct2[_ZTVSt14test_numpunct2]+0x40): undefined reference to `std::__cxx11::numpunct<char>::do_falsename() const'
collect2: error: ld returned 1 exit status

UNRESOLVED: 27_io/basic_istream/extractors_arithmetic/char/08.cc compilation failed to produce executable
