Testing char/12.cc
extra_tool_flags are:
  
doing compile
Executing on host: /usr/local/genode/tool/current/bin/genode-x86-g++ -fmessage-length=0 -fno-show-column -ffunction-sections -fdata-sections -fPIC -O2 -m64  -DLOCALEDIR="." -nostdinc -I/home/jws/develop/genode/depot/genodelabs/api/stdcxx/2020-10-07/include/stdcxx -I/home/jws/develop/genode/depot/genodelabs/api/stdcxx/2020-10-07/include/stdcxx/std -I/home/jws/develop/genode/depot/genodelabs/api/stdcxx/2020-10-07/include/stdcxx/c_global -I/home/jws/develop/genode/depot/genodelabs/api/libc/2020-10-07/include/spec/x86_64/libc -I/home/jws/develop/genode/depot/genodelabs/api/libc/2020-10-07/include/spec/x86_64 -I/home/jws/develop/genode/depot/genodelabs/api/libc/2020-10-07/include/spec/x86/libc -I/home/jws/develop/genode/depot/genodelabs/api/libc/2020-10-07/include/spec/x86 -I/home/jws/develop/genode/depot/genodelabs/api/libc/2020-10-07/include/libc-genode -I/home/jws/develop/genode/depot/genodelabs/api/libc/2020-10-07/include/libc -I/home/jws/develop/genode/depot/genodelabs/api/libc/2020-10-07/include -I/home/jws/develop/genode/depot/genodelabs/api/base/2020-10-07/include/spec/x86_64 -I/home/jws/develop/genode/depot/genodelabs/api/base/2020-10-07/include/spec/x86 -I/home/jws/develop/genode/depot/genodelabs/api/base/2020-10-07/include/spec/64bit -I/home/jws/develop/genode/depot/genodelabs/api/base/2020-10-07/include -I/usr/local/genode/tool/current/x86_64-pc-elf/include/c++/8.3.0/x86_64-pc-elf/64 -I/usr/local/genode/tool/current/lib/gcc/x86_64-pc-elf/8.3.0/include -I/home/jws/develop/genode-libstdcxx-testsuite/var/src/stdcxx-80f380143250d4f951433876698b54fdac32b95f/src/lib/stdcxx/include/backward -I/home/jws/develop/genode-libstdcxx-testsuite/var/src/stdcxx-80f380143250d4f951433876698b54fdac32b95f/src/lib/stdcxx/testsuite/util /home/jws/develop/genode-libstdcxx-testsuite/var/src/stdcxx-80f380143250d4f951433876698b54fdac32b95f/src/lib/stdcxx/testsuite/27_io/basic_istream/extractors_arithmetic/char/12.cc      -fno-diagnostics-show-caret -fdiagnostics-color=never ./libtestc++.a -Wl,-melf_x86_64 -Wl,-gc-sections -Wl,-z -Wl,max-page-size=0x1000 -Wl,-Ttext=0x01000000 -Wl,--dynamic-linker=ld.lib.so -Wl,--dynamic-list=/home/jws/develop/genode/repos/base/src/ld/genode_dyn.dl -Wl,--eh-frame-hdr -Wl,-rpath-link=. -Wl,-T -Wl,/home/jws/develop/genode/repos/base/src/ld/genode_dyn.ld -l:libc.lib.so -l:libm.lib.so -l:posix.lib.so -nostdlib /usr/local/genode/tool/current/lib/gcc/x86_64-pc-elf/8.3.0/64/libgcc.a -L/home/jws/develop/genode-libstdcxx-testsuite/var/abi -l:stdcxx.lib.so -l:ld.lib.so    -o ./12.exe    (timeout = 600)
spawn -ignore SIGHUP /usr/local/genode/tool/current/bin/genode-x86-g++ -fmessage-length=0 -fno-show-column -ffunction-sections -fdata-sections -fPIC -O2 -m64 -DLOCALEDIR="." -nostdinc -I/home/jws/develop/genode/depot/genodelabs/api/stdcxx/2020-10-07/include/stdcxx -I/home/jws/develop/genode/depot/genodelabs/api/stdcxx/2020-10-07/include/stdcxx/std -I/home/jws/develop/genode/depot/genodelabs/api/stdcxx/2020-10-07/include/stdcxx/c_global -I/home/jws/develop/genode/depot/genodelabs/api/libc/2020-10-07/include/spec/x86_64/libc -I/home/jws/develop/genode/depot/genodelabs/api/libc/2020-10-07/include/spec/x86_64 -I/home/jws/develop/genode/depot/genodelabs/api/libc/2020-10-07/include/spec/x86/libc -I/home/jws/develop/genode/depot/genodelabs/api/libc/2020-10-07/include/spec/x86 -I/home/jws/develop/genode/depot/genodelabs/api/libc/2020-10-07/include/libc-genode -I/home/jws/develop/genode/depot/genodelabs/api/libc/2020-10-07/include/libc -I/home/jws/develop/genode/depot/genodelabs/api/libc/2020-10-07/include -I/home/jws/develop/genode/depot/genodelabs/api/base/2020-10-07/include/spec/x86_64 -I/home/jws/develop/genode/depot/genodelabs/api/base/2020-10-07/include/spec/x86 -I/home/jws/develop/genode/depot/genodelabs/api/base/2020-10-07/include/spec/64bit -I/home/jws/develop/genode/depot/genodelabs/api/base/2020-10-07/include -I/usr/local/genode/tool/current/x86_64-pc-elf/include/c++/8.3.0/x86_64-pc-elf/64 -I/usr/local/genode/tool/current/lib/gcc/x86_64-pc-elf/8.3.0/include -I/home/jws/develop/genode-libstdcxx-testsuite/var/src/stdcxx-80f380143250d4f951433876698b54fdac32b95f/src/lib/stdcxx/include/backward -I/home/jws/develop/genode-libstdcxx-testsuite/var/src/stdcxx-80f380143250d4f951433876698b54fdac32b95f/src/lib/stdcxx/testsuite/util /home/jws/develop/genode-libstdcxx-testsuite/var/src/stdcxx-80f380143250d4f951433876698b54fdac32b95f/src/lib/stdcxx/testsuite/27_io/basic_istream/extractors_arithmetic/char/12.cc -fno-diagnostics-show-caret -fdiagnostics-color=never ./libtestc++.a -Wl,-melf_x86_64 -Wl,-gc-sections -Wl,-z -Wl,max-page-size=0x1000 -Wl,-Ttext=0x01000000 -Wl,--dynamic-linker=ld.lib.so -Wl,--dynamic-list=/home/jws/develop/genode/repos/base/src/ld/genode_dyn.dl -Wl,--eh-frame-hdr -Wl,-rpath-link=. -Wl,-T -Wl,/home/jws/develop/genode/repos/base/src/ld/genode_dyn.ld -l:libc.lib.so -l:libm.lib.so -l:posix.lib.so -nostdlib /usr/local/genode/tool/current/lib/gcc/x86_64-pc-elf/8.3.0/64/libgcc.a -L/home/jws/develop/genode-libstdcxx-testsuite/var/abi -l:stdcxx.lib.so -l:ld.lib.so -o ./12.exe
pid is 17380 -17380
/usr/local/genode/tool/current/bin/../lib/gcc/x86_64-pc-elf/8.3.0/../../../../x86_64-pc-elf/bin/ld: /tmp/cc91NGtX.o: in function `void test12_aux<long>(bool)':
12.cc:(.text._Z10test12_auxIlEvb[_Z10test12_auxIlEvb]+0x16d): undefined reference to `vtable for std::istream'
/usr/local/genode/tool/current/bin/../lib/gcc/x86_64-pc-elf/8.3.0/../../../../x86_64-pc-elf/bin/ld: /tmp/cc91NGtX.o: in function `void test12_aux<long double>(bool)':
12.cc:(.text._Z10test12_auxIeEvb[_Z10test12_auxIeEvb]+0x16d): undefined reference to `vtable for std::istream'
/usr/local/genode/tool/current/bin/../lib/gcc/x86_64-pc-elf/8.3.0/../../../../x86_64-pc-elf/bin/ld: 12.cc:(.text._Z10test12_auxIeEvb[_Z10test12_auxIeEvb]+0x1e5): undefined reference to `std::istream& std::istream::_M_extract<long double>(long double&)'
/usr/local/genode/tool/current/bin/../lib/gcc/x86_64-pc-elf/8.3.0/../../../../x86_64-pc-elf/bin/ld: /tmp/cc91NGtX.o: in function `void test12_aux<short>(bool)':
12.cc:(.text._Z10test12_auxIsEvb[_Z10test12_auxIsEvb]+0x16d): undefined reference to `vtable for std::istream'
/usr/local/genode/tool/current/bin/../lib/gcc/x86_64-pc-elf/8.3.0/../../../../x86_64-pc-elf/bin/ld: 12.cc:(.text._Z10test12_auxIsEvb[_Z10test12_auxIsEvb]+0x1e7): undefined reference to `std::istream::operator>>(short&)'
/usr/local/genode/tool/current/bin/../lib/gcc/x86_64-pc-elf/8.3.0/../../../../x86_64-pc-elf/bin/ld: /tmp/cc91NGtX.o: in function `void test12_aux<float>(bool)':
12.cc:(.text._Z10test12_auxIfEvb[_Z10test12_auxIfEvb]+0x16d): undefined reference to `vtable for std::istream'
/usr/local/genode/tool/current/bin/../lib/gcc/x86_64-pc-elf/8.3.0/../../../../x86_64-pc-elf/bin/ld: /tmp/cc91NGtX.o: in function `void test12_aux<double>(bool)':
12.cc:(.text._Z10test12_auxIdEvb[_Z10test12_auxIdEvb]+0x16d): undefined reference to `vtable for std::istream'
/usr/local/genode/tool/current/bin/../lib/gcc/x86_64-pc-elf/8.3.0/../../../../x86_64-pc-elf/bin/ld: /tmp/cc91NGtX.o: in function `void test12_aux<int>(bool)':
12.cc:(.text._Z10test12_auxIiEvb[_Z10test12_auxIiEvb]+0x16d): undefined reference to `vtable for std::istream'
collect2: error: ld returned 1 exit status
pid is -1
close result is 17380 exp7 0 1
output is /usr/local/genode/tool/current/bin/../lib/gcc/x86_64-pc-elf/8.3.0/../../../../x86_64-pc-elf/bin/ld: /tmp/cc91NGtX.o: in function `void test12_aux<long>(bool)':
12.cc:(.text._Z10test12_auxIlEvb[_Z10test12_auxIlEvb]+0x16d): undefined reference to `vtable for std::istream'
/usr/local/genode/tool/current/bin/../lib/gcc/x86_64-pc-elf/8.3.0/../../../../x86_64-pc-elf/bin/ld: /tmp/cc91NGtX.o: in function `void test12_aux<long double>(bool)':
12.cc:(.text._Z10test12_auxIeEvb[_Z10test12_auxIeEvb]+0x16d): undefined reference to `vtable for std::istream'
/usr/local/genode/tool/current/bin/../lib/gcc/x86_64-pc-elf/8.3.0/../../../../x86_64-pc-elf/bin/ld: 12.cc:(.text._Z10test12_auxIeEvb[_Z10test12_auxIeEvb]+0x1e5): undefined reference to `std::istream& std::istream::_M_extract<long double>(long double&)'
/usr/local/genode/tool/current/bin/../lib/gcc/x86_64-pc-elf/8.3.0/../../../../x86_64-pc-elf/bin/ld: /tmp/cc91NGtX.o: in function `void test12_aux<short>(bool)':
12.cc:(.text._Z10test12_auxIsEvb[_Z10test12_auxIsEvb]+0x16d): undefined reference to `vtable for std::istream'
/usr/local/genode/tool/current/bin/../lib/gcc/x86_64-pc-elf/8.3.0/../../../../x86_64-pc-elf/bin/ld: 12.cc:(.text._Z10test12_auxIsEvb[_Z10test12_auxIsEvb]+0x1e7): undefined reference to `std::istream::operator>>(short&)'
/usr/local/genode/tool/current/bin/../lib/gcc/x86_64-pc-elf/8.3.0/../../../../x86_64-pc-elf/bin/ld: /tmp/cc91NGtX.o: in function `void test12_aux<float>(bool)':
12.cc:(.text._Z10test12_auxIfEvb[_Z10test12_auxIfEvb]+0x16d): undefined reference to `vtable for std::istream'
/usr/local/genode/tool/current/bin/../lib/gcc/x86_64-pc-elf/8.3.0/../../../../x86_64-pc-elf/bin/ld: /tmp/cc91NGtX.o: in function `void test12_aux<double>(bool)':
12.cc:(.text._Z10test12_auxIdEvb[_Z10test12_auxIdEvb]+0x16d): undefined reference to `vtable for std::istream'
/usr/local/genode/tool/current/bin/../lib/gcc/x86_64-pc-elf/8.3.0/../../../../x86_64-pc-elf/bin/ld: /tmp/cc91NGtX.o: in function `void test12_aux<int>(bool)':
12.cc:(.text._Z10test12_auxIiEvb[_Z10test12_auxIiEvb]+0x16d): undefined reference to `vtable for std::istream'
collect2: error: ld returned 1 exit status
 status 1
compiler exited with status 1
FAIL: 27_io/basic_istream/extractors_arithmetic/char/12.cc (test for excess errors)
Excess errors:
/usr/local/genode/tool/current/bin/../lib/gcc/x86_64-pc-elf/8.3.0/../../../../x86_64-pc-elf/bin/ld: /tmp/cc91NGtX.o: in function `void test12_aux<long>(bool)':
12.cc:(.text._Z10test12_auxIlEvb[_Z10test12_auxIlEvb]+0x16d): undefined reference to `vtable for std::istream'
/usr/local/genode/tool/current/bin/../lib/gcc/x86_64-pc-elf/8.3.0/../../../../x86_64-pc-elf/bin/ld: /tmp/cc91NGtX.o: in function `void test12_aux<long double>(bool)':
12.cc:(.text._Z10test12_auxIeEvb[_Z10test12_auxIeEvb]+0x16d): undefined reference to `vtable for std::istream'
/usr/local/genode/tool/current/bin/../lib/gcc/x86_64-pc-elf/8.3.0/../../../../x86_64-pc-elf/bin/ld: 12.cc:(.text._Z10test12_auxIeEvb[_Z10test12_auxIeEvb]+0x1e5): undefined reference to `std::istream& std::istream::_M_extract<long double>(long double&)'
/usr/local/genode/tool/current/bin/../lib/gcc/x86_64-pc-elf/8.3.0/../../../../x86_64-pc-elf/bin/ld: /tmp/cc91NGtX.o: in function `void test12_aux<short>(bool)':
12.cc:(.text._Z10test12_auxIsEvb[_Z10test12_auxIsEvb]+0x16d): undefined reference to `vtable for std::istream'
/usr/local/genode/tool/current/bin/../lib/gcc/x86_64-pc-elf/8.3.0/../../../../x86_64-pc-elf/bin/ld: 12.cc:(.text._Z10test12_auxIsEvb[_Z10test12_auxIsEvb]+0x1e7): undefined reference to `std::istream::operator>>(short&)'
/usr/local/genode/tool/current/bin/../lib/gcc/x86_64-pc-elf/8.3.0/../../../../x86_64-pc-elf/bin/ld: /tmp/cc91NGtX.o: in function `void test12_aux<float>(bool)':
12.cc:(.text._Z10test12_auxIfEvb[_Z10test12_auxIfEvb]+0x16d): undefined reference to `vtable for std::istream'
/usr/local/genode/tool/current/bin/../lib/gcc/x86_64-pc-elf/8.3.0/../../../../x86_64-pc-elf/bin/ld: /tmp/cc91NGtX.o: in function `void test12_aux<double>(bool)':
12.cc:(.text._Z10test12_auxIdEvb[_Z10test12_auxIdEvb]+0x16d): undefined reference to `vtable for std::istream'
/usr/local/genode/tool/current/bin/../lib/gcc/x86_64-pc-elf/8.3.0/../../../../x86_64-pc-elf/bin/ld: /tmp/cc91NGtX.o: in function `void test12_aux<int>(bool)':
12.cc:(.text._Z10test12_auxIiEvb[_Z10test12_auxIiEvb]+0x16d): undefined reference to `vtable for std::istream'
collect2: error: ld returned 1 exit status

UNRESOLVED: 27_io/basic_istream/extractors_arithmetic/char/12.cc compilation failed to produce executable
