Testing char/exceptions_failbit_throw.cc
extra_tool_flags are:
  
doing compile
Executing on host: /usr/local/genode/tool/current/bin/genode-x86-g++ -fmessage-length=0 -fno-show-column -ffunction-sections -fdata-sections -fPIC -O2 -m64  -DLOCALEDIR="." -nostdinc -I/home/jws/develop/genode/depot/genodelabs/api/stdcxx/2020-10-07/include/stdcxx -I/home/jws/develop/genode/depot/genodelabs/api/stdcxx/2020-10-07/include/stdcxx/std -I/home/jws/develop/genode/depot/genodelabs/api/stdcxx/2020-10-07/include/stdcxx/c_global -I/home/jws/develop/genode/depot/genodelabs/api/libc/2020-10-07/include/spec/x86_64/libc -I/home/jws/develop/genode/depot/genodelabs/api/libc/2020-10-07/include/spec/x86_64 -I/home/jws/develop/genode/depot/genodelabs/api/libc/2020-10-07/include/spec/x86/libc -I/home/jws/develop/genode/depot/genodelabs/api/libc/2020-10-07/include/spec/x86 -I/home/jws/develop/genode/depot/genodelabs/api/libc/2020-10-07/include/libc-genode -I/home/jws/develop/genode/depot/genodelabs/api/libc/2020-10-07/include/libc -I/home/jws/develop/genode/depot/genodelabs/api/libc/2020-10-07/include -I/home/jws/develop/genode/depot/genodelabs/api/base/2020-10-07/include/spec/x86_64 -I/home/jws/develop/genode/depot/genodelabs/api/base/2020-10-07/include/spec/x86 -I/home/jws/develop/genode/depot/genodelabs/api/base/2020-10-07/include/spec/64bit -I/home/jws/develop/genode/depot/genodelabs/api/base/2020-10-07/include -I/usr/local/genode/tool/current/x86_64-pc-elf/include/c++/8.3.0/x86_64-pc-elf/64 -I/usr/local/genode/tool/current/lib/gcc/x86_64-pc-elf/8.3.0/include -I/home/jws/develop/genode-libstdcxx-testsuite/var/src/stdcxx-80f380143250d4f951433876698b54fdac32b95f/src/lib/stdcxx/include/backward -I/home/jws/develop/genode-libstdcxx-testsuite/var/src/stdcxx-80f380143250d4f951433876698b54fdac32b95f/src/lib/stdcxx/testsuite/util /home/jws/develop/genode-libstdcxx-testsuite/var/src/stdcxx-80f380143250d4f951433876698b54fdac32b95f/src/lib/stdcxx/testsuite/27_io/basic_istream/extractors_arithmetic/char/exceptions_failbit_throw.cc      -fno-diagnostics-show-caret -fdiagnostics-color=never ./libtestc++.a -Wl,-melf_x86_64 -Wl,-gc-sections -Wl,-z -Wl,max-page-size=0x1000 -Wl,-Ttext=0x01000000 -Wl,--dynamic-linker=ld.lib.so -Wl,--dynamic-list=/home/jws/develop/genode/repos/base/src/ld/genode_dyn.dl -Wl,--eh-frame-hdr -Wl,-rpath-link=. -Wl,-T -Wl,/home/jws/develop/genode/repos/base/src/ld/genode_dyn.ld -l:libc.lib.so -l:libm.lib.so -l:posix.lib.so -nostdlib /usr/local/genode/tool/current/lib/gcc/x86_64-pc-elf/8.3.0/64/libgcc.a -L/home/jws/develop/genode-libstdcxx-testsuite/var/abi -l:stdcxx.lib.so -l:ld.lib.so    -o ./exceptions_failbit_throw.exe    (timeout = 600)
spawn -ignore SIGHUP /usr/local/genode/tool/current/bin/genode-x86-g++ -fmessage-length=0 -fno-show-column -ffunction-sections -fdata-sections -fPIC -O2 -m64 -DLOCALEDIR="." -nostdinc -I/home/jws/develop/genode/depot/genodelabs/api/stdcxx/2020-10-07/include/stdcxx -I/home/jws/develop/genode/depot/genodelabs/api/stdcxx/2020-10-07/include/stdcxx/std -I/home/jws/develop/genode/depot/genodelabs/api/stdcxx/2020-10-07/include/stdcxx/c_global -I/home/jws/develop/genode/depot/genodelabs/api/libc/2020-10-07/include/spec/x86_64/libc -I/home/jws/develop/genode/depot/genodelabs/api/libc/2020-10-07/include/spec/x86_64 -I/home/jws/develop/genode/depot/genodelabs/api/libc/2020-10-07/include/spec/x86/libc -I/home/jws/develop/genode/depot/genodelabs/api/libc/2020-10-07/include/spec/x86 -I/home/jws/develop/genode/depot/genodelabs/api/libc/2020-10-07/include/libc-genode -I/home/jws/develop/genode/depot/genodelabs/api/libc/2020-10-07/include/libc -I/home/jws/develop/genode/depot/genodelabs/api/libc/2020-10-07/include -I/home/jws/develop/genode/depot/genodelabs/api/base/2020-10-07/include/spec/x86_64 -I/home/jws/develop/genode/depot/genodelabs/api/base/2020-10-07/include/spec/x86 -I/home/jws/develop/genode/depot/genodelabs/api/base/2020-10-07/include/spec/64bit -I/home/jws/develop/genode/depot/genodelabs/api/base/2020-10-07/include -I/usr/local/genode/tool/current/x86_64-pc-elf/include/c++/8.3.0/x86_64-pc-elf/64 -I/usr/local/genode/tool/current/lib/gcc/x86_64-pc-elf/8.3.0/include -I/home/jws/develop/genode-libstdcxx-testsuite/var/src/stdcxx-80f380143250d4f951433876698b54fdac32b95f/src/lib/stdcxx/include/backward -I/home/jws/develop/genode-libstdcxx-testsuite/var/src/stdcxx-80f380143250d4f951433876698b54fdac32b95f/src/lib/stdcxx/testsuite/util /home/jws/develop/genode-libstdcxx-testsuite/var/src/stdcxx-80f380143250d4f951433876698b54fdac32b95f/src/lib/stdcxx/testsuite/27_io/basic_istream/extractors_arithmetic/char/exceptions_failbit_throw.cc -fno-diagnostics-show-caret -fdiagnostics-color=never ./libtestc++.a -Wl,-melf_x86_64 -Wl,-gc-sections -Wl,-z -Wl,max-page-size=0x1000 -Wl,-Ttext=0x01000000 -Wl,--dynamic-linker=ld.lib.so -Wl,--dynamic-list=/home/jws/develop/genode/repos/base/src/ld/genode_dyn.dl -Wl,--eh-frame-hdr -Wl,-rpath-link=. -Wl,-T -Wl,/home/jws/develop/genode/repos/base/src/ld/genode_dyn.ld -l:libc.lib.so -l:libm.lib.so -l:posix.lib.so -nostdlib /usr/local/genode/tool/current/lib/gcc/x86_64-pc-elf/8.3.0/64/libgcc.a -L/home/jws/develop/genode-libstdcxx-testsuite/var/abi -l:stdcxx.lib.so -l:ld.lib.so -o ./exceptions_failbit_throw.exe
pid is 17452 -17452
/usr/local/genode/tool/current/bin/../lib/gcc/x86_64-pc-elf/8.3.0/../../../../x86_64-pc-elf/bin/ld: /tmp/ccPu9jPJ.o: in function `__gnu_test::fail_num_get<char>::~fail_num_get()':
exceptions_failbit_throw.cc:(.text._ZN10__gnu_test12fail_num_getIcED2Ev[_ZN10__gnu_test12fail_num_getIcED5Ev]+0x3): undefined reference to `vtable for std::num_get<char, std::istreambuf_iterator<char, std::char_traits<char> > >'
/usr/local/genode/tool/current/bin/../lib/gcc/x86_64-pc-elf/8.3.0/../../../../x86_64-pc-elf/bin/ld: /tmp/ccPu9jPJ.o: in function `__gnu_test::fail_num_get<char>::~fail_num_get()':
exceptions_failbit_throw.cc:(.text._ZN10__gnu_test12fail_num_getIcED0Ev[_ZN10__gnu_test12fail_num_getIcED5Ev]+0x3): undefined reference to `vtable for std::num_get<char, std::istreambuf_iterator<char, std::char_traits<char> > >'
/usr/local/genode/tool/current/bin/../lib/gcc/x86_64-pc-elf/8.3.0/../../../../x86_64-pc-elf/bin/ld: /tmp/ccPu9jPJ.o: in function `std::locale::locale<__gnu_test::fail_num_get<char> >(std::locale const&, __gnu_test::fail_num_get<char>*)':
exceptions_failbit_throw.cc:(.text._ZNSt6localeC2IN10__gnu_test12fail_num_getIcEEEERKS_PT_[_ZNSt6localeC5IN10__gnu_test12fail_num_getIcEEEERKS_PT_]+0x38): undefined reference to `std::num_get<char, std::istreambuf_iterator<char, std::char_traits<char> > >::id'
/usr/local/genode/tool/current/bin/../lib/gcc/x86_64-pc-elf/8.3.0/../../../../x86_64-pc-elf/bin/ld: /tmp/ccPu9jPJ.o: in function `void test_failbit<bool>()':
exceptions_failbit_throw.cc:(.text._Z12test_failbitIbEvv[_Z12test_failbitIbEvv]+0x22a): undefined reference to `std::istream& std::istream::_M_extract<bool>(bool&)'
/usr/local/genode/tool/current/bin/../lib/gcc/x86_64-pc-elf/8.3.0/../../../../x86_64-pc-elf/bin/ld: /tmp/ccPu9jPJ.o: in function `void test_failbit<unsigned short>()':
exceptions_failbit_throw.cc:(.text._Z12test_failbitItEvv[_Z12test_failbitItEvv]+0x22a): undefined reference to `std::istream& std::istream::_M_extract<unsigned short>(unsigned short&)'
/usr/local/genode/tool/current/bin/../lib/gcc/x86_64-pc-elf/8.3.0/../../../../x86_64-pc-elf/bin/ld: /tmp/ccPu9jPJ.o: in function `void test_failbit<void*>()':
exceptions_failbit_throw.cc:(.text._Z12test_failbitIPvEvv[_Z12test_failbitIPvEvv]+0x22a): undefined reference to `std::istream& std::istream::_M_extract<void*>(void*&)'
/usr/local/genode/tool/current/bin/../lib/gcc/x86_64-pc-elf/8.3.0/../../../../x86_64-pc-elf/bin/ld: /tmp/ccPu9jPJ.o: in function `void test_failbit<short>()':
exceptions_failbit_throw.cc:(.text._Z12test_failbitIsEvv[_Z12test_failbitIsEvv]+0x22a): undefined reference to `std::istream::operator>>(short&)'
/usr/local/genode/tool/current/bin/../lib/gcc/x86_64-pc-elf/8.3.0/../../../../x86_64-pc-elf/bin/ld: /tmp/ccPu9jPJ.o:(.data.rel.ro._ZTIN10__gnu_test12fail_num_getIcEE[_ZTIN10__gnu_test12fail_num_getIcEE]+0x10): undefined reference to `typeinfo for std::num_get<char, std::istreambuf_iterator<char, std::char_traits<char> > >'
/usr/local/genode/tool/current/bin/../lib/gcc/x86_64-pc-elf/8.3.0/../../../../x86_64-pc-elf/bin/ld: /tmp/ccPu9jPJ.o:(.data.rel.local.DW.ref._ZTINSt8ios_base7failureB5cxx11E[DW.ref._ZTINSt8ios_base7failureB5cxx11E]+0x0): undefined reference to `typeinfo for std::ios_base::failure[abi:cxx11]'
collect2: error: ld returned 1 exit status
pid is -1
close result is 17452 exp7 0 1
output is /usr/local/genode/tool/current/bin/../lib/gcc/x86_64-pc-elf/8.3.0/../../../../x86_64-pc-elf/bin/ld: /tmp/ccPu9jPJ.o: in function `__gnu_test::fail_num_get<char>::~fail_num_get()':
exceptions_failbit_throw.cc:(.text._ZN10__gnu_test12fail_num_getIcED2Ev[_ZN10__gnu_test12fail_num_getIcED5Ev]+0x3): undefined reference to `vtable for std::num_get<char, std::istreambuf_iterator<char, std::char_traits<char> > >'
/usr/local/genode/tool/current/bin/../lib/gcc/x86_64-pc-elf/8.3.0/../../../../x86_64-pc-elf/bin/ld: /tmp/ccPu9jPJ.o: in function `__gnu_test::fail_num_get<char>::~fail_num_get()':
exceptions_failbit_throw.cc:(.text._ZN10__gnu_test12fail_num_getIcED0Ev[_ZN10__gnu_test12fail_num_getIcED5Ev]+0x3): undefined reference to `vtable for std::num_get<char, std::istreambuf_iterator<char, std::char_traits<char> > >'
/usr/local/genode/tool/current/bin/../lib/gcc/x86_64-pc-elf/8.3.0/../../../../x86_64-pc-elf/bin/ld: /tmp/ccPu9jPJ.o: in function `std::locale::locale<__gnu_test::fail_num_get<char> >(std::locale const&, __gnu_test::fail_num_get<char>*)':
exceptions_failbit_throw.cc:(.text._ZNSt6localeC2IN10__gnu_test12fail_num_getIcEEEERKS_PT_[_ZNSt6localeC5IN10__gnu_test12fail_num_getIcEEEERKS_PT_]+0x38): undefined reference to `std::num_get<char, std::istreambuf_iterator<char, std::char_traits<char> > >::id'
/usr/local/genode/tool/current/bin/../lib/gcc/x86_64-pc-elf/8.3.0/../../../../x86_64-pc-elf/bin/ld: /tmp/ccPu9jPJ.o: in function `void test_failbit<bool>()':
exceptions_failbit_throw.cc:(.text._Z12test_failbitIbEvv[_Z12test_failbitIbEvv]+0x22a): undefined reference to `std::istream& std::istream::_M_extract<bool>(bool&)'
/usr/local/genode/tool/current/bin/../lib/gcc/x86_64-pc-elf/8.3.0/../../../../x86_64-pc-elf/bin/ld: /tmp/ccPu9jPJ.o: in function `void test_failbit<unsigned short>()':
exceptions_failbit_throw.cc:(.text._Z12test_failbitItEvv[_Z12test_failbitItEvv]+0x22a): undefined reference to `std::istream& std::istream::_M_extract<unsigned short>(unsigned short&)'
/usr/local/genode/tool/current/bin/../lib/gcc/x86_64-pc-elf/8.3.0/../../../../x86_64-pc-elf/bin/ld: /tmp/ccPu9jPJ.o: in function `void test_failbit<void*>()':
exceptions_failbit_throw.cc:(.text._Z12test_failbitIPvEvv[_Z12test_failbitIPvEvv]+0x22a): undefined reference to `std::istream& std::istream::_M_extract<void*>(void*&)'
/usr/local/genode/tool/current/bin/../lib/gcc/x86_64-pc-elf/8.3.0/../../../../x86_64-pc-elf/bin/ld: /tmp/ccPu9jPJ.o: in function `void test_failbit<short>()':
exceptions_failbit_throw.cc:(.text._Z12test_failbitIsEvv[_Z12test_failbitIsEvv]+0x22a): undefined reference to `std::istream::operator>>(short&)'
/usr/local/genode/tool/current/bin/../lib/gcc/x86_64-pc-elf/8.3.0/../../../../x86_64-pc-elf/bin/ld: /tmp/ccPu9jPJ.o:(.data.rel.ro._ZTIN10__gnu_test12fail_num_getIcEE[_ZTIN10__gnu_test12fail_num_getIcEE]+0x10): undefined reference to `typeinfo for std::num_get<char, std::istreambuf_iterator<char, std::char_traits<char> > >'
/usr/local/genode/tool/current/bin/../lib/gcc/x86_64-pc-elf/8.3.0/../../../../x86_64-pc-elf/bin/ld: /tmp/ccPu9jPJ.o:(.data.rel.local.DW.ref._ZTINSt8ios_base7failureB5cxx11E[DW.ref._ZTINSt8ios_base7failureB5cxx11E]+0x0): undefined reference to `typeinfo for std::ios_base::failure[abi:cxx11]'
collect2: error: ld returned 1 exit status
 status 1
compiler exited with status 1
FAIL: 27_io/basic_istream/extractors_arithmetic/char/exceptions_failbit_throw.cc (test for excess errors)
Excess errors:
/usr/local/genode/tool/current/bin/../lib/gcc/x86_64-pc-elf/8.3.0/../../../../x86_64-pc-elf/bin/ld: /tmp/ccPu9jPJ.o: in function `__gnu_test::fail_num_get<char>::~fail_num_get()':
exceptions_failbit_throw.cc:(.text._ZN10__gnu_test12fail_num_getIcED2Ev[_ZN10__gnu_test12fail_num_getIcED5Ev]+0x3): undefined reference to `vtable for std::num_get<char, std::istreambuf_iterator<char, std::char_traits<char> > >'
/usr/local/genode/tool/current/bin/../lib/gcc/x86_64-pc-elf/8.3.0/../../../../x86_64-pc-elf/bin/ld: /tmp/ccPu9jPJ.o: in function `__gnu_test::fail_num_get<char>::~fail_num_get()':
exceptions_failbit_throw.cc:(.text._ZN10__gnu_test12fail_num_getIcED0Ev[_ZN10__gnu_test12fail_num_getIcED5Ev]+0x3): undefined reference to `vtable for std::num_get<char, std::istreambuf_iterator<char, std::char_traits<char> > >'
/usr/local/genode/tool/current/bin/../lib/gcc/x86_64-pc-elf/8.3.0/../../../../x86_64-pc-elf/bin/ld: /tmp/ccPu9jPJ.o: in function `std::locale::locale<__gnu_test::fail_num_get<char> >(std::locale const&, __gnu_test::fail_num_get<char>*)':
exceptions_failbit_throw.cc:(.text._ZNSt6localeC2IN10__gnu_test12fail_num_getIcEEEERKS_PT_[_ZNSt6localeC5IN10__gnu_test12fail_num_getIcEEEERKS_PT_]+0x38): undefined reference to `std::num_get<char, std::istreambuf_iterator<char, std::char_traits<char> > >::id'
/usr/local/genode/tool/current/bin/../lib/gcc/x86_64-pc-elf/8.3.0/../../../../x86_64-pc-elf/bin/ld: /tmp/ccPu9jPJ.o: in function `void test_failbit<bool>()':
exceptions_failbit_throw.cc:(.text._Z12test_failbitIbEvv[_Z12test_failbitIbEvv]+0x22a): undefined reference to `std::istream& std::istream::_M_extract<bool>(bool&)'
/usr/local/genode/tool/current/bin/../lib/gcc/x86_64-pc-elf/8.3.0/../../../../x86_64-pc-elf/bin/ld: /tmp/ccPu9jPJ.o: in function `void test_failbit<unsigned short>()':
exceptions_failbit_throw.cc:(.text._Z12test_failbitItEvv[_Z12test_failbitItEvv]+0x22a): undefined reference to `std::istream& std::istream::_M_extract<unsigned short>(unsigned short&)'
/usr/local/genode/tool/current/bin/../lib/gcc/x86_64-pc-elf/8.3.0/../../../../x86_64-pc-elf/bin/ld: /tmp/ccPu9jPJ.o: in function `void test_failbit<void*>()':
exceptions_failbit_throw.cc:(.text._Z12test_failbitIPvEvv[_Z12test_failbitIPvEvv]+0x22a): undefined reference to `std::istream& std::istream::_M_extract<void*>(void*&)'
/usr/local/genode/tool/current/bin/../lib/gcc/x86_64-pc-elf/8.3.0/../../../../x86_64-pc-elf/bin/ld: /tmp/ccPu9jPJ.o: in function `void test_failbit<short>()':
exceptions_failbit_throw.cc:(.text._Z12test_failbitIsEvv[_Z12test_failbitIsEvv]+0x22a): undefined reference to `std::istream::operator>>(short&)'
/usr/local/genode/tool/current/bin/../lib/gcc/x86_64-pc-elf/8.3.0/../../../../x86_64-pc-elf/bin/ld: /tmp/ccPu9jPJ.o:(.data.rel.ro._ZTIN10__gnu_test12fail_num_getIcEE[_ZTIN10__gnu_test12fail_num_getIcEE]+0x10): undefined reference to `typeinfo for std::num_get<char, std::istreambuf_iterator<char, std::char_traits<char> > >'
/usr/local/genode/tool/current/bin/../lib/gcc/x86_64-pc-elf/8.3.0/../../../../x86_64-pc-elf/bin/ld: /tmp/ccPu9jPJ.o:(.data.rel.local.DW.ref._ZTINSt8ios_base7failureB5cxx11E[DW.ref._ZTINSt8ios_base7failureB5cxx11E]+0x0): undefined reference to `typeinfo for std::ios_base::failure[abi:cxx11]'
collect2: error: ld returned 1 exit status

UNRESOLVED: 27_io/basic_istream/extractors_arithmetic/char/exceptions_failbit_throw.cc compilation failed to produce executable
