Testing wchar_t/2.cc
extra_tool_flags are:
  
doing compile
Executing on host: /usr/local/genode/tool/current/bin/genode-x86-g++ -fmessage-length=0 -fno-show-column -ffunction-sections -fdata-sections -fPIC -O2 -m64  -DLOCALEDIR="." -nostdinc -I/home/jws/develop/genode/depot/genodelabs/api/stdcxx/2020-10-07/include/stdcxx -I/home/jws/develop/genode/depot/genodelabs/api/stdcxx/2020-10-07/include/stdcxx/std -I/home/jws/develop/genode/depot/genodelabs/api/stdcxx/2020-10-07/include/stdcxx/c_global -I/home/jws/develop/genode/depot/genodelabs/api/libc/2020-10-07/include/spec/x86_64/libc -I/home/jws/develop/genode/depot/genodelabs/api/libc/2020-10-07/include/spec/x86_64 -I/home/jws/develop/genode/depot/genodelabs/api/libc/2020-10-07/include/spec/x86/libc -I/home/jws/develop/genode/depot/genodelabs/api/libc/2020-10-07/include/spec/x86 -I/home/jws/develop/genode/depot/genodelabs/api/libc/2020-10-07/include/libc-genode -I/home/jws/develop/genode/depot/genodelabs/api/libc/2020-10-07/include/libc -I/home/jws/develop/genode/depot/genodelabs/api/libc/2020-10-07/include -I/home/jws/develop/genode/depot/genodelabs/api/base/2020-10-07/include/spec/x86_64 -I/home/jws/develop/genode/depot/genodelabs/api/base/2020-10-07/include/spec/x86 -I/home/jws/develop/genode/depot/genodelabs/api/base/2020-10-07/include/spec/64bit -I/home/jws/develop/genode/depot/genodelabs/api/base/2020-10-07/include -I/usr/local/genode/tool/current/x86_64-pc-elf/include/c++/8.3.0/x86_64-pc-elf/64 -I/usr/local/genode/tool/current/lib/gcc/x86_64-pc-elf/8.3.0/include -I/home/jws/develop/genode-libstdcxx-testsuite/var/src/stdcxx-80f380143250d4f951433876698b54fdac32b95f/src/lib/stdcxx/include/backward -I/home/jws/develop/genode-libstdcxx-testsuite/var/src/stdcxx-80f380143250d4f951433876698b54fdac32b95f/src/lib/stdcxx/testsuite/util /home/jws/develop/genode-libstdcxx-testsuite/var/src/stdcxx-80f380143250d4f951433876698b54fdac32b95f/src/lib/stdcxx/testsuite/27_io/basic_istream/extractors_other/wchar_t/2.cc      -fno-diagnostics-show-caret -fdiagnostics-color=never ./libtestc++.a -Wl,-melf_x86_64 -Wl,-gc-sections -Wl,-z -Wl,max-page-size=0x1000 -Wl,-Ttext=0x01000000 -Wl,--dynamic-linker=ld.lib.so -Wl,--dynamic-list=/home/jws/develop/genode/repos/base/src/ld/genode_dyn.dl -Wl,--eh-frame-hdr -Wl,-rpath-link=. -Wl,-T -Wl,/home/jws/develop/genode/repos/base/src/ld/genode_dyn.ld -l:libc.lib.so -l:libm.lib.so -l:posix.lib.so -nostdlib /usr/local/genode/tool/current/lib/gcc/x86_64-pc-elf/8.3.0/64/libgcc.a -L/home/jws/develop/genode-libstdcxx-testsuite/var/abi -l:stdcxx.lib.so -l:ld.lib.so    -o ./2.exe    (timeout = 600)
spawn -ignore SIGHUP /usr/local/genode/tool/current/bin/genode-x86-g++ -fmessage-length=0 -fno-show-column -ffunction-sections -fdata-sections -fPIC -O2 -m64 -DLOCALEDIR="." -nostdinc -I/home/jws/develop/genode/depot/genodelabs/api/stdcxx/2020-10-07/include/stdcxx -I/home/jws/develop/genode/depot/genodelabs/api/stdcxx/2020-10-07/include/stdcxx/std -I/home/jws/develop/genode/depot/genodelabs/api/stdcxx/2020-10-07/include/stdcxx/c_global -I/home/jws/develop/genode/depot/genodelabs/api/libc/2020-10-07/include/spec/x86_64/libc -I/home/jws/develop/genode/depot/genodelabs/api/libc/2020-10-07/include/spec/x86_64 -I/home/jws/develop/genode/depot/genodelabs/api/libc/2020-10-07/include/spec/x86/libc -I/home/jws/develop/genode/depot/genodelabs/api/libc/2020-10-07/include/spec/x86 -I/home/jws/develop/genode/depot/genodelabs/api/libc/2020-10-07/include/libc-genode -I/home/jws/develop/genode/depot/genodelabs/api/libc/2020-10-07/include/libc -I/home/jws/develop/genode/depot/genodelabs/api/libc/2020-10-07/include -I/home/jws/develop/genode/depot/genodelabs/api/base/2020-10-07/include/spec/x86_64 -I/home/jws/develop/genode/depot/genodelabs/api/base/2020-10-07/include/spec/x86 -I/home/jws/develop/genode/depot/genodelabs/api/base/2020-10-07/include/spec/64bit -I/home/jws/develop/genode/depot/genodelabs/api/base/2020-10-07/include -I/usr/local/genode/tool/current/x86_64-pc-elf/include/c++/8.3.0/x86_64-pc-elf/64 -I/usr/local/genode/tool/current/lib/gcc/x86_64-pc-elf/8.3.0/include -I/home/jws/develop/genode-libstdcxx-testsuite/var/src/stdcxx-80f380143250d4f951433876698b54fdac32b95f/src/lib/stdcxx/include/backward -I/home/jws/develop/genode-libstdcxx-testsuite/var/src/stdcxx-80f380143250d4f951433876698b54fdac32b95f/src/lib/stdcxx/testsuite/util /home/jws/develop/genode-libstdcxx-testsuite/var/src/stdcxx-80f380143250d4f951433876698b54fdac32b95f/src/lib/stdcxx/testsuite/27_io/basic_istream/extractors_other/wchar_t/2.cc -fno-diagnostics-show-caret -fdiagnostics-color=never ./libtestc++.a -Wl,-melf_x86_64 -Wl,-gc-sections -Wl,-z -Wl,max-page-size=0x1000 -Wl,-Ttext=0x01000000 -Wl,--dynamic-linker=ld.lib.so -Wl,--dynamic-list=/home/jws/develop/genode/repos/base/src/ld/genode_dyn.dl -Wl,--eh-frame-hdr -Wl,-rpath-link=. -Wl,-T -Wl,/home/jws/develop/genode/repos/base/src/ld/genode_dyn.ld -l:libc.lib.so -l:libm.lib.so -l:posix.lib.so -nostdlib /usr/local/genode/tool/current/lib/gcc/x86_64-pc-elf/8.3.0/64/libgcc.a -L/home/jws/develop/genode-libstdcxx-testsuite/var/abi -l:stdcxx.lib.so -l:ld.lib.so -o ./2.exe
pid is 17907 -17907
/usr/local/genode/tool/current/bin/../lib/gcc/x86_64-pc-elf/8.3.0/../../../../x86_64-pc-elf/bin/ld: /tmp/ccR0dC4t.o: in function `test02() [clone .cold.0]':
2.cc:(.text.unlikely._Z6test02v+0x3): undefined reference to `vtable for std::basic_ios<wchar_t, std::char_traits<wchar_t> >'
/usr/local/genode/tool/current/bin/../lib/gcc/x86_64-pc-elf/8.3.0/../../../../x86_64-pc-elf/bin/ld: 2.cc:(.text.unlikely._Z6test02v+0x21): undefined reference to `std::basic_filebuf<wchar_t, std::char_traits<wchar_t> >::~basic_filebuf()'
/usr/local/genode/tool/current/bin/../lib/gcc/x86_64-pc-elf/8.3.0/../../../../x86_64-pc-elf/bin/ld: 2.cc:(.text.unlikely._Z6test02v+0x29): undefined reference to `std::basic_filebuf<wchar_t, std::char_traits<wchar_t> >::~basic_filebuf()'
/usr/local/genode/tool/current/bin/../lib/gcc/x86_64-pc-elf/8.3.0/../../../../x86_64-pc-elf/bin/ld: 2.cc:(.text.unlikely._Z6test02v+0x52): undefined reference to `vtable for std::basic_ios<wchar_t, std::char_traits<wchar_t> >'
/usr/local/genode/tool/current/bin/../lib/gcc/x86_64-pc-elf/8.3.0/../../../../x86_64-pc-elf/bin/ld: /tmp/ccR0dC4t.o: in function `test02()':
2.cc:(.text._Z6test02v+0x76): undefined reference to `std::basic_filebuf<wchar_t, std::char_traits<wchar_t> >::basic_filebuf()'
/usr/local/genode/tool/current/bin/../lib/gcc/x86_64-pc-elf/8.3.0/../../../../x86_64-pc-elf/bin/ld: 2.cc:(.text._Z6test02v+0x7e): undefined reference to `std::basic_filebuf<wchar_t, std::char_traits<wchar_t> >::basic_filebuf()'
/usr/local/genode/tool/current/bin/../lib/gcc/x86_64-pc-elf/8.3.0/../../../../x86_64-pc-elf/bin/ld: 2.cc:(.text._Z6test02v+0x8e): undefined reference to `std::basic_filebuf<wchar_t, std::char_traits<wchar_t> >::open(char const*, std::_Ios_Openmode)'
/usr/local/genode/tool/current/bin/../lib/gcc/x86_64-pc-elf/8.3.0/../../../../x86_64-pc-elf/bin/ld: 2.cc:(.text._Z6test02v+0xa0): undefined reference to `std::basic_filebuf<wchar_t, std::char_traits<wchar_t> >::open(char const*, std::_Ios_Openmode)'
/usr/local/genode/tool/current/bin/../lib/gcc/x86_64-pc-elf/8.3.0/../../../../x86_64-pc-elf/bin/ld: 2.cc:(.text._Z6test02v+0xdb): undefined reference to `vtable for std::basic_istream<wchar_t, std::char_traits<wchar_t> >'
/usr/local/genode/tool/current/bin/../lib/gcc/x86_64-pc-elf/8.3.0/../../../../x86_64-pc-elf/bin/ld: 2.cc:(.text._Z6test02v+0x150): undefined reference to `std::basic_ios<wchar_t, std::char_traits<wchar_t> >::init(std::basic_streambuf<wchar_t, std::char_traits<wchar_t> >*)'
/usr/local/genode/tool/current/bin/../lib/gcc/x86_64-pc-elf/8.3.0/../../../../x86_64-pc-elf/bin/ld: 2.cc:(.text._Z6test02v+0x163): undefined reference to `std::basic_istream<wchar_t, std::char_traits<wchar_t> >::operator>>(std::basic_streambuf<wchar_t, std::char_traits<wchar_t> >*)'
/usr/local/genode/tool/current/bin/../lib/gcc/x86_64-pc-elf/8.3.0/../../../../x86_64-pc-elf/bin/ld: 2.cc:(.text._Z6test02v+0x181): undefined reference to `vtable for std::basic_ios<wchar_t, std::char_traits<wchar_t> >'
/usr/local/genode/tool/current/bin/../lib/gcc/x86_64-pc-elf/8.3.0/../../../../x86_64-pc-elf/bin/ld: 2.cc:(.text._Z6test02v+0x197): undefined reference to `std::basic_filebuf<wchar_t, std::char_traits<wchar_t> >::close()'
/usr/local/genode/tool/current/bin/../lib/gcc/x86_64-pc-elf/8.3.0/../../../../x86_64-pc-elf/bin/ld: 2.cc:(.text._Z6test02v+0x19f): undefined reference to `std::basic_filebuf<wchar_t, std::char_traits<wchar_t> >::close()'
/usr/local/genode/tool/current/bin/../lib/gcc/x86_64-pc-elf/8.3.0/../../../../x86_64-pc-elf/bin/ld: 2.cc:(.text._Z6test02v+0x1ce): undefined reference to `vtable for std::basic_filebuf<wchar_t, std::char_traits<wchar_t> >'
/usr/local/genode/tool/current/bin/../lib/gcc/x86_64-pc-elf/8.3.0/../../../../x86_64-pc-elf/bin/ld: 2.cc:(.text._Z6test02v+0x1e2): undefined reference to `std::basic_filebuf<wchar_t, std::char_traits<wchar_t> >::close()'
/usr/local/genode/tool/current/bin/../lib/gcc/x86_64-pc-elf/8.3.0/../../../../x86_64-pc-elf/bin/ld: 2.cc:(.text._Z6test02v+0x1f1): undefined reference to `vtable for std::basic_streambuf<wchar_t, std::char_traits<wchar_t> >'
/usr/local/genode/tool/current/bin/../lib/gcc/x86_64-pc-elf/8.3.0/../../../../x86_64-pc-elf/bin/ld: 2.cc:(.text._Z6test02v+0x216): undefined reference to `std::basic_filebuf<wchar_t, std::char_traits<wchar_t> >::close()'
collect2: error: ld returned 1 exit status
pid is -1
close result is 17907 exp7 0 1
output is /usr/local/genode/tool/current/bin/../lib/gcc/x86_64-pc-elf/8.3.0/../../../../x86_64-pc-elf/bin/ld: /tmp/ccR0dC4t.o: in function `test02() [clone .cold.0]':
2.cc:(.text.unlikely._Z6test02v+0x3): undefined reference to `vtable for std::basic_ios<wchar_t, std::char_traits<wchar_t> >'
/usr/local/genode/tool/current/bin/../lib/gcc/x86_64-pc-elf/8.3.0/../../../../x86_64-pc-elf/bin/ld: 2.cc:(.text.unlikely._Z6test02v+0x21): undefined reference to `std::basic_filebuf<wchar_t, std::char_traits<wchar_t> >::~basic_filebuf()'
/usr/local/genode/tool/current/bin/../lib/gcc/x86_64-pc-elf/8.3.0/../../../../x86_64-pc-elf/bin/ld: 2.cc:(.text.unlikely._Z6test02v+0x29): undefined reference to `std::basic_filebuf<wchar_t, std::char_traits<wchar_t> >::~basic_filebuf()'
/usr/local/genode/tool/current/bin/../lib/gcc/x86_64-pc-elf/8.3.0/../../../../x86_64-pc-elf/bin/ld: 2.cc:(.text.unlikely._Z6test02v+0x52): undefined reference to `vtable for std::basic_ios<wchar_t, std::char_traits<wchar_t> >'
/usr/local/genode/tool/current/bin/../lib/gcc/x86_64-pc-elf/8.3.0/../../../../x86_64-pc-elf/bin/ld: /tmp/ccR0dC4t.o: in function `test02()':
2.cc:(.text._Z6test02v+0x76): undefined reference to `std::basic_filebuf<wchar_t, std::char_traits<wchar_t> >::basic_filebuf()'
/usr/local/genode/tool/current/bin/../lib/gcc/x86_64-pc-elf/8.3.0/../../../../x86_64-pc-elf/bin/ld: 2.cc:(.text._Z6test02v+0x7e): undefined reference to `std::basic_filebuf<wchar_t, std::char_traits<wchar_t> >::basic_filebuf()'
/usr/local/genode/tool/current/bin/../lib/gcc/x86_64-pc-elf/8.3.0/../../../../x86_64-pc-elf/bin/ld: 2.cc:(.text._Z6test02v+0x8e): undefined reference to `std::basic_filebuf<wchar_t, std::char_traits<wchar_t> >::open(char const*, std::_Ios_Openmode)'
/usr/local/genode/tool/current/bin/../lib/gcc/x86_64-pc-elf/8.3.0/../../../../x86_64-pc-elf/bin/ld: 2.cc:(.text._Z6test02v+0xa0): undefined reference to `std::basic_filebuf<wchar_t, std::char_traits<wchar_t> >::open(char const*, std::_Ios_Openmode)'
/usr/local/genode/tool/current/bin/../lib/gcc/x86_64-pc-elf/8.3.0/../../../../x86_64-pc-elf/bin/ld: 2.cc:(.text._Z6test02v+0xdb): undefined reference to `vtable for std::basic_istream<wchar_t, std::char_traits<wchar_t> >'
/usr/local/genode/tool/current/bin/../lib/gcc/x86_64-pc-elf/8.3.0/../../../../x86_64-pc-elf/bin/ld: 2.cc:(.text._Z6test02v+0x150): undefined reference to `std::basic_ios<wchar_t, std::char_traits<wchar_t> >::init(std::basic_streambuf<wchar_t, std::char_traits<wchar_t> >*)'
/usr/local/genode/tool/current/bin/../lib/gcc/x86_64-pc-elf/8.3.0/../../../../x86_64-pc-elf/bin/ld: 2.cc:(.text._Z6test02v+0x163): undefined reference to `std::basic_istream<wchar_t, std::char_traits<wchar_t> >::operator>>(std::basic_streambuf<wchar_t, std::char_traits<wchar_t> >*)'
/usr/local/genode/tool/current/bin/../lib/gcc/x86_64-pc-elf/8.3.0/../../../../x86_64-pc-elf/bin/ld: 2.cc:(.text._Z6test02v+0x181): undefined reference to `vtable for std::basic_ios<wchar_t, std::char_traits<wchar_t> >'
/usr/local/genode/tool/current/bin/../lib/gcc/x86_64-pc-elf/8.3.0/../../../../x86_64-pc-elf/bin/ld: 2.cc:(.text._Z6test02v+0x197): undefined reference to `std::basic_filebuf<wchar_t, std::char_traits<wchar_t> >::close()'
/usr/local/genode/tool/current/bin/../lib/gcc/x86_64-pc-elf/8.3.0/../../../../x86_64-pc-elf/bin/ld: 2.cc:(.text._Z6test02v+0x19f): undefined reference to `std::basic_filebuf<wchar_t, std::char_traits<wchar_t> >::close()'
/usr/local/genode/tool/current/bin/../lib/gcc/x86_64-pc-elf/8.3.0/../../../../x86_64-pc-elf/bin/ld: 2.cc:(.text._Z6test02v+0x1ce): undefined reference to `vtable for std::basic_filebuf<wchar_t, std::char_traits<wchar_t> >'
/usr/local/genode/tool/current/bin/../lib/gcc/x86_64-pc-elf/8.3.0/../../../../x86_64-pc-elf/bin/ld: 2.cc:(.text._Z6test02v+0x1e2): undefined reference to `std::basic_filebuf<wchar_t, std::char_traits<wchar_t> >::close()'
/usr/local/genode/tool/current/bin/../lib/gcc/x86_64-pc-elf/8.3.0/../../../../x86_64-pc-elf/bin/ld: 2.cc:(.text._Z6test02v+0x1f1): undefined reference to `vtable for std::basic_streambuf<wchar_t, std::char_traits<wchar_t> >'
/usr/local/genode/tool/current/bin/../lib/gcc/x86_64-pc-elf/8.3.0/../../../../x86_64-pc-elf/bin/ld: 2.cc:(.text._Z6test02v+0x216): undefined reference to `std::basic_filebuf<wchar_t, std::char_traits<wchar_t> >::close()'
collect2: error: ld returned 1 exit status
 status 1
compiler exited with status 1
FAIL: 27_io/basic_istream/extractors_other/wchar_t/2.cc (test for excess errors)
