Testing cstddef/macros.cc
Grepping /home/jws/develop/genode-libstdcxx-testsuite/var/src/stdcxx-80f380143250d4f951433876698b54fdac32b95f/src/lib/stdcxx/testsuite/18_support/headers/cstddef/macros.cc for the pattern "{[ 	]+dg-[-a-z]+[ 	]+.*[ 	]+}"
Processing option:  dg-do 1 compile 
Processing option:  dg-options 2 "-Wno-conversion-null" 
extra_tool_flags are:
 -Wno-conversion-null
board_info target needs_status_wrapper 
getting unix needs_status_wrapper
board_info target exists gcc,timeout
board_info target exists gcc,timeout
board_info target name 
getting unix name
board_info target name 
getting unix name
board_info unix exists cflags_for_target
calling is_remote host
board_info build name 
getting epyc name
board_info host name 
getting epyc name
board is host, host is local
Checking /usr/local/genode/tool/current/bin/genode-x86-g++
file /usr/local/genode/tool/current/bin/genode-x86-g++ is executable
board_info unix exists cflags
board_info unix ldscript 
getting unix ldscript
board_info unix exists multilib_flags
board_info unix multilib_flags 
getting unix multilib_flags
doing compile
calling is_remote host
board_info build name 
getting epyc name
board_info host name 
getting epyc name
board is host, host is local
calling is_remote host
board_info build name 
getting epyc name
board_info host name 
getting epyc name
board is host, host is local
calling is_remote host
board_info build name 
getting epyc name
board_info host name 
getting epyc name
board is host, host is local
Invoking the compiler as /usr/local/genode/tool/current/bin/genode-x86-g++ -fmessage-length=0 -fno-show-column -ffunction-sections -fdata-sections -fPIC -O2 -m64  -DLOCALEDIR="." -nostdinc -I/home/jws/develop/genode/depot//genodelabs/api/stdcxx/2020-10-19-a/include/stdcxx -I/home/jws/develop/genode/depot//genodelabs/api/stdcxx/2020-10-19-a/include/stdcxx/std -I/home/jws/develop/genode/depot//genodelabs/api/stdcxx/2020-10-19-a/include/stdcxx/c_global -I/home/jws/develop/genode/depot//genodelabs/api/libc/2020-10-19-a/include/spec/x86_64/libc -I/home/jws/develop/genode/depot//genodelabs/api/libc/2020-10-19-a/include/spec/x86_64 -I/home/jws/develop/genode/depot//genodelabs/api/libc/2020-10-19-a/include/spec/x86/libc -I/home/jws/develop/genode/depot//genodelabs/api/libc/2020-10-19-a/include/spec/x86 -I/home/jws/develop/genode/depot//genodelabs/api/libc/2020-10-19-a/include/libc-genode -I/home/jws/develop/genode/depot//genodelabs/api/libc/2020-10-19-a/include/libc -I/home/jws/develop/genode/depot//genodelabs/api/libc/2020-10-19-a/include -I/home/jws/develop/genode/depot//genodelabs/api/base/2020-10-19-a/include/spec/x86_64 -I/home/jws/develop/genode/depot//genodelabs/api/base/2020-10-19-a/include/spec/x86 -I/home/jws/develop/genode/depot//genodelabs/api/base/2020-10-19-a/include/spec/64bit -I/home/jws/develop/genode/depot//genodelabs/api/base/2020-10-19-a/include -I/usr/local/genode/tool/current/x86_64-pc-elf/include/c++/8.3.0/x86_64-pc-elf/64 -I/usr/local/genode/tool/current/lib/gcc/x86_64-pc-elf/8.3.0/include -I/home/jws/develop/genode-libstdcxx-testsuite/var/src/stdcxx-80f380143250d4f951433876698b54fdac32b95f/src/lib/stdcxx/include/backward -I/home/jws/develop/genode-libstdcxx-testsuite/var/src/stdcxx-80f380143250d4f951433876698b54fdac32b95f/src/lib/stdcxx/testsuite/util /home/jws/develop/genode-libstdcxx-testsuite/var/src/stdcxx-80f380143250d4f951433876698b54fdac32b95f/src/lib/stdcxx/testsuite/18_support/headers/cstddef/macros.cc    -Wno-conversion-null -fno-diagnostics-show-caret -fdiagnostics-color=never -S -o macros.s
Setting timeout to 600
Executing on host: /usr/local/genode/tool/current/bin/genode-x86-g++ -fmessage-length=0 -fno-show-column -ffunction-sections -fdata-sections -fPIC -O2 -m64  -DLOCALEDIR="." -nostdinc -I/home/jws/develop/genode/depot//genodelabs/api/stdcxx/2020-10-19-a/include/stdcxx -I/home/jws/develop/genode/depot//genodelabs/api/stdcxx/2020-10-19-a/include/stdcxx/std -I/home/jws/develop/genode/depot//genodelabs/api/stdcxx/2020-10-19-a/include/stdcxx/c_global -I/home/jws/develop/genode/depot//genodelabs/api/libc/2020-10-19-a/include/spec/x86_64/libc -I/home/jws/develop/genode/depot//genodelabs/api/libc/2020-10-19-a/include/spec/x86_64 -I/home/jws/develop/genode/depot//genodelabs/api/libc/2020-10-19-a/include/spec/x86/libc -I/home/jws/develop/genode/depot//genodelabs/api/libc/2020-10-19-a/include/spec/x86 -I/home/jws/develop/genode/depot//genodelabs/api/libc/2020-10-19-a/include/libc-genode -I/home/jws/develop/genode/depot//genodelabs/api/libc/2020-10-19-a/include/libc -I/home/jws/develop/genode/depot//genodelabs/api/libc/2020-10-19-a/include -I/home/jws/develop/genode/depot//genodelabs/api/base/2020-10-19-a/include/spec/x86_64 -I/home/jws/develop/genode/depot//genodelabs/api/base/2020-10-19-a/include/spec/x86 -I/home/jws/develop/genode/depot//genodelabs/api/base/2020-10-19-a/include/spec/64bit -I/home/jws/develop/genode/depot//genodelabs/api/base/2020-10-19-a/include -I/usr/local/genode/tool/current/x86_64-pc-elf/include/c++/8.3.0/x86_64-pc-elf/64 -I/usr/local/genode/tool/current/lib/gcc/x86_64-pc-elf/8.3.0/include -I/home/jws/develop/genode-libstdcxx-testsuite/var/src/stdcxx-80f380143250d4f951433876698b54fdac32b95f/src/lib/stdcxx/include/backward -I/home/jws/develop/genode-libstdcxx-testsuite/var/src/stdcxx-80f380143250d4f951433876698b54fdac32b95f/src/lib/stdcxx/testsuite/util /home/jws/develop/genode-libstdcxx-testsuite/var/src/stdcxx-80f380143250d4f951433876698b54fdac32b95f/src/lib/stdcxx/testsuite/18_support/headers/cstddef/macros.cc    -Wno-conversion-null -fno-diagnostics-show-caret -fdiagnostics-color=never -S -o macros.s    (timeout = 600)
calling is_remote host
board_info build name 
getting epyc name
board_info host name 
getting epyc name
board is host, host is local
spawn -ignore SIGHUP /usr/local/genode/tool/current/bin/genode-x86-g++ -fmessage-length=0 -fno-show-column -ffunction-sections -fdata-sections -fPIC -O2 -m64 -DLOCALEDIR="." -nostdinc -I/home/jws/develop/genode/depot//genodelabs/api/stdcxx/2020-10-19-a/include/stdcxx -I/home/jws/develop/genode/depot//genodelabs/api/stdcxx/2020-10-19-a/include/stdcxx/std -I/home/jws/develop/genode/depot//genodelabs/api/stdcxx/2020-10-19-a/include/stdcxx/c_global -I/home/jws/develop/genode/depot//genodelabs/api/libc/2020-10-19-a/include/spec/x86_64/libc -I/home/jws/develop/genode/depot//genodelabs/api/libc/2020-10-19-a/include/spec/x86_64 -I/home/jws/develop/genode/depot//genodelabs/api/libc/2020-10-19-a/include/spec/x86/libc -I/home/jws/develop/genode/depot//genodelabs/api/libc/2020-10-19-a/include/spec/x86 -I/home/jws/develop/genode/depot//genodelabs/api/libc/2020-10-19-a/include/libc-genode -I/home/jws/develop/genode/depot//genodelabs/api/libc/2020-10-19-a/include/libc -I/home/jws/develop/genode/depot//genodelabs/api/libc/2020-10-19-a/include -I/home/jws/develop/genode/depot//genodelabs/api/base/2020-10-19-a/include/spec/x86_64 -I/home/jws/develop/genode/depot//genodelabs/api/base/2020-10-19-a/include/spec/x86 -I/home/jws/develop/genode/depot//genodelabs/api/base/2020-10-19-a/include/spec/64bit -I/home/jws/develop/genode/depot//genodelabs/api/base/2020-10-19-a/include -I/usr/local/genode/tool/current/x86_64-pc-elf/include/c++/8.3.0/x86_64-pc-elf/64 -I/usr/local/genode/tool/current/lib/gcc/x86_64-pc-elf/8.3.0/include -I/home/jws/develop/genode-libstdcxx-testsuite/var/src/stdcxx-80f380143250d4f951433876698b54fdac32b95f/src/lib/stdcxx/include/backward -I/home/jws/develop/genode-libstdcxx-testsuite/var/src/stdcxx-80f380143250d4f951433876698b54fdac32b95f/src/lib/stdcxx/testsuite/util /home/jws/develop/genode-libstdcxx-testsuite/var/src/stdcxx-80f380143250d4f951433876698b54fdac32b95f/src/lib/stdcxx/testsuite/18_support/headers/cstddef/macros.cc -Wno-conversion-null -fno-diagnostics-show-caret -fdiagnostics-color=never -S -o macros.s
pid is 224512 -224512
In file included from /home/jws/develop/genode/depot//genodelabs/api/libc/2020-10-19-a/include/libc/stddef.h:40,
                 from /home/jws/develop/genode/depot//genodelabs/api/stdcxx/2020-10-19-a/include/stdcxx/c_global/cstddef:50,
                 from /home/jws/develop/genode-libstdcxx-testsuite/var/src/stdcxx-80f380143250d4f951433876698b54fdac32b95f/src/lib/stdcxx/testsuite/18_support/headers/cstddef/macros.cc:22:
/home/jws/develop/genode-libstdcxx-testsuite/var/src/stdcxx-80f380143250d4f951433876698b54fdac32b95f/src/lib/stdcxx/testsuite/18_support/headers/cstddef/macros.cc: In function 'void gnu::test02()':
/home/jws/develop/genode-libstdcxx-testsuite/var/src/stdcxx-80f380143250d4f951433876698b54fdac32b95f/src/lib/stdcxx/testsuite/18_support/headers/cstddef/macros.cc:45: error: cannot convert 'std::nullptr_t' to 'const int' in initialization
pid is -1
waitres is 224512 exp6 0 1
close result is 224512 exp6 0 1
output is In file included from /home/jws/develop/genode/depot//genodelabs/api/libc/2020-10-19-a/include/libc/stddef.h:40,
                 from /home/jws/develop/genode/depot//genodelabs/api/stdcxx/2020-10-19-a/include/stdcxx/c_global/cstddef:50,
                 from /home/jws/develop/genode-libstdcxx-testsuite/var/src/stdcxx-80f380143250d4f951433876698b54fdac32b95f/src/lib/stdcxx/testsuite/18_support/headers/cstddef/macros.cc:22:
/home/jws/develop/genode-libstdcxx-testsuite/var/src/stdcxx-80f380143250d4f951433876698b54fdac32b95f/src/lib/stdcxx/testsuite/18_support/headers/cstddef/macros.cc: In function 'void gnu::test02()':
/home/jws/develop/genode-libstdcxx-testsuite/var/src/stdcxx-80f380143250d4f951433876698b54fdac32b95f/src/lib/stdcxx/testsuite/18_support/headers/cstddef/macros.cc:45: error: cannot convert 'std::nullptr_t' to 'const int' in initialization
 status 1
calling is_remote host
board_info build name 
getting epyc name
board_info host name 
getting epyc name
board is host, host is local
Checking pattern "sparc-*-sunos*" with x86_64-pc-freebsd12.0
Checking pattern "alpha*-*-*" with x86_64-pc-freebsd12.0
Checking pattern "hppa*-*-hpux*" with x86_64-pc-freebsd12.0
compiler exited with status 1
output is:
In file included from /home/jws/develop/genode/depot//genodelabs/api/libc/2020-10-19-a/include/libc/stddef.h:40,
                 from /home/jws/develop/genode/depot//genodelabs/api/stdcxx/2020-10-19-a/include/stdcxx/c_global/cstddef:50,
                 from /home/jws/develop/genode-libstdcxx-testsuite/var/src/stdcxx-80f380143250d4f951433876698b54fdac32b95f/src/lib/stdcxx/testsuite/18_support/headers/cstddef/macros.cc:22:
/home/jws/develop/genode-libstdcxx-testsuite/var/src/stdcxx-80f380143250d4f951433876698b54fdac32b95f/src/lib/stdcxx/testsuite/18_support/headers/cstddef/macros.cc: In function 'void gnu::test02()':
/home/jws/develop/genode-libstdcxx-testsuite/var/src/stdcxx-80f380143250d4f951433876698b54fdac32b95f/src/lib/stdcxx/testsuite/18_support/headers/cstddef/macros.cc:45: error: cannot convert 'std::nullptr_t' to 'const int' in initialization

Checking "spu-*-*" against "x86_64-pc-freebsd12.0"
Checking pattern "sparc-*-sunos*" with x86_64-pc-freebsd12.0
Checking pattern "alpha*-*-*" with x86_64-pc-freebsd12.0
Checking pattern "hppa*-*-hpux*" with x86_64-pc-freebsd12.0
FAIL: 18_support/headers/cstddef/macros.cc (test for excess errors)
