Testing cstddef/macros.cc
extra_tool_flags are:
 -Wno-conversion-null
doing compile
Executing on host: /usr/local/genode/tool/current/bin/genode-x86-g++ -fmessage-length=0 -fno-show-column -ffunction-sections -fdata-sections -fPIC -O2 -m64  -DLOCALEDIR="." -nostdinc -I/home/jws/develop/genode/depot/genodelabs/api/stdcxx/2020-10-08/include/stdcxx -I/home/jws/develop/genode/depot/genodelabs/api/stdcxx/2020-10-08/include/stdcxx/std -I/home/jws/develop/genode/depot/genodelabs/api/stdcxx/2020-10-08/include/stdcxx/c_global -I/home/jws/develop/genode/depot/genodelabs/api/libc/2020-10-08/include/spec/x86_64/libc -I/home/jws/develop/genode/depot/genodelabs/api/libc/2020-10-08/include/spec/x86_64 -I/home/jws/develop/genode/depot/genodelabs/api/libc/2020-10-08/include/spec/x86/libc -I/home/jws/develop/genode/depot/genodelabs/api/libc/2020-10-08/include/spec/x86 -I/home/jws/develop/genode/depot/genodelabs/api/libc/2020-10-08/include/libc-genode -I/home/jws/develop/genode/depot/genodelabs/api/libc/2020-10-08/include/libc -I/home/jws/develop/genode/depot/genodelabs/api/libc/2020-10-08/include -I/home/jws/develop/genode/depot/genodelabs/api/base/2020-10-08/include/spec/x86_64 -I/home/jws/develop/genode/depot/genodelabs/api/base/2020-10-08/include/spec/x86 -I/home/jws/develop/genode/depot/genodelabs/api/base/2020-10-08/include/spec/64bit -I/home/jws/develop/genode/depot/genodelabs/api/base/2020-10-08/include -I/usr/local/genode/tool/current/x86_64-pc-elf/include/c++/8.3.0/x86_64-pc-elf/64 -I/usr/local/genode/tool/current/lib/gcc/x86_64-pc-elf/8.3.0/include -I/home/jws/develop/genode-libstdcxx-testsuite/var/src/stdcxx-80f380143250d4f951433876698b54fdac32b95f/src/lib/stdcxx/include/backward -I/home/jws/develop/genode-libstdcxx-testsuite/var/src/stdcxx-80f380143250d4f951433876698b54fdac32b95f/src/lib/stdcxx/testsuite/util /home/jws/develop/genode-libstdcxx-testsuite/var/src/stdcxx-80f380143250d4f951433876698b54fdac32b95f/src/lib/stdcxx/testsuite/18_support/headers/cstddef/macros.cc    -Wno-conversion-null -fno-diagnostics-show-caret -fdiagnostics-color=never -S -o macros.s    (timeout = 600)
spawn -ignore SIGHUP /usr/local/genode/tool/current/bin/genode-x86-g++ -fmessage-length=0 -fno-show-column -ffunction-sections -fdata-sections -fPIC -O2 -m64 -DLOCALEDIR="." -nostdinc -I/home/jws/develop/genode/depot/genodelabs/api/stdcxx/2020-10-08/include/stdcxx -I/home/jws/develop/genode/depot/genodelabs/api/stdcxx/2020-10-08/include/stdcxx/std -I/home/jws/develop/genode/depot/genodelabs/api/stdcxx/2020-10-08/include/stdcxx/c_global -I/home/jws/develop/genode/depot/genodelabs/api/libc/2020-10-08/include/spec/x86_64/libc -I/home/jws/develop/genode/depot/genodelabs/api/libc/2020-10-08/include/spec/x86_64 -I/home/jws/develop/genode/depot/genodelabs/api/libc/2020-10-08/include/spec/x86/libc -I/home/jws/develop/genode/depot/genodelabs/api/libc/2020-10-08/include/spec/x86 -I/home/jws/develop/genode/depot/genodelabs/api/libc/2020-10-08/include/libc-genode -I/home/jws/develop/genode/depot/genodelabs/api/libc/2020-10-08/include/libc -I/home/jws/develop/genode/depot/genodelabs/api/libc/2020-10-08/include -I/home/jws/develop/genode/depot/genodelabs/api/base/2020-10-08/include/spec/x86_64 -I/home/jws/develop/genode/depot/genodelabs/api/base/2020-10-08/include/spec/x86 -I/home/jws/develop/genode/depot/genodelabs/api/base/2020-10-08/include/spec/64bit -I/home/jws/develop/genode/depot/genodelabs/api/base/2020-10-08/include -I/usr/local/genode/tool/current/x86_64-pc-elf/include/c++/8.3.0/x86_64-pc-elf/64 -I/usr/local/genode/tool/current/lib/gcc/x86_64-pc-elf/8.3.0/include -I/home/jws/develop/genode-libstdcxx-testsuite/var/src/stdcxx-80f380143250d4f951433876698b54fdac32b95f/src/lib/stdcxx/include/backward -I/home/jws/develop/genode-libstdcxx-testsuite/var/src/stdcxx-80f380143250d4f951433876698b54fdac32b95f/src/lib/stdcxx/testsuite/util /home/jws/develop/genode-libstdcxx-testsuite/var/src/stdcxx-80f380143250d4f951433876698b54fdac32b95f/src/lib/stdcxx/testsuite/18_support/headers/cstddef/macros.cc -Wno-conversion-null -fno-diagnostics-show-caret -fdiagnostics-color=never -S -o macros.s
pid is 13188 -13188
In file included from /home/jws/develop/genode/depot/genodelabs/api/libc/2020-10-08/include/libc/stddef.h:40,
                 from /home/jws/develop/genode/depot/genodelabs/api/stdcxx/2020-10-08/include/stdcxx/c_global/cstddef:50,
                 from /home/jws/develop/genode-libstdcxx-testsuite/var/src/stdcxx-80f380143250d4f951433876698b54fdac32b95f/src/lib/stdcxx/testsuite/18_support/headers/cstddef/macros.cc:22:
/home/jws/develop/genode-libstdcxx-testsuite/var/src/stdcxx-80f380143250d4f951433876698b54fdac32b95f/src/lib/stdcxx/testsuite/18_support/headers/cstddef/macros.cc: In function 'void gnu::test02()':
/home/jws/develop/genode-libstdcxx-testsuite/var/src/stdcxx-80f380143250d4f951433876698b54fdac32b95f/src/lib/stdcxx/testsuite/18_support/headers/cstddef/macros.cc:45: error: cannot convert 'std::nullptr_t' to 'const int' in initialization
pid is -1
close result is 13188 exp7 0 1
output is In file included from /home/jws/develop/genode/depot/genodelabs/api/libc/2020-10-08/include/libc/stddef.h:40,
                 from /home/jws/develop/genode/depot/genodelabs/api/stdcxx/2020-10-08/include/stdcxx/c_global/cstddef:50,
                 from /home/jws/develop/genode-libstdcxx-testsuite/var/src/stdcxx-80f380143250d4f951433876698b54fdac32b95f/src/lib/stdcxx/testsuite/18_support/headers/cstddef/macros.cc:22:
/home/jws/develop/genode-libstdcxx-testsuite/var/src/stdcxx-80f380143250d4f951433876698b54fdac32b95f/src/lib/stdcxx/testsuite/18_support/headers/cstddef/macros.cc: In function 'void gnu::test02()':
/home/jws/develop/genode-libstdcxx-testsuite/var/src/stdcxx-80f380143250d4f951433876698b54fdac32b95f/src/lib/stdcxx/testsuite/18_support/headers/cstddef/macros.cc:45: error: cannot convert 'std::nullptr_t' to 'const int' in initialization
 status 1
compiler exited with status 1
FAIL: 18_support/headers/cstddef/macros.cc (test for excess errors)
